<?xml version="1.0" encoding="UTF-8"?>
<testsuite name="koin.repositories.maquina.MaquinaRepositoryCachedTest" tests="8" skipped="0" failures="0" errors="0" timestamp="2023-02-05T16:17:49" hostname="LOLI-LAPTOP" time="0.212">
  <properties/>
  <testcase name="delete()" classname="koin.repositories.maquina.MaquinaRepositoryCachedTest" time="0.049"/>
  <testcase name="findAll()" classname="koin.repositories.maquina.MaquinaRepositoryCachedTest" time="0.021"/>
  <testcase name="findById()" classname="koin.repositories.maquina.MaquinaRepositoryCachedTest" time="0.021"/>
  <testcase name="findByUUID()" classname="koin.repositories.maquina.MaquinaRepositoryCachedTest" time="0.025"/>
  <testcase name="save()" classname="koin.repositories.maquina.MaquinaRepositoryCachedTest" time="0.025"/>
  <testcase name="findByUUIDNotExists()" classname="koin.repositories.maquina.MaquinaRepositoryCachedTest" time="0.022"/>
  <testcase name="findByIdNotExists()" classname="koin.repositories.maquina.MaquinaRepositoryCachedTest" time="0.018"/>
  <testcase name="setInactive()" classname="koin.repositories.maquina.MaquinaRepositoryCachedTest" time="0.027"/>
  <system-out><![CDATA[17:17:49.571 [Test worker] DEBUG koin.services.cache.maquina.MaquinaCache - Initializing MaquinaCache...
17:17:49.581 [Test worker] DEBUG io.mockk.impl.instantiation.AbstractMockFactory - Creating spyk for MaquinaCache name=cache#676
17:17:49.661 [Test worker] DEBUG io.mockk.impl.instantiation.AbstractMockFactory - Creating mockk for MaquinaRepository name=repo#677
17:17:49.799 [DefaultDispatcher-worker-3 @coroutine#611] DEBUG io.mockk.impl.recording.states.AnsweringState - Answering 60000 on MaquinaCache(cache#676).getRefreshTime()
17:17:49.813 [Test worker @coroutine#612] DEBUG io.mockk.impl.instantiation.AbstractMockFactory - Creating mockk for Maquina name=child of repo#677#678
17:17:49.817 [Test worker @coroutine#612] DEBUG io.mockk.impl.instantiation.AbstractMockFactory - Creating mockk for Maquina name=child of repo#677#679
17:17:49.825 [DefaultDispatcher-worker-3] DEBUG io.mockk.impl.recording.states.AnsweringState - Answering Maquina(id=63dfd6ad1070f8213392c219, uuid=93a98d69-6da6-48a7-b34f-05b596ea83bc, modelo=RTX-3080TI, marca=Nvidia, fechaAdquisicion=2022-11-10, numeroSerie=123456789X, tipo=PERSONALIZADORA, activa=true, isManual=null, maxTension=null, minTension=null, measuresManeuverability=true, measuresRigidity=false, measuresBalance=true) on MaquinaRepository(repo#677).delete(63dfd6ad1070f8213392c219, continuation {})
17:17:49.827 [DefaultDispatcher-worker-3] DEBUG io.mockk.impl.recording.states.AnsweringState - Answering io.github.reactivecircus.cache4k.RealCache@3a4fe63f on MaquinaCache(cache#676).getCache()
17:17:49.857 [Test worker @coroutine#620] DEBUG io.mockk.impl.instantiation.AbstractMockFactory - Creating mockk for Flow name=child of repo#677#680
17:17:49.860 [DefaultDispatcher-worker-3] DEBUG io.mockk.impl.recording.states.AnsweringState - Answering kotlinx.coroutines.flow.FlowKt__BuildersKt$flowOf$$inlined$unsafeFlow$2@6048ca5e on MaquinaRepository(repo#677).findAll(continuation {})
17:17:49.878 [Test worker @coroutine#626] DEBUG io.mockk.impl.instantiation.AbstractMockFactory - Creating mockk for Maquina name=child of repo#677#681
17:17:49.880 [DefaultDispatcher-worker-3] DEBUG io.mockk.impl.recording.states.AnsweringState - Answering Maquina(id=63dfd6ad1070f8213392c219, uuid=93a98d69-6da6-48a7-b34f-05b596ea83bc, modelo=RTX-3080TI, marca=Nvidia, fechaAdquisicion=2022-11-10, numeroSerie=123456789X, tipo=PERSONALIZADORA, activa=true, isManual=null, maxTension=null, minTension=null, measuresManeuverability=true, measuresRigidity=false, measuresBalance=true) on MaquinaRepository(repo#677).findById(63dfd6ad1070f8213392c219, continuation {})
17:17:49.898 [Test worker @coroutine#632] DEBUG io.mockk.impl.instantiation.AbstractMockFactory - Creating mockk for Maquina name=child of repo#677#682
17:17:49.904 [DefaultDispatcher-worker-3] DEBUG io.mockk.impl.recording.states.AnsweringState - Answering io.github.reactivecircus.cache4k.RealCache@3a4fe63f on MaquinaCache(cache#676).getCache()
17:17:49.907 [DefaultDispatcher-worker-3] DEBUG io.mockk.impl.recording.states.AnsweringState - Answering Maquina(id=63dfd6ad1070f8213392c219, uuid=93a98d69-6da6-48a7-b34f-05b596ea83bc, modelo=RTX-3080TI, marca=Nvidia, fechaAdquisicion=2022-11-10, numeroSerie=123456789X, tipo=PERSONALIZADORA, activa=true, isManual=null, maxTension=null, minTension=null, measuresManeuverability=true, measuresRigidity=false, measuresBalance=true) on MaquinaRepository(repo#677).findByUUID(93a98d69-6da6-48a7-b34f-05b596ea83bc, continuation {})
17:17:49.915 [Test worker @background work runner#635] DEBUG io.mockk.impl.instantiation.AbstractMockFactory - Creating mockk for Maquina name=child of repo#677#683
17:17:49.929 [Test worker @coroutine#638] DEBUG io.mockk.impl.instantiation.AbstractMockFactory - Creating mockk for Maquina name=child of repo#677#684
17:17:49.932 [DefaultDispatcher-worker-3] DEBUG io.mockk.impl.recording.states.AnsweringState - Answering Maquina(id=63dfd6ad1070f8213392c219, uuid=93a98d69-6da6-48a7-b34f-05b596ea83bc, modelo=RTX-3080TI, marca=Nvidia, fechaAdquisicion=2022-11-10, numeroSerie=123456789X, tipo=PERSONALIZADORA, activa=true, isManual=null, maxTension=null, minTension=null, measuresManeuverability=true, measuresRigidity=false, measuresBalance=true) on MaquinaRepository(repo#677).save(Maquina(id=63dfd6ad1070f8213392c219, uuid=93a98d69-6da6-48a7-b34f-05b596ea83bc, modelo=RTX-3080TI, marca=Nvidia, fechaAdquisicion=2022-11-10, numeroSerie=123456789X, tipo=PERSONALIZADORA, activa=true, isManual=null, maxTension=null, minTension=null, measuresManeuverability=true, measuresRigidity=false, measuresBalance=true), continuation {})
17:17:49.952 [DefaultDispatcher-worker-3] DEBUG io.mockk.impl.recording.states.AnsweringState - Answering io.github.reactivecircus.cache4k.RealCache@3a4fe63f on MaquinaCache(cache#676).getCache()
17:17:49.955 [DefaultDispatcher-worker-3] DEBUG io.mockk.impl.recording.states.AnsweringState - Answering null on MaquinaRepository(repo#677).findByUUID(227ee8dd-afef-441b-80b2-864e8c9d5d79, continuation {})
17:17:49.978 [DefaultDispatcher-worker-3] DEBUG io.mockk.impl.recording.states.AnsweringState - Answering null on MaquinaRepository(repo#677).findById(63dfd6ad1070f8213392c21a, continuation {})
17:17:49.998 [Test worker @coroutine#656] DEBUG io.mockk.impl.instantiation.AbstractMockFactory - Creating mockk for Maquina name=child of repo#677#685
17:17:50.002 [DefaultDispatcher-worker-1] DEBUG io.mockk.impl.recording.states.AnsweringState - Answering Maquina(id=63dfd6ad1070f8213392c219, uuid=93a98d69-6da6-48a7-b34f-05b596ea83bc, modelo=RTX-3080TI, marca=Nvidia, fechaAdquisicion=2022-11-10, numeroSerie=123456789X, tipo=PERSONALIZADORA, activa=true, isManual=null, maxTension=null, minTension=null, measuresManeuverability=true, measuresRigidity=false, measuresBalance=true) on MaquinaRepository(repo#677).setInactive(63dfd6ad1070f8213392c219, continuation {})
]]></system-out>
  <system-err><![CDATA[]]></system-err>
</testsuite>
