<?xml version="1.0" encoding="UTF-8"?>
<testsuite name="koin.repositories.tarea.TareaRepositoryTest" tests="8" skipped="0" failures="0" errors="0" timestamp="2023-02-05T16:17:55" hostname="LOLI-LAPTOP" time="0.966">
  <properties/>
  <testcase name="setFinalizada()" classname="koin.repositories.tarea.TareaRepositoryTest" time="0.201"/>
  <testcase name="delete()" classname="koin.repositories.tarea.TareaRepositoryTest" time="0.146"/>
  <testcase name="findAll()" classname="koin.repositories.tarea.TareaRepositoryTest" time="0.099"/>
  <testcase name="findById()" classname="koin.repositories.tarea.TareaRepositoryTest" time="0.1"/>
  <testcase name="findByUuid()" classname="koin.repositories.tarea.TareaRepositoryTest" time="0.098"/>
  <testcase name="save()" classname="koin.repositories.tarea.TareaRepositoryTest" time="0.092"/>
  <testcase name="findByIdNotExists()" classname="koin.repositories.tarea.TareaRepositoryTest" time="0.09"/>
  <testcase name="deleteNotExists()" classname="koin.repositories.tarea.TareaRepositoryTest" time="0.14"/>
  <system-out><![CDATA[17:17:55.863 [AsyncGetter-5-thread-1] DEBUG org.mongodb.driver.protocol.command - Sending command '{"drop": "tarea", "$db": "practica03mongoIvanLoli", "$clusterTime": {"clusterTime": {"$timestamp": {"t": 1675613873, "i": 2}}, "signature": {"hash": {"$binary": {"base64": "29R50i4TkR84aSc97vIBxwlycjI=", "subType": "00"}}, "keyId": 7161871216054108163}}, "lsid": {"id": {"$binary": {"base64": "roMpFL3PQPawB+PlCM6O3Q==", "subType": "04"}}}}' with request id 124 to database practica03mongoIvanLoli on connection [connectionId{localValue:7, serverValue:175676}] to server ac-o2suyf6-shard-00-02.7qtbnuz.mongodb.net:27017
17:17:55.913 [async-channel-group-0-handler-executor] DEBUG org.mongodb.driver.protocol.command - Execution of command with request id 124 completed successfully in 49.38 ms on connection [connectionId{localValue:7, serverValue:175676}] to server ac-o2suyf6-shard-00-02.7qtbnuz.mongodb.net:27017
17:17:55.928 [AsyncGetter-5-thread-1] DEBUG org.mongodb.driver.protocol.command - Sending command '{"update": "tarea", "ordered": true, "txnNumber": 37, "$db": "practica03mongoIvanLoli", "$clusterTime": {"clusterTime": {"$timestamp": {"t": 1675613874, "i": 4}}, "signature": {"hash": {"$binary": {"base64": "Fqa0CF6UjJGTRBt//W7/bRzj1Gw=", "subType": "00"}}, "keyId": 7161871216054108163}}, "lsid": {"id": {"$binary": {"base64": "roMpFL3PQPawB+PlCM6O3Q==", "subType": "04"}}}, "updates": [{"q": {"_id": {"$oid": "63dfd6b31070f8213392c2f2"}}, "u": {"_id": {"$oid": "63dfd6b31070f8213392c2f2"}, "uuid": {"$binary": {"base64": "p0gTAGmNqZPMg+qWtQVPsw==", "subType": "03"}}, "raquetaId": {"$binary": {"base64": "p0gBAGmNqZO6g+qWtQVPsw==", "subType": "03"}}, "precio": 0.0, "tipo": "ADQUISICION", "finalizada": false, "pedidoId": {"$binary": {"base64": "p0gQAGmNqZPMiuqWtQVPsw==", "subType": "03"}}, "productoAdquiridoId": {"$binary": {"base64": "p0gEAGmNqZOqg+qWtQVPsw==", "subType": "03"}}, "peso": null, "balance": null, "rigidez": null, "tensionHorizontal": null, "cordajeHorizontalId": null, "tension ...' with request id 125 to database practica03mongoIvanLoli on connection [connectionId{localValue:7, serverValue:175676}] to server ac-o2suyf6-shard-00-02.7qtbnuz.mongodb.net:27017
17:17:56.009 [async-channel-group-0-handler-executor] DEBUG org.mongodb.driver.protocol.command - Execution of command with request id 125 completed successfully in 81.28 ms on connection [connectionId{localValue:7, serverValue:175676}] to server ac-o2suyf6-shard-00-02.7qtbnuz.mongodb.net:27017
17:17:56.018 [DefaultDispatcher-worker-2 @coroutine#971] DEBUG koin.repositories.tarea.TareaRepository - setFinalizada(63dfd6b31070f8213392c2f2)
17:17:56.023 [AsyncGetter-5-thread-1] DEBUG org.mongodb.driver.protocol.command - Sending command '{"find": "tarea", "filter": {"_id": {"$oid": "63dfd6b31070f8213392c2f2"}}, "limit": 1, "singleBatch": true, "$db": "practica03mongoIvanLoli", "$clusterTime": {"clusterTime": {"$timestamp": {"t": 1675613874, "i": 8}}, "signature": {"hash": {"$binary": {"base64": "Fqa0CF6UjJGTRBt//W7/bRzj1Gw=", "subType": "00"}}, "keyId": 7161871216054108163}}, "lsid": {"id": {"$binary": {"base64": "roMpFL3PQPawB+PlCM6O3Q==", "subType": "04"}}}}' with request id 126 to database practica03mongoIvanLoli on connection [connectionId{localValue:7, serverValue:175676}] to server ac-o2suyf6-shard-00-02.7qtbnuz.mongodb.net:27017
17:17:56.062 [async-channel-group-0-handler-executor] DEBUG org.mongodb.driver.protocol.command - Execution of command with request id 126 completed successfully in 39.63 ms on connection [connectionId{localValue:7, serverValue:175676}] to server ac-o2suyf6-shard-00-02.7qtbnuz.mongodb.net:27017
17:17:56.062 [async-channel-group-0-handler-executor] DEBUG org.mongodb.driver.operation - Received batch of 1 documents with cursorId 0 from server ac-o2suyf6-shard-00-02.7qtbnuz.mongodb.net:27017
17:17:56.068 [AsyncGetter-5-thread-1] DEBUG org.mongodb.driver.protocol.command - Sending command '{"update": "tarea", "ordered": true, "txnNumber": 38, "$db": "practica03mongoIvanLoli", "$clusterTime": {"clusterTime": {"$timestamp": {"t": 1675613874, "i": 8}}, "signature": {"hash": {"$binary": {"base64": "Fqa0CF6UjJGTRBt//W7/bRzj1Gw=", "subType": "00"}}, "keyId": 7161871216054108163}}, "lsid": {"id": {"$binary": {"base64": "roMpFL3PQPawB+PlCM6O3Q==", "subType": "04"}}}, "updates": [{"q": {"_id": {"$oid": "63dfd6b31070f8213392c2f2"}}, "u": {"_id": {"$oid": "63dfd6b31070f8213392c2f2"}, "uuid": {"$binary": {"base64": "p0gTAGmNqZPMg+qWtQVPsw==", "subType": "03"}}, "raquetaId": {"$binary": {"base64": "p0gBAGmNqZO6g+qWtQVPsw==", "subType": "03"}}, "precio": 0.0, "tipo": "ADQUISICION", "finalizada": true, "pedidoId": {"$binary": {"base64": "p0gQAGmNqZPMiuqWtQVPsw==", "subType": "03"}}, "productoAdquiridoId": {"$binary": {"base64": "p0gEAGmNqZOqg+qWtQVPsw==", "subType": "03"}}, "peso": null, "balance": null, "rigidez": null, "tensionHorizontal": null, "cordajeHorizontalId": null, "tensionV ...' with request id 127 to database practica03mongoIvanLoli on connection [connectionId{localValue:7, serverValue:175676}] to server ac-o2suyf6-shard-00-02.7qtbnuz.mongodb.net:27017
17:17:56.110 [async-channel-group-0-handler-executor] DEBUG org.mongodb.driver.protocol.command - Execution of command with request id 127 completed successfully in 46.24 ms on connection [connectionId{localValue:7, serverValue:175676}] to server ac-o2suyf6-shard-00-02.7qtbnuz.mongodb.net:27017
17:17:56.122 [AsyncGetter-5-thread-1] DEBUG org.mongodb.driver.protocol.command - Sending command '{"update": "tarea", "ordered": true, "txnNumber": 39, "$db": "practica03mongoIvanLoli", "$clusterTime": {"clusterTime": {"$timestamp": {"t": 1675613874, "i": 9}}, "signature": {"hash": {"$binary": {"base64": "Fqa0CF6UjJGTRBt//W7/bRzj1Gw=", "subType": "00"}}, "keyId": 7161871216054108163}}, "lsid": {"id": {"$binary": {"base64": "roMpFL3PQPawB+PlCM6O3Q==", "subType": "04"}}}, "updates": [{"q": {"_id": {"$oid": "63dfd6b31070f8213392c2f2"}}, "u": {"_id": {"$oid": "63dfd6b31070f8213392c2f2"}, "uuid": {"$binary": {"base64": "p0gTAGmNqZPMg+qWtQVPsw==", "subType": "03"}}, "raquetaId": {"$binary": {"base64": "p0gBAGmNqZO6g+qWtQVPsw==", "subType": "03"}}, "precio": 0.0, "tipo": "ADQUISICION", "finalizada": false, "pedidoId": {"$binary": {"base64": "p0gQAGmNqZPMiuqWtQVPsw==", "subType": "03"}}, "productoAdquiridoId": {"$binary": {"base64": "p0gEAGmNqZOqg+qWtQVPsw==", "subType": "03"}}, "peso": null, "balance": null, "rigidez": null, "tensionHorizontal": null, "cordajeHorizontalId": null, "tension ...' with request id 128 to database practica03mongoIvanLoli on connection [connectionId{localValue:7, serverValue:175676}] to server ac-o2suyf6-shard-00-02.7qtbnuz.mongodb.net:27017
17:17:56.161 [async-channel-group-0-handler-executor] DEBUG org.mongodb.driver.protocol.command - Execution of command with request id 128 completed successfully in 40.72 ms on connection [connectionId{localValue:7, serverValue:175676}] to server ac-o2suyf6-shard-00-02.7qtbnuz.mongodb.net:27017
17:17:56.169 [DefaultDispatcher-worker-2 @coroutine#976] DEBUG koin.repositories.tarea.TareaRepository - delete(63dfd6b31070f8213392c2f2)
17:17:56.171 [AsyncGetter-5-thread-1] DEBUG org.mongodb.driver.protocol.command - Sending command '{"find": "tarea", "filter": {"_id": {"$oid": "63dfd6b31070f8213392c2f2"}}, "limit": 1, "singleBatch": true, "$db": "practica03mongoIvanLoli", "$clusterTime": {"clusterTime": {"$timestamp": {"t": 1675613875, "i": 1}}, "signature": {"hash": {"$binary": {"base64": "9sEBSqfaCD+lHnvHZywAp++i/y0=", "subType": "00"}}, "keyId": 7161871216054108163}}, "lsid": {"id": {"$binary": {"base64": "roMpFL3PQPawB+PlCM6O3Q==", "subType": "04"}}}}' with request id 129 to database practica03mongoIvanLoli on connection [connectionId{localValue:7, serverValue:175676}] to server ac-o2suyf6-shard-00-02.7qtbnuz.mongodb.net:27017
17:17:56.210 [async-channel-group-0-handler-executor] DEBUG org.mongodb.driver.protocol.command - Execution of command with request id 129 completed successfully in 38.46 ms on connection [connectionId{localValue:7, serverValue:175676}] to server ac-o2suyf6-shard-00-02.7qtbnuz.mongodb.net:27017
17:17:56.211 [async-channel-group-0-handler-executor] DEBUG org.mongodb.driver.operation - Received batch of 1 documents with cursorId 0 from server ac-o2suyf6-shard-00-02.7qtbnuz.mongodb.net:27017
17:17:56.212 [AsyncGetter-5-thread-1] DEBUG org.mongodb.driver.protocol.command - Sending command '{"delete": "tarea", "ordered": true, "txnNumber": 40, "$db": "practica03mongoIvanLoli", "$clusterTime": {"clusterTime": {"$timestamp": {"t": 1675613875, "i": 1}}, "signature": {"hash": {"$binary": {"base64": "9sEBSqfaCD+lHnvHZywAp++i/y0=", "subType": "00"}}, "keyId": 7161871216054108163}}, "lsid": {"id": {"$binary": {"base64": "roMpFL3PQPawB+PlCM6O3Q==", "subType": "04"}}}, "deletes": [{"q": {"_id": {"$oid": "63dfd6b31070f8213392c2f2"}}, "limit": 1}]}' with request id 130 to database practica03mongoIvanLoli on connection [connectionId{localValue:7, serverValue:175676}] to server ac-o2suyf6-shard-00-02.7qtbnuz.mongodb.net:27017
17:17:56.255 [async-channel-group-0-handler-executor] DEBUG org.mongodb.driver.protocol.command - Execution of command with request id 130 completed successfully in 42.82 ms on connection [connectionId{localValue:7, serverValue:175676}] to server ac-o2suyf6-shard-00-02.7qtbnuz.mongodb.net:27017
17:17:56.262 [AsyncGetter-5-thread-1] DEBUG org.mongodb.driver.protocol.command - Sending command '{"update": "tarea", "ordered": true, "txnNumber": 41, "$db": "practica03mongoIvanLoli", "$clusterTime": {"clusterTime": {"$timestamp": {"t": 1675613875, "i": 2}}, "signature": {"hash": {"$binary": {"base64": "9sEBSqfaCD+lHnvHZywAp++i/y0=", "subType": "00"}}, "keyId": 7161871216054108163}}, "lsid": {"id": {"$binary": {"base64": "roMpFL3PQPawB+PlCM6O3Q==", "subType": "04"}}}, "updates": [{"q": {"_id": {"$oid": "63dfd6b31070f8213392c2f2"}}, "u": {"_id": {"$oid": "63dfd6b31070f8213392c2f2"}, "uuid": {"$binary": {"base64": "p0gTAGmNqZPMg+qWtQVPsw==", "subType": "03"}}, "raquetaId": {"$binary": {"base64": "p0gBAGmNqZO6g+qWtQVPsw==", "subType": "03"}}, "precio": 0.0, "tipo": "ADQUISICION", "finalizada": false, "pedidoId": {"$binary": {"base64": "p0gQAGmNqZPMiuqWtQVPsw==", "subType": "03"}}, "productoAdquiridoId": {"$binary": {"base64": "p0gEAGmNqZOqg+qWtQVPsw==", "subType": "03"}}, "peso": null, "balance": null, "rigidez": null, "tensionHorizontal": null, "cordajeHorizontalId": null, "tension ...' with request id 131 to database practica03mongoIvanLoli on connection [connectionId{localValue:7, serverValue:175676}] to server ac-o2suyf6-shard-00-02.7qtbnuz.mongodb.net:27017
17:17:56.308 [async-channel-group-0-handler-executor] DEBUG org.mongodb.driver.protocol.command - Execution of command with request id 131 completed successfully in 46.66 ms on connection [connectionId{localValue:7, serverValue:175676}] to server ac-o2suyf6-shard-00-02.7qtbnuz.mongodb.net:27017
17:17:56.311 [DefaultDispatcher-worker-2 @coroutine#981] DEBUG koin.repositories.tarea.TareaRepository - findAll()
17:17:56.312 [AsyncGetter-5-thread-1] DEBUG org.mongodb.driver.protocol.command - Sending command '{"find": "tarea", "filter": {}, "batchSize": 64, "$db": "practica03mongoIvanLoli", "$clusterTime": {"clusterTime": {"$timestamp": {"t": 1675613875, "i": 3}}, "signature": {"hash": {"$binary": {"base64": "9sEBSqfaCD+lHnvHZywAp++i/y0=", "subType": "00"}}, "keyId": 7161871216054108163}}, "lsid": {"id": {"$binary": {"base64": "roMpFL3PQPawB+PlCM6O3Q==", "subType": "04"}}}}' with request id 132 to database practica03mongoIvanLoli on connection [connectionId{localValue:7, serverValue:175676}] to server ac-o2suyf6-shard-00-02.7qtbnuz.mongodb.net:27017
17:17:56.348 [async-channel-group-0-handler-executor] DEBUG org.mongodb.driver.protocol.command - Execution of command with request id 132 completed successfully in 35.35 ms on connection [connectionId{localValue:7, serverValue:175676}] to server ac-o2suyf6-shard-00-02.7qtbnuz.mongodb.net:27017
17:17:56.349 [async-channel-group-0-handler-executor] DEBUG org.mongodb.driver.operation - Received batch of 1 documents with cursorId 0 from server ac-o2suyf6-shard-00-02.7qtbnuz.mongodb.net:27017
17:17:56.361 [AsyncGetter-5-thread-1] DEBUG org.mongodb.driver.protocol.command - Sending command '{"update": "tarea", "ordered": true, "txnNumber": 42, "$db": "practica03mongoIvanLoli", "$clusterTime": {"clusterTime": {"$timestamp": {"t": 1675613875, "i": 4}}, "signature": {"hash": {"$binary": {"base64": "9sEBSqfaCD+lHnvHZywAp++i/y0=", "subType": "00"}}, "keyId": 7161871216054108163}}, "lsid": {"id": {"$binary": {"base64": "roMpFL3PQPawB+PlCM6O3Q==", "subType": "04"}}}, "updates": [{"q": {"_id": {"$oid": "63dfd6b31070f8213392c2f2"}}, "u": {"_id": {"$oid": "63dfd6b31070f8213392c2f2"}, "uuid": {"$binary": {"base64": "p0gTAGmNqZPMg+qWtQVPsw==", "subType": "03"}}, "raquetaId": {"$binary": {"base64": "p0gBAGmNqZO6g+qWtQVPsw==", "subType": "03"}}, "precio": 0.0, "tipo": "ADQUISICION", "finalizada": false, "pedidoId": {"$binary": {"base64": "p0gQAGmNqZPMiuqWtQVPsw==", "subType": "03"}}, "productoAdquiridoId": {"$binary": {"base64": "p0gEAGmNqZOqg+qWtQVPsw==", "subType": "03"}}, "peso": null, "balance": null, "rigidez": null, "tensionHorizontal": null, "cordajeHorizontalId": null, "tension ...' with request id 133 to database practica03mongoIvanLoli on connection [connectionId{localValue:7, serverValue:175676}] to server ac-o2suyf6-shard-00-02.7qtbnuz.mongodb.net:27017
17:17:56.402 [async-channel-group-0-handler-executor] DEBUG org.mongodb.driver.protocol.command - Execution of command with request id 133 completed successfully in 41.38 ms on connection [connectionId{localValue:7, serverValue:175676}] to server ac-o2suyf6-shard-00-02.7qtbnuz.mongodb.net:27017
17:17:56.411 [DefaultDispatcher-worker-2 @coroutine#987] DEBUG koin.repositories.tarea.TareaRepository - findById(63dfd6b31070f8213392c2f2)
17:17:56.412 [AsyncGetter-5-thread-1] DEBUG org.mongodb.driver.protocol.command - Sending command '{"find": "tarea", "filter": {"_id": {"$oid": "63dfd6b31070f8213392c2f2"}}, "limit": 1, "singleBatch": true, "$db": "practica03mongoIvanLoli", "$clusterTime": {"clusterTime": {"$timestamp": {"t": 1675613875, "i": 4}}, "signature": {"hash": {"$binary": {"base64": "9sEBSqfaCD+lHnvHZywAp++i/y0=", "subType": "00"}}, "keyId": 7161871216054108163}}, "lsid": {"id": {"$binary": {"base64": "roMpFL3PQPawB+PlCM6O3Q==", "subType": "04"}}}}' with request id 134 to database practica03mongoIvanLoli on connection [connectionId{localValue:7, serverValue:175676}] to server ac-o2suyf6-shard-00-02.7qtbnuz.mongodb.net:27017
17:17:56.455 [async-channel-group-0-handler-executor] DEBUG org.mongodb.driver.protocol.command - Execution of command with request id 134 completed successfully in 42.53 ms on connection [connectionId{localValue:7, serverValue:175676}] to server ac-o2suyf6-shard-00-02.7qtbnuz.mongodb.net:27017
17:17:56.456 [async-channel-group-0-handler-executor] DEBUG org.mongodb.driver.operation - Received batch of 1 documents with cursorId 0 from server ac-o2suyf6-shard-00-02.7qtbnuz.mongodb.net:27017
17:17:56.461 [AsyncGetter-5-thread-1] DEBUG org.mongodb.driver.protocol.command - Sending command '{"update": "tarea", "ordered": true, "txnNumber": 43, "$db": "practica03mongoIvanLoli", "$clusterTime": {"clusterTime": {"$timestamp": {"t": 1675613875, "i": 4}}, "signature": {"hash": {"$binary": {"base64": "9sEBSqfaCD+lHnvHZywAp++i/y0=", "subType": "00"}}, "keyId": 7161871216054108163}}, "lsid": {"id": {"$binary": {"base64": "roMpFL3PQPawB+PlCM6O3Q==", "subType": "04"}}}, "updates": [{"q": {"_id": {"$oid": "63dfd6b31070f8213392c2f2"}}, "u": {"_id": {"$oid": "63dfd6b31070f8213392c2f2"}, "uuid": {"$binary": {"base64": "p0gTAGmNqZPMg+qWtQVPsw==", "subType": "03"}}, "raquetaId": {"$binary": {"base64": "p0gBAGmNqZO6g+qWtQVPsw==", "subType": "03"}}, "precio": 0.0, "tipo": "ADQUISICION", "finalizada": false, "pedidoId": {"$binary": {"base64": "p0gQAGmNqZPMiuqWtQVPsw==", "subType": "03"}}, "productoAdquiridoId": {"$binary": {"base64": "p0gEAGmNqZOqg+qWtQVPsw==", "subType": "03"}}, "peso": null, "balance": null, "rigidez": null, "tensionHorizontal": null, "cordajeHorizontalId": null, "tension ...' with request id 135 to database practica03mongoIvanLoli on connection [connectionId{localValue:7, serverValue:175676}] to server ac-o2suyf6-shard-00-02.7qtbnuz.mongodb.net:27017
17:17:56.498 [async-channel-group-0-handler-executor] DEBUG org.mongodb.driver.protocol.command - Execution of command with request id 135 completed successfully in 37.26 ms on connection [connectionId{localValue:7, serverValue:175676}] to server ac-o2suyf6-shard-00-02.7qtbnuz.mongodb.net:27017
17:17:56.505 [DefaultDispatcher-worker-2 @coroutine#992] DEBUG koin.repositories.tarea.TareaRepository - findByUUID(93a98d69-0013-48a7-b34f-05b596ea83cc)
17:17:56.507 [AsyncGetter-5-thread-1] DEBUG org.mongodb.driver.protocol.command - Sending command '{"find": "tarea", "filter": {}, "batchSize": 64, "$db": "practica03mongoIvanLoli", "$clusterTime": {"clusterTime": {"$timestamp": {"t": 1675613875, "i": 4}}, "signature": {"hash": {"$binary": {"base64": "9sEBSqfaCD+lHnvHZywAp++i/y0=", "subType": "00"}}, "keyId": 7161871216054108163}}, "lsid": {"id": {"$binary": {"base64": "roMpFL3PQPawB+PlCM6O3Q==", "subType": "04"}}}}' with request id 136 to database practica03mongoIvanLoli on connection [connectionId{localValue:7, serverValue:175676}] to server ac-o2suyf6-shard-00-02.7qtbnuz.mongodb.net:27017
17:17:56.547 [async-channel-group-0-handler-executor] DEBUG org.mongodb.driver.protocol.command - Execution of command with request id 136 completed successfully in 41.03 ms on connection [connectionId{localValue:7, serverValue:175676}] to server ac-o2suyf6-shard-00-02.7qtbnuz.mongodb.net:27017
17:17:56.547 [async-channel-group-0-handler-executor] DEBUG org.mongodb.driver.operation - Received batch of 1 documents with cursorId 0 from server ac-o2suyf6-shard-00-02.7qtbnuz.mongodb.net:27017
17:17:56.561 [AsyncGetter-5-thread-1] DEBUG org.mongodb.driver.protocol.command - Sending command '{"update": "tarea", "ordered": true, "txnNumber": 44, "$db": "practica03mongoIvanLoli", "$clusterTime": {"clusterTime": {"$timestamp": {"t": 1675613875, "i": 4}}, "signature": {"hash": {"$binary": {"base64": "9sEBSqfaCD+lHnvHZywAp++i/y0=", "subType": "00"}}, "keyId": 7161871216054108163}}, "lsid": {"id": {"$binary": {"base64": "roMpFL3PQPawB+PlCM6O3Q==", "subType": "04"}}}, "updates": [{"q": {"_id": {"$oid": "63dfd6b31070f8213392c2f2"}}, "u": {"_id": {"$oid": "63dfd6b31070f8213392c2f2"}, "uuid": {"$binary": {"base64": "p0gTAGmNqZPMg+qWtQVPsw==", "subType": "03"}}, "raquetaId": {"$binary": {"base64": "p0gBAGmNqZO6g+qWtQVPsw==", "subType": "03"}}, "precio": 0.0, "tipo": "ADQUISICION", "finalizada": false, "pedidoId": {"$binary": {"base64": "p0gQAGmNqZPMiuqWtQVPsw==", "subType": "03"}}, "productoAdquiridoId": {"$binary": {"base64": "p0gEAGmNqZOqg+qWtQVPsw==", "subType": "03"}}, "peso": null, "balance": null, "rigidez": null, "tensionHorizontal": null, "cordajeHorizontalId": null, "tension ...' with request id 137 to database practica03mongoIvanLoli on connection [connectionId{localValue:7, serverValue:175676}] to server ac-o2suyf6-shard-00-02.7qtbnuz.mongodb.net:27017
17:17:56.598 [async-channel-group-0-handler-executor] DEBUG org.mongodb.driver.protocol.command - Execution of command with request id 137 completed successfully in 38.13 ms on connection [connectionId{localValue:7, serverValue:175676}] to server ac-o2suyf6-shard-00-02.7qtbnuz.mongodb.net:27017
17:17:56.606 [DefaultDispatcher-worker-2 @coroutine#997] DEBUG koin.repositories.tarea.TareaRepository - save(Tarea(id=63dfd6b31070f8213392c2f2, uuid=93a98d69-0013-48a7-b34f-05b596ea83cc, raquetaId=93a98d69-0001-48a7-b34f-05b596ea83ba, precio=0.0, tipo=ADQUISICION, finalizada=false, pedidoId=93a98d69-0010-48a7-b34f-05b596ea8acc, productoAdquiridoId=93a98d69-0004-48a7-b34f-05b596ea83aa, peso=null, balance=null, rigidez=null, tensionHorizontal=null, cordajeHorizontalId=null, tensionVertical=null, cordajeVerticalId=null, dosNudos=null))
17:17:56.609 [AsyncGetter-5-thread-1] DEBUG org.mongodb.driver.protocol.command - Sending command '{"update": "tarea", "ordered": true, "txnNumber": 45, "$db": "practica03mongoIvanLoli", "$clusterTime": {"clusterTime": {"$timestamp": {"t": 1675613875, "i": 4}}, "signature": {"hash": {"$binary": {"base64": "9sEBSqfaCD+lHnvHZywAp++i/y0=", "subType": "00"}}, "keyId": 7161871216054108163}}, "lsid": {"id": {"$binary": {"base64": "roMpFL3PQPawB+PlCM6O3Q==", "subType": "04"}}}, "updates": [{"q": {"_id": {"$oid": "63dfd6b31070f8213392c2f2"}}, "u": {"_id": {"$oid": "63dfd6b31070f8213392c2f2"}, "uuid": {"$binary": {"base64": "p0gTAGmNqZPMg+qWtQVPsw==", "subType": "03"}}, "raquetaId": {"$binary": {"base64": "p0gBAGmNqZO6g+qWtQVPsw==", "subType": "03"}}, "precio": 0.0, "tipo": "ADQUISICION", "finalizada": false, "pedidoId": {"$binary": {"base64": "p0gQAGmNqZPMiuqWtQVPsw==", "subType": "03"}}, "productoAdquiridoId": {"$binary": {"base64": "p0gEAGmNqZOqg+qWtQVPsw==", "subType": "03"}}, "peso": null, "balance": null, "rigidez": null, "tensionHorizontal": null, "cordajeHorizontalId": null, "tension ...' with request id 138 to database practica03mongoIvanLoli on connection [connectionId{localValue:7, serverValue:175676}] to server ac-o2suyf6-shard-00-02.7qtbnuz.mongodb.net:27017
17:17:56.646 [async-channel-group-0-handler-executor] DEBUG org.mongodb.driver.protocol.command - Execution of command with request id 138 completed successfully in 37.94 ms on connection [connectionId{localValue:7, serverValue:175676}] to server ac-o2suyf6-shard-00-02.7qtbnuz.mongodb.net:27017
17:17:56.655 [AsyncGetter-5-thread-1] DEBUG org.mongodb.driver.protocol.command - Sending command '{"update": "tarea", "ordered": true, "txnNumber": 46, "$db": "practica03mongoIvanLoli", "$clusterTime": {"clusterTime": {"$timestamp": {"t": 1675613875, "i": 5}}, "signature": {"hash": {"$binary": {"base64": "9sEBSqfaCD+lHnvHZywAp++i/y0=", "subType": "00"}}, "keyId": 7161871216054108163}}, "lsid": {"id": {"$binary": {"base64": "roMpFL3PQPawB+PlCM6O3Q==", "subType": "04"}}}, "updates": [{"q": {"_id": {"$oid": "63dfd6b31070f8213392c2f2"}}, "u": {"_id": {"$oid": "63dfd6b31070f8213392c2f2"}, "uuid": {"$binary": {"base64": "p0gTAGmNqZPMg+qWtQVPsw==", "subType": "03"}}, "raquetaId": {"$binary": {"base64": "p0gBAGmNqZO6g+qWtQVPsw==", "subType": "03"}}, "precio": 0.0, "tipo": "ADQUISICION", "finalizada": false, "pedidoId": {"$binary": {"base64": "p0gQAGmNqZPMiuqWtQVPsw==", "subType": "03"}}, "productoAdquiridoId": {"$binary": {"base64": "p0gEAGmNqZOqg+qWtQVPsw==", "subType": "03"}}, "peso": null, "balance": null, "rigidez": null, "tensionHorizontal": null, "cordajeHorizontalId": null, "tension ...' with request id 139 to database practica03mongoIvanLoli on connection [connectionId{localValue:7, serverValue:175676}] to server ac-o2suyf6-shard-00-02.7qtbnuz.mongodb.net:27017
17:17:56.694 [async-channel-group-0-handler-executor] DEBUG org.mongodb.driver.protocol.command - Execution of command with request id 139 completed successfully in 40.06 ms on connection [connectionId{localValue:7, serverValue:175676}] to server ac-o2suyf6-shard-00-02.7qtbnuz.mongodb.net:27017
17:17:56.697 [DefaultDispatcher-worker-2 @coroutine#1002] DEBUG koin.repositories.tarea.TareaRepository - findById(63dfd6b41070f8213392c2f3)
17:17:56.699 [AsyncGetter-5-thread-1] DEBUG org.mongodb.driver.protocol.command - Sending command '{"find": "tarea", "filter": {"_id": {"$oid": "63dfd6b41070f8213392c2f3"}}, "limit": 1, "singleBatch": true, "$db": "practica03mongoIvanLoli", "$clusterTime": {"clusterTime": {"$timestamp": {"t": 1675613875, "i": 5}}, "signature": {"hash": {"$binary": {"base64": "9sEBSqfaCD+lHnvHZywAp++i/y0=", "subType": "00"}}, "keyId": 7161871216054108163}}, "lsid": {"id": {"$binary": {"base64": "roMpFL3PQPawB+PlCM6O3Q==", "subType": "04"}}}}' with request id 140 to database practica03mongoIvanLoli on connection [connectionId{localValue:7, serverValue:175676}] to server ac-o2suyf6-shard-00-02.7qtbnuz.mongodb.net:27017
17:17:56.736 [async-channel-group-0-handler-executor] DEBUG org.mongodb.driver.protocol.command - Execution of command with request id 140 completed successfully in 37.26 ms on connection [connectionId{localValue:7, serverValue:175676}] to server ac-o2suyf6-shard-00-02.7qtbnuz.mongodb.net:27017
17:17:56.736 [async-channel-group-0-handler-executor] DEBUG org.mongodb.driver.operation - Received batch of 0 documents with cursorId 0 from server ac-o2suyf6-shard-00-02.7qtbnuz.mongodb.net:27017
17:17:56.741 [AsyncGetter-5-thread-1] DEBUG org.mongodb.driver.protocol.command - Sending command '{"update": "tarea", "ordered": true, "txnNumber": 47, "$db": "practica03mongoIvanLoli", "$clusterTime": {"clusterTime": {"$timestamp": {"t": 1675613875, "i": 5}}, "signature": {"hash": {"$binary": {"base64": "9sEBSqfaCD+lHnvHZywAp++i/y0=", "subType": "00"}}, "keyId": 7161871216054108163}}, "lsid": {"id": {"$binary": {"base64": "roMpFL3PQPawB+PlCM6O3Q==", "subType": "04"}}}, "updates": [{"q": {"_id": {"$oid": "63dfd6b31070f8213392c2f2"}}, "u": {"_id": {"$oid": "63dfd6b31070f8213392c2f2"}, "uuid": {"$binary": {"base64": "p0gTAGmNqZPMg+qWtQVPsw==", "subType": "03"}}, "raquetaId": {"$binary": {"base64": "p0gBAGmNqZO6g+qWtQVPsw==", "subType": "03"}}, "precio": 0.0, "tipo": "ADQUISICION", "finalizada": false, "pedidoId": {"$binary": {"base64": "p0gQAGmNqZPMiuqWtQVPsw==", "subType": "03"}}, "productoAdquiridoId": {"$binary": {"base64": "p0gEAGmNqZOqg+qWtQVPsw==", "subType": "03"}}, "peso": null, "balance": null, "rigidez": null, "tensionHorizontal": null, "cordajeHorizontalId": null, "tension ...' with request id 141 to database practica03mongoIvanLoli on connection [connectionId{localValue:7, serverValue:175676}] to server ac-o2suyf6-shard-00-02.7qtbnuz.mongodb.net:27017
17:17:56.783 [async-channel-group-0-handler-executor] DEBUG org.mongodb.driver.protocol.command - Execution of command with request id 141 completed successfully in 42.03 ms on connection [connectionId{localValue:7, serverValue:175676}] to server ac-o2suyf6-shard-00-02.7qtbnuz.mongodb.net:27017
17:17:56.790 [DefaultDispatcher-worker-2 @coroutine#1007] DEBUG koin.repositories.tarea.TareaRepository - delete(63dfd6b41070f8213392c2f4)
17:17:56.792 [AsyncGetter-5-thread-1] DEBUG org.mongodb.driver.protocol.command - Sending command '{"find": "tarea", "filter": {"_id": {"$oid": "63dfd6b41070f8213392c2f4"}}, "limit": 1, "singleBatch": true, "$db": "practica03mongoIvanLoli", "$clusterTime": {"clusterTime": {"$timestamp": {"t": 1675613875, "i": 5}}, "signature": {"hash": {"$binary": {"base64": "9sEBSqfaCD+lHnvHZywAp++i/y0=", "subType": "00"}}, "keyId": 7161871216054108163}}, "lsid": {"id": {"$binary": {"base64": "roMpFL3PQPawB+PlCM6O3Q==", "subType": "04"}}}}' with request id 142 to database practica03mongoIvanLoli on connection [connectionId{localValue:7, serverValue:175676}] to server ac-o2suyf6-shard-00-02.7qtbnuz.mongodb.net:27017
17:17:56.833 [async-channel-group-0-handler-executor] DEBUG org.mongodb.driver.protocol.command - Execution of command with request id 142 completed successfully in 40.21 ms on connection [connectionId{localValue:7, serverValue:175676}] to server ac-o2suyf6-shard-00-02.7qtbnuz.mongodb.net:27017
17:17:56.833 [async-channel-group-0-handler-executor] DEBUG org.mongodb.driver.operation - Received batch of 0 documents with cursorId 0 from server ac-o2suyf6-shard-00-02.7qtbnuz.mongodb.net:27017
17:17:56.838 [AsyncGetter-5-thread-1] DEBUG org.mongodb.driver.protocol.command - Sending command '{"delete": "tarea", "ordered": true, "txnNumber": 48, "$db": "practica03mongoIvanLoli", "$clusterTime": {"clusterTime": {"$timestamp": {"t": 1675613875, "i": 5}}, "signature": {"hash": {"$binary": {"base64": "9sEBSqfaCD+lHnvHZywAp++i/y0=", "subType": "00"}}, "keyId": 7161871216054108163}}, "lsid": {"id": {"$binary": {"base64": "roMpFL3PQPawB+PlCM6O3Q==", "subType": "04"}}}, "deletes": [{"q": {"_id": {"$oid": "63dfd6b41070f8213392c2f4"}}, "limit": 1}]}' with request id 143 to database practica03mongoIvanLoli on connection [connectionId{localValue:7, serverValue:175676}] to server ac-o2suyf6-shard-00-02.7qtbnuz.mongodb.net:27017
17:17:56.877 [async-channel-group-0-handler-executor] DEBUG org.mongodb.driver.protocol.command - Execution of command with request id 143 completed successfully in 39.86 ms on connection [connectionId{localValue:7, serverValue:175676}] to server ac-o2suyf6-shard-00-02.7qtbnuz.mongodb.net:27017
17:17:56.880 [AsyncGetter-5-thread-1] DEBUG org.mongodb.driver.protocol.command - Sending command '{"drop": "tarea", "$db": "practica03mongoIvanLoli", "$clusterTime": {"clusterTime": {"$timestamp": {"t": 1675613875, "i": 6}}, "signature": {"hash": {"$binary": {"base64": "9sEBSqfaCD+lHnvHZywAp++i/y0=", "subType": "00"}}, "keyId": 7161871216054108163}}, "lsid": {"id": {"$binary": {"base64": "roMpFL3PQPawB+PlCM6O3Q==", "subType": "04"}}}}' with request id 144 to database practica03mongoIvanLoli on connection [connectionId{localValue:7, serverValue:175676}] to server ac-o2suyf6-shard-00-02.7qtbnuz.mongodb.net:27017
17:17:56.934 [async-channel-group-0-handler-executor] DEBUG org.mongodb.driver.protocol.command - Execution of command with request id 144 completed successfully in 53.68 ms on connection [connectionId{localValue:7, serverValue:175676}] to server ac-o2suyf6-shard-00-02.7qtbnuz.mongodb.net:27017
]]></system-out>
  <system-err><![CDATA[]]></system-err>
</testsuite>
