<?xml version="1.0" encoding="UTF-8"?>
<testsuite name="koin.repositories.producto.ProductoRepositoryTest" tests="9" skipped="0" failures="0" errors="0" timestamp="2023-02-05T16:17:53" hostname="LOLI-LAPTOP" time="1.19">
  <properties/>
  <testcase name="delete()" classname="koin.repositories.producto.ProductoRepositoryTest" time="0.226"/>
  <testcase name="decreaseStockBelow0()" classname="koin.repositories.producto.ProductoRepositoryTest" time="0.15"/>
  <testcase name="findAll()" classname="koin.repositories.producto.ProductoRepositoryTest" time="0.104"/>
  <testcase name="findById()" classname="koin.repositories.producto.ProductoRepositoryTest" time="0.086"/>
  <testcase name="decreaseStock()" classname="koin.repositories.producto.ProductoRepositoryTest" time="0.162"/>
  <testcase name="findByUuid()" classname="koin.repositories.producto.ProductoRepositoryTest" time="0.112"/>
  <testcase name="save()" classname="koin.repositories.producto.ProductoRepositoryTest" time="0.098"/>
  <testcase name="findByIdNotExists()" classname="koin.repositories.producto.ProductoRepositoryTest" time="0.094"/>
  <testcase name="deleteNotExists()" classname="koin.repositories.producto.ProductoRepositoryTest" time="0.152"/>
  <system-out><![CDATA[17:17:53.082 [AsyncGetter-5-thread-1] DEBUG org.mongodb.driver.protocol.command - Sending command '{"drop": "producto", "$db": "practica03mongoIvanLoli", "$clusterTime": {"clusterTime": {"$timestamp": {"t": 1675613871, "i": 6}}, "signature": {"hash": {"$binary": {"base64": "Ai/mjHmUM96MJ5eF4WVcWyUUY08=", "subType": "00"}}, "keyId": 7161871216054108163}}, "lsid": {"id": {"$binary": {"base64": "roMpFL3PQPawB+PlCM6O3Q==", "subType": "04"}}}}' with request id 100 to database practica03mongoIvanLoli on connection [connectionId{localValue:7, serverValue:175676}] to server ac-o2suyf6-shard-00-02.7qtbnuz.mongodb.net:27017
17:17:53.131 [async-channel-group-0-handler-executor] DEBUG org.mongodb.driver.protocol.command - Execution of command with request id 100 completed successfully in 49.47 ms on connection [connectionId{localValue:7, serverValue:175676}] to server ac-o2suyf6-shard-00-02.7qtbnuz.mongodb.net:27017
17:17:53.147 [AsyncGetter-5-thread-1] DEBUG org.mongodb.driver.protocol.command - Sending command '{"update": "producto", "ordered": true, "txnNumber": 23, "$db": "practica03mongoIvanLoli", "$clusterTime": {"clusterTime": {"$timestamp": {"t": 1675613871, "i": 8}}, "signature": {"hash": {"$binary": {"base64": "Ai/mjHmUM96MJ5eF4WVcWyUUY08=", "subType": "00"}}, "keyId": 7161871216054108163}}, "lsid": {"id": {"$binary": {"base64": "roMpFL3PQPawB+PlCM6O3Q==", "subType": "04"}}}, "updates": [{"q": {"_id": {"$oid": "63dfd6b11070f8213392c225"}}, "u": {"_id": {"$oid": "63dfd6b11070f8213392c225"}, "uuid": {"$binary": {"base64": "p0imbWmNqZOqg+qWtQVPsw==", "subType": "03"}}, "tipo": "FUNDAS", "marca": "MarcaZ", "modelo": "ModeloZ", "precio": 36.4, "stock": 1}, "upsert": true}]}' with request id 101 to database practica03mongoIvanLoli on connection [connectionId{localValue:7, serverValue:175676}] to server ac-o2suyf6-shard-00-02.7qtbnuz.mongodb.net:27017
17:17:53.254 [async-channel-group-0-handler-executor] DEBUG org.mongodb.driver.protocol.command - Execution of command with request id 101 completed successfully in 108.53 ms on connection [connectionId{localValue:7, serverValue:175676}] to server ac-o2suyf6-shard-00-02.7qtbnuz.mongodb.net:27017
17:17:53.261 [DefaultDispatcher-worker-3 @coroutine#842] DEBUG koin.repositories.producto.ProductoRepository - delete(63dfd6b11070f8213392c225)
17:17:53.263 [AsyncGetter-5-thread-1] DEBUG org.mongodb.driver.protocol.command - Sending command '{"find": "producto", "filter": {"_id": {"$oid": "63dfd6b11070f8213392c225"}}, "limit": 1, "singleBatch": true, "$db": "practica03mongoIvanLoli", "$clusterTime": {"clusterTime": {"$timestamp": {"t": 1675613872, "i": 3}}, "signature": {"hash": {"$binary": {"base64": "LQMCqDrJZ6YeBCgbwjGtr8/HR+w=", "subType": "00"}}, "keyId": 7161871216054108163}}, "lsid": {"id": {"$binary": {"base64": "roMpFL3PQPawB+PlCM6O3Q==", "subType": "04"}}}}' with request id 102 to database practica03mongoIvanLoli on connection [connectionId{localValue:7, serverValue:175676}] to server ac-o2suyf6-shard-00-02.7qtbnuz.mongodb.net:27017
17:17:53.302 [async-channel-group-0-handler-executor] DEBUG org.mongodb.driver.protocol.command - Execution of command with request id 102 completed successfully in 40.22 ms on connection [connectionId{localValue:7, serverValue:175676}] to server ac-o2suyf6-shard-00-02.7qtbnuz.mongodb.net:27017
17:17:53.304 [async-channel-group-0-handler-executor] DEBUG org.mongodb.driver.operation - Received batch of 1 documents with cursorId 0 from server ac-o2suyf6-shard-00-02.7qtbnuz.mongodb.net:27017
17:17:53.307 [AsyncGetter-5-thread-1] DEBUG org.mongodb.driver.protocol.command - Sending command '{"delete": "producto", "ordered": true, "txnNumber": 24, "$db": "practica03mongoIvanLoli", "$clusterTime": {"clusterTime": {"$timestamp": {"t": 1675613872, "i": 3}}, "signature": {"hash": {"$binary": {"base64": "LQMCqDrJZ6YeBCgbwjGtr8/HR+w=", "subType": "00"}}, "keyId": 7161871216054108163}}, "lsid": {"id": {"$binary": {"base64": "roMpFL3PQPawB+PlCM6O3Q==", "subType": "04"}}}, "deletes": [{"q": {"_id": {"$oid": "63dfd6b11070f8213392c225"}}, "limit": 1}]}' with request id 103 to database practica03mongoIvanLoli on connection [connectionId{localValue:7, serverValue:175676}] to server ac-o2suyf6-shard-00-02.7qtbnuz.mongodb.net:27017
17:17:53.348 [async-channel-group-0-handler-executor] DEBUG org.mongodb.driver.protocol.command - Execution of command with request id 103 completed successfully in 40.95 ms on connection [connectionId{localValue:7, serverValue:175676}] to server ac-o2suyf6-shard-00-02.7qtbnuz.mongodb.net:27017
17:17:53.362 [AsyncGetter-5-thread-1] DEBUG org.mongodb.driver.protocol.command - Sending command '{"update": "producto", "ordered": true, "txnNumber": 25, "$db": "practica03mongoIvanLoli", "$clusterTime": {"clusterTime": {"$timestamp": {"t": 1675613872, "i": 4}}, "signature": {"hash": {"$binary": {"base64": "LQMCqDrJZ6YeBCgbwjGtr8/HR+w=", "subType": "00"}}, "keyId": 7161871216054108163}}, "lsid": {"id": {"$binary": {"base64": "roMpFL3PQPawB+PlCM6O3Q==", "subType": "04"}}}, "updates": [{"q": {"_id": {"$oid": "63dfd6b11070f8213392c225"}}, "u": {"_id": {"$oid": "63dfd6b11070f8213392c225"}, "uuid": {"$binary": {"base64": "p0imbWmNqZOqg+qWtQVPsw==", "subType": "03"}}, "tipo": "FUNDAS", "marca": "MarcaZ", "modelo": "ModeloZ", "precio": 36.4, "stock": 1}, "upsert": true}]}' with request id 104 to database practica03mongoIvanLoli on connection [connectionId{localValue:7, serverValue:175676}] to server ac-o2suyf6-shard-00-02.7qtbnuz.mongodb.net:27017
17:17:53.407 [async-channel-group-0-handler-executor] DEBUG org.mongodb.driver.protocol.command - Execution of command with request id 104 completed successfully in 45.80 ms on connection [connectionId{localValue:7, serverValue:175676}] to server ac-o2suyf6-shard-00-02.7qtbnuz.mongodb.net:27017
17:17:53.413 [DefaultDispatcher-worker-3 @coroutine#847] DEBUG koin.repositories.producto.ProductoRepository - decreaseStock(63dfd6b11070f8213392c225)
17:17:53.414 [AsyncGetter-5-thread-1] DEBUG org.mongodb.driver.protocol.command - Sending command '{"find": "producto", "filter": {"_id": {"$oid": "63dfd6b11070f8213392c225"}}, "limit": 1, "singleBatch": true, "$db": "practica03mongoIvanLoli", "$clusterTime": {"clusterTime": {"$timestamp": {"t": 1675613872, "i": 6}}, "signature": {"hash": {"$binary": {"base64": "LQMCqDrJZ6YeBCgbwjGtr8/HR+w=", "subType": "00"}}, "keyId": 7161871216054108163}}, "lsid": {"id": {"$binary": {"base64": "roMpFL3PQPawB+PlCM6O3Q==", "subType": "04"}}}}' with request id 105 to database practica03mongoIvanLoli on connection [connectionId{localValue:7, serverValue:175676}] to server ac-o2suyf6-shard-00-02.7qtbnuz.mongodb.net:27017
17:17:53.454 [async-channel-group-0-handler-executor] DEBUG org.mongodb.driver.protocol.command - Execution of command with request id 105 completed successfully in 39.52 ms on connection [connectionId{localValue:7, serverValue:175676}] to server ac-o2suyf6-shard-00-02.7qtbnuz.mongodb.net:27017
17:17:53.454 [async-channel-group-0-handler-executor] DEBUG org.mongodb.driver.operation - Received batch of 1 documents with cursorId 0 from server ac-o2suyf6-shard-00-02.7qtbnuz.mongodb.net:27017
17:17:53.457 [AsyncGetter-5-thread-1] DEBUG org.mongodb.driver.protocol.command - Sending command '{"update": "producto", "ordered": true, "txnNumber": 26, "$db": "practica03mongoIvanLoli", "$clusterTime": {"clusterTime": {"$timestamp": {"t": 1675613872, "i": 6}}, "signature": {"hash": {"$binary": {"base64": "LQMCqDrJZ6YeBCgbwjGtr8/HR+w=", "subType": "00"}}, "keyId": 7161871216054108163}}, "lsid": {"id": {"$binary": {"base64": "roMpFL3PQPawB+PlCM6O3Q==", "subType": "04"}}}, "updates": [{"q": {"_id": {"$oid": "63dfd6b11070f8213392c225"}}, "u": {"_id": {"$oid": "63dfd6b11070f8213392c225"}, "uuid": {"$binary": {"base64": "p0imbWmNqZOqg+qWtQVPsw==", "subType": "03"}}, "tipo": "FUNDAS", "marca": "MarcaZ", "modelo": "ModeloZ", "precio": 36.4, "stock": 0}, "upsert": true}]}' with request id 106 to database practica03mongoIvanLoli on connection [connectionId{localValue:7, serverValue:175676}] to server ac-o2suyf6-shard-00-02.7qtbnuz.mongodb.net:27017
17:17:53.500 [async-channel-group-0-handler-executor] DEBUG org.mongodb.driver.protocol.command - Execution of command with request id 106 completed successfully in 43.98 ms on connection [connectionId{localValue:7, serverValue:175676}] to server ac-o2suyf6-shard-00-02.7qtbnuz.mongodb.net:27017
17:17:53.512 [AsyncGetter-5-thread-1] DEBUG org.mongodb.driver.protocol.command - Sending command '{"update": "producto", "ordered": true, "txnNumber": 27, "$db": "practica03mongoIvanLoli", "$clusterTime": {"clusterTime": {"$timestamp": {"t": 1675613872, "i": 7}}, "signature": {"hash": {"$binary": {"base64": "LQMCqDrJZ6YeBCgbwjGtr8/HR+w=", "subType": "00"}}, "keyId": 7161871216054108163}}, "lsid": {"id": {"$binary": {"base64": "roMpFL3PQPawB+PlCM6O3Q==", "subType": "04"}}}, "updates": [{"q": {"_id": {"$oid": "63dfd6b11070f8213392c225"}}, "u": {"_id": {"$oid": "63dfd6b11070f8213392c225"}, "uuid": {"$binary": {"base64": "p0imbWmNqZOqg+qWtQVPsw==", "subType": "03"}}, "tipo": "FUNDAS", "marca": "MarcaZ", "modelo": "ModeloZ", "precio": 36.4, "stock": 1}, "upsert": true}]}' with request id 107 to database practica03mongoIvanLoli on connection [connectionId{localValue:7, serverValue:175676}] to server ac-o2suyf6-shard-00-02.7qtbnuz.mongodb.net:27017
17:17:53.555 [async-channel-group-0-handler-executor] DEBUG org.mongodb.driver.protocol.command - Execution of command with request id 107 completed successfully in 43.55 ms on connection [connectionId{localValue:7, serverValue:175676}] to server ac-o2suyf6-shard-00-02.7qtbnuz.mongodb.net:27017
17:17:53.562 [DefaultDispatcher-worker-3 @coroutine#852] DEBUG koin.repositories.producto.ProductoRepository - findAll()
17:17:53.564 [AsyncGetter-5-thread-1] DEBUG org.mongodb.driver.protocol.command - Sending command '{"find": "producto", "filter": {}, "batchSize": 64, "$db": "practica03mongoIvanLoli", "$clusterTime": {"clusterTime": {"$timestamp": {"t": 1675613872, "i": 8}}, "signature": {"hash": {"$binary": {"base64": "LQMCqDrJZ6YeBCgbwjGtr8/HR+w=", "subType": "00"}}, "keyId": 7161871216054108163}}, "lsid": {"id": {"$binary": {"base64": "roMpFL3PQPawB+PlCM6O3Q==", "subType": "04"}}}}' with request id 108 to database practica03mongoIvanLoli on connection [connectionId{localValue:7, serverValue:175676}] to server ac-o2suyf6-shard-00-02.7qtbnuz.mongodb.net:27017
17:17:53.609 [async-channel-group-0-handler-executor] DEBUG org.mongodb.driver.protocol.command - Execution of command with request id 108 completed successfully in 45.69 ms on connection [connectionId{localValue:7, serverValue:175676}] to server ac-o2suyf6-shard-00-02.7qtbnuz.mongodb.net:27017
17:17:53.609 [async-channel-group-0-handler-executor] DEBUG org.mongodb.driver.operation - Received batch of 1 documents with cursorId 0 from server ac-o2suyf6-shard-00-02.7qtbnuz.mongodb.net:27017
17:17:53.615 [AsyncGetter-5-thread-1] DEBUG org.mongodb.driver.protocol.command - Sending command '{"update": "producto", "ordered": true, "txnNumber": 28, "$db": "practica03mongoIvanLoli", "$clusterTime": {"clusterTime": {"$timestamp": {"t": 1675613872, "i": 9}}, "signature": {"hash": {"$binary": {"base64": "LQMCqDrJZ6YeBCgbwjGtr8/HR+w=", "subType": "00"}}, "keyId": 7161871216054108163}}, "lsid": {"id": {"$binary": {"base64": "roMpFL3PQPawB+PlCM6O3Q==", "subType": "04"}}}, "updates": [{"q": {"_id": {"$oid": "63dfd6b11070f8213392c225"}}, "u": {"_id": {"$oid": "63dfd6b11070f8213392c225"}, "uuid": {"$binary": {"base64": "p0imbWmNqZOqg+qWtQVPsw==", "subType": "03"}}, "tipo": "FUNDAS", "marca": "MarcaZ", "modelo": "ModeloZ", "precio": 36.4, "stock": 1}, "upsert": true}]}' with request id 109 to database practica03mongoIvanLoli on connection [connectionId{localValue:7, serverValue:175676}] to server ac-o2suyf6-shard-00-02.7qtbnuz.mongodb.net:27017
17:17:53.654 [async-channel-group-0-handler-executor] DEBUG org.mongodb.driver.protocol.command - Execution of command with request id 109 completed successfully in 39.21 ms on connection [connectionId{localValue:7, serverValue:175676}] to server ac-o2suyf6-shard-00-02.7qtbnuz.mongodb.net:27017
17:17:53.660 [DefaultDispatcher-worker-3 @coroutine#858] DEBUG koin.repositories.producto.ProductoRepository - findById(63dfd6b11070f8213392c225)
17:17:53.662 [AsyncGetter-5-thread-1] DEBUG org.mongodb.driver.protocol.command - Sending command '{"find": "producto", "filter": {"_id": {"$oid": "63dfd6b11070f8213392c225"}}, "limit": 1, "singleBatch": true, "$db": "practica03mongoIvanLoli", "$clusterTime": {"clusterTime": {"$timestamp": {"t": 1675613872, "i": 9}}, "signature": {"hash": {"$binary": {"base64": "LQMCqDrJZ6YeBCgbwjGtr8/HR+w=", "subType": "00"}}, "keyId": 7161871216054108163}}, "lsid": {"id": {"$binary": {"base64": "roMpFL3PQPawB+PlCM6O3Q==", "subType": "04"}}}}' with request id 110 to database practica03mongoIvanLoli on connection [connectionId{localValue:7, serverValue:175676}] to server ac-o2suyf6-shard-00-02.7qtbnuz.mongodb.net:27017
17:17:53.697 [async-channel-group-0-handler-executor] DEBUG org.mongodb.driver.protocol.command - Execution of command with request id 110 completed successfully in 35.84 ms on connection [connectionId{localValue:7, serverValue:175676}] to server ac-o2suyf6-shard-00-02.7qtbnuz.mongodb.net:27017
17:17:53.698 [async-channel-group-0-handler-executor] DEBUG org.mongodb.driver.operation - Received batch of 1 documents with cursorId 0 from server ac-o2suyf6-shard-00-02.7qtbnuz.mongodb.net:27017
17:17:53.707 [AsyncGetter-5-thread-1] DEBUG org.mongodb.driver.protocol.command - Sending command '{"update": "producto", "ordered": true, "txnNumber": 29, "$db": "practica03mongoIvanLoli", "$clusterTime": {"clusterTime": {"$timestamp": {"t": 1675613872, "i": 9}}, "signature": {"hash": {"$binary": {"base64": "LQMCqDrJZ6YeBCgbwjGtr8/HR+w=", "subType": "00"}}, "keyId": 7161871216054108163}}, "lsid": {"id": {"$binary": {"base64": "roMpFL3PQPawB+PlCM6O3Q==", "subType": "04"}}}, "updates": [{"q": {"_id": {"$oid": "63dfd6b11070f8213392c225"}}, "u": {"_id": {"$oid": "63dfd6b11070f8213392c225"}, "uuid": {"$binary": {"base64": "p0imbWmNqZOqg+qWtQVPsw==", "subType": "03"}}, "tipo": "FUNDAS", "marca": "MarcaZ", "modelo": "ModeloZ", "precio": 36.4, "stock": 1}, "upsert": true}]}' with request id 111 to database practica03mongoIvanLoli on connection [connectionId{localValue:7, serverValue:175676}] to server ac-o2suyf6-shard-00-02.7qtbnuz.mongodb.net:27017
17:17:53.755 [async-channel-group-0-handler-executor] DEBUG org.mongodb.driver.protocol.command - Execution of command with request id 111 completed successfully in 49.48 ms on connection [connectionId{localValue:7, serverValue:175676}] to server ac-o2suyf6-shard-00-02.7qtbnuz.mongodb.net:27017
17:17:53.759 [DefaultDispatcher-worker-3 @coroutine#863] DEBUG koin.repositories.producto.ProductoRepository - decreaseStock(63dfd6b11070f8213392c225)
17:17:53.760 [AsyncGetter-5-thread-1] DEBUG org.mongodb.driver.protocol.command - Sending command '{"find": "producto", "filter": {"_id": {"$oid": "63dfd6b11070f8213392c225"}}, "limit": 1, "singleBatch": true, "$db": "practica03mongoIvanLoli", "$clusterTime": {"clusterTime": {"$timestamp": {"t": 1675613872, "i": 9}}, "signature": {"hash": {"$binary": {"base64": "LQMCqDrJZ6YeBCgbwjGtr8/HR+w=", "subType": "00"}}, "keyId": 7161871216054108163}}, "lsid": {"id": {"$binary": {"base64": "roMpFL3PQPawB+PlCM6O3Q==", "subType": "04"}}}}' with request id 112 to database practica03mongoIvanLoli on connection [connectionId{localValue:7, serverValue:175676}] to server ac-o2suyf6-shard-00-02.7qtbnuz.mongodb.net:27017
17:17:53.798 [async-channel-group-0-handler-executor] DEBUG org.mongodb.driver.protocol.command - Execution of command with request id 112 completed successfully in 38.77 ms on connection [connectionId{localValue:7, serverValue:175676}] to server ac-o2suyf6-shard-00-02.7qtbnuz.mongodb.net:27017
17:17:53.799 [async-channel-group-0-handler-executor] DEBUG org.mongodb.driver.operation - Received batch of 1 documents with cursorId 0 from server ac-o2suyf6-shard-00-02.7qtbnuz.mongodb.net:27017
17:17:53.806 [AsyncGetter-5-thread-1] DEBUG org.mongodb.driver.protocol.command - Sending command '{"update": "producto", "ordered": true, "txnNumber": 30, "$db": "practica03mongoIvanLoli", "$clusterTime": {"clusterTime": {"$timestamp": {"t": 1675613872, "i": 9}}, "signature": {"hash": {"$binary": {"base64": "LQMCqDrJZ6YeBCgbwjGtr8/HR+w=", "subType": "00"}}, "keyId": 7161871216054108163}}, "lsid": {"id": {"$binary": {"base64": "roMpFL3PQPawB+PlCM6O3Q==", "subType": "04"}}}, "updates": [{"q": {"_id": {"$oid": "63dfd6b11070f8213392c225"}}, "u": {"_id": {"$oid": "63dfd6b11070f8213392c225"}, "uuid": {"$binary": {"base64": "p0imbWmNqZOqg+qWtQVPsw==", "subType": "03"}}, "tipo": "FUNDAS", "marca": "MarcaZ", "modelo": "ModeloZ", "precio": 36.4, "stock": 0}, "upsert": true}]}' with request id 113 to database practica03mongoIvanLoli on connection [connectionId{localValue:7, serverValue:175676}] to server ac-o2suyf6-shard-00-02.7qtbnuz.mongodb.net:27017
17:17:53.848 [async-channel-group-0-handler-executor] DEBUG org.mongodb.driver.protocol.command - Execution of command with request id 113 completed successfully in 43.34 ms on connection [connectionId{localValue:7, serverValue:175676}] to server ac-o2suyf6-shard-00-02.7qtbnuz.mongodb.net:27017
17:17:53.868 [AsyncGetter-5-thread-1] DEBUG org.mongodb.driver.protocol.command - Sending command '{"update": "producto", "ordered": true, "txnNumber": 31, "$db": "practica03mongoIvanLoli", "$clusterTime": {"clusterTime": {"$timestamp": {"t": 1675613872, "i": 11}}, "signature": {"hash": {"$binary": {"base64": "LQMCqDrJZ6YeBCgbwjGtr8/HR+w=", "subType": "00"}}, "keyId": 7161871216054108163}}, "lsid": {"id": {"$binary": {"base64": "roMpFL3PQPawB+PlCM6O3Q==", "subType": "04"}}}, "updates": [{"q": {"_id": {"$oid": "63dfd6b11070f8213392c225"}}, "u": {"_id": {"$oid": "63dfd6b11070f8213392c225"}, "uuid": {"$binary": {"base64": "p0imbWmNqZOqg+qWtQVPsw==", "subType": "03"}}, "tipo": "FUNDAS", "marca": "MarcaZ", "modelo": "ModeloZ", "precio": 36.4, "stock": 1}, "upsert": true}]}' with request id 114 to database practica03mongoIvanLoli on connection [connectionId{localValue:7, serverValue:175676}] to server ac-o2suyf6-shard-00-02.7qtbnuz.mongodb.net:27017
17:17:53.912 [async-channel-group-0-handler-executor] DEBUG org.mongodb.driver.protocol.command - Execution of command with request id 114 completed successfully in 44.90 ms on connection [connectionId{localValue:7, serverValue:175676}] to server ac-o2suyf6-shard-00-02.7qtbnuz.mongodb.net:27017
17:17:53.915 [DefaultDispatcher-worker-1 @coroutine#868] DEBUG koin.repositories.producto.ProductoRepository - findByUUID(93a98d69-6da6-48a7-b34f-05b596ea83aa)
17:17:53.916 [AsyncGetter-5-thread-1] DEBUG org.mongodb.driver.protocol.command - Sending command '{"find": "producto", "filter": {}, "batchSize": 64, "$db": "practica03mongoIvanLoli", "$clusterTime": {"clusterTime": {"$timestamp": {"t": 1675613872, "i": 12}}, "signature": {"hash": {"$binary": {"base64": "LQMCqDrJZ6YeBCgbwjGtr8/HR+w=", "subType": "00"}}, "keyId": 7161871216054108163}}, "lsid": {"id": {"$binary": {"base64": "roMpFL3PQPawB+PlCM6O3Q==", "subType": "04"}}}}' with request id 115 to database practica03mongoIvanLoli on connection [connectionId{localValue:7, serverValue:175676}] to server ac-o2suyf6-shard-00-02.7qtbnuz.mongodb.net:27017
17:17:53.972 [async-channel-group-0-handler-executor] DEBUG org.mongodb.driver.protocol.command - Execution of command with request id 115 completed successfully in 56.58 ms on connection [connectionId{localValue:7, serverValue:175676}] to server ac-o2suyf6-shard-00-02.7qtbnuz.mongodb.net:27017
17:17:53.973 [async-channel-group-0-handler-executor] DEBUG org.mongodb.driver.operation - Received batch of 1 documents with cursorId 0 from server ac-o2suyf6-shard-00-02.7qtbnuz.mongodb.net:27017
17:17:53.979 [AsyncGetter-5-thread-1] DEBUG org.mongodb.driver.protocol.command - Sending command '{"update": "producto", "ordered": true, "txnNumber": 32, "$db": "practica03mongoIvanLoli", "$clusterTime": {"clusterTime": {"$timestamp": {"t": 1675613872, "i": 12}}, "signature": {"hash": {"$binary": {"base64": "LQMCqDrJZ6YeBCgbwjGtr8/HR+w=", "subType": "00"}}, "keyId": 7161871216054108163}}, "lsid": {"id": {"$binary": {"base64": "roMpFL3PQPawB+PlCM6O3Q==", "subType": "04"}}}, "updates": [{"q": {"_id": {"$oid": "63dfd6b11070f8213392c225"}}, "u": {"_id": {"$oid": "63dfd6b11070f8213392c225"}, "uuid": {"$binary": {"base64": "p0imbWmNqZOqg+qWtQVPsw==", "subType": "03"}}, "tipo": "FUNDAS", "marca": "MarcaZ", "modelo": "ModeloZ", "precio": 36.4, "stock": 1}, "upsert": true}]}' with request id 116 to database practica03mongoIvanLoli on connection [connectionId{localValue:7, serverValue:175676}] to server ac-o2suyf6-shard-00-02.7qtbnuz.mongodb.net:27017
17:17:54.021 [async-channel-group-0-handler-executor] DEBUG org.mongodb.driver.protocol.command - Execution of command with request id 116 completed successfully in 41.13 ms on connection [connectionId{localValue:7, serverValue:175676}] to server ac-o2suyf6-shard-00-02.7qtbnuz.mongodb.net:27017
17:17:54.029 [DefaultDispatcher-worker-1 @coroutine#873] DEBUG koin.repositories.producto.ProductoRepository - save(Producto(id=63dfd6b11070f8213392c225, uuid=93a98d69-6da6-48a7-b34f-05b596ea83aa, tipo=FUNDAS, marca=MarcaZ, modelo=ModeloZ, precio=36.4, stock=1))
17:17:54.031 [AsyncGetter-5-thread-1] DEBUG org.mongodb.driver.protocol.command - Sending command '{"update": "producto", "ordered": true, "txnNumber": 33, "$db": "practica03mongoIvanLoli", "$clusterTime": {"clusterTime": {"$timestamp": {"t": 1675613872, "i": 13}}, "signature": {"hash": {"$binary": {"base64": "LQMCqDrJZ6YeBCgbwjGtr8/HR+w=", "subType": "00"}}, "keyId": 7161871216054108163}}, "lsid": {"id": {"$binary": {"base64": "roMpFL3PQPawB+PlCM6O3Q==", "subType": "04"}}}, "updates": [{"q": {"_id": {"$oid": "63dfd6b11070f8213392c225"}}, "u": {"_id": {"$oid": "63dfd6b11070f8213392c225"}, "uuid": {"$binary": {"base64": "p0imbWmNqZOqg+qWtQVPsw==", "subType": "03"}}, "tipo": "FUNDAS", "marca": "MarcaZ", "modelo": "ModeloZ", "precio": 36.4, "stock": 1}, "upsert": true}]}' with request id 117 to database practica03mongoIvanLoli on connection [connectionId{localValue:7, serverValue:175676}] to server ac-o2suyf6-shard-00-02.7qtbnuz.mongodb.net:27017
17:17:54.072 [async-channel-group-0-handler-executor] DEBUG org.mongodb.driver.protocol.command - Execution of command with request id 117 completed successfully in 40.21 ms on connection [connectionId{localValue:7, serverValue:175676}] to server ac-o2suyf6-shard-00-02.7qtbnuz.mongodb.net:27017
17:17:54.078 [AsyncGetter-5-thread-1] DEBUG org.mongodb.driver.protocol.command - Sending command '{"update": "producto", "ordered": true, "txnNumber": 34, "$db": "practica03mongoIvanLoli", "$clusterTime": {"clusterTime": {"$timestamp": {"t": 1675613872, "i": 13}}, "signature": {"hash": {"$binary": {"base64": "LQMCqDrJZ6YeBCgbwjGtr8/HR+w=", "subType": "00"}}, "keyId": 7161871216054108163}}, "lsid": {"id": {"$binary": {"base64": "roMpFL3PQPawB+PlCM6O3Q==", "subType": "04"}}}, "updates": [{"q": {"_id": {"$oid": "63dfd6b11070f8213392c225"}}, "u": {"_id": {"$oid": "63dfd6b11070f8213392c225"}, "uuid": {"$binary": {"base64": "p0imbWmNqZOqg+qWtQVPsw==", "subType": "03"}}, "tipo": "FUNDAS", "marca": "MarcaZ", "modelo": "ModeloZ", "precio": 36.4, "stock": 1}, "upsert": true}]}' with request id 118 to database practica03mongoIvanLoli on connection [connectionId{localValue:7, serverValue:175676}] to server ac-o2suyf6-shard-00-02.7qtbnuz.mongodb.net:27017
17:17:54.121 [async-channel-group-0-handler-executor] DEBUG org.mongodb.driver.protocol.command - Execution of command with request id 118 completed successfully in 42.56 ms on connection [connectionId{localValue:7, serverValue:175676}] to server ac-o2suyf6-shard-00-02.7qtbnuz.mongodb.net:27017
17:17:54.126 [DefaultDispatcher-worker-1 @coroutine#878] DEBUG koin.repositories.producto.ProductoRepository - findById(63dfd6b21070f8213392c226)
17:17:54.128 [AsyncGetter-5-thread-1] DEBUG org.mongodb.driver.protocol.command - Sending command '{"find": "producto", "filter": {"_id": {"$oid": "63dfd6b21070f8213392c226"}}, "limit": 1, "singleBatch": true, "$db": "practica03mongoIvanLoli", "$clusterTime": {"clusterTime": {"$timestamp": {"t": 1675613872, "i": 13}}, "signature": {"hash": {"$binary": {"base64": "LQMCqDrJZ6YeBCgbwjGtr8/HR+w=", "subType": "00"}}, "keyId": 7161871216054108163}}, "lsid": {"id": {"$binary": {"base64": "roMpFL3PQPawB+PlCM6O3Q==", "subType": "04"}}}}' with request id 119 to database practica03mongoIvanLoli on connection [connectionId{localValue:7, serverValue:175676}] to server ac-o2suyf6-shard-00-02.7qtbnuz.mongodb.net:27017
17:17:54.166 [async-channel-group-0-handler-executor] DEBUG org.mongodb.driver.protocol.command - Execution of command with request id 119 completed successfully in 38.78 ms on connection [connectionId{localValue:7, serverValue:175676}] to server ac-o2suyf6-shard-00-02.7qtbnuz.mongodb.net:27017
17:17:54.166 [async-channel-group-0-handler-executor] DEBUG org.mongodb.driver.operation - Received batch of 0 documents with cursorId 0 from server ac-o2suyf6-shard-00-02.7qtbnuz.mongodb.net:27017
17:17:54.174 [AsyncGetter-5-thread-1] DEBUG org.mongodb.driver.protocol.command - Sending command '{"update": "producto", "ordered": true, "txnNumber": 35, "$db": "practica03mongoIvanLoli", "$clusterTime": {"clusterTime": {"$timestamp": {"t": 1675613872, "i": 13}}, "signature": {"hash": {"$binary": {"base64": "LQMCqDrJZ6YeBCgbwjGtr8/HR+w=", "subType": "00"}}, "keyId": 7161871216054108163}}, "lsid": {"id": {"$binary": {"base64": "roMpFL3PQPawB+PlCM6O3Q==", "subType": "04"}}}, "updates": [{"q": {"_id": {"$oid": "63dfd6b11070f8213392c225"}}, "u": {"_id": {"$oid": "63dfd6b11070f8213392c225"}, "uuid": {"$binary": {"base64": "p0imbWmNqZOqg+qWtQVPsw==", "subType": "03"}}, "tipo": "FUNDAS", "marca": "MarcaZ", "modelo": "ModeloZ", "precio": 36.4, "stock": 1}, "upsert": true}]}' with request id 120 to database practica03mongoIvanLoli on connection [connectionId{localValue:7, serverValue:175676}] to server ac-o2suyf6-shard-00-02.7qtbnuz.mongodb.net:27017
17:17:54.213 [async-channel-group-0-handler-executor] DEBUG org.mongodb.driver.protocol.command - Execution of command with request id 120 completed successfully in 39.90 ms on connection [connectionId{localValue:7, serverValue:175676}] to server ac-o2suyf6-shard-00-02.7qtbnuz.mongodb.net:27017
17:17:54.218 [DefaultDispatcher-worker-1 @coroutine#883] DEBUG koin.repositories.producto.ProductoRepository - delete(63dfd6b21070f8213392c227)
17:17:54.222 [AsyncGetter-5-thread-1] DEBUG org.mongodb.driver.protocol.command - Sending command '{"find": "producto", "filter": {"_id": {"$oid": "63dfd6b21070f8213392c227"}}, "limit": 1, "singleBatch": true, "$db": "practica03mongoIvanLoli", "$clusterTime": {"clusterTime": {"$timestamp": {"t": 1675613872, "i": 13}}, "signature": {"hash": {"$binary": {"base64": "LQMCqDrJZ6YeBCgbwjGtr8/HR+w=", "subType": "00"}}, "keyId": 7161871216054108163}}, "lsid": {"id": {"$binary": {"base64": "roMpFL3PQPawB+PlCM6O3Q==", "subType": "04"}}}}' with request id 121 to database practica03mongoIvanLoli on connection [connectionId{localValue:7, serverValue:175676}] to server ac-o2suyf6-shard-00-02.7qtbnuz.mongodb.net:27017
17:17:54.275 [async-channel-group-0-handler-executor] DEBUG org.mongodb.driver.protocol.command - Execution of command with request id 121 completed successfully in 53.91 ms on connection [connectionId{localValue:7, serverValue:175676}] to server ac-o2suyf6-shard-00-02.7qtbnuz.mongodb.net:27017
17:17:54.276 [async-channel-group-0-handler-executor] DEBUG org.mongodb.driver.operation - Received batch of 0 documents with cursorId 0 from server ac-o2suyf6-shard-00-02.7qtbnuz.mongodb.net:27017
17:17:54.278 [AsyncGetter-5-thread-1] DEBUG org.mongodb.driver.protocol.command - Sending command '{"delete": "producto", "ordered": true, "txnNumber": 36, "$db": "practica03mongoIvanLoli", "$clusterTime": {"clusterTime": {"$timestamp": {"t": 1675613872, "i": 13}}, "signature": {"hash": {"$binary": {"base64": "LQMCqDrJZ6YeBCgbwjGtr8/HR+w=", "subType": "00"}}, "keyId": 7161871216054108163}}, "lsid": {"id": {"$binary": {"base64": "roMpFL3PQPawB+PlCM6O3Q==", "subType": "04"}}}, "deletes": [{"q": {"_id": {"$oid": "63dfd6b21070f8213392c227"}}, "limit": 1}]}' with request id 122 to database practica03mongoIvanLoli on connection [connectionId{localValue:7, serverValue:175676}] to server ac-o2suyf6-shard-00-02.7qtbnuz.mongodb.net:27017
17:17:54.320 [async-channel-group-0-handler-executor] DEBUG org.mongodb.driver.protocol.command - Execution of command with request id 122 completed successfully in 42.13 ms on connection [connectionId{localValue:7, serverValue:175676}] to server ac-o2suyf6-shard-00-02.7qtbnuz.mongodb.net:27017
17:17:54.326 [AsyncGetter-5-thread-1] DEBUG org.mongodb.driver.protocol.command - Sending command '{"drop": "producto", "$db": "practica03mongoIvanLoli", "$clusterTime": {"clusterTime": {"$timestamp": {"t": 1675613873, "i": 1}}, "signature": {"hash": {"$binary": {"base64": "29R50i4TkR84aSc97vIBxwlycjI=", "subType": "00"}}, "keyId": 7161871216054108163}}, "lsid": {"id": {"$binary": {"base64": "roMpFL3PQPawB+PlCM6O3Q==", "subType": "04"}}}}' with request id 123 to database practica03mongoIvanLoli on connection [connectionId{localValue:7, serverValue:175676}] to server ac-o2suyf6-shard-00-02.7qtbnuz.mongodb.net:27017
17:17:54.376 [async-channel-group-0-handler-executor] DEBUG org.mongodb.driver.protocol.command - Execution of command with request id 123 completed successfully in 50.51 ms on connection [connectionId{localValue:7, serverValue:175676}] to server ac-o2suyf6-shard-00-02.7qtbnuz.mongodb.net:27017
]]></system-out>
  <system-err><![CDATA[]]></system-err>
</testsuite>
