<?xml version="1.0" encoding="UTF-8"?>
<testsuite name="koin.repositories.pedido.PedidoRepositoryTest" tests="7" skipped="0" failures="0" errors="0" timestamp="2023-02-05T16:17:51" hostname="LOLI-LAPTOP" time="0.842">
  <properties/>
  <testcase name="delete()" classname="koin.repositories.pedido.PedidoRepositoryTest" time="0.199"/>
  <testcase name="findAll()" classname="koin.repositories.pedido.PedidoRepositoryTest" time="0.108"/>
  <testcase name="findById()" classname="koin.repositories.pedido.PedidoRepositoryTest" time="0.099"/>
  <testcase name="findByUuid()" classname="koin.repositories.pedido.PedidoRepositoryTest" time="0.098"/>
  <testcase name="save()" classname="koin.repositories.pedido.PedidoRepositoryTest" time="0.104"/>
  <testcase name="findByIdNotExists()" classname="koin.repositories.pedido.PedidoRepositoryTest" time="0.101"/>
  <testcase name="deleteNotExists()" classname="koin.repositories.pedido.PedidoRepositoryTest" time="0.13"/>
  <system-out><![CDATA[17:17:51.866 [AsyncGetter-5-thread-1] DEBUG org.mongodb.driver.protocol.command - Sending command '{"drop": "pedido", "$db": "practica03mongoIvanLoli", "$clusterTime": {"clusterTime": {"$timestamp": {"t": 1675613870, "i": 5}}, "signature": {"hash": {"$binary": {"base64": "T7tj9hbgG3tyTGLQxTUW0CU0Lfg=", "subType": "00"}}, "keyId": 7161871216054108163}}, "lsid": {"id": {"$binary": {"base64": "roMpFL3PQPawB+PlCM6O3Q==", "subType": "04"}}}}' with request id 82 to database practica03mongoIvanLoli on connection [connectionId{localValue:7, serverValue:175676}] to server ac-o2suyf6-shard-00-02.7qtbnuz.mongodb.net:27017
17:17:51.917 [async-channel-group-0-handler-executor] DEBUG org.mongodb.driver.protocol.command - Execution of command with request id 82 completed successfully in 51.73 ms on connection [connectionId{localValue:7, serverValue:175676}] to server ac-o2suyf6-shard-00-02.7qtbnuz.mongodb.net:27017
17:17:51.928 [AsyncGetter-5-thread-1] DEBUG org.mongodb.driver.protocol.command - Sending command '{"update": "pedido", "ordered": true, "txnNumber": 13, "$db": "practica03mongoIvanLoli", "$clusterTime": {"clusterTime": {"$timestamp": {"t": 1675613870, "i": 7}}, "signature": {"hash": {"$binary": {"base64": "T7tj9hbgG3tyTGLQxTUW0CU0Lfg=", "subType": "00"}}, "keyId": 7161871216054108163}}, "lsid": {"id": {"$binary": {"base64": "roMpFL3PQPawB+PlCM6O3Q==", "subType": "04"}}}, "updates": [{"q": {"_id": {"$oid": "63dfd6af1070f8213392c220"}}, "u": {"_id": {"$oid": "63dfd6af1070f8213392c220"}, "uuid": {"$binary": {"base64": "p0gQAGmNqZPMiuqWtQVPsw==", "subType": "03"}}, "userId": {"$binary": {"base64": "p0gGAGmNqZOag+qWtQVPsw==", "subType": "03"}}, "state": "PROCESO", "fechaEntrada": {"$date": "2013-10-10T00:00:00Z"}, "fechaSalida": {"$date": "2023-12-12T00:00:00Z"}, "topeEntrega": {"$date": "2023-12-14T00:00:00Z"}, "precio": 0.0}, "upsert": true}]}' with request id 83 to database practica03mongoIvanLoli on connection [connectionId{localValue:7, serverValue:175676}] to server ac-o2suyf6-shard-00-02.7qtbnuz.mongodb.net:27017
17:17:52.012 [async-channel-group-0-handler-executor] DEBUG org.mongodb.driver.protocol.command - Execution of command with request id 83 completed successfully in 84.21 ms on connection [connectionId{localValue:7, serverValue:175676}] to server ac-o2suyf6-shard-00-02.7qtbnuz.mongodb.net:27017
17:17:52.023 [DefaultDispatcher-worker-3 @coroutine#753] DEBUG koin.repositories.pedido.PedidoRepository - delete(63dfd6af1070f8213392c220)
17:17:52.027 [AsyncGetter-5-thread-1] DEBUG org.mongodb.driver.protocol.command - Sending command '{"find": "pedido", "filter": {"_id": {"$oid": "63dfd6af1070f8213392c220"}}, "limit": 1, "singleBatch": true, "$db": "practica03mongoIvanLoli", "$clusterTime": {"clusterTime": {"$timestamp": {"t": 1675613870, "i": 10}}, "signature": {"hash": {"$binary": {"base64": "T7tj9hbgG3tyTGLQxTUW0CU0Lfg=", "subType": "00"}}, "keyId": 7161871216054108163}}, "lsid": {"id": {"$binary": {"base64": "roMpFL3PQPawB+PlCM6O3Q==", "subType": "04"}}}}' with request id 84 to database practica03mongoIvanLoli on connection [connectionId{localValue:7, serverValue:175676}] to server ac-o2suyf6-shard-00-02.7qtbnuz.mongodb.net:27017
17:17:52.065 [async-channel-group-0-handler-executor] DEBUG org.mongodb.driver.protocol.command - Execution of command with request id 84 completed successfully in 38.50 ms on connection [connectionId{localValue:7, serverValue:175676}] to server ac-o2suyf6-shard-00-02.7qtbnuz.mongodb.net:27017
17:17:52.065 [async-channel-group-0-handler-executor] DEBUG org.mongodb.driver.operation - Received batch of 1 documents with cursorId 0 from server ac-o2suyf6-shard-00-02.7qtbnuz.mongodb.net:27017
17:17:52.070 [AsyncGetter-5-thread-1] DEBUG org.mongodb.driver.protocol.command - Sending command '{"delete": "pedido", "ordered": true, "txnNumber": 14, "$db": "practica03mongoIvanLoli", "$clusterTime": {"clusterTime": {"$timestamp": {"t": 1675613870, "i": 10}}, "signature": {"hash": {"$binary": {"base64": "T7tj9hbgG3tyTGLQxTUW0CU0Lfg=", "subType": "00"}}, "keyId": 7161871216054108163}}, "lsid": {"id": {"$binary": {"base64": "roMpFL3PQPawB+PlCM6O3Q==", "subType": "04"}}}, "deletes": [{"q": {"_id": {"$oid": "63dfd6af1070f8213392c220"}}, "limit": 1}]}' with request id 85 to database practica03mongoIvanLoli on connection [connectionId{localValue:7, serverValue:175676}] to server ac-o2suyf6-shard-00-02.7qtbnuz.mongodb.net:27017
17:17:52.113 [async-channel-group-0-handler-executor] DEBUG org.mongodb.driver.protocol.command - Execution of command with request id 85 completed successfully in 44.18 ms on connection [connectionId{localValue:7, serverValue:175676}] to server ac-o2suyf6-shard-00-02.7qtbnuz.mongodb.net:27017
17:17:52.125 [AsyncGetter-5-thread-1] DEBUG org.mongodb.driver.protocol.command - Sending command '{"update": "pedido", "ordered": true, "txnNumber": 15, "$db": "practica03mongoIvanLoli", "$clusterTime": {"clusterTime": {"$timestamp": {"t": 1675613870, "i": 11}}, "signature": {"hash": {"$binary": {"base64": "T7tj9hbgG3tyTGLQxTUW0CU0Lfg=", "subType": "00"}}, "keyId": 7161871216054108163}}, "lsid": {"id": {"$binary": {"base64": "roMpFL3PQPawB+PlCM6O3Q==", "subType": "04"}}}, "updates": [{"q": {"_id": {"$oid": "63dfd6af1070f8213392c220"}}, "u": {"_id": {"$oid": "63dfd6af1070f8213392c220"}, "uuid": {"$binary": {"base64": "p0gQAGmNqZPMiuqWtQVPsw==", "subType": "03"}}, "userId": {"$binary": {"base64": "p0gGAGmNqZOag+qWtQVPsw==", "subType": "03"}}, "state": "PROCESO", "fechaEntrada": {"$date": "2013-10-10T00:00:00Z"}, "fechaSalida": {"$date": "2023-12-12T00:00:00Z"}, "topeEntrega": {"$date": "2023-12-14T00:00:00Z"}, "precio": 0.0}, "upsert": true}]}' with request id 86 to database practica03mongoIvanLoli on connection [connectionId{localValue:7, serverValue:175676}] to server ac-o2suyf6-shard-00-02.7qtbnuz.mongodb.net:27017
17:17:52.169 [async-channel-group-0-handler-executor] DEBUG org.mongodb.driver.protocol.command - Execution of command with request id 86 completed successfully in 43.01 ms on connection [connectionId{localValue:7, serverValue:175676}] to server ac-o2suyf6-shard-00-02.7qtbnuz.mongodb.net:27017
17:17:52.177 [DefaultDispatcher-worker-3 @coroutine#758] DEBUG koin.repositories.pedido.PedidoRepository - findAll()
17:17:52.178 [AsyncGetter-5-thread-1] DEBUG org.mongodb.driver.protocol.command - Sending command '{"find": "pedido", "filter": {}, "batchSize": 64, "$db": "practica03mongoIvanLoli", "$clusterTime": {"clusterTime": {"$timestamp": {"t": 1675613871, "i": 2}}, "signature": {"hash": {"$binary": {"base64": "Ai/mjHmUM96MJ5eF4WVcWyUUY08=", "subType": "00"}}, "keyId": 7161871216054108163}}, "lsid": {"id": {"$binary": {"base64": "roMpFL3PQPawB+PlCM6O3Q==", "subType": "04"}}}}' with request id 87 to database practica03mongoIvanLoli on connection [connectionId{localValue:7, serverValue:175676}] to server ac-o2suyf6-shard-00-02.7qtbnuz.mongodb.net:27017
17:17:52.219 [async-channel-group-0-handler-executor] DEBUG org.mongodb.driver.protocol.command - Execution of command with request id 87 completed successfully in 40.96 ms on connection [connectionId{localValue:7, serverValue:175676}] to server ac-o2suyf6-shard-00-02.7qtbnuz.mongodb.net:27017
17:17:52.221 [async-channel-group-0-handler-executor] DEBUG org.mongodb.driver.operation - Received batch of 1 documents with cursorId 0 from server ac-o2suyf6-shard-00-02.7qtbnuz.mongodb.net:27017
17:17:52.230 [AsyncGetter-5-thread-1] DEBUG org.mongodb.driver.protocol.command - Sending command '{"update": "pedido", "ordered": true, "txnNumber": 16, "$db": "practica03mongoIvanLoli", "$clusterTime": {"clusterTime": {"$timestamp": {"t": 1675613871, "i": 2}}, "signature": {"hash": {"$binary": {"base64": "Ai/mjHmUM96MJ5eF4WVcWyUUY08=", "subType": "00"}}, "keyId": 7161871216054108163}}, "lsid": {"id": {"$binary": {"base64": "roMpFL3PQPawB+PlCM6O3Q==", "subType": "04"}}}, "updates": [{"q": {"_id": {"$oid": "63dfd6af1070f8213392c220"}}, "u": {"_id": {"$oid": "63dfd6af1070f8213392c220"}, "uuid": {"$binary": {"base64": "p0gQAGmNqZPMiuqWtQVPsw==", "subType": "03"}}, "userId": {"$binary": {"base64": "p0gGAGmNqZOag+qWtQVPsw==", "subType": "03"}}, "state": "PROCESO", "fechaEntrada": {"$date": "2013-10-10T00:00:00Z"}, "fechaSalida": {"$date": "2023-12-12T00:00:00Z"}, "topeEntrega": {"$date": "2023-12-14T00:00:00Z"}, "precio": 0.0}, "upsert": true}]}' with request id 88 to database practica03mongoIvanLoli on connection [connectionId{localValue:7, serverValue:175676}] to server ac-o2suyf6-shard-00-02.7qtbnuz.mongodb.net:27017
17:17:52.273 [async-channel-group-0-handler-executor] DEBUG org.mongodb.driver.protocol.command - Execution of command with request id 88 completed successfully in 43.99 ms on connection [connectionId{localValue:7, serverValue:175676}] to server ac-o2suyf6-shard-00-02.7qtbnuz.mongodb.net:27017
17:17:52.280 [DefaultDispatcher-worker-3 @coroutine#764] DEBUG koin.repositories.pedido.PedidoRepository - findById(63dfd6af1070f8213392c220)
17:17:52.282 [AsyncGetter-5-thread-1] DEBUG org.mongodb.driver.protocol.command - Sending command '{"find": "pedido", "filter": {"_id": {"$oid": "63dfd6af1070f8213392c220"}}, "limit": 1, "singleBatch": true, "$db": "practica03mongoIvanLoli", "$clusterTime": {"clusterTime": {"$timestamp": {"t": 1675613871, "i": 3}}, "signature": {"hash": {"$binary": {"base64": "Ai/mjHmUM96MJ5eF4WVcWyUUY08=", "subType": "00"}}, "keyId": 7161871216054108163}}, "lsid": {"id": {"$binary": {"base64": "roMpFL3PQPawB+PlCM6O3Q==", "subType": "04"}}}}' with request id 89 to database practica03mongoIvanLoli on connection [connectionId{localValue:7, serverValue:175676}] to server ac-o2suyf6-shard-00-02.7qtbnuz.mongodb.net:27017
17:17:52.324 [async-channel-group-0-handler-executor] DEBUG org.mongodb.driver.protocol.command - Execution of command with request id 89 completed successfully in 42.11 ms on connection [connectionId{localValue:7, serverValue:175676}] to server ac-o2suyf6-shard-00-02.7qtbnuz.mongodb.net:27017
17:17:52.324 [async-channel-group-0-handler-executor] DEBUG org.mongodb.driver.operation - Received batch of 1 documents with cursorId 0 from server ac-o2suyf6-shard-00-02.7qtbnuz.mongodb.net:27017
17:17:52.328 [AsyncGetter-5-thread-1] DEBUG org.mongodb.driver.protocol.command - Sending command '{"update": "pedido", "ordered": true, "txnNumber": 17, "$db": "practica03mongoIvanLoli", "$clusterTime": {"clusterTime": {"$timestamp": {"t": 1675613871, "i": 3}}, "signature": {"hash": {"$binary": {"base64": "Ai/mjHmUM96MJ5eF4WVcWyUUY08=", "subType": "00"}}, "keyId": 7161871216054108163}}, "lsid": {"id": {"$binary": {"base64": "roMpFL3PQPawB+PlCM6O3Q==", "subType": "04"}}}, "updates": [{"q": {"_id": {"$oid": "63dfd6af1070f8213392c220"}}, "u": {"_id": {"$oid": "63dfd6af1070f8213392c220"}, "uuid": {"$binary": {"base64": "p0gQAGmNqZPMiuqWtQVPsw==", "subType": "03"}}, "userId": {"$binary": {"base64": "p0gGAGmNqZOag+qWtQVPsw==", "subType": "03"}}, "state": "PROCESO", "fechaEntrada": {"$date": "2013-10-10T00:00:00Z"}, "fechaSalida": {"$date": "2023-12-12T00:00:00Z"}, "topeEntrega": {"$date": "2023-12-14T00:00:00Z"}, "precio": 0.0}, "upsert": true}]}' with request id 90 to database practica03mongoIvanLoli on connection [connectionId{localValue:7, serverValue:175676}] to server ac-o2suyf6-shard-00-02.7qtbnuz.mongodb.net:27017
17:17:52.371 [async-channel-group-0-handler-executor] DEBUG org.mongodb.driver.protocol.command - Execution of command with request id 90 completed successfully in 42.63 ms on connection [connectionId{localValue:7, serverValue:175676}] to server ac-o2suyf6-shard-00-02.7qtbnuz.mongodb.net:27017
17:17:52.375 [DefaultDispatcher-worker-3 @coroutine#769] DEBUG koin.repositories.pedido.PedidoRepository - findByUUID(93a98d69-0010-48a7-b34f-05b596ea8acc)
17:17:52.376 [AsyncGetter-5-thread-1] DEBUG org.mongodb.driver.protocol.command - Sending command '{"find": "pedido", "filter": {}, "batchSize": 64, "$db": "practica03mongoIvanLoli", "$clusterTime": {"clusterTime": {"$timestamp": {"t": 1675613871, "i": 3}}, "signature": {"hash": {"$binary": {"base64": "Ai/mjHmUM96MJ5eF4WVcWyUUY08=", "subType": "00"}}, "keyId": 7161871216054108163}}, "lsid": {"id": {"$binary": {"base64": "roMpFL3PQPawB+PlCM6O3Q==", "subType": "04"}}}}' with request id 91 to database practica03mongoIvanLoli on connection [connectionId{localValue:7, serverValue:175676}] to server ac-o2suyf6-shard-00-02.7qtbnuz.mongodb.net:27017
17:17:52.415 [async-channel-group-0-handler-executor] DEBUG org.mongodb.driver.protocol.command - Execution of command with request id 91 completed successfully in 38.83 ms on connection [connectionId{localValue:7, serverValue:175676}] to server ac-o2suyf6-shard-00-02.7qtbnuz.mongodb.net:27017
17:17:52.415 [async-channel-group-0-handler-executor] DEBUG org.mongodb.driver.operation - Received batch of 1 documents with cursorId 0 from server ac-o2suyf6-shard-00-02.7qtbnuz.mongodb.net:27017
17:17:52.427 [AsyncGetter-5-thread-1] DEBUG org.mongodb.driver.protocol.command - Sending command '{"update": "pedido", "ordered": true, "txnNumber": 18, "$db": "practica03mongoIvanLoli", "$clusterTime": {"clusterTime": {"$timestamp": {"t": 1675613871, "i": 3}}, "signature": {"hash": {"$binary": {"base64": "Ai/mjHmUM96MJ5eF4WVcWyUUY08=", "subType": "00"}}, "keyId": 7161871216054108163}}, "lsid": {"id": {"$binary": {"base64": "roMpFL3PQPawB+PlCM6O3Q==", "subType": "04"}}}, "updates": [{"q": {"_id": {"$oid": "63dfd6af1070f8213392c220"}}, "u": {"_id": {"$oid": "63dfd6af1070f8213392c220"}, "uuid": {"$binary": {"base64": "p0gQAGmNqZPMiuqWtQVPsw==", "subType": "03"}}, "userId": {"$binary": {"base64": "p0gGAGmNqZOag+qWtQVPsw==", "subType": "03"}}, "state": "PROCESO", "fechaEntrada": {"$date": "2013-10-10T00:00:00Z"}, "fechaSalida": {"$date": "2023-12-12T00:00:00Z"}, "topeEntrega": {"$date": "2023-12-14T00:00:00Z"}, "precio": 0.0}, "upsert": true}]}' with request id 92 to database practica03mongoIvanLoli on connection [connectionId{localValue:7, serverValue:175676}] to server ac-o2suyf6-shard-00-02.7qtbnuz.mongodb.net:27017
17:17:52.474 [async-channel-group-0-handler-executor] DEBUG org.mongodb.driver.protocol.command - Execution of command with request id 92 completed successfully in 46.49 ms on connection [connectionId{localValue:7, serverValue:175676}] to server ac-o2suyf6-shard-00-02.7qtbnuz.mongodb.net:27017
17:17:52.479 [DefaultDispatcher-worker-3 @coroutine#774] DEBUG koin.repositories.pedido.PedidoRepository - save(Pedido(id=63dfd6af1070f8213392c220, uuid=93a98d69-0010-48a7-b34f-05b596ea8acc, userId=93a98d69-0006-48a7-b34f-05b596ea839a, state=PROCESO, fechaEntrada=2013-10-10, fechaSalida=2023-12-12, topeEntrega=2023-12-14, precio=0.0))
17:17:52.481 [AsyncGetter-5-thread-1] DEBUG org.mongodb.driver.protocol.command - Sending command '{"update": "pedido", "ordered": true, "txnNumber": 19, "$db": "practica03mongoIvanLoli", "$clusterTime": {"clusterTime": {"$timestamp": {"t": 1675613871, "i": 4}}, "signature": {"hash": {"$binary": {"base64": "Ai/mjHmUM96MJ5eF4WVcWyUUY08=", "subType": "00"}}, "keyId": 7161871216054108163}}, "lsid": {"id": {"$binary": {"base64": "roMpFL3PQPawB+PlCM6O3Q==", "subType": "04"}}}, "updates": [{"q": {"_id": {"$oid": "63dfd6af1070f8213392c220"}}, "u": {"_id": {"$oid": "63dfd6af1070f8213392c220"}, "uuid": {"$binary": {"base64": "p0gQAGmNqZPMiuqWtQVPsw==", "subType": "03"}}, "userId": {"$binary": {"base64": "p0gGAGmNqZOag+qWtQVPsw==", "subType": "03"}}, "state": "PROCESO", "fechaEntrada": {"$date": "2013-10-10T00:00:00Z"}, "fechaSalida": {"$date": "2023-12-12T00:00:00Z"}, "topeEntrega": {"$date": "2023-12-14T00:00:00Z"}, "precio": 0.0}, "upsert": true}]}' with request id 93 to database practica03mongoIvanLoli on connection [connectionId{localValue:7, serverValue:175676}] to server ac-o2suyf6-shard-00-02.7qtbnuz.mongodb.net:27017
17:17:52.525 [async-channel-group-0-handler-executor] DEBUG org.mongodb.driver.protocol.command - Execution of command with request id 93 completed successfully in 43.25 ms on connection [connectionId{localValue:7, serverValue:175676}] to server ac-o2suyf6-shard-00-02.7qtbnuz.mongodb.net:27017
17:17:52.531 [AsyncGetter-5-thread-1] DEBUG org.mongodb.driver.protocol.command - Sending command '{"update": "pedido", "ordered": true, "txnNumber": 20, "$db": "practica03mongoIvanLoli", "$clusterTime": {"clusterTime": {"$timestamp": {"t": 1675613871, "i": 4}}, "signature": {"hash": {"$binary": {"base64": "Ai/mjHmUM96MJ5eF4WVcWyUUY08=", "subType": "00"}}, "keyId": 7161871216054108163}}, "lsid": {"id": {"$binary": {"base64": "roMpFL3PQPawB+PlCM6O3Q==", "subType": "04"}}}, "updates": [{"q": {"_id": {"$oid": "63dfd6af1070f8213392c220"}}, "u": {"_id": {"$oid": "63dfd6af1070f8213392c220"}, "uuid": {"$binary": {"base64": "p0gQAGmNqZPMiuqWtQVPsw==", "subType": "03"}}, "userId": {"$binary": {"base64": "p0gGAGmNqZOag+qWtQVPsw==", "subType": "03"}}, "state": "PROCESO", "fechaEntrada": {"$date": "2013-10-10T00:00:00Z"}, "fechaSalida": {"$date": "2023-12-12T00:00:00Z"}, "topeEntrega": {"$date": "2023-12-14T00:00:00Z"}, "precio": 0.0}, "upsert": true}]}' with request id 94 to database practica03mongoIvanLoli on connection [connectionId{localValue:7, serverValue:175676}] to server ac-o2suyf6-shard-00-02.7qtbnuz.mongodb.net:27017
17:17:52.590 [async-channel-group-0-handler-executor] DEBUG org.mongodb.driver.protocol.command - Execution of command with request id 94 completed successfully in 59.30 ms on connection [connectionId{localValue:7, serverValue:175676}] to server ac-o2suyf6-shard-00-02.7qtbnuz.mongodb.net:27017
17:17:52.594 [DefaultDispatcher-worker-3 @coroutine#779] DEBUG koin.repositories.pedido.PedidoRepository - findById(63dfd6b01070f8213392c221)
17:17:52.596 [AsyncGetter-5-thread-1] DEBUG org.mongodb.driver.protocol.command - Sending command '{"find": "pedido", "filter": {"_id": {"$oid": "63dfd6b01070f8213392c221"}}, "limit": 1, "singleBatch": true, "$db": "practica03mongoIvanLoli", "$clusterTime": {"clusterTime": {"$timestamp": {"t": 1675613871, "i": 4}}, "signature": {"hash": {"$binary": {"base64": "Ai/mjHmUM96MJ5eF4WVcWyUUY08=", "subType": "00"}}, "keyId": 7161871216054108163}}, "lsid": {"id": {"$binary": {"base64": "roMpFL3PQPawB+PlCM6O3Q==", "subType": "04"}}}}' with request id 95 to database practica03mongoIvanLoli on connection [connectionId{localValue:7, serverValue:175676}] to server ac-o2suyf6-shard-00-02.7qtbnuz.mongodb.net:27017
17:17:52.629 [async-channel-group-0-handler-executor] DEBUG org.mongodb.driver.protocol.command - Execution of command with request id 95 completed successfully in 33.53 ms on connection [connectionId{localValue:7, serverValue:175676}] to server ac-o2suyf6-shard-00-02.7qtbnuz.mongodb.net:27017
17:17:52.629 [async-channel-group-0-handler-executor] DEBUG org.mongodb.driver.operation - Received batch of 0 documents with cursorId 0 from server ac-o2suyf6-shard-00-02.7qtbnuz.mongodb.net:27017
17:17:52.633 [AsyncGetter-5-thread-1] DEBUG org.mongodb.driver.protocol.command - Sending command '{"update": "pedido", "ordered": true, "txnNumber": 21, "$db": "practica03mongoIvanLoli", "$clusterTime": {"clusterTime": {"$timestamp": {"t": 1675613871, "i": 4}}, "signature": {"hash": {"$binary": {"base64": "Ai/mjHmUM96MJ5eF4WVcWyUUY08=", "subType": "00"}}, "keyId": 7161871216054108163}}, "lsid": {"id": {"$binary": {"base64": "roMpFL3PQPawB+PlCM6O3Q==", "subType": "04"}}}, "updates": [{"q": {"_id": {"$oid": "63dfd6af1070f8213392c220"}}, "u": {"_id": {"$oid": "63dfd6af1070f8213392c220"}, "uuid": {"$binary": {"base64": "p0gQAGmNqZPMiuqWtQVPsw==", "subType": "03"}}, "userId": {"$binary": {"base64": "p0gGAGmNqZOag+qWtQVPsw==", "subType": "03"}}, "state": "PROCESO", "fechaEntrada": {"$date": "2013-10-10T00:00:00Z"}, "fechaSalida": {"$date": "2023-12-12T00:00:00Z"}, "topeEntrega": {"$date": "2023-12-14T00:00:00Z"}, "precio": 0.0}, "upsert": true}]}' with request id 96 to database practica03mongoIvanLoli on connection [connectionId{localValue:7, serverValue:175676}] to server ac-o2suyf6-shard-00-02.7qtbnuz.mongodb.net:27017
17:17:52.671 [async-channel-group-0-handler-executor] DEBUG org.mongodb.driver.protocol.command - Execution of command with request id 96 completed successfully in 38.57 ms on connection [connectionId{localValue:7, serverValue:175676}] to server ac-o2suyf6-shard-00-02.7qtbnuz.mongodb.net:27017
17:17:52.675 [DefaultDispatcher-worker-3 @coroutine#784] DEBUG koin.repositories.pedido.PedidoRepository - delete(63dfd6b01070f8213392c222)
17:17:52.678 [AsyncGetter-5-thread-1] DEBUG org.mongodb.driver.protocol.command - Sending command '{"find": "pedido", "filter": {"_id": {"$oid": "63dfd6b01070f8213392c222"}}, "limit": 1, "singleBatch": true, "$db": "practica03mongoIvanLoli", "$clusterTime": {"clusterTime": {"$timestamp": {"t": 1675613871, "i": 4}}, "signature": {"hash": {"$binary": {"base64": "Ai/mjHmUM96MJ5eF4WVcWyUUY08=", "subType": "00"}}, "keyId": 7161871216054108163}}, "lsid": {"id": {"$binary": {"base64": "roMpFL3PQPawB+PlCM6O3Q==", "subType": "04"}}}}' with request id 97 to database practica03mongoIvanLoli on connection [connectionId{localValue:7, serverValue:175676}] to server ac-o2suyf6-shard-00-02.7qtbnuz.mongodb.net:27017
17:17:52.716 [async-channel-group-0-handler-executor] DEBUG org.mongodb.driver.protocol.command - Execution of command with request id 97 completed successfully in 37.94 ms on connection [connectionId{localValue:7, serverValue:175676}] to server ac-o2suyf6-shard-00-02.7qtbnuz.mongodb.net:27017
17:17:52.716 [async-channel-group-0-handler-executor] DEBUG org.mongodb.driver.operation - Received batch of 0 documents with cursorId 0 from server ac-o2suyf6-shard-00-02.7qtbnuz.mongodb.net:27017
17:17:52.721 [AsyncGetter-5-thread-1] DEBUG org.mongodb.driver.protocol.command - Sending command '{"delete": "pedido", "ordered": true, "txnNumber": 22, "$db": "practica03mongoIvanLoli", "$clusterTime": {"clusterTime": {"$timestamp": {"t": 1675613871, "i": 4}}, "signature": {"hash": {"$binary": {"base64": "Ai/mjHmUM96MJ5eF4WVcWyUUY08=", "subType": "00"}}, "keyId": 7161871216054108163}}, "lsid": {"id": {"$binary": {"base64": "roMpFL3PQPawB+PlCM6O3Q==", "subType": "04"}}}, "deletes": [{"q": {"_id": {"$oid": "63dfd6b01070f8213392c222"}}, "limit": 1}]}' with request id 98 to database practica03mongoIvanLoli on connection [connectionId{localValue:7, serverValue:175676}] to server ac-o2suyf6-shard-00-02.7qtbnuz.mongodb.net:27017
17:17:52.760 [async-channel-group-0-handler-executor] DEBUG org.mongodb.driver.protocol.command - Execution of command with request id 98 completed successfully in 40.07 ms on connection [connectionId{localValue:7, serverValue:175676}] to server ac-o2suyf6-shard-00-02.7qtbnuz.mongodb.net:27017
17:17:52.764 [AsyncGetter-5-thread-1] DEBUG org.mongodb.driver.protocol.command - Sending command '{"drop": "pedido", "$db": "practica03mongoIvanLoli", "$clusterTime": {"clusterTime": {"$timestamp": {"t": 1675613871, "i": 5}}, "signature": {"hash": {"$binary": {"base64": "Ai/mjHmUM96MJ5eF4WVcWyUUY08=", "subType": "00"}}, "keyId": 7161871216054108163}}, "lsid": {"id": {"$binary": {"base64": "roMpFL3PQPawB+PlCM6O3Q==", "subType": "04"}}}}' with request id 99 to database practica03mongoIvanLoli on connection [connectionId{localValue:7, serverValue:175676}] to server ac-o2suyf6-shard-00-02.7qtbnuz.mongodb.net:27017
17:17:52.821 [async-channel-group-0-handler-executor] DEBUG org.mongodb.driver.protocol.command - Execution of command with request id 99 completed successfully in 56.64 ms on connection [connectionId{localValue:7, serverValue:175676}] to server ac-o2suyf6-shard-00-02.7qtbnuz.mongodb.net:27017
]]></system-out>
  <system-err><![CDATA[]]></system-err>
</testsuite>
