<?xml version="1.0" encoding="UTF-8"?>
<testsuite name="koin.repositories.maquina.MaquinaRepositoryTest" tests="8" skipped="0" failures="0" errors="0" timestamp="2023-02-05T16:17:50" hostname="LOLI-LAPTOP" time="1.379">
  <properties/>
  <testcase name="delete()" classname="koin.repositories.maquina.MaquinaRepositoryTest" time="0.506"/>
  <testcase name="findAll()" classname="koin.repositories.maquina.MaquinaRepositoryTest" time="0.188"/>
  <testcase name="findById()" classname="koin.repositories.maquina.MaquinaRepositoryTest" time="0.098"/>
  <testcase name="findByUuid()" classname="koin.repositories.maquina.MaquinaRepositoryTest" time="0.1"/>
  <testcase name="save()" classname="koin.repositories.maquina.MaquinaRepositoryTest" time="0.102"/>
  <testcase name="findByIdNotExists()" classname="koin.repositories.maquina.MaquinaRepositoryTest" time="0.095"/>
  <testcase name="deleteNotExists()" classname="koin.repositories.maquina.MaquinaRepositoryTest" time="0.137"/>
  <testcase name="setInactive()" classname="koin.repositories.maquina.MaquinaRepositoryTest" time="0.148"/>
  <system-out><![CDATA[17:17:50.051 [AsyncGetter-5-thread-1] DEBUG org.mongodb.driver.protocol.command - Sending command '{"drop": "maquina", "$db": "practica03mongoIvanLoli", "$clusterTime": {"clusterTime": {"$timestamp": {"t": 1675613867, "i": 1}}, "signature": {"hash": {"$binary": {"base64": "eeRCibiinjDLkdI9OFrzE2ZiZfE=", "subType": "00"}}, "keyId": 7161871216054108163}}, "lsid": {"id": {"$binary": {"base64": "roMpFL3PQPawB+PlCM6O3Q==", "subType": "04"}}}}' with request id 61 to database practica03mongoIvanLoli on connection [connectionId{localValue:7, serverValue:175676}] to server ac-o2suyf6-shard-00-02.7qtbnuz.mongodb.net:27017
17:17:50.099 [async-channel-group-0-handler-executor] DEBUG org.mongodb.driver.protocol.command - Execution of command with request id 61 completed successfully in 48.96 ms on connection [connectionId{localValue:7, serverValue:175676}] to server ac-o2suyf6-shard-00-02.7qtbnuz.mongodb.net:27017
17:17:50.383 [AsyncGetter-5-thread-1] DEBUG org.mongodb.driver.protocol.command - Sending command '{"update": "maquina", "ordered": true, "txnNumber": 1, "$db": "practica03mongoIvanLoli", "$clusterTime": {"clusterTime": {"$timestamp": {"t": 1675613868, "i": 5}}, "signature": {"hash": {"$binary": {"base64": "d11+CZDgsnjQWVHjBWevWQ8wNOk=", "subType": "00"}}, "keyId": 7161871216054108163}}, "lsid": {"id": {"$binary": {"base64": "roMpFL3PQPawB+PlCM6O3Q==", "subType": "04"}}}, "updates": [{"q": {"_id": {"$oid": "63dfd6ae1070f8213392c21b"}}, "u": {"_id": {"$oid": "63dfd6ae1070f8213392c21b"}, "uuid": {"$binary": {"base64": "p0imbWmNqZO8g+qWtQVPsw==", "subType": "03"}}, "modelo": "RTX-3080TI", "marca": "Nvidia", "fechaAdquisicion": {"$date": "2022-11-10T00:00:00Z"}, "numeroSerie": "123456789X", "tipo": "PERSONALIZADORA", "activa": true, "isManual": null, "maxTension": null, "minTension": null, "measuresManeuverability": true, "measuresRigidity": false, "measuresBalance": true}, "upsert": true}]}' with request id 62 to database practica03mongoIvanLoli on connection [connectionId{localValue:7, serverValue:175676}] to server ac-o2suyf6-shard-00-02.7qtbnuz.mongodb.net:27017
17:17:50.460 [async-channel-group-0-handler-executor] DEBUG org.mongodb.driver.protocol.command - Execution of command with request id 62 completed successfully in 80.93 ms on connection [connectionId{localValue:7, serverValue:175676}] to server ac-o2suyf6-shard-00-02.7qtbnuz.mongodb.net:27017
17:17:50.473 [DefaultDispatcher-worker-1 @coroutine#665] DEBUG koin.repositories.maquina.MaquinaRepository - delete(63dfd6ae1070f8213392c21b)
17:17:50.477 [AsyncGetter-5-thread-1] DEBUG org.mongodb.driver.protocol.command - Sending command '{"find": "maquina", "filter": {"_id": {"$oid": "63dfd6ae1070f8213392c21b"}}, "limit": 1, "singleBatch": true, "$db": "practica03mongoIvanLoli", "$clusterTime": {"clusterTime": {"$timestamp": {"t": 1675613869, "i": 3}}, "signature": {"hash": {"$binary": {"base64": "5elIb/VvElODBtB3zjcxi14bkv0=", "subType": "00"}}, "keyId": 7161871216054108163}}, "lsid": {"id": {"$binary": {"base64": "roMpFL3PQPawB+PlCM6O3Q==", "subType": "04"}}}}' with request id 63 to database practica03mongoIvanLoli on connection [connectionId{localValue:7, serverValue:175676}] to server ac-o2suyf6-shard-00-02.7qtbnuz.mongodb.net:27017
17:17:50.524 [async-channel-group-0-handler-executor] DEBUG org.mongodb.driver.protocol.command - Execution of command with request id 63 completed successfully in 47.26 ms on connection [connectionId{localValue:7, serverValue:175676}] to server ac-o2suyf6-shard-00-02.7qtbnuz.mongodb.net:27017
17:17:50.526 [async-channel-group-0-handler-executor] DEBUG org.mongodb.driver.operation - Received batch of 1 documents with cursorId 0 from server ac-o2suyf6-shard-00-02.7qtbnuz.mongodb.net:27017
17:17:50.545 [AsyncGetter-5-thread-1] DEBUG org.mongodb.driver.protocol.command - Sending command '{"delete": "maquina", "ordered": true, "txnNumber": 2, "$db": "practica03mongoIvanLoli", "$clusterTime": {"clusterTime": {"$timestamp": {"t": 1675613869, "i": 3}}, "signature": {"hash": {"$binary": {"base64": "5elIb/VvElODBtB3zjcxi14bkv0=", "subType": "00"}}, "keyId": 7161871216054108163}}, "lsid": {"id": {"$binary": {"base64": "roMpFL3PQPawB+PlCM6O3Q==", "subType": "04"}}}, "deletes": [{"q": {"_id": {"$oid": "63dfd6ae1070f8213392c21b"}}, "limit": 1}]}' with request id 64 to database practica03mongoIvanLoli on connection [connectionId{localValue:7, serverValue:175676}] to server ac-o2suyf6-shard-00-02.7qtbnuz.mongodb.net:27017
17:17:50.592 [async-channel-group-0-handler-executor] DEBUG org.mongodb.driver.protocol.command - Execution of command with request id 64 completed successfully in 47.46 ms on connection [connectionId{localValue:7, serverValue:175676}] to server ac-o2suyf6-shard-00-02.7qtbnuz.mongodb.net:27017
17:17:50.622 [AsyncGetter-5-thread-1] DEBUG org.mongodb.driver.protocol.command - Sending command '{"update": "maquina", "ordered": true, "txnNumber": 3, "$db": "practica03mongoIvanLoli", "$clusterTime": {"clusterTime": {"$timestamp": {"t": 1675613869, "i": 5}}, "signature": {"hash": {"$binary": {"base64": "5elIb/VvElODBtB3zjcxi14bkv0=", "subType": "00"}}, "keyId": 7161871216054108163}}, "lsid": {"id": {"$binary": {"base64": "roMpFL3PQPawB+PlCM6O3Q==", "subType": "04"}}}, "updates": [{"q": {"_id": {"$oid": "63dfd6ae1070f8213392c21b"}}, "u": {"_id": {"$oid": "63dfd6ae1070f8213392c21b"}, "uuid": {"$binary": {"base64": "p0imbWmNqZO8g+qWtQVPsw==", "subType": "03"}}, "modelo": "RTX-3080TI", "marca": "Nvidia", "fechaAdquisicion": {"$date": "2022-11-10T00:00:00Z"}, "numeroSerie": "123456789X", "tipo": "PERSONALIZADORA", "activa": true, "isManual": null, "maxTension": null, "minTension": null, "measuresManeuverability": true, "measuresRigidity": false, "measuresBalance": true}, "upsert": true}]}' with request id 65 to database practica03mongoIvanLoli on connection [connectionId{localValue:7, serverValue:175676}] to server ac-o2suyf6-shard-00-02.7qtbnuz.mongodb.net:27017
17:17:50.673 [async-channel-group-0-handler-executor] DEBUG org.mongodb.driver.protocol.command - Execution of command with request id 65 completed successfully in 51.72 ms on connection [connectionId{localValue:7, serverValue:175676}] to server ac-o2suyf6-shard-00-02.7qtbnuz.mongodb.net:27017
17:17:50.741 [DefaultDispatcher-worker-1 @coroutine#670] DEBUG koin.repositories.maquina.MaquinaRepository - findAll()
17:17:50.744 [AsyncGetter-5-thread-1] DEBUG org.mongodb.driver.protocol.command - Sending command '{"find": "maquina", "filter": {}, "batchSize": 64, "$db": "practica03mongoIvanLoli", "$clusterTime": {"clusterTime": {"$timestamp": {"t": 1675613869, "i": 6}}, "signature": {"hash": {"$binary": {"base64": "5elIb/VvElODBtB3zjcxi14bkv0=", "subType": "00"}}, "keyId": 7161871216054108163}}, "lsid": {"id": {"$binary": {"base64": "roMpFL3PQPawB+PlCM6O3Q==", "subType": "04"}}}}' with request id 66 to database practica03mongoIvanLoli on connection [connectionId{localValue:7, serverValue:175676}] to server ac-o2suyf6-shard-00-02.7qtbnuz.mongodb.net:27017
17:17:50.785 [async-channel-group-0-handler-executor] DEBUG org.mongodb.driver.protocol.command - Execution of command with request id 66 completed successfully in 41.47 ms on connection [connectionId{localValue:7, serverValue:175676}] to server ac-o2suyf6-shard-00-02.7qtbnuz.mongodb.net:27017
17:17:50.789 [async-channel-group-0-handler-executor] DEBUG org.mongodb.driver.operation - Received batch of 1 documents with cursorId 0 from server ac-o2suyf6-shard-00-02.7qtbnuz.mongodb.net:27017
17:17:50.804 [AsyncGetter-5-thread-1] DEBUG org.mongodb.driver.protocol.command - Sending command '{"update": "maquina", "ordered": true, "txnNumber": 4, "$db": "practica03mongoIvanLoli", "$clusterTime": {"clusterTime": {"$timestamp": {"t": 1675613869, "i": 6}}, "signature": {"hash": {"$binary": {"base64": "5elIb/VvElODBtB3zjcxi14bkv0=", "subType": "00"}}, "keyId": 7161871216054108163}}, "lsid": {"id": {"$binary": {"base64": "roMpFL3PQPawB+PlCM6O3Q==", "subType": "04"}}}, "updates": [{"q": {"_id": {"$oid": "63dfd6ae1070f8213392c21b"}}, "u": {"_id": {"$oid": "63dfd6ae1070f8213392c21b"}, "uuid": {"$binary": {"base64": "p0imbWmNqZO8g+qWtQVPsw==", "subType": "03"}}, "modelo": "RTX-3080TI", "marca": "Nvidia", "fechaAdquisicion": {"$date": "2022-11-10T00:00:00Z"}, "numeroSerie": "123456789X", "tipo": "PERSONALIZADORA", "activa": true, "isManual": null, "maxTension": null, "minTension": null, "measuresManeuverability": true, "measuresRigidity": false, "measuresBalance": true}, "upsert": true}]}' with request id 67 to database practica03mongoIvanLoli on connection [connectionId{localValue:7, serverValue:175676}] to server ac-o2suyf6-shard-00-02.7qtbnuz.mongodb.net:27017
17:17:50.841 [async-channel-group-0-handler-executor] DEBUG org.mongodb.driver.protocol.command - Execution of command with request id 67 completed successfully in 38.33 ms on connection [connectionId{localValue:7, serverValue:175676}] to server ac-o2suyf6-shard-00-02.7qtbnuz.mongodb.net:27017
17:17:50.847 [DefaultDispatcher-worker-1 @coroutine#676] DEBUG koin.repositories.maquina.MaquinaRepository - findById(63dfd6ae1070f8213392c21b)
17:17:50.849 [AsyncGetter-5-thread-1] DEBUG org.mongodb.driver.protocol.command - Sending command '{"find": "maquina", "filter": {"_id": {"$oid": "63dfd6ae1070f8213392c21b"}}, "limit": 1, "singleBatch": true, "$db": "practica03mongoIvanLoli", "$clusterTime": {"clusterTime": {"$timestamp": {"t": 1675613869, "i": 6}}, "signature": {"hash": {"$binary": {"base64": "5elIb/VvElODBtB3zjcxi14bkv0=", "subType": "00"}}, "keyId": 7161871216054108163}}, "lsid": {"id": {"$binary": {"base64": "roMpFL3PQPawB+PlCM6O3Q==", "subType": "04"}}}}' with request id 68 to database practica03mongoIvanLoli on connection [connectionId{localValue:7, serverValue:175676}] to server ac-o2suyf6-shard-00-02.7qtbnuz.mongodb.net:27017
17:17:50.892 [async-channel-group-0-handler-executor] DEBUG org.mongodb.driver.protocol.command - Execution of command with request id 68 completed successfully in 43.41 ms on connection [connectionId{localValue:7, serverValue:175676}] to server ac-o2suyf6-shard-00-02.7qtbnuz.mongodb.net:27017
17:17:50.893 [async-channel-group-0-handler-executor] DEBUG org.mongodb.driver.operation - Received batch of 1 documents with cursorId 0 from server ac-o2suyf6-shard-00-02.7qtbnuz.mongodb.net:27017
17:17:50.900 [AsyncGetter-5-thread-1] DEBUG org.mongodb.driver.protocol.command - Sending command '{"update": "maquina", "ordered": true, "txnNumber": 5, "$db": "practica03mongoIvanLoli", "$clusterTime": {"clusterTime": {"$timestamp": {"t": 1675613869, "i": 8}}, "signature": {"hash": {"$binary": {"base64": "5elIb/VvElODBtB3zjcxi14bkv0=", "subType": "00"}}, "keyId": 7161871216054108163}}, "lsid": {"id": {"$binary": {"base64": "roMpFL3PQPawB+PlCM6O3Q==", "subType": "04"}}}, "updates": [{"q": {"_id": {"$oid": "63dfd6ae1070f8213392c21b"}}, "u": {"_id": {"$oid": "63dfd6ae1070f8213392c21b"}, "uuid": {"$binary": {"base64": "p0imbWmNqZO8g+qWtQVPsw==", "subType": "03"}}, "modelo": "RTX-3080TI", "marca": "Nvidia", "fechaAdquisicion": {"$date": "2022-11-10T00:00:00Z"}, "numeroSerie": "123456789X", "tipo": "PERSONALIZADORA", "activa": true, "isManual": null, "maxTension": null, "minTension": null, "measuresManeuverability": true, "measuresRigidity": false, "measuresBalance": true}, "upsert": true}]}' with request id 69 to database practica03mongoIvanLoli on connection [connectionId{localValue:7, serverValue:175676}] to server ac-o2suyf6-shard-00-02.7qtbnuz.mongodb.net:27017
17:17:50.939 [async-channel-group-0-handler-executor] DEBUG org.mongodb.driver.protocol.command - Execution of command with request id 69 completed successfully in 40.59 ms on connection [connectionId{localValue:7, serverValue:175676}] to server ac-o2suyf6-shard-00-02.7qtbnuz.mongodb.net:27017
17:17:50.944 [DefaultDispatcher-worker-1 @coroutine#681] DEBUG koin.repositories.maquina.MaquinaRepository - findByUUID(93a98d69-6da6-48a7-b34f-05b596ea83bc)
17:17:50.945 [AsyncGetter-5-thread-1] DEBUG org.mongodb.driver.protocol.command - Sending command '{"find": "maquina", "filter": {}, "batchSize": 64, "$db": "practica03mongoIvanLoli", "$clusterTime": {"clusterTime": {"$timestamp": {"t": 1675613869, "i": 9}}, "signature": {"hash": {"$binary": {"base64": "5elIb/VvElODBtB3zjcxi14bkv0=", "subType": "00"}}, "keyId": 7161871216054108163}}, "lsid": {"id": {"$binary": {"base64": "roMpFL3PQPawB+PlCM6O3Q==", "subType": "04"}}}}' with request id 70 to database practica03mongoIvanLoli on connection [connectionId{localValue:7, serverValue:175676}] to server ac-o2suyf6-shard-00-02.7qtbnuz.mongodb.net:27017
17:17:50.983 [async-channel-group-0-handler-executor] DEBUG org.mongodb.driver.protocol.command - Execution of command with request id 70 completed successfully in 38.15 ms on connection [connectionId{localValue:7, serverValue:175676}] to server ac-o2suyf6-shard-00-02.7qtbnuz.mongodb.net:27017
17:17:50.986 [async-channel-group-0-handler-executor] DEBUG org.mongodb.driver.operation - Received batch of 1 documents with cursorId 0 from server ac-o2suyf6-shard-00-02.7qtbnuz.mongodb.net:27017
17:17:51.000 [AsyncGetter-5-thread-1] DEBUG org.mongodb.driver.protocol.command - Sending command '{"update": "maquina", "ordered": true, "txnNumber": 6, "$db": "practica03mongoIvanLoli", "$clusterTime": {"clusterTime": {"$timestamp": {"t": 1675613869, "i": 9}}, "signature": {"hash": {"$binary": {"base64": "5elIb/VvElODBtB3zjcxi14bkv0=", "subType": "00"}}, "keyId": 7161871216054108163}}, "lsid": {"id": {"$binary": {"base64": "roMpFL3PQPawB+PlCM6O3Q==", "subType": "04"}}}, "updates": [{"q": {"_id": {"$oid": "63dfd6ae1070f8213392c21b"}}, "u": {"_id": {"$oid": "63dfd6ae1070f8213392c21b"}, "uuid": {"$binary": {"base64": "p0imbWmNqZO8g+qWtQVPsw==", "subType": "03"}}, "modelo": "RTX-3080TI", "marca": "Nvidia", "fechaAdquisicion": {"$date": "2022-11-10T00:00:00Z"}, "numeroSerie": "123456789X", "tipo": "PERSONALIZADORA", "activa": true, "isManual": null, "maxTension": null, "minTension": null, "measuresManeuverability": true, "measuresRigidity": false, "measuresBalance": true}, "upsert": true}]}' with request id 71 to database practica03mongoIvanLoli on connection [connectionId{localValue:7, serverValue:175676}] to server ac-o2suyf6-shard-00-02.7qtbnuz.mongodb.net:27017
17:17:51.039 [async-channel-group-0-handler-executor] DEBUG org.mongodb.driver.protocol.command - Execution of command with request id 71 completed successfully in 40.51 ms on connection [connectionId{localValue:7, serverValue:175676}] to server ac-o2suyf6-shard-00-02.7qtbnuz.mongodb.net:27017
17:17:51.045 [DefaultDispatcher-worker-3 @coroutine#686] DEBUG koin.repositories.maquina.MaquinaRepository - save(Maquina(id=63dfd6ae1070f8213392c21b, uuid=93a98d69-6da6-48a7-b34f-05b596ea83bc, modelo=RTX-3080TI, marca=Nvidia, fechaAdquisicion=2022-11-10, numeroSerie=123456789X, tipo=PERSONALIZADORA, activa=true, isManual=null, maxTension=null, minTension=null, measuresManeuverability=true, measuresRigidity=false, measuresBalance=true))
17:17:51.049 [AsyncGetter-5-thread-1] DEBUG org.mongodb.driver.protocol.command - Sending command '{"update": "maquina", "ordered": true, "txnNumber": 7, "$db": "practica03mongoIvanLoli", "$clusterTime": {"clusterTime": {"$timestamp": {"t": 1675613869, "i": 9}}, "signature": {"hash": {"$binary": {"base64": "5elIb/VvElODBtB3zjcxi14bkv0=", "subType": "00"}}, "keyId": 7161871216054108163}}, "lsid": {"id": {"$binary": {"base64": "roMpFL3PQPawB+PlCM6O3Q==", "subType": "04"}}}, "updates": [{"q": {"_id": {"$oid": "63dfd6ae1070f8213392c21b"}}, "u": {"_id": {"$oid": "63dfd6ae1070f8213392c21b"}, "uuid": {"$binary": {"base64": "p0imbWmNqZO8g+qWtQVPsw==", "subType": "03"}}, "modelo": "RTX-3080TI", "marca": "Nvidia", "fechaAdquisicion": {"$date": "2022-11-10T00:00:00Z"}, "numeroSerie": "123456789X", "tipo": "PERSONALIZADORA", "activa": true, "isManual": null, "maxTension": null, "minTension": null, "measuresManeuverability": true, "measuresRigidity": false, "measuresBalance": true}, "upsert": true}]}' with request id 72 to database practica03mongoIvanLoli on connection [connectionId{localValue:7, serverValue:175676}] to server ac-o2suyf6-shard-00-02.7qtbnuz.mongodb.net:27017
17:17:51.095 [async-channel-group-0-handler-executor] DEBUG org.mongodb.driver.protocol.command - Execution of command with request id 72 completed successfully in 46.26 ms on connection [connectionId{localValue:7, serverValue:175676}] to server ac-o2suyf6-shard-00-02.7qtbnuz.mongodb.net:27017
17:17:51.105 [AsyncGetter-5-thread-1] DEBUG org.mongodb.driver.protocol.command - Sending command '{"update": "maquina", "ordered": true, "txnNumber": 8, "$db": "practica03mongoIvanLoli", "$clusterTime": {"clusterTime": {"$timestamp": {"t": 1675613869, "i": 9}}, "signature": {"hash": {"$binary": {"base64": "5elIb/VvElODBtB3zjcxi14bkv0=", "subType": "00"}}, "keyId": 7161871216054108163}}, "lsid": {"id": {"$binary": {"base64": "roMpFL3PQPawB+PlCM6O3Q==", "subType": "04"}}}, "updates": [{"q": {"_id": {"$oid": "63dfd6ae1070f8213392c21b"}}, "u": {"_id": {"$oid": "63dfd6ae1070f8213392c21b"}, "uuid": {"$binary": {"base64": "p0imbWmNqZO8g+qWtQVPsw==", "subType": "03"}}, "modelo": "RTX-3080TI", "marca": "Nvidia", "fechaAdquisicion": {"$date": "2022-11-10T00:00:00Z"}, "numeroSerie": "123456789X", "tipo": "PERSONALIZADORA", "activa": true, "isManual": null, "maxTension": null, "minTension": null, "measuresManeuverability": true, "measuresRigidity": false, "measuresBalance": true}, "upsert": true}]}' with request id 73 to database practica03mongoIvanLoli on connection [connectionId{localValue:7, serverValue:175676}] to server ac-o2suyf6-shard-00-02.7qtbnuz.mongodb.net:27017
17:17:51.145 [async-channel-group-0-handler-executor] DEBUG org.mongodb.driver.protocol.command - Execution of command with request id 73 completed successfully in 41.61 ms on connection [connectionId{localValue:7, serverValue:175676}] to server ac-o2suyf6-shard-00-02.7qtbnuz.mongodb.net:27017
17:17:51.150 [DefaultDispatcher-worker-3 @coroutine#691] DEBUG koin.repositories.maquina.MaquinaRepository - findById(63dfd6af1070f8213392c21c)
17:17:51.155 [AsyncGetter-5-thread-1] DEBUG org.mongodb.driver.protocol.command - Sending command '{"find": "maquina", "filter": {"_id": {"$oid": "63dfd6af1070f8213392c21c"}}, "limit": 1, "singleBatch": true, "$db": "practica03mongoIvanLoli", "$clusterTime": {"clusterTime": {"$timestamp": {"t": 1675613870, "i": 1}}, "signature": {"hash": {"$binary": {"base64": "T7tj9hbgG3tyTGLQxTUW0CU0Lfg=", "subType": "00"}}, "keyId": 7161871216054108163}}, "lsid": {"id": {"$binary": {"base64": "roMpFL3PQPawB+PlCM6O3Q==", "subType": "04"}}}}' with request id 74 to database practica03mongoIvanLoli on connection [connectionId{localValue:7, serverValue:175676}] to server ac-o2suyf6-shard-00-02.7qtbnuz.mongodb.net:27017
17:17:51.193 [async-channel-group-0-handler-executor] DEBUG org.mongodb.driver.protocol.command - Execution of command with request id 74 completed successfully in 39.27 ms on connection [connectionId{localValue:7, serverValue:175676}] to server ac-o2suyf6-shard-00-02.7qtbnuz.mongodb.net:27017
17:17:51.193 [async-channel-group-0-handler-executor] DEBUG org.mongodb.driver.operation - Received batch of 0 documents with cursorId 0 from server ac-o2suyf6-shard-00-02.7qtbnuz.mongodb.net:27017
17:17:51.197 [AsyncGetter-5-thread-1] DEBUG org.mongodb.driver.protocol.command - Sending command '{"update": "maquina", "ordered": true, "txnNumber": 9, "$db": "practica03mongoIvanLoli", "$clusterTime": {"clusterTime": {"$timestamp": {"t": 1675613870, "i": 2}}, "signature": {"hash": {"$binary": {"base64": "T7tj9hbgG3tyTGLQxTUW0CU0Lfg=", "subType": "00"}}, "keyId": 7161871216054108163}}, "lsid": {"id": {"$binary": {"base64": "roMpFL3PQPawB+PlCM6O3Q==", "subType": "04"}}}, "updates": [{"q": {"_id": {"$oid": "63dfd6ae1070f8213392c21b"}}, "u": {"_id": {"$oid": "63dfd6ae1070f8213392c21b"}, "uuid": {"$binary": {"base64": "p0imbWmNqZO8g+qWtQVPsw==", "subType": "03"}}, "modelo": "RTX-3080TI", "marca": "Nvidia", "fechaAdquisicion": {"$date": "2022-11-10T00:00:00Z"}, "numeroSerie": "123456789X", "tipo": "PERSONALIZADORA", "activa": true, "isManual": null, "maxTension": null, "minTension": null, "measuresManeuverability": true, "measuresRigidity": false, "measuresBalance": true}, "upsert": true}]}' with request id 75 to database practica03mongoIvanLoli on connection [connectionId{localValue:7, serverValue:175676}] to server ac-o2suyf6-shard-00-02.7qtbnuz.mongodb.net:27017
17:17:51.238 [async-channel-group-0-handler-executor] DEBUG org.mongodb.driver.protocol.command - Execution of command with request id 75 completed successfully in 41.11 ms on connection [connectionId{localValue:7, serverValue:175676}] to server ac-o2suyf6-shard-00-02.7qtbnuz.mongodb.net:27017
17:17:51.241 [DefaultDispatcher-worker-3 @coroutine#696] DEBUG koin.repositories.maquina.MaquinaRepository - delete(63dfd6af1070f8213392c21d)
17:17:51.244 [AsyncGetter-5-thread-1] DEBUG org.mongodb.driver.protocol.command - Sending command '{"find": "maquina", "filter": {"_id": {"$oid": "63dfd6af1070f8213392c21d"}}, "limit": 1, "singleBatch": true, "$db": "practica03mongoIvanLoli", "$clusterTime": {"clusterTime": {"$timestamp": {"t": 1675613870, "i": 2}}, "signature": {"hash": {"$binary": {"base64": "T7tj9hbgG3tyTGLQxTUW0CU0Lfg=", "subType": "00"}}, "keyId": 7161871216054108163}}, "lsid": {"id": {"$binary": {"base64": "roMpFL3PQPawB+PlCM6O3Q==", "subType": "04"}}}}' with request id 76 to database practica03mongoIvanLoli on connection [connectionId{localValue:7, serverValue:175676}] to server ac-o2suyf6-shard-00-02.7qtbnuz.mongodb.net:27017
17:17:51.284 [async-channel-group-0-handler-executor] DEBUG org.mongodb.driver.protocol.command - Execution of command with request id 76 completed successfully in 40.76 ms on connection [connectionId{localValue:7, serverValue:175676}] to server ac-o2suyf6-shard-00-02.7qtbnuz.mongodb.net:27017
17:17:51.286 [async-channel-group-0-handler-executor] DEBUG org.mongodb.driver.operation - Received batch of 0 documents with cursorId 0 from server ac-o2suyf6-shard-00-02.7qtbnuz.mongodb.net:27017
17:17:51.290 [AsyncGetter-5-thread-1] DEBUG org.mongodb.driver.protocol.command - Sending command '{"delete": "maquina", "ordered": true, "txnNumber": 10, "$db": "practica03mongoIvanLoli", "$clusterTime": {"clusterTime": {"$timestamp": {"t": 1675613870, "i": 2}}, "signature": {"hash": {"$binary": {"base64": "T7tj9hbgG3tyTGLQxTUW0CU0Lfg=", "subType": "00"}}, "keyId": 7161871216054108163}}, "lsid": {"id": {"$binary": {"base64": "roMpFL3PQPawB+PlCM6O3Q==", "subType": "04"}}}, "deletes": [{"q": {"_id": {"$oid": "63dfd6af1070f8213392c21d"}}, "limit": 1}]}' with request id 77 to database practica03mongoIvanLoli on connection [connectionId{localValue:7, serverValue:175676}] to server ac-o2suyf6-shard-00-02.7qtbnuz.mongodb.net:27017
17:17:51.330 [async-channel-group-0-handler-executor] DEBUG org.mongodb.driver.protocol.command - Execution of command with request id 77 completed successfully in 40.30 ms on connection [connectionId{localValue:7, serverValue:175676}] to server ac-o2suyf6-shard-00-02.7qtbnuz.mongodb.net:27017
17:17:51.334 [AsyncGetter-5-thread-1] DEBUG org.mongodb.driver.protocol.command - Sending command '{"update": "maquina", "ordered": true, "txnNumber": 11, "$db": "practica03mongoIvanLoli", "$clusterTime": {"clusterTime": {"$timestamp": {"t": 1675613870, "i": 2}}, "signature": {"hash": {"$binary": {"base64": "T7tj9hbgG3tyTGLQxTUW0CU0Lfg=", "subType": "00"}}, "keyId": 7161871216054108163}}, "lsid": {"id": {"$binary": {"base64": "roMpFL3PQPawB+PlCM6O3Q==", "subType": "04"}}}, "updates": [{"q": {"_id": {"$oid": "63dfd6ae1070f8213392c21b"}}, "u": {"_id": {"$oid": "63dfd6ae1070f8213392c21b"}, "uuid": {"$binary": {"base64": "p0imbWmNqZO8g+qWtQVPsw==", "subType": "03"}}, "modelo": "RTX-3080TI", "marca": "Nvidia", "fechaAdquisicion": {"$date": "2022-11-10T00:00:00Z"}, "numeroSerie": "123456789X", "tipo": "PERSONALIZADORA", "activa": true, "isManual": null, "maxTension": null, "minTension": null, "measuresManeuverability": true, "measuresRigidity": false, "measuresBalance": true}, "upsert": true}]}' with request id 78 to database practica03mongoIvanLoli on connection [connectionId{localValue:7, serverValue:175676}] to server ac-o2suyf6-shard-00-02.7qtbnuz.mongodb.net:27017
17:17:51.374 [async-channel-group-0-handler-executor] DEBUG org.mongodb.driver.protocol.command - Execution of command with request id 78 completed successfully in 40.69 ms on connection [connectionId{localValue:7, serverValue:175676}] to server ac-o2suyf6-shard-00-02.7qtbnuz.mongodb.net:27017
17:17:51.379 [DefaultDispatcher-worker-3 @coroutine#701] DEBUG koin.repositories.maquina.MaquinaRepository - setInactive(63dfd6ae1070f8213392c21b)
17:17:51.380 [AsyncGetter-5-thread-1] DEBUG org.mongodb.driver.protocol.command - Sending command '{"find": "maquina", "filter": {"_id": {"$oid": "63dfd6ae1070f8213392c21b"}}, "limit": 1, "singleBatch": true, "$db": "practica03mongoIvanLoli", "$clusterTime": {"clusterTime": {"$timestamp": {"t": 1675613870, "i": 2}}, "signature": {"hash": {"$binary": {"base64": "T7tj9hbgG3tyTGLQxTUW0CU0Lfg=", "subType": "00"}}, "keyId": 7161871216054108163}}, "lsid": {"id": {"$binary": {"base64": "roMpFL3PQPawB+PlCM6O3Q==", "subType": "04"}}}}' with request id 79 to database practica03mongoIvanLoli on connection [connectionId{localValue:7, serverValue:175676}] to server ac-o2suyf6-shard-00-02.7qtbnuz.mongodb.net:27017
17:17:51.421 [async-channel-group-0-handler-executor] DEBUG org.mongodb.driver.protocol.command - Execution of command with request id 79 completed successfully in 40.33 ms on connection [connectionId{localValue:7, serverValue:175676}] to server ac-o2suyf6-shard-00-02.7qtbnuz.mongodb.net:27017
17:17:51.423 [async-channel-group-0-handler-executor] DEBUG org.mongodb.driver.operation - Received batch of 1 documents with cursorId 0 from server ac-o2suyf6-shard-00-02.7qtbnuz.mongodb.net:27017
17:17:51.427 [AsyncGetter-5-thread-1] DEBUG org.mongodb.driver.protocol.command - Sending command '{"update": "maquina", "ordered": true, "txnNumber": 12, "$db": "practica03mongoIvanLoli", "$clusterTime": {"clusterTime": {"$timestamp": {"t": 1675613870, "i": 3}}, "signature": {"hash": {"$binary": {"base64": "T7tj9hbgG3tyTGLQxTUW0CU0Lfg=", "subType": "00"}}, "keyId": 7161871216054108163}}, "lsid": {"id": {"$binary": {"base64": "roMpFL3PQPawB+PlCM6O3Q==", "subType": "04"}}}, "updates": [{"q": {"_id": {"$oid": "63dfd6ae1070f8213392c21b"}}, "u": {"_id": {"$oid": "63dfd6ae1070f8213392c21b"}, "uuid": {"$binary": {"base64": "p0imbWmNqZO8g+qWtQVPsw==", "subType": "03"}}, "modelo": "RTX-3080TI", "marca": "Nvidia", "fechaAdquisicion": {"$date": "2022-11-10T00:00:00Z"}, "numeroSerie": "123456789X", "tipo": "PERSONALIZADORA", "activa": false, "isManual": null, "maxTension": null, "minTension": null, "measuresManeuverability": true, "measuresRigidity": false, "measuresBalance": true}, "upsert": true}]}' with request id 80 to database practica03mongoIvanLoli on connection [connectionId{localValue:7, serverValue:175676}] to server ac-o2suyf6-shard-00-02.7qtbnuz.mongodb.net:27017
17:17:51.471 [async-channel-group-0-handler-executor] DEBUG org.mongodb.driver.protocol.command - Execution of command with request id 80 completed successfully in 45.74 ms on connection [connectionId{localValue:7, serverValue:175676}] to server ac-o2suyf6-shard-00-02.7qtbnuz.mongodb.net:27017
17:17:51.489 [AsyncGetter-5-thread-1] DEBUG org.mongodb.driver.protocol.command - Sending command '{"drop": "maquina", "$db": "practica03mongoIvanLoli", "$clusterTime": {"clusterTime": {"$timestamp": {"t": 1675613870, "i": 4}}, "signature": {"hash": {"$binary": {"base64": "T7tj9hbgG3tyTGLQxTUW0CU0Lfg=", "subType": "00"}}, "keyId": 7161871216054108163}}, "lsid": {"id": {"$binary": {"base64": "roMpFL3PQPawB+PlCM6O3Q==", "subType": "04"}}}}' with request id 81 to database practica03mongoIvanLoli on connection [connectionId{localValue:7, serverValue:175676}] to server ac-o2suyf6-shard-00-02.7qtbnuz.mongodb.net:27017
17:17:51.538 [async-channel-group-0-handler-executor] DEBUG org.mongodb.driver.protocol.command - Execution of command with request id 81 completed successfully in 49.66 ms on connection [connectionId{localValue:7, serverValue:175676}] to server ac-o2suyf6-shard-00-02.7qtbnuz.mongodb.net:27017
]]></system-out>
  <system-err><![CDATA[]]></system-err>
</testsuite>
