<?xml version="1.0" encoding="UTF-8"?>
<testsuite name="koin.controllers.ControllerTest" tests="88" skipped="0" failures="0" errors="0" timestamp="2023-02-05T16:16:31" hostname="LOLI-LAPTOP" time="77.81">
  <properties/>
  <testcase name="findPedidoNotExistsById()" classname="koin.controllers.ControllerTest" time="1.965"/>
  <testcase name="createUserIncorrect()" classname="koin.controllers.ControllerTest" time="0.272"/>
  <testcase name="deleteUserIncorrectToken()" classname="koin.controllers.ControllerTest" time="0.102"/>
  <testcase name="createTurnoIncorrect()" classname="koin.controllers.ControllerTest" time="0.109"/>
  <testcase name="findAllUsersSuccess()" classname="koin.controllers.ControllerTest" time="0.485"/>
  <testcase name="findAllTurnosError()" classname="koin.controllers.ControllerTest" time="0.023"/>
  <testcase name="setFinalizadoTurnoIncorrectToken()" classname="koin.controllers.ControllerTest" time="0.02"/>
  <testcase name="deleteTurnoIncorrectNull()" classname="koin.controllers.ControllerTest" time="0.032"/>
  <testcase name="createMaquinaCorrect()" classname="koin.controllers.ControllerTest" time="0.135"/>
  <testcase name="deleteProductoCorrect()" classname="koin.controllers.ControllerTest" time="0.074"/>
  <testcase name="setInactiveUserIncorrectNull()" classname="koin.controllers.ControllerTest" time="0.021"/>
  <testcase name="createTareaCorrect()" classname="koin.controllers.ControllerTest" time="2.857"/>
  <testcase name="deleteTurnoIncorrect()" classname="koin.controllers.ControllerTest" time="0.021"/>
  <testcase name="createProductoCorrect()" classname="koin.controllers.ControllerTest" time="0.016"/>
  <testcase name="decreaseStockProductoCorrect()" classname="koin.controllers.ControllerTest" time="0.049"/>
  <testcase name="findMaquinaById()" classname="koin.controllers.ControllerTest" time="0.014"/>
  <testcase name="setInactiveMaquinaIncorrectToken()" classname="koin.controllers.ControllerTest" time="0.019"/>
  <testcase name="deleteMaquinaCorrect()" classname="koin.controllers.ControllerTest" time="0.027"/>
  <testcase name="setFinalizadaTareaIncorrectToken()" classname="koin.controllers.ControllerTest" time="0.02"/>
  <testcase name="createPedidoCorrect()" classname="koin.controllers.ControllerTest" time="0.572"/>
  <testcase name="setInactiveMaquinaIncorrectNull()" classname="koin.controllers.ControllerTest" time="0.014"/>
  <testcase name="deleteMaquinaIncorrectToken()" classname="koin.controllers.ControllerTest" time="0.013"/>
  <testcase name="deleteMaquinaIncorrect()" classname="koin.controllers.ControllerTest" time="0.015"/>
  <testcase name="setInactiveMaquinaCorrect()" classname="koin.controllers.ControllerTest" time="0.015"/>
  <testcase name="deleteTareaIncorrectNull()" classname="koin.controllers.ControllerTest" time="0.014"/>
  <testcase name="findAllTareasSuccess()" classname="koin.controllers.ControllerTest" time="0.052"/>
  <testcase name="findAllPedidosError()" classname="koin.controllers.ControllerTest" time="0.014"/>
  <testcase name="setFinalizadoTurnoCorrect()" classname="koin.controllers.ControllerTest" time="0.203"/>
  <testcase name="findAllProductosError()" classname="koin.controllers.ControllerTest" time="0.015"/>
  <testcase name="findAllPedidosSuccess()" classname="koin.controllers.ControllerTest" time="0.107"/>
  <testcase name="findUserNotExistsByUUID()" classname="koin.controllers.ControllerTest" time="0.012"/>
  <testcase name="findTareaById()" classname="koin.controllers.ControllerTest" time="0.051"/>
  <testcase name="deleteProductoIncorrect()" classname="koin.controllers.ControllerTest" time="0.015"/>
  <testcase name="setFinalizadaTareaIncorrectNull()" classname="koin.controllers.ControllerTest" time="0.014"/>
  <testcase name="deleteTareaCorrect()" classname="koin.controllers.ControllerTest" time="0.053"/>
  <testcase name="findAllTareasError()" classname="koin.controllers.ControllerTest" time="0.009"/>
  <testcase name="deletePedidoIncorrect()" classname="koin.controllers.ControllerTest" time="0.015"/>
  <testcase name="setFinalizadoTurnoIncorrectNull()" classname="koin.controllers.ControllerTest" time="0.014"/>
  <testcase name="createPedidoIncorrect()" classname="koin.controllers.ControllerTest" time="0.008"/>
  <testcase name="deleteTareaIncorrectToken()" classname="koin.controllers.ControllerTest" time="0.011"/>
  <testcase name="findUserById()" classname="koin.controllers.ControllerTest" time="0.014"/>
  <testcase name="decreaseStockProductoIncorrectToken()" classname="koin.controllers.ControllerTest" time="0.017"/>
  <testcase name="findAllMaquinasSuccess()" classname="koin.controllers.ControllerTest" time="0.014"/>
  <testcase name="findTurnoNotExistsById()" classname="koin.controllers.ControllerTest" time="0.013"/>
  <testcase name="createPedidoIncorrectToken()" classname="koin.controllers.ControllerTest" time="0.007"/>
  <testcase name="deleteMaquinaIncorrectNull()" classname="koin.controllers.ControllerTest" time="0.038"/>
  <testcase name="findUserByUUID()" classname="koin.controllers.ControllerTest" time="0.009"/>
  <testcase name="createMaquinaIncorrectToken()" classname="koin.controllers.ControllerTest" time="0.015"/>
  <testcase name="createProductoIncorrectToken()" classname="koin.controllers.ControllerTest" time="0.025"/>
  <testcase name="findTurnoById()" classname="koin.controllers.ControllerTest" time="0.17"/>
  <testcase name="findAllTurnosSuccess()" classname="koin.controllers.ControllerTest" time="0.145"/>
  <testcase name="deleteUserIncorrect()" classname="koin.controllers.ControllerTest" time="0.012"/>
  <testcase name="setInactiveUserIncorrectToken()" classname="koin.controllers.ControllerTest" time="0.016"/>
  <testcase name="deletePedidoIncorrectNull()" classname="koin.controllers.ControllerTest" time="0.022"/>
  <testcase name="createTareaIncorrectToken()" classname="koin.controllers.ControllerTest" time="0.012"/>
  <testcase name="findPedidoById()" classname="koin.controllers.ControllerTest" time="0.097"/>
  <testcase name="findAllProductosSuccess()" classname="koin.controllers.ControllerTest" time="0.01"/>
  <testcase name="setFinalizadaTareaIncorrect()" classname="koin.controllers.ControllerTest" time="0.014"/>
  <testcase name="deleteTurnoIncorrectToken()" classname="koin.controllers.ControllerTest" time="0.021"/>
  <testcase name="setInactiveUserCorrect()" classname="koin.controllers.ControllerTest" time="0.012"/>
  <testcase name="setInactiveMaquinaIncorrect()" classname="koin.controllers.ControllerTest" time="0.011"/>
  <testcase name="createTurnoCorrect()" classname="koin.controllers.ControllerTest" time="0.386"/>
  <testcase name="findAllUsersError()" classname="koin.controllers.ControllerTest" time="0.013"/>
  <testcase name="findTareaNotExistsById()" classname="koin.controllers.ControllerTest" time="0.01"/>
  <testcase name="deleteProductoIncorrectToken()" classname="koin.controllers.ControllerTest" time="0.01"/>
  <testcase name="deleteUserCorrect()" classname="koin.controllers.ControllerTest" time="0.023"/>
  <testcase name="setFinalizadaTareaCorrect()" classname="koin.controllers.ControllerTest" time="0.065"/>
  <testcase name="findProductoById()" classname="koin.controllers.ControllerTest" time="0.018"/>
  <testcase name="deletePedidoCorrect()" classname="koin.controllers.ControllerTest" time="0.122"/>
  <testcase name="findProductoNotExistsById()" classname="koin.controllers.ControllerTest" time="0.007"/>
  <testcase name="setFinalizadoTurnoIncorrect()" classname="koin.controllers.ControllerTest" time="0.008"/>
  <testcase name="createMaquinaIncorrect()" classname="koin.controllers.ControllerTest" time="0.009"/>
  <testcase name="createTurnoIncorrectToken()" classname="koin.controllers.ControllerTest" time="0.007"/>
  <testcase name="createTareaIncorrect()" classname="koin.controllers.ControllerTest" time="0.008"/>
  <testcase name="deleteUserIncorrectNull()" classname="koin.controllers.ControllerTest" time="0.015"/>
  <testcase name="findUserNotExistsById()" classname="koin.controllers.ControllerTest" time="0.012"/>
  <testcase name="decreaseStockProductoIncorrect()" classname="koin.controllers.ControllerTest" time="0.021"/>
  <testcase name="deletePedidoIncorrectToken()" classname="koin.controllers.ControllerTest" time="0.014"/>
  <testcase name="createUserCorrect()" classname="koin.controllers.ControllerTest" time="0.458"/>
  <testcase name="decreaseStockProductoIncorrectNull()" classname="koin.controllers.ControllerTest" time="0.011"/>
  <testcase name="deleteTurnoCorrect()" classname="koin.controllers.ControllerTest" time="0.144"/>
  <testcase name="findAllMaquinasError()" classname="koin.controllers.ControllerTest" time="0.007"/>
  <testcase name="deleteTareaIncorrect()" classname="koin.controllers.ControllerTest" time="0.014"/>
  <testcase name="setInactiveUserIncorrect()" classname="koin.controllers.ControllerTest" time="0.017"/>
  <testcase name="createUserIncorrectToken()" classname="koin.controllers.ControllerTest" time="0.015"/>
  <testcase name="createProductoIncorrect()" classname="koin.controllers.ControllerTest" time="0.008"/>
  <testcase name="deleteProductoIncorrectNull()" classname="koin.controllers.ControllerTest" time="0.014"/>
  <testcase name="findMaquinaNotExistsById()" classname="koin.controllers.ControllerTest" time="0.031"/>
  <system-out><![CDATA[17:16:29.404 [Test worker] DEBUG io.mockk.impl.instantiation.AbstractMockFactory - Creating mockk for MaquinaRepositoryCached name=repoM#1
17:16:30.615 [Test worker] DEBUG io.mockk.impl.instantiation.AbstractMockFactory - Creating mockk for PedidoRepositoryCached name=repoPedido#2
17:16:30.812 [Test worker] DEBUG io.mockk.impl.instantiation.AbstractMockFactory - Creating mockk for ProductoRepositoryCached name=repoProd#3
17:16:30.910 [Test worker] DEBUG io.mockk.impl.instantiation.AbstractMockFactory - Creating mockk for TareaRepositoryCached name=repoTarea#4
17:16:31.042 [Test worker] DEBUG io.mockk.impl.instantiation.AbstractMockFactory - Creating mockk for TurnoRepositoryCached name=repoTurno#5
17:16:31.104 [Test worker] DEBUG io.mockk.impl.instantiation.AbstractMockFactory - Creating mockk for UserRepositoryCached name=repoUser#6
17:16:32.711 [Test worker @coroutine#1] DEBUG io.mockk.impl.instantiation.AbstractMockFactory - Creating mockk for Pedido name=child of repoPedido#2#7
17:16:32.894 [DefaultDispatcher-worker-1 @coroutine#4] DEBUG io.mockk.impl.recording.states.AnsweringState - Answering null on PedidoRepositoryCached(repoPedido#2).findByUUID(0db66c87-092a-40ff-969e-101bb4378d30, continuation {})
17:16:34.798 [Test worker] DEBUG io.mockk.impl.instantiation.AbstractMockFactory - Creating mockk for MaquinaRepositoryCached name=repoM#8
17:16:34.800 [Test worker] DEBUG io.mockk.impl.instantiation.AbstractMockFactory - Creating mockk for PedidoRepositoryCached name=repoPedido#9
17:16:34.801 [Test worker] DEBUG io.mockk.impl.instantiation.AbstractMockFactory - Creating mockk for ProductoRepositoryCached name=repoProd#10
17:16:34.802 [Test worker] DEBUG io.mockk.impl.instantiation.AbstractMockFactory - Creating mockk for TareaRepositoryCached name=repoTarea#11
17:16:34.803 [Test worker] DEBUG io.mockk.impl.instantiation.AbstractMockFactory - Creating mockk for TurnoRepositoryCached name=repoTurno#12
17:16:34.805 [Test worker] DEBUG io.mockk.impl.instantiation.AbstractMockFactory - Creating mockk for UserRepositoryCached name=repoUser#13
17:16:34.983 [Test worker @coroutine#7] DEBUG io.mockk.impl.instantiation.AbstractMockFactory - Creating mockk for User name=child of repoUser#13#14
17:16:34.991 [Test worker @coroutine#7] DEBUG io.mockk.impl.instantiation.AbstractMockFactory - Creating mockk for User name=child of repoUser#13#15
17:16:34.995 [Test worker @coroutine#7] DEBUG io.mockk.impl.instantiation.AbstractMockFactory - Creating mockk for User name=child of repoUser#13#16
17:16:35.002 [Test worker @coroutine#7] DEBUG io.mockk.impl.instantiation.AbstractMockFactory - Creating mockk for User name=child of repoUser#13#17
17:16:36.290 [Test worker] DEBUG io.mockk.impl.instantiation.AbstractMockFactory - Creating mockk for MaquinaRepositoryCached name=repoM#18
17:16:36.291 [Test worker] DEBUG io.mockk.impl.instantiation.AbstractMockFactory - Creating mockk for PedidoRepositoryCached name=repoPedido#19
17:16:36.292 [Test worker] DEBUG io.mockk.impl.instantiation.AbstractMockFactory - Creating mockk for ProductoRepositoryCached name=repoProd#20
17:16:36.293 [Test worker] DEBUG io.mockk.impl.instantiation.AbstractMockFactory - Creating mockk for TareaRepositoryCached name=repoTarea#21
17:16:36.294 [Test worker] DEBUG io.mockk.impl.instantiation.AbstractMockFactory - Creating mockk for TurnoRepositoryCached name=repoTurno#22
17:16:36.296 [Test worker] DEBUG io.mockk.impl.instantiation.AbstractMockFactory - Creating mockk for UserRepositoryCached name=repoUser#23
17:16:36.320 [Test worker @coroutine#17] DEBUG io.mockk.impl.instantiation.AbstractMockFactory - Creating mockk for User name=child of repoUser#23#24
17:16:36.331 [Test worker @coroutine#17] DEBUG io.mockk.impl.instantiation.AbstractMockFactory - Creating mockk for User name=child of repoUser#23#25
17:16:37.424 [Test worker] DEBUG io.mockk.impl.instantiation.AbstractMockFactory - Creating mockk for MaquinaRepositoryCached name=repoM#26
17:16:37.425 [Test worker] DEBUG io.mockk.impl.instantiation.AbstractMockFactory - Creating mockk for PedidoRepositoryCached name=repoPedido#27
17:16:37.426 [Test worker] DEBUG io.mockk.impl.instantiation.AbstractMockFactory - Creating mockk for ProductoRepositoryCached name=repoProd#28
17:16:37.427 [Test worker] DEBUG io.mockk.impl.instantiation.AbstractMockFactory - Creating mockk for TareaRepositoryCached name=repoTarea#29
17:16:37.427 [Test worker] DEBUG io.mockk.impl.instantiation.AbstractMockFactory - Creating mockk for TurnoRepositoryCached name=repoTurno#30
17:16:37.428 [Test worker] DEBUG io.mockk.impl.instantiation.AbstractMockFactory - Creating mockk for UserRepositoryCached name=repoUser#31
17:16:37.533 [Test worker @coroutine#25] DEBUG io.mockk.impl.instantiation.AbstractMockFactory - Creating mockk for Turno name=child of repoTurno#30#32
17:16:39.100 [Test worker] DEBUG io.mockk.impl.instantiation.AbstractMockFactory - Creating mockk for MaquinaRepositoryCached name=repoM#33
17:16:39.101 [Test worker] DEBUG io.mockk.impl.instantiation.AbstractMockFactory - Creating mockk for PedidoRepositoryCached name=repoPedido#34
17:16:39.102 [Test worker] DEBUG io.mockk.impl.instantiation.AbstractMockFactory - Creating mockk for ProductoRepositoryCached name=repoProd#35
17:16:39.102 [Test worker] DEBUG io.mockk.impl.instantiation.AbstractMockFactory - Creating mockk for TareaRepositoryCached name=repoTarea#36
17:16:39.103 [Test worker] DEBUG io.mockk.impl.instantiation.AbstractMockFactory - Creating mockk for TurnoRepositoryCached name=repoTurno#37
17:16:39.103 [Test worker] DEBUG io.mockk.impl.instantiation.AbstractMockFactory - Creating mockk for UserRepositoryCached name=repoUser#38
17:16:39.496 [Test worker @coroutine#29] DEBUG io.mockk.impl.instantiation.AbstractMockFactory - Creating mockk for Flow name=child of repoUser#38#39
17:16:39.547 [DefaultDispatcher-worker-1 @coroutine#32] DEBUG io.mockk.impl.recording.states.AnsweringState - Answering kotlinx.coroutines.flow.FlowKt__BuildersKt$flowOf$$inlined$unsafeFlow$2@e75e91a on UserRepositoryCached(repoUser#38).findAll(continuation {})
17:16:40.587 [Test worker] DEBUG io.mockk.impl.instantiation.AbstractMockFactory - Creating mockk for MaquinaRepositoryCached name=repoM#40
17:16:40.587 [Test worker] DEBUG io.mockk.impl.instantiation.AbstractMockFactory - Creating mockk for PedidoRepositoryCached name=repoPedido#41
17:16:40.588 [Test worker] DEBUG io.mockk.impl.instantiation.AbstractMockFactory - Creating mockk for ProductoRepositoryCached name=repoProd#42
17:16:40.589 [Test worker] DEBUG io.mockk.impl.instantiation.AbstractMockFactory - Creating mockk for TareaRepositoryCached name=repoTarea#43
17:16:40.589 [Test worker] DEBUG io.mockk.impl.instantiation.AbstractMockFactory - Creating mockk for TurnoRepositoryCached name=repoTurno#44
17:16:40.590 [Test worker] DEBUG io.mockk.impl.instantiation.AbstractMockFactory - Creating mockk for UserRepositoryCached name=repoUser#45
17:16:40.599 [Test worker @coroutine#35] DEBUG io.mockk.impl.instantiation.AbstractMockFactory - Creating mockk for Flow name=child of repoTurno#44#46
17:16:40.607 [DefaultDispatcher-worker-1 @coroutine#38] DEBUG io.mockk.impl.recording.states.AnsweringState - Answering kotlinx.coroutines.flow.FlowKt__BuildersKt$flowOf$$inlined$unsafeFlow$1@71aa68bb on TurnoRepositoryCached(repoTurno#44).findAll(continuation {})
17:16:41.556 [Test worker] DEBUG io.mockk.impl.instantiation.AbstractMockFactory - Creating mockk for MaquinaRepositoryCached name=repoM#47
17:16:41.557 [Test worker] DEBUG io.mockk.impl.instantiation.AbstractMockFactory - Creating mockk for PedidoRepositoryCached name=repoPedido#48
17:16:41.557 [Test worker] DEBUG io.mockk.impl.instantiation.AbstractMockFactory - Creating mockk for ProductoRepositoryCached name=repoProd#49
17:16:41.558 [Test worker] DEBUG io.mockk.impl.instantiation.AbstractMockFactory - Creating mockk for TareaRepositoryCached name=repoTarea#50
17:16:41.558 [Test worker] DEBUG io.mockk.impl.instantiation.AbstractMockFactory - Creating mockk for TurnoRepositoryCached name=repoTurno#51
17:16:41.558 [Test worker] DEBUG io.mockk.impl.instantiation.AbstractMockFactory - Creating mockk for UserRepositoryCached name=repoUser#52
17:16:41.566 [Test worker @coroutine#41] DEBUG io.mockk.impl.instantiation.AbstractMockFactory - Creating mockk for Turno name=child of repoTurno#51#53
17:16:41.572 [Test worker @coroutine#41] DEBUG io.mockk.impl.instantiation.AbstractMockFactory - Creating mockk for Turno name=child of repoTurno#51#54
17:16:42.964 [Test worker] DEBUG io.mockk.impl.instantiation.AbstractMockFactory - Creating mockk for MaquinaRepositoryCached name=repoM#55
17:16:42.965 [Test worker] DEBUG io.mockk.impl.instantiation.AbstractMockFactory - Creating mockk for PedidoRepositoryCached name=repoPedido#56
17:16:42.965 [Test worker] DEBUG io.mockk.impl.instantiation.AbstractMockFactory - Creating mockk for ProductoRepositoryCached name=repoProd#57
17:16:42.966 [Test worker] DEBUG io.mockk.impl.instantiation.AbstractMockFactory - Creating mockk for TareaRepositoryCached name=repoTarea#58
17:16:42.967 [Test worker] DEBUG io.mockk.impl.instantiation.AbstractMockFactory - Creating mockk for TurnoRepositoryCached name=repoTurno#59
17:16:42.969 [Test worker] DEBUG io.mockk.impl.instantiation.AbstractMockFactory - Creating mockk for UserRepositoryCached name=repoUser#60
17:16:42.991 [Test worker @coroutine#49] DEBUG io.mockk.impl.instantiation.AbstractMockFactory - Creating mockk for Turno name=child of repoTurno#59#61
17:16:42.999 [Test worker @coroutine#49] DEBUG io.mockk.impl.instantiation.AbstractMockFactory - Creating mockk for Turno name=child of repoTurno#59#62
17:16:43.008 [DefaultDispatcher-worker-1 @coroutine#54] DEBUG io.mockk.impl.recording.states.AnsweringState - Answering Turno(id=63dfd66a1070f8213392bee5, uuid=93a98d69-0019-48a7-b34f-05b596ea8abc, workerId=93a98d69-0007-48a7-b34f-05b596ea839c, maquinaId=93a98d69-0008-48a7-b34f-05b596ea83bb, horaInicio=2002-10-14T10:09, horaFin=2002-10-14T16:49, numPedidosActivos=2, tarea1Id=93a98d69-0013-48a7-b34f-05b596ea83cc, tarea2Id=null, finalizado=false) on TurnoRepositoryCached(repoTurno#59).findByUUID(93a98d69-0019-48a7-b34f-05b596ea8abc, continuation {})
17:16:43.009 [DefaultDispatcher-worker-1 @coroutine#54] DEBUG io.mockk.impl.recording.states.AnsweringState - Answering null on TurnoRepositoryCached(repoTurno#59).delete(63dfd66a1070f8213392bee5, continuation {})
17:16:43.925 [Test worker] DEBUG io.mockk.impl.instantiation.AbstractMockFactory - Creating mockk for MaquinaRepositoryCached name=repoM#63
17:16:43.925 [Test worker] DEBUG io.mockk.impl.instantiation.AbstractMockFactory - Creating mockk for PedidoRepositoryCached name=repoPedido#64
17:16:43.926 [Test worker] DEBUG io.mockk.impl.instantiation.AbstractMockFactory - Creating mockk for ProductoRepositoryCached name=repoProd#65
17:16:43.926 [Test worker] DEBUG io.mockk.impl.instantiation.AbstractMockFactory - Creating mockk for TareaRepositoryCached name=repoTarea#66
17:16:43.927 [Test worker] DEBUG io.mockk.impl.instantiation.AbstractMockFactory - Creating mockk for TurnoRepositoryCached name=repoTurno#67
17:16:43.927 [Test worker] DEBUG io.mockk.impl.instantiation.AbstractMockFactory - Creating mockk for UserRepositoryCached name=repoUser#68
17:16:44.011 [Test worker @coroutine#57] DEBUG io.mockk.impl.instantiation.AbstractMockFactory - Creating mockk for Maquina name=child of repoM#63#69
17:16:44.019 [DefaultDispatcher-worker-3] DEBUG io.mockk.impl.recording.states.AnsweringState - Answering Maquina(id=63dfd66b1070f8213392beee, uuid=93a98d69-0008-48a7-b34f-05b596ea83bb, modelo=RTX-3080TI, marca=Nvidia, fechaAdquisicion=2022-11-10, numeroSerie=123456789X, tipo=PERSONALIZADORA, activa=true, isManual=null, maxTension=null, minTension=null, measuresManeuverability=true, measuresRigidity=false, measuresBalance=true) on MaquinaRepositoryCached(repoM#63).save(Maquina(id=63dfd66c1070f8213392bef0, uuid=93a98d69-6da6-48a7-b34f-05b596aaaaca, modelo=Encordadora Inicial, marca=Marca Inicial, fechaAdquisicion=2023-02-05, numeroSerie=123456789-XD, tipo=ENCORDADORA, activa=true, isManual=false, maxTension=7.0, minTension=2.5, measuresManeuverability=null, measuresRigidity=null, measuresBalance=null), continuation {})
17:16:44.782 [Test worker] DEBUG io.mockk.impl.instantiation.AbstractMockFactory - Creating mockk for MaquinaRepositoryCached name=repoM#70
17:16:44.783 [Test worker] DEBUG io.mockk.impl.instantiation.AbstractMockFactory - Creating mockk for PedidoRepositoryCached name=repoPedido#71
17:16:44.783 [Test worker] DEBUG io.mockk.impl.instantiation.AbstractMockFactory - Creating mockk for ProductoRepositoryCached name=repoProd#72
17:16:44.783 [Test worker] DEBUG io.mockk.impl.instantiation.AbstractMockFactory - Creating mockk for TareaRepositoryCached name=repoTarea#73
17:16:44.784 [Test worker] DEBUG io.mockk.impl.instantiation.AbstractMockFactory - Creating mockk for TurnoRepositoryCached name=repoTurno#74
17:16:44.787 [Test worker] DEBUG io.mockk.impl.instantiation.AbstractMockFactory - Creating mockk for UserRepositoryCached name=repoUser#75
17:16:44.848 [Test worker @coroutine#61] DEBUG io.mockk.impl.instantiation.AbstractMockFactory - Creating mockk for Producto name=child of repoProd#72#76
17:16:44.854 [Test worker @coroutine#61] DEBUG io.mockk.impl.instantiation.AbstractMockFactory - Creating mockk for Producto name=child of repoProd#72#77
17:16:44.860 [DefaultDispatcher-worker-3 @coroutine#66] DEBUG io.mockk.impl.recording.states.AnsweringState - Answering Producto(id=63dfd66c1070f8213392bef6, uuid=93a98d69-0004-48a7-b34f-05b596ea83aa, tipo=FUNDAS, marca=MarcaZ, modelo=ModeloZ, precio=36.4, stock=8) on ProductoRepositoryCached(repoProd#72).findByUUID(93a98d69-0004-48a7-b34f-05b596ea83aa, continuation {})
17:16:44.861 [DefaultDispatcher-worker-3 @coroutine#66] DEBUG io.mockk.impl.recording.states.AnsweringState - Answering Producto(id=63dfd66c1070f8213392bef6, uuid=93a98d69-0004-48a7-b34f-05b596ea83aa, tipo=FUNDAS, marca=MarcaZ, modelo=ModeloZ, precio=36.4, stock=8) on ProductoRepositoryCached(repoProd#72).delete(63dfd66c1070f8213392bef6, continuation {})
17:16:45.565 [Test worker] DEBUG io.mockk.impl.instantiation.AbstractMockFactory - Creating mockk for MaquinaRepositoryCached name=repoM#78
17:16:45.565 [Test worker] DEBUG io.mockk.impl.instantiation.AbstractMockFactory - Creating mockk for PedidoRepositoryCached name=repoPedido#79
17:16:45.566 [Test worker] DEBUG io.mockk.impl.instantiation.AbstractMockFactory - Creating mockk for ProductoRepositoryCached name=repoProd#80
17:16:45.566 [Test worker] DEBUG io.mockk.impl.instantiation.AbstractMockFactory - Creating mockk for TareaRepositoryCached name=repoTarea#81
17:16:45.567 [Test worker] DEBUG io.mockk.impl.instantiation.AbstractMockFactory - Creating mockk for TurnoRepositoryCached name=repoTurno#82
17:16:45.568 [Test worker] DEBUG io.mockk.impl.instantiation.AbstractMockFactory - Creating mockk for UserRepositoryCached name=repoUser#83
17:16:45.578 [Test worker @coroutine#69] DEBUG io.mockk.impl.instantiation.AbstractMockFactory - Creating mockk for User name=child of repoUser#83#84
17:16:45.581 [Test worker @coroutine#69] DEBUG io.mockk.impl.instantiation.AbstractMockFactory - Creating mockk for User name=child of repoUser#83#85
17:16:45.589 [DefaultDispatcher-worker-3 @coroutine#74] DEBUG io.mockk.impl.recording.states.AnsweringState - Answering User(id=63dfd66d1070f8213392befe, uuid=93a98d69-0006-48a7-b34f-05b596ea839a, nombre=Maria, apellido=Martinez, telefono=632120281, email=email2@email.com, password=contra, perfil=CLIENT, activo=true) on UserRepositoryCached(repoUser#83).findByUUID(93a98d69-0006-48a7-b34f-05b596ea839a, continuation {})
17:16:45.590 [DefaultDispatcher-worker-3 @coroutine#74] DEBUG io.mockk.impl.recording.states.AnsweringState - Answering null on UserRepositoryCached(repoUser#83).setInactive(63dfd66d1070f8213392befe, continuation {})
17:16:46.224 [Test worker] DEBUG io.mockk.impl.instantiation.AbstractMockFactory - Creating mockk for MaquinaRepositoryCached name=repoM#86
17:16:46.225 [Test worker] DEBUG io.mockk.impl.instantiation.AbstractMockFactory - Creating mockk for PedidoRepositoryCached name=repoPedido#87
17:16:46.225 [Test worker] DEBUG io.mockk.impl.instantiation.AbstractMockFactory - Creating mockk for ProductoRepositoryCached name=repoProd#88
17:16:46.225 [Test worker] DEBUG io.mockk.impl.instantiation.AbstractMockFactory - Creating mockk for TareaRepositoryCached name=repoTarea#89
17:16:46.226 [Test worker] DEBUG io.mockk.impl.instantiation.AbstractMockFactory - Creating mockk for TurnoRepositoryCached name=repoTurno#90
17:16:46.226 [Test worker] DEBUG io.mockk.impl.instantiation.AbstractMockFactory - Creating mockk for UserRepositoryCached name=repoUser#91
17:16:46.314 [Test worker @coroutine#77] DEBUG io.mockk.impl.instantiation.AbstractMockFactory - Creating mockk for Tarea name=child of repoTarea#89#92
17:16:46.324 [DefaultDispatcher-worker-3] DEBUG io.mockk.impl.recording.states.AnsweringState - Answering Tarea(id=63dfd66e1070f8213392bf0c, uuid=93a98d69-0013-48a7-b34f-05b596ea83cc, raquetaId=93a98d69-0001-48a7-b34f-05b596ea83ba, precio=36.4, tipo=PERSONALIZACION, finalizada=true, pedidoId=93a98d69-0010-48a7-b34f-05b596ea8acc, productoAdquiridoId=93a98d69-0004-48a7-b34f-05b596ea83aa, peso=10, balance=2.0, rigidez=5, tensionHorizontal=null, cordajeHorizontalId=null, tensionVertical=null, cordajeVerticalId=null, dosNudos=null) on TareaRepositoryCached(repoTarea#89).save(Tarea(id=63dfd66e1070f8213392bf0f, uuid=93a98d69-6da6-48a7-b34f-05b596aaabaa, raquetaId=93a98d69-6da6-48a7-b34f-05b596aaaaac, precio=60.0, tipo=PERSONALIZACION, finalizada=false, pedidoId=93a98d69-6da6-48a7-b34f-05b596aaabac, productoAdquiridoId=null, peso=10, balance=2.0, rigidez=5, tensionHorizontal=null, cordajeHorizontalId=null, tensionVertical=null, cordajeVerticalId=null, dosNudos=null), continuation {})
17:16:46.355 [DefaultDispatcher-worker-3] DEBUG koin.repositories.producto.ProductoRepository - findByUUID(93a98d69-0001-48a7-b34f-05b596ea83ba)
17:16:46.362 [DefaultDispatcher-worker-3] DEBUG koin.db.DBManager - Initializing connection to MongoDB
Initializing connection to MongoDB : mongodb+srv://loli:1707@drmdam2023.7qtbnuz.mongodb.net/practica03mongoIvanLoli
17:16:46.755 [cluster-ClusterId{value='63dfd66e1070f8213392bf10', description='null'}-srv-drmdam2023.7qtbnuz.mongodb.net] INFO org.mongodb.driver.cluster - Adding discovered server ac-o2suyf6-shard-00-00.7qtbnuz.mongodb.net:27017 to client view of cluster
17:16:46.812 [DefaultDispatcher-worker-3] INFO org.mongodb.driver.client - MongoClient with metadata {"driver": {"name": "mongo-java-driver|reactive-streams|kmongo", "version": "4.7.2"}, "os": {"type": "Windows", "name": "Windows 10", "architecture": "amd64", "version": "10.0"}, "platform": "Java/BellSoft/17.0.4.1+1-LTS|Kotlin/1.8.0"} created with settings MongoClientSettings{readPreference=primary, writeConcern=WriteConcern{w=null, wTimeout=null ms, journal=null}, retryWrites=true, retryReads=true, readConcern=ReadConcern{level=null}, credential=MongoCredential{mechanism=null, userName='loli', source='admin', password=<hidden>, mechanismProperties=<hidden>}, streamFactoryFactory=null, commandListeners=[], codecRegistry=ProvidersCodecRegistry{codecProviders=[ProvidersCodecRegistry{codecProviders=[ValueCodecProvider{}, BsonValueCodecProvider{}, DBRefCodecProvider{}, DBObjectCodecProvider{}, DocumentCodecProvider{}, IterableCodecProvider{}, MapCodecProvider{}, GeoJsonCodecProvider{}, GridFSFileCodecProvider{}, Jsr310CodecProvider{}, JsonObjectCodecProvider{}, BsonCodecProvider{}, EnumCodecProvider{}, com.mongodb.Jep395RecordCodecProvider@65354b0]}, org.litote.kmongo.service.CustomCodecProvider@3f8deda6, ProvidersCodecRegistry{codecProviders=[org.litote.kmongo.jackson.JacksonCodecProvider@6b1f9e16]}]}, clusterSettings={hosts=[127.0.0.1:27017], srvHost=drmdam2023.7qtbnuz.mongodb.net, srvServiceName=mongodb, mode=MULTIPLE, requiredClusterType=REPLICA_SET, requiredReplicaSetName='atlas-kaecge-shard-0', serverSelector='null', clusterListeners='[]', serverSelectionTimeout='30000 ms', localThreshold='30000 ms'}, socketSettings=SocketSettings{connectTimeoutMS=10000, readTimeoutMS=0, receiveBufferSize=0, sendBufferSize=0}, heartbeatSocketSettings=SocketSettings{connectTimeoutMS=10000, readTimeoutMS=10000, receiveBufferSize=0, sendBufferSize=0}, connectionPoolSettings=ConnectionPoolSettings{maxSize=100, minSize=0, maxWaitTimeMS=120000, maxConnectionLifeTimeMS=0, maxConnectionIdleTimeMS=0, maintenanceInitialDelayMS=0, maintenanceFrequencyMS=60000, connectionPoolListeners=[], maxConnecting=2}, serverSettings=ServerSettings{heartbeatFrequencyMS=10000, minHeartbeatFrequencyMS=500, serverListeners='[]', serverMonitorListeners='[]'}, sslSettings=SslSettings{enabled=true, invalidHostNameAllowed=false, context=null}, applicationName='null', compressorList=[], uuidRepresentation=UNSPECIFIED, serverApi=null, autoEncryptionSettings=null, contextProvider=null}
17:16:46.834 [cluster-ClusterId{value='63dfd66e1070f8213392bf10', description='null'}-srv-drmdam2023.7qtbnuz.mongodb.net] INFO org.mongodb.driver.cluster - Adding discovered server ac-o2suyf6-shard-00-02.7qtbnuz.mongodb.net:27017 to client view of cluster
17:16:46.837 [cluster-ClusterId{value='63dfd66e1070f8213392bf10', description='null'}-srv-drmdam2023.7qtbnuz.mongodb.net] INFO org.mongodb.driver.cluster - Adding discovered server ac-o2suyf6-shard-00-01.7qtbnuz.mongodb.net:27017 to client view of cluster
17:16:46.842 [cluster-ClusterId{value='63dfd66e1070f8213392bf10', description='null'}-srv-drmdam2023.7qtbnuz.mongodb.net] DEBUG org.mongodb.driver.cluster - Updating cluster description to  {type=REPLICA_SET, servers=[{address=ac-o2suyf6-shard-00-00.7qtbnuz.mongodb.net:27017, type=UNKNOWN, state=CONNECTING}, {address=ac-o2suyf6-shard-00-02.7qtbnuz.mongodb.net:27017, type=UNKNOWN, state=CONNECTING}, {address=ac-o2suyf6-shard-00-01.7qtbnuz.mongodb.net:27017, type=UNKNOWN, state=CONNECTING}]
17:16:47.106 [DefaultDispatcher-worker-3] DEBUG reactor.util.Loggers$LoggerFactory - Using Slf4j logging framework
17:16:47.232 [DefaultDispatcher-worker-3] INFO org.mongodb.driver.cluster - No server chosen by com.mongodb.reactivestreams.client.internal.ClientSessionHelper$$Lambda$502/0x0000000801194d60@5952c2d6 from cluster description ClusterDescription{type=REPLICA_SET, connectionMode=MULTIPLE, serverDescriptions=[ServerDescription{address=ac-o2suyf6-shard-00-00.7qtbnuz.mongodb.net:27017, type=UNKNOWN, state=CONNECTING}, ServerDescription{address=ac-o2suyf6-shard-00-02.7qtbnuz.mongodb.net:27017, type=UNKNOWN, state=CONNECTING}, ServerDescription{address=ac-o2suyf6-shard-00-01.7qtbnuz.mongodb.net:27017, type=UNKNOWN, state=CONNECTING}]}. Waiting for 30000 ms before timing out
17:16:47.238 [Thread-7] DEBUG org.mongodb.driver.connection.tls - initialized direct buffer deallocator for java >= 9
17:16:47.721 [cluster-rtt-ClusterId{value='63dfd66e1070f8213392bf10', description='null'}-ac-o2suyf6-shard-00-00.7qtbnuz.mongodb.net:27017] INFO org.mongodb.driver.connection - Opened connection [connectionId{localValue:1, serverValue:176600}] to ac-o2suyf6-shard-00-00.7qtbnuz.mongodb.net:27017
17:16:47.722 [cluster-ClusterId{value='63dfd66e1070f8213392bf10', description='null'}-ac-o2suyf6-shard-00-00.7qtbnuz.mongodb.net:27017] INFO org.mongodb.driver.connection - Opened connection [connectionId{localValue:2, serverValue:176600}] to ac-o2suyf6-shard-00-00.7qtbnuz.mongodb.net:27017
17:16:47.723 [cluster-ClusterId{value='63dfd66e1070f8213392bf10', description='null'}-ac-o2suyf6-shard-00-01.7qtbnuz.mongodb.net:27017] INFO org.mongodb.driver.connection - Opened connection [connectionId{localValue:5, serverValue:172263}] to ac-o2suyf6-shard-00-01.7qtbnuz.mongodb.net:27017
17:16:47.724 [cluster-rtt-ClusterId{value='63dfd66e1070f8213392bf10', description='null'}-ac-o2suyf6-shard-00-01.7qtbnuz.mongodb.net:27017] INFO org.mongodb.driver.connection - Opened connection [connectionId{localValue:3, serverValue:172264}] to ac-o2suyf6-shard-00-01.7qtbnuz.mongodb.net:27017
17:16:47.725 [cluster-rtt-ClusterId{value='63dfd66e1070f8213392bf10', description='null'}-ac-o2suyf6-shard-00-02.7qtbnuz.mongodb.net:27017] INFO org.mongodb.driver.connection - Opened connection [connectionId{localValue:4, serverValue:175716}] to ac-o2suyf6-shard-00-02.7qtbnuz.mongodb.net:27017
17:16:47.727 [cluster-ClusterId{value='63dfd66e1070f8213392bf10', description='null'}-ac-o2suyf6-shard-00-02.7qtbnuz.mongodb.net:27017] INFO org.mongodb.driver.connection - Opened connection [connectionId{localValue:6, serverValue:175716}] to ac-o2suyf6-shard-00-02.7qtbnuz.mongodb.net:27017
17:16:47.764 [cluster-ClusterId{value='63dfd66e1070f8213392bf10', description='null'}-ac-o2suyf6-shard-00-00.7qtbnuz.mongodb.net:27017] INFO org.mongodb.driver.cluster - Monitor thread successfully connected to server with description ServerDescription{address=ac-o2suyf6-shard-00-00.7qtbnuz.mongodb.net:27017, type=REPLICA_SET_SECONDARY, state=CONNECTED, ok=true, minWireVersion=0, maxWireVersion=13, maxDocumentSize=16777216, logicalSessionTimeoutMinutes=30, roundTripTimeNanos=471733700, setName='atlas-kaecge-shard-0', canonicalAddress=ac-o2suyf6-shard-00-00.7qtbnuz.mongodb.net:27017, hosts=[ac-o2suyf6-shard-00-01.7qtbnuz.mongodb.net:27017, ac-o2suyf6-shard-00-00.7qtbnuz.mongodb.net:27017, ac-o2suyf6-shard-00-02.7qtbnuz.mongodb.net:27017], passives=[], arbiters=[], primary='ac-o2suyf6-shard-00-02.7qtbnuz.mongodb.net:27017', tagSet=TagSet{[Tag{name='nodeType', value='ELECTABLE'}, Tag{name='provider', value='AWS'}, Tag{name='region', value='EU_WEST_3'}, Tag{name='workloadType', value='OPERATIONAL'}]}, electionId=null, setVersion=2, topologyVersion=TopologyVersion{processId=63d2dcc17e78c4cb32f7500c, counter=4}, lastWriteDate=Sun Feb 05 17:16:46 CET 2023, lastUpdateTimeNanos=1134291871609800}
17:16:47.764 [cluster-ClusterId{value='63dfd66e1070f8213392bf10', description='null'}-ac-o2suyf6-shard-00-01.7qtbnuz.mongodb.net:27017] INFO org.mongodb.driver.cluster - Monitor thread successfully connected to server with description ServerDescription{address=ac-o2suyf6-shard-00-01.7qtbnuz.mongodb.net:27017, type=REPLICA_SET_SECONDARY, state=CONNECTED, ok=true, minWireVersion=0, maxWireVersion=13, maxDocumentSize=16777216, logicalSessionTimeoutMinutes=30, roundTripTimeNanos=473206200, setName='atlas-kaecge-shard-0', canonicalAddress=ac-o2suyf6-shard-00-01.7qtbnuz.mongodb.net:27017, hosts=[ac-o2suyf6-shard-00-01.7qtbnuz.mongodb.net:27017, ac-o2suyf6-shard-00-00.7qtbnuz.mongodb.net:27017, ac-o2suyf6-shard-00-02.7qtbnuz.mongodb.net:27017], passives=[], arbiters=[], primary='ac-o2suyf6-shard-00-02.7qtbnuz.mongodb.net:27017', tagSet=TagSet{[Tag{name='nodeType', value='ELECTABLE'}, Tag{name='provider', value='AWS'}, Tag{name='region', value='EU_WEST_3'}, Tag{name='workloadType', value='OPERATIONAL'}]}, electionId=null, setVersion=2, topologyVersion=TopologyVersion{processId=63d2df20846ff8d608cb12a0, counter=3}, lastWriteDate=Sun Feb 05 17:16:46 CET 2023, lastUpdateTimeNanos=1134291872540100}
17:16:47.813 [cluster-ClusterId{value='63dfd66e1070f8213392bf10', description='null'}-ac-o2suyf6-shard-00-02.7qtbnuz.mongodb.net:27017] INFO org.mongodb.driver.cluster - Monitor thread successfully connected to server with description ServerDescription{address=ac-o2suyf6-shard-00-02.7qtbnuz.mongodb.net:27017, type=REPLICA_SET_PRIMARY, state=CONNECTED, ok=true, minWireVersion=0, maxWireVersion=13, maxDocumentSize=16777216, logicalSessionTimeoutMinutes=30, roundTripTimeNanos=477577300, setName='atlas-kaecge-shard-0', canonicalAddress=ac-o2suyf6-shard-00-02.7qtbnuz.mongodb.net:27017, hosts=[ac-o2suyf6-shard-00-01.7qtbnuz.mongodb.net:27017, ac-o2suyf6-shard-00-00.7qtbnuz.mongodb.net:27017, ac-o2suyf6-shard-00-02.7qtbnuz.mongodb.net:27017], passives=[], arbiters=[], primary='ac-o2suyf6-shard-00-02.7qtbnuz.mongodb.net:27017', tagSet=TagSet{[Tag{name='nodeType', value='ELECTABLE'}, Tag{name='provider', value='AWS'}, Tag{name='region', value='EU_WEST_3'}, Tag{name='workloadType', value='OPERATIONAL'}]}, electionId=7fffffff000000000000001b, setVersion=2, topologyVersion=TopologyVersion{processId=63d2ddec9b5717a95fe9a7d0, counter=6}, lastWriteDate=Sun Feb 05 17:16:46 CET 2023, lastUpdateTimeNanos=1134291875900300}
17:16:47.818 [cluster-ClusterId{value='63dfd66e1070f8213392bf10', description='null'}-ac-o2suyf6-shard-00-01.7qtbnuz.mongodb.net:27017] DEBUG org.mongodb.driver.connection - Marking the connection pool for ServerId{clusterId=ClusterId{value='63dfd66e1070f8213392bf10', description='null'}, address=ac-o2suyf6-shard-00-01.7qtbnuz.mongodb.net:27017} as 'ready'
17:16:47.844 [cluster-ClusterId{value='63dfd66e1070f8213392bf10', description='null'}-ac-o2suyf6-shard-00-01.7qtbnuz.mongodb.net:27017] DEBUG org.mongodb.driver.cluster - Updating cluster description to  {type=REPLICA_SET, servers=[{address=ac-o2suyf6-shard-00-00.7qtbnuz.mongodb.net:27017, type=UNKNOWN, state=CONNECTING}, {address=ac-o2suyf6-shard-00-02.7qtbnuz.mongodb.net:27017, type=UNKNOWN, state=CONNECTING}, {address=ac-o2suyf6-shard-00-01.7qtbnuz.mongodb.net:27017, type=REPLICA_SET_SECONDARY, TagSet{[Tag{name='nodeType', value='ELECTABLE'}, Tag{name='provider', value='AWS'}, Tag{name='region', value='EU_WEST_3'}, Tag{name='workloadType', value='OPERATIONAL'}]}, roundTripTime=473.2 ms, state=CONNECTED}]
17:16:47.845 [cluster-ClusterId{value='63dfd66e1070f8213392bf10', description='null'}-ac-o2suyf6-shard-00-01.7qtbnuz.mongodb.net:27017] DEBUG org.mongodb.driver.cluster - Checking status of ac-o2suyf6-shard-00-01.7qtbnuz.mongodb.net:27017
17:16:47.845 [cluster-ClusterId{value='63dfd66e1070f8213392bf10', description='null'}-ac-o2suyf6-shard-00-02.7qtbnuz.mongodb.net:27017] DEBUG org.mongodb.driver.connection - Marking the connection pool for ServerId{clusterId=ClusterId{value='63dfd66e1070f8213392bf10', description='null'}, address=ac-o2suyf6-shard-00-02.7qtbnuz.mongodb.net:27017} as 'ready'
17:16:47.845 [MaintenanceTimer-6-thread-1] DEBUG org.mongodb.driver.connection - Pruning pooled connections to ac-o2suyf6-shard-00-01.7qtbnuz.mongodb.net:27017
17:16:47.846 [cluster-ClusterId{value='63dfd66e1070f8213392bf10', description='null'}-ac-o2suyf6-shard-00-02.7qtbnuz.mongodb.net:27017] INFO org.mongodb.driver.cluster - Setting max election id to 7fffffff000000000000001b from replica set primary ac-o2suyf6-shard-00-02.7qtbnuz.mongodb.net:27017
17:16:47.846 [cluster-ClusterId{value='63dfd66e1070f8213392bf10', description='null'}-ac-o2suyf6-shard-00-02.7qtbnuz.mongodb.net:27017] INFO org.mongodb.driver.cluster - Setting max set version to 2 from replica set primary ac-o2suyf6-shard-00-02.7qtbnuz.mongodb.net:27017
17:16:47.846 [cluster-ClusterId{value='63dfd66e1070f8213392bf10', description='null'}-ac-o2suyf6-shard-00-02.7qtbnuz.mongodb.net:27017] INFO org.mongodb.driver.cluster - Discovered replica set primary ac-o2suyf6-shard-00-02.7qtbnuz.mongodb.net:27017
17:16:47.846 [MaintenanceTimer-4-thread-1] DEBUG org.mongodb.driver.connection - Pruning pooled connections to ac-o2suyf6-shard-00-02.7qtbnuz.mongodb.net:27017
17:16:47.846 [cluster-ClusterId{value='63dfd66e1070f8213392bf10', description='null'}-ac-o2suyf6-shard-00-02.7qtbnuz.mongodb.net:27017] DEBUG org.mongodb.driver.cluster - Updating cluster description to  {type=REPLICA_SET, servers=[{address=ac-o2suyf6-shard-00-00.7qtbnuz.mongodb.net:27017, type=UNKNOWN, state=CONNECTING}, {address=ac-o2suyf6-shard-00-02.7qtbnuz.mongodb.net:27017, type=REPLICA_SET_PRIMARY, TagSet{[Tag{name='nodeType', value='ELECTABLE'}, Tag{name='provider', value='AWS'}, Tag{name='region', value='EU_WEST_3'}, Tag{name='workloadType', value='OPERATIONAL'}]}, roundTripTime=477.6 ms, state=CONNECTED}, {address=ac-o2suyf6-shard-00-01.7qtbnuz.mongodb.net:27017, type=REPLICA_SET_SECONDARY, TagSet{[Tag{name='nodeType', value='ELECTABLE'}, Tag{name='provider', value='AWS'}, Tag{name='region', value='EU_WEST_3'}, Tag{name='workloadType', value='OPERATIONAL'}]}, roundTripTime=473.2 ms, state=CONNECTED}]
17:16:47.847 [cluster-ClusterId{value='63dfd66e1070f8213392bf10', description='null'}-ac-o2suyf6-shard-00-02.7qtbnuz.mongodb.net:27017] DEBUG org.mongodb.driver.cluster - Checking status of ac-o2suyf6-shard-00-02.7qtbnuz.mongodb.net:27017
17:16:47.847 [cluster-ClusterId{value='63dfd66e1070f8213392bf10', description='null'}-ac-o2suyf6-shard-00-00.7qtbnuz.mongodb.net:27017] DEBUG org.mongodb.driver.connection - Marking the connection pool for ServerId{clusterId=ClusterId{value='63dfd66e1070f8213392bf10', description='null'}, address=ac-o2suyf6-shard-00-00.7qtbnuz.mongodb.net:27017} as 'ready'
17:16:47.847 [cluster-ClusterId{value='63dfd66e1070f8213392bf10', description='null'}-ac-o2suyf6-shard-00-00.7qtbnuz.mongodb.net:27017] DEBUG org.mongodb.driver.cluster - Updating cluster description to  {type=REPLICA_SET, servers=[{address=ac-o2suyf6-shard-00-00.7qtbnuz.mongodb.net:27017, type=REPLICA_SET_SECONDARY, TagSet{[Tag{name='nodeType', value='ELECTABLE'}, Tag{name='provider', value='AWS'}, Tag{name='region', value='EU_WEST_3'}, Tag{name='workloadType', value='OPERATIONAL'}]}, roundTripTime=471.7 ms, state=CONNECTED}, {address=ac-o2suyf6-shard-00-02.7qtbnuz.mongodb.net:27017, type=REPLICA_SET_PRIMARY, TagSet{[Tag{name='nodeType', value='ELECTABLE'}, Tag{name='provider', value='AWS'}, Tag{name='region', value='EU_WEST_3'}, Tag{name='workloadType', value='OPERATIONAL'}]}, roundTripTime=477.6 ms, state=CONNECTED}, {address=ac-o2suyf6-shard-00-01.7qtbnuz.mongodb.net:27017, type=REPLICA_SET_SECONDARY, TagSet{[Tag{name='nodeType', value='ELECTABLE'}, Tag{name='provider', value='AWS'}, Tag{name='region', value='EU_WEST_3'}, Tag{name='workloadType', value='OPERATIONAL'}]}, roundTripTime=473.2 ms, state=CONNECTED}]
17:16:47.847 [cluster-ClusterId{value='63dfd66e1070f8213392bf10', description='null'}-ac-o2suyf6-shard-00-00.7qtbnuz.mongodb.net:27017] DEBUG org.mongodb.driver.cluster - Checking status of ac-o2suyf6-shard-00-00.7qtbnuz.mongodb.net:27017
17:16:47.856 [MaintenanceTimer-2-thread-1] DEBUG org.mongodb.driver.connection - Pruning pooled connections to ac-o2suyf6-shard-00-00.7qtbnuz.mongodb.net:27017
17:16:48.274 [async-channel-group-0-handler-executor] INFO org.mongodb.driver.connection - Opened connection [connectionId{localValue:7, serverValue:175676}] to ac-o2suyf6-shard-00-02.7qtbnuz.mongodb.net:27017
17:16:48.297 [async-channel-group-0-handler-executor] DEBUG org.mongodb.driver.protocol.command - Sending command '{"find": "producto", "filter": {}, "batchSize": 64, "$db": "practica03mongoIvanLoli", "lsid": {"id": {"$binary": {"base64": "roMpFL3PQPawB+PlCM6O3Q==", "subType": "04"}}}}' with request id 13 to database practica03mongoIvanLoli on connection [connectionId{localValue:7, serverValue:175676}] to server ac-o2suyf6-shard-00-02.7qtbnuz.mongodb.net:27017
17:16:48.351 [async-channel-group-0-handler-executor] DEBUG org.mongodb.driver.protocol.command - Execution of command with request id 13 completed successfully in 56.11 ms on connection [connectionId{localValue:7, serverValue:175676}] to server ac-o2suyf6-shard-00-02.7qtbnuz.mongodb.net:27017
17:16:49.063 [async-channel-group-0-handler-executor] DEBUG org.mongodb.driver.operation - Received batch of 4 documents with cursorId 0 from server ac-o2suyf6-shard-00-02.7qtbnuz.mongodb.net:27017
17:16:50.510 [Test worker] DEBUG io.mockk.impl.instantiation.AbstractMockFactory - Creating mockk for MaquinaRepositoryCached name=repoM#93
17:16:50.511 [Test worker] DEBUG io.mockk.impl.instantiation.AbstractMockFactory - Creating mockk for PedidoRepositoryCached name=repoPedido#94
17:16:50.512 [Test worker] DEBUG io.mockk.impl.instantiation.AbstractMockFactory - Creating mockk for ProductoRepositoryCached name=repoProd#95
17:16:50.512 [Test worker] DEBUG io.mockk.impl.instantiation.AbstractMockFactory - Creating mockk for TareaRepositoryCached name=repoTarea#96
17:16:50.513 [Test worker] DEBUG io.mockk.impl.instantiation.AbstractMockFactory - Creating mockk for TurnoRepositoryCached name=repoTurno#97
17:16:50.514 [Test worker] DEBUG io.mockk.impl.instantiation.AbstractMockFactory - Creating mockk for UserRepositoryCached name=repoUser#98
17:16:50.531 [Test worker @coroutine#81] DEBUG io.mockk.impl.instantiation.AbstractMockFactory - Creating mockk for Turno name=child of repoTurno#97#99
17:16:50.538 [Test worker @coroutine#81] DEBUG io.mockk.impl.instantiation.AbstractMockFactory - Creating mockk for Turno name=child of repoTurno#97#100
17:16:51.439 [Test worker] DEBUG io.mockk.impl.instantiation.AbstractMockFactory - Creating mockk for MaquinaRepositoryCached name=repoM#101
17:16:51.440 [Test worker] DEBUG io.mockk.impl.instantiation.AbstractMockFactory - Creating mockk for PedidoRepositoryCached name=repoPedido#102
17:16:51.440 [Test worker] DEBUG io.mockk.impl.instantiation.AbstractMockFactory - Creating mockk for ProductoRepositoryCached name=repoProd#103
17:16:51.441 [Test worker] DEBUG io.mockk.impl.instantiation.AbstractMockFactory - Creating mockk for TareaRepositoryCached name=repoTarea#104
17:16:51.441 [Test worker] DEBUG io.mockk.impl.instantiation.AbstractMockFactory - Creating mockk for TurnoRepositoryCached name=repoTurno#105
17:16:51.441 [Test worker] DEBUG io.mockk.impl.instantiation.AbstractMockFactory - Creating mockk for UserRepositoryCached name=repoUser#106
17:16:51.448 [Test worker @coroutine#89] DEBUG io.mockk.impl.instantiation.AbstractMockFactory - Creating mockk for Producto name=child of repoProd#103#107
17:16:51.456 [DefaultDispatcher-worker-3] DEBUG io.mockk.impl.recording.states.AnsweringState - Answering Producto(id=63dfd6731070f8213392bf20, uuid=93a98d69-0004-48a7-b34f-05b596ea83aa, tipo=FUNDAS, marca=MarcaZ, modelo=ModeloZ, precio=36.4, stock=8) on ProductoRepositoryCached(repoProd#103).save(Producto(id=63dfd6731070f8213392bf25, uuid=93a98d69-6da6-48a7-b34f-05b596aaaaac, tipo=RAQUETAS, marca=Marca Inicial, modelo=Raqueta inicial, precio=40.0, stock=15), continuation {})
17:16:52.279 [Test worker] DEBUG io.mockk.impl.instantiation.AbstractMockFactory - Creating mockk for MaquinaRepositoryCached name=repoM#108
17:16:52.280 [Test worker] DEBUG io.mockk.impl.instantiation.AbstractMockFactory - Creating mockk for PedidoRepositoryCached name=repoPedido#109
17:16:52.280 [Test worker] DEBUG io.mockk.impl.instantiation.AbstractMockFactory - Creating mockk for ProductoRepositoryCached name=repoProd#110
17:16:52.280 [Test worker] DEBUG io.mockk.impl.instantiation.AbstractMockFactory - Creating mockk for TareaRepositoryCached name=repoTarea#111
17:16:52.281 [Test worker] DEBUG io.mockk.impl.instantiation.AbstractMockFactory - Creating mockk for TurnoRepositoryCached name=repoTurno#112
17:16:52.281 [Test worker] DEBUG io.mockk.impl.instantiation.AbstractMockFactory - Creating mockk for UserRepositoryCached name=repoUser#113
17:16:52.295 [Test worker @coroutine#93] DEBUG io.mockk.impl.instantiation.AbstractMockFactory - Creating mockk for Producto name=child of repoProd#110#114
17:16:52.324 [Test worker @coroutine#93] DEBUG io.mockk.impl.instantiation.AbstractMockFactory - Creating mockk for Producto name=child of repoProd#110#115
17:16:52.329 [DefaultDispatcher-worker-3 @coroutine#98] DEBUG io.mockk.impl.recording.states.AnsweringState - Answering Producto(id=63dfd6741070f8213392bf2b, uuid=93a98d69-0004-48a7-b34f-05b596ea83aa, tipo=FUNDAS, marca=MarcaZ, modelo=ModeloZ, precio=36.4, stock=8) on ProductoRepositoryCached(repoProd#110).findByUUID(93a98d69-0004-48a7-b34f-05b596ea83aa, continuation {})
17:16:52.330 [DefaultDispatcher-worker-3 @coroutine#98] DEBUG io.mockk.impl.recording.states.AnsweringState - Answering Producto(id=63dfd6741070f8213392bf2b, uuid=93a98d69-0004-48a7-b34f-05b596ea83aa, tipo=FUNDAS, marca=MarcaZ, modelo=ModeloZ, precio=36.4, stock=8) on ProductoRepositoryCached(repoProd#110).decreaseStock(63dfd6741070f8213392bf2b, continuation {})
17:16:53.022 [Test worker] DEBUG io.mockk.impl.instantiation.AbstractMockFactory - Creating mockk for MaquinaRepositoryCached name=repoM#116
17:16:53.023 [Test worker] DEBUG io.mockk.impl.instantiation.AbstractMockFactory - Creating mockk for PedidoRepositoryCached name=repoPedido#117
17:16:53.024 [Test worker] DEBUG io.mockk.impl.instantiation.AbstractMockFactory - Creating mockk for ProductoRepositoryCached name=repoProd#118
17:16:53.024 [Test worker] DEBUG io.mockk.impl.instantiation.AbstractMockFactory - Creating mockk for TareaRepositoryCached name=repoTarea#119
17:16:53.024 [Test worker] DEBUG io.mockk.impl.instantiation.AbstractMockFactory - Creating mockk for TurnoRepositoryCached name=repoTurno#120
17:16:53.025 [Test worker] DEBUG io.mockk.impl.instantiation.AbstractMockFactory - Creating mockk for UserRepositoryCached name=repoUser#121
17:16:53.032 [Test worker @coroutine#101] DEBUG io.mockk.impl.instantiation.AbstractMockFactory - Creating mockk for Maquina name=child of repoM#116#122
17:16:53.038 [DefaultDispatcher-worker-3 @coroutine#104] DEBUG io.mockk.impl.recording.states.AnsweringState - Answering Maquina(id=63dfd6751070f8213392bf38, uuid=93a98d69-0008-48a7-b34f-05b596ea83bb, modelo=RTX-3080TI, marca=Nvidia, fechaAdquisicion=2022-11-10, numeroSerie=123456789X, tipo=PERSONALIZADORA, activa=true, isManual=null, maxTension=null, minTension=null, measuresManeuverability=true, measuresRigidity=false, measuresBalance=true) on MaquinaRepositoryCached(repoM#116).findByUUID(93a98d69-0008-48a7-b34f-05b596ea83bb, continuation {})
17:16:53.675 [Test worker] DEBUG io.mockk.impl.instantiation.AbstractMockFactory - Creating mockk for MaquinaRepositoryCached name=repoM#123
17:16:53.675 [Test worker] DEBUG io.mockk.impl.instantiation.AbstractMockFactory - Creating mockk for PedidoRepositoryCached name=repoPedido#124
17:16:53.675 [Test worker] DEBUG io.mockk.impl.instantiation.AbstractMockFactory - Creating mockk for ProductoRepositoryCached name=repoProd#125
17:16:53.676 [Test worker] DEBUG io.mockk.impl.instantiation.AbstractMockFactory - Creating mockk for TareaRepositoryCached name=repoTarea#126
17:16:53.676 [Test worker] DEBUG io.mockk.impl.instantiation.AbstractMockFactory - Creating mockk for TurnoRepositoryCached name=repoTurno#127
17:16:53.676 [Test worker] DEBUG io.mockk.impl.instantiation.AbstractMockFactory - Creating mockk for UserRepositoryCached name=repoUser#128
17:16:53.691 [Test worker @coroutine#107] DEBUG io.mockk.impl.instantiation.AbstractMockFactory - Creating mockk for Maquina name=child of repoM#123#129
17:16:53.694 [Test worker @coroutine#107] DEBUG io.mockk.impl.instantiation.AbstractMockFactory - Creating mockk for Maquina name=child of repoM#123#130
17:16:54.342 [Test worker] DEBUG io.mockk.impl.instantiation.AbstractMockFactory - Creating mockk for MaquinaRepositoryCached name=repoM#131
17:16:54.342 [Test worker] DEBUG io.mockk.impl.instantiation.AbstractMockFactory - Creating mockk for PedidoRepositoryCached name=repoPedido#132
17:16:54.342 [Test worker] DEBUG io.mockk.impl.instantiation.AbstractMockFactory - Creating mockk for ProductoRepositoryCached name=repoProd#133
17:16:54.343 [Test worker] DEBUG io.mockk.impl.instantiation.AbstractMockFactory - Creating mockk for TareaRepositoryCached name=repoTarea#134
17:16:54.343 [Test worker] DEBUG io.mockk.impl.instantiation.AbstractMockFactory - Creating mockk for TurnoRepositoryCached name=repoTurno#135
17:16:54.343 [Test worker] DEBUG io.mockk.impl.instantiation.AbstractMockFactory - Creating mockk for UserRepositoryCached name=repoUser#136
17:16:54.353 [Test worker @coroutine#115] DEBUG io.mockk.impl.instantiation.AbstractMockFactory - Creating mockk for Maquina name=child of repoM#131#137
17:16:54.358 [Test worker @coroutine#115] DEBUG io.mockk.impl.instantiation.AbstractMockFactory - Creating mockk for Maquina name=child of repoM#131#138
17:16:54.365 [DefaultDispatcher-worker-3 @coroutine#120] DEBUG io.mockk.impl.recording.states.AnsweringState - Answering Maquina(id=63dfd6761070f8213392bf4c, uuid=93a98d69-0008-48a7-b34f-05b596ea83bb, modelo=RTX-3080TI, marca=Nvidia, fechaAdquisicion=2022-11-10, numeroSerie=123456789X, tipo=PERSONALIZADORA, activa=true, isManual=null, maxTension=null, minTension=null, measuresManeuverability=true, measuresRigidity=false, measuresBalance=true) on MaquinaRepositoryCached(repoM#131).findByUUID(93a98d69-0008-48a7-b34f-05b596ea83bb, continuation {})
17:16:54.366 [DefaultDispatcher-worker-3 @coroutine#120] DEBUG io.mockk.impl.recording.states.AnsweringState - Answering Maquina(id=63dfd6761070f8213392bf4c, uuid=93a98d69-0008-48a7-b34f-05b596ea83bb, modelo=RTX-3080TI, marca=Nvidia, fechaAdquisicion=2022-11-10, numeroSerie=123456789X, tipo=PERSONALIZADORA, activa=true, isManual=null, maxTension=null, minTension=null, measuresManeuverability=true, measuresRigidity=false, measuresBalance=true) on MaquinaRepositoryCached(repoM#131).delete(63dfd6761070f8213392bf4c, continuation {})
17:16:55.102 [Test worker] DEBUG io.mockk.impl.instantiation.AbstractMockFactory - Creating mockk for MaquinaRepositoryCached name=repoM#139
17:16:55.103 [Test worker] DEBUG io.mockk.impl.instantiation.AbstractMockFactory - Creating mockk for PedidoRepositoryCached name=repoPedido#140
17:16:55.103 [Test worker] DEBUG io.mockk.impl.instantiation.AbstractMockFactory - Creating mockk for ProductoRepositoryCached name=repoProd#141
17:16:55.104 [Test worker] DEBUG io.mockk.impl.instantiation.AbstractMockFactory - Creating mockk for TareaRepositoryCached name=repoTarea#142
17:16:55.104 [Test worker] DEBUG io.mockk.impl.instantiation.AbstractMockFactory - Creating mockk for TurnoRepositoryCached name=repoTurno#143
17:16:55.104 [Test worker] DEBUG io.mockk.impl.instantiation.AbstractMockFactory - Creating mockk for UserRepositoryCached name=repoUser#144
17:16:55.112 [Test worker @coroutine#123] DEBUG io.mockk.impl.instantiation.AbstractMockFactory - Creating mockk for Tarea name=child of repoTarea#142#145
17:16:55.115 [Test worker @coroutine#123] DEBUG io.mockk.impl.instantiation.AbstractMockFactory - Creating mockk for Tarea name=child of repoTarea#142#146
17:16:55.804 [Test worker] DEBUG io.mockk.impl.instantiation.AbstractMockFactory - Creating mockk for MaquinaRepositoryCached name=repoM#147
17:16:55.805 [Test worker] DEBUG io.mockk.impl.instantiation.AbstractMockFactory - Creating mockk for PedidoRepositoryCached name=repoPedido#148
17:16:55.805 [Test worker] DEBUG io.mockk.impl.instantiation.AbstractMockFactory - Creating mockk for ProductoRepositoryCached name=repoProd#149
17:16:55.805 [Test worker] DEBUG io.mockk.impl.instantiation.AbstractMockFactory - Creating mockk for TareaRepositoryCached name=repoTarea#150
17:16:55.806 [Test worker] DEBUG io.mockk.impl.instantiation.AbstractMockFactory - Creating mockk for TurnoRepositoryCached name=repoTurno#151
17:16:55.806 [Test worker] DEBUG io.mockk.impl.instantiation.AbstractMockFactory - Creating mockk for UserRepositoryCached name=repoUser#152
17:16:55.814 [Test worker @coroutine#131] DEBUG io.mockk.impl.instantiation.AbstractMockFactory - Creating mockk for User name=child of repoUser#152#153
17:16:55.818 [Test worker @coroutine#131] DEBUG io.mockk.impl.instantiation.AbstractMockFactory - Creating mockk for Tarea name=child of repoTarea#150#154
17:16:55.825 [Test worker @coroutine#131] DEBUG io.mockk.impl.instantiation.AbstractMockFactory - Creating mockk for Pedido name=child of repoPedido#148#155
17:16:56.214 [DefaultDispatcher-worker-3] DEBUG io.mockk.impl.recording.states.AnsweringState - Answering User(id=63dfd6771070f8213392bf5b, uuid=93a98d69-0006-48a7-b34f-05b596ea839a, nombre=Maria, apellido=Martinez, telefono=632120281, email=email2@email.com, password=contra, perfil=CLIENT, activo=true) on UserRepositoryCached(repoUser#152).findByUUID(93a98d69-6da6-48a7-b34f-05b596aaaaaa, continuation {})
17:16:56.214 [DefaultDispatcher-worker-3] DEBUG io.mockk.impl.recording.states.AnsweringState - Answering Tarea(id=63dfd6771070f8213392bf5f, uuid=93a98d69-0013-48a7-b34f-05b596ea83cc, raquetaId=93a98d69-0001-48a7-b34f-05b596ea83ba, precio=36.4, tipo=PERSONALIZACION, finalizada=true, pedidoId=93a98d69-0010-48a7-b34f-05b596ea8acc, productoAdquiridoId=93a98d69-0004-48a7-b34f-05b596ea83aa, peso=10, balance=2.0, rigidez=5, tensionHorizontal=null, cordajeHorizontalId=null, tensionVertical=null, cordajeVerticalId=null, dosNudos=null) on TareaRepositoryCached(repoTarea#150).save(Tarea(id=63dfd6781070f8213392bf63, uuid=93a98d69-6da6-48a7-b34f-05b596aaaacc, raquetaId=93a98d69-6da6-48a7-b34f-05b596aaaaac, precio=15.0, tipo=ADQUISICION, finalizada=false, pedidoId=93a98d69-6da6-48a7-b34f-05b596aaabac, productoAdquiridoId=93a98d69-6da6-48a7-b34f-05b596aaaabb, peso=null, balance=null, rigidez=null, tensionHorizontal=null, cordajeHorizontalId=null, tensionVertical=null, cordajeVerticalId=null, dosNudos=null), continuation {})
17:16:56.215 [DefaultDispatcher-worker-3] DEBUG io.mockk.impl.recording.states.AnsweringState - Answering Tarea(id=63dfd6771070f8213392bf5f, uuid=93a98d69-0013-48a7-b34f-05b596ea83cc, raquetaId=93a98d69-0001-48a7-b34f-05b596ea83ba, precio=36.4, tipo=PERSONALIZACION, finalizada=true, pedidoId=93a98d69-0010-48a7-b34f-05b596ea8acc, productoAdquiridoId=93a98d69-0004-48a7-b34f-05b596ea83aa, peso=10, balance=2.0, rigidez=5, tensionHorizontal=null, cordajeHorizontalId=null, tensionVertical=null, cordajeVerticalId=null, dosNudos=null) on TareaRepositoryCached(repoTarea#150).save(Tarea(id=63dfd6781070f8213392bf64, uuid=93a98d69-6da6-48a7-b34f-05b596aaabab, raquetaId=93a98d69-6da6-48a7-b34f-05b596aaaaac, precio=56.0, tipo=ENCORDADO, finalizada=false, pedidoId=93a98d69-6da6-48a7-b34f-05b596aaabac, productoAdquiridoId=null, peso=null, balance=null, rigidez=null, tensionHorizontal=6.0, cordajeHorizontalId=93a98d69-6da6-48a7-b34f-05b596aaaaba, tensionVertical=6.5, cordajeVerticalId=93a98d69-6da6-48a7-b34f-05b596aaaaba, dosNudos=true), continuation {})
17:16:56.216 [DefaultDispatcher-worker-3] DEBUG io.mockk.impl.recording.states.AnsweringState - Answering Tarea(id=63dfd6771070f8213392bf5f, uuid=93a98d69-0013-48a7-b34f-05b596ea83cc, raquetaId=93a98d69-0001-48a7-b34f-05b596ea83ba, precio=36.4, tipo=PERSONALIZACION, finalizada=true, pedidoId=93a98d69-0010-48a7-b34f-05b596ea8acc, productoAdquiridoId=93a98d69-0004-48a7-b34f-05b596ea83aa, peso=10, balance=2.0, rigidez=5, tensionHorizontal=null, cordajeHorizontalId=null, tensionVertical=null, cordajeVerticalId=null, dosNudos=null) on TareaRepositoryCached(repoTarea#150).save(Tarea(id=63dfd6781070f8213392bf65, uuid=93a98d69-6da6-48a7-b34f-05b596aaabaa, raquetaId=93a98d69-6da6-48a7-b34f-05b596aaaaac, precio=60.0, tipo=PERSONALIZACION, finalizada=false, pedidoId=93a98d69-6da6-48a7-b34f-05b596aaabac, productoAdquiridoId=null, peso=10, balance=2.0, rigidez=5, tensionHorizontal=null, cordajeHorizontalId=null, tensionVertical=null, cordajeVerticalId=null, dosNudos=null), continuation {})
17:16:56.221 [DefaultDispatcher-worker-3] DEBUG io.mockk.impl.recording.states.AnsweringState - Answering Pedido(id=63dfd6771070f8213392bf5e, uuid=93a98d69-0010-48a7-b34f-05b596ea8acc, userId=93a98d69-0006-48a7-b34f-05b596ea839a, state=PROCESO, fechaEntrada=2013-10-10, fechaSalida=2023-12-12, topeEntrega=2023-12-14, precio=0.0) on PedidoRepositoryCached(repoPedido#148).save(Pedido(id=63dfd6781070f8213392bf69, uuid=93a98d69-6da6-48a7-b34f-05b596aaabac, userId=93a98d69-6da6-48a7-b34f-05b596aaaaaa, state=PROCESO, fechaEntrada=2023-02-05, fechaSalida=2023-02-06, topeEntrega=2023-02-19, precio=131.0), continuation {})
17:16:56.227 [DefaultDispatcher-worker-3] DEBUG koin.repositories.tarea.TareaRepository - findAll()
17:16:56.233 [AsyncGetter-5-thread-1] DEBUG org.mongodb.driver.protocol.command - Sending command '{"find": "tarea", "filter": {}, "batchSize": 64, "$db": "practica03mongoIvanLoli", "$clusterTime": {"clusterTime": {"$timestamp": {"t": 1675613807, "i": 1}}, "signature": {"hash": {"$binary": {"base64": "mt595Bgu7aXyA73XoxRFSPRpO/0=", "subType": "00"}}, "keyId": 7161871216054108163}}, "lsid": {"id": {"$binary": {"base64": "roMpFL3PQPawB+PlCM6O3Q==", "subType": "04"}}}}' with request id 14 to database practica03mongoIvanLoli on connection [connectionId{localValue:7, serverValue:175676}] to server ac-o2suyf6-shard-00-02.7qtbnuz.mongodb.net:27017
17:16:56.271 [async-channel-group-0-handler-executor] DEBUG org.mongodb.driver.protocol.command - Execution of command with request id 14 completed successfully in 38.75 ms on connection [connectionId{localValue:7, serverValue:175676}] to server ac-o2suyf6-shard-00-02.7qtbnuz.mongodb.net:27017
17:16:56.299 [async-channel-group-0-handler-executor] DEBUG org.mongodb.driver.operation - Received batch of 6 documents with cursorId 0 from server ac-o2suyf6-shard-00-02.7qtbnuz.mongodb.net:27017
17:16:56.311 [DefaultDispatcher-worker-3] DEBUG koin.repositories.user.UserRepository - findByUUID(93a98d69-0006-48a7-b34f-05b596ea839a)
17:16:56.315 [AsyncGetter-5-thread-1] DEBUG org.mongodb.driver.protocol.command - Sending command '{"find": "user", "filter": {}, "batchSize": 64, "$db": "practica03mongoIvanLoli", "$clusterTime": {"clusterTime": {"$timestamp": {"t": 1675613814, "i": 5}}, "signature": {"hash": {"$binary": {"base64": "EIvcQM7aQh+L85b+tYdk8gEUNIs=", "subType": "00"}}, "keyId": 7161871216054108163}}, "lsid": {"id": {"$binary": {"base64": "roMpFL3PQPawB+PlCM6O3Q==", "subType": "04"}}}}' with request id 15 to database practica03mongoIvanLoli on connection [connectionId{localValue:7, serverValue:175676}] to server ac-o2suyf6-shard-00-02.7qtbnuz.mongodb.net:27017
17:16:56.358 [async-channel-group-0-handler-executor] DEBUG org.mongodb.driver.protocol.command - Execution of command with request id 15 completed successfully in 43.61 ms on connection [connectionId{localValue:7, serverValue:175676}] to server ac-o2suyf6-shard-00-02.7qtbnuz.mongodb.net:27017
17:16:56.377 [async-channel-group-0-handler-executor] DEBUG org.mongodb.driver.operation - Received batch of 3 documents with cursorId 0 from server ac-o2suyf6-shard-00-02.7qtbnuz.mongodb.net:27017
17:16:57.037 [Test worker] DEBUG io.mockk.impl.instantiation.AbstractMockFactory - Creating mockk for MaquinaRepositoryCached name=repoM#156
17:16:57.037 [Test worker] DEBUG io.mockk.impl.instantiation.AbstractMockFactory - Creating mockk for PedidoRepositoryCached name=repoPedido#157
17:16:57.038 [Test worker] DEBUG io.mockk.impl.instantiation.AbstractMockFactory - Creating mockk for ProductoRepositoryCached name=repoProd#158
17:16:57.038 [Test worker] DEBUG io.mockk.impl.instantiation.AbstractMockFactory - Creating mockk for TareaRepositoryCached name=repoTarea#159
17:16:57.038 [Test worker] DEBUG io.mockk.impl.instantiation.AbstractMockFactory - Creating mockk for TurnoRepositoryCached name=repoTurno#160
17:16:57.038 [Test worker] DEBUG io.mockk.impl.instantiation.AbstractMockFactory - Creating mockk for UserRepositoryCached name=repoUser#161
17:16:57.045 [Test worker @coroutine#139] DEBUG io.mockk.impl.instantiation.AbstractMockFactory - Creating mockk for Maquina name=child of repoM#156#162
17:16:57.047 [Test worker @coroutine#139] DEBUG io.mockk.impl.instantiation.AbstractMockFactory - Creating mockk for Maquina name=child of repoM#156#163
17:16:57.050 [DefaultDispatcher-worker-3 @coroutine#144] DEBUG io.mockk.impl.recording.states.AnsweringState - Answering Maquina(id=63dfd6791070f8213392bf72, uuid=93a98d69-0008-48a7-b34f-05b596ea83bb, modelo=RTX-3080TI, marca=Nvidia, fechaAdquisicion=2022-11-10, numeroSerie=123456789X, tipo=PERSONALIZADORA, activa=true, isManual=null, maxTension=null, minTension=null, measuresManeuverability=true, measuresRigidity=false, measuresBalance=true) on MaquinaRepositoryCached(repoM#156).findByUUID(93a98d69-0008-48a7-b34f-05b596ea83bb, continuation {})
17:16:57.051 [DefaultDispatcher-worker-3 @coroutine#144] DEBUG io.mockk.impl.recording.states.AnsweringState - Answering null on MaquinaRepositoryCached(repoM#156).setInactive(63dfd6791070f8213392bf72, continuation {})
17:16:57.650 [Test worker] DEBUG io.mockk.impl.instantiation.AbstractMockFactory - Creating mockk for MaquinaRepositoryCached name=repoM#164
17:16:57.650 [Test worker] DEBUG io.mockk.impl.instantiation.AbstractMockFactory - Creating mockk for PedidoRepositoryCached name=repoPedido#165
17:16:57.650 [Test worker] DEBUG io.mockk.impl.instantiation.AbstractMockFactory - Creating mockk for ProductoRepositoryCached name=repoProd#166
17:16:57.652 [Test worker] DEBUG io.mockk.impl.instantiation.AbstractMockFactory - Creating mockk for TareaRepositoryCached name=repoTarea#167
17:16:57.653 [Test worker] DEBUG io.mockk.impl.instantiation.AbstractMockFactory - Creating mockk for TurnoRepositoryCached name=repoTurno#168
17:16:57.653 [Test worker] DEBUG io.mockk.impl.instantiation.AbstractMockFactory - Creating mockk for UserRepositoryCached name=repoUser#169
17:16:57.659 [Test worker @coroutine#147] DEBUG io.mockk.impl.instantiation.AbstractMockFactory - Creating mockk for Maquina name=child of repoM#164#170
17:16:57.662 [Test worker @coroutine#147] DEBUG io.mockk.impl.instantiation.AbstractMockFactory - Creating mockk for Maquina name=child of repoM#164#171
17:16:57.722 [cluster-rtt-ClusterId{value='63dfd66e1070f8213392bf10', description='null'}-ac-o2suyf6-shard-00-00.7qtbnuz.mongodb.net:27017] DEBUG org.mongodb.driver.protocol.command - Sending command '{"hello": 1, "$db": "admin", "$clusterTime": {"clusterTime": {"$timestamp": {"t": 1675613814, "i": 5}}, "signature": {"hash": {"$binary": {"base64": "EIvcQM7aQh+L85b+tYdk8gEUNIs=", "subType": "00"}}, "keyId": 7161871216054108163}}}' with request id 16 to database admin on connection [connectionId{localValue:1, serverValue:176600}] to server ac-o2suyf6-shard-00-00.7qtbnuz.mongodb.net:27017
17:16:57.726 [cluster-rtt-ClusterId{value='63dfd66e1070f8213392bf10', description='null'}-ac-o2suyf6-shard-00-02.7qtbnuz.mongodb.net:27017] DEBUG org.mongodb.driver.protocol.command - Sending command '{"hello": 1, "$db": "admin", "$clusterTime": {"clusterTime": {"$timestamp": {"t": 1675613814, "i": 5}}, "signature": {"hash": {"$binary": {"base64": "EIvcQM7aQh+L85b+tYdk8gEUNIs=", "subType": "00"}}, "keyId": 7161871216054108163}}}' with request id 17 to database admin on connection [connectionId{localValue:4, serverValue:175716}] to server ac-o2suyf6-shard-00-02.7qtbnuz.mongodb.net:27017
17:16:57.726 [cluster-rtt-ClusterId{value='63dfd66e1070f8213392bf10', description='null'}-ac-o2suyf6-shard-00-01.7qtbnuz.mongodb.net:27017] DEBUG org.mongodb.driver.protocol.command - Sending command '{"hello": 1, "$db": "admin", "$clusterTime": {"clusterTime": {"$timestamp": {"t": 1675613814, "i": 5}}, "signature": {"hash": {"$binary": {"base64": "EIvcQM7aQh+L85b+tYdk8gEUNIs=", "subType": "00"}}, "keyId": 7161871216054108163}}}' with request id 18 to database admin on connection [connectionId{localValue:3, serverValue:172264}] to server ac-o2suyf6-shard-00-01.7qtbnuz.mongodb.net:27017
17:16:57.756 [cluster-rtt-ClusterId{value='63dfd66e1070f8213392bf10', description='null'}-ac-o2suyf6-shard-00-00.7qtbnuz.mongodb.net:27017] DEBUG org.mongodb.driver.protocol.command - Execution of command with request id 16 completed successfully in 34.25 ms on connection [connectionId{localValue:1, serverValue:176600}] to server ac-o2suyf6-shard-00-00.7qtbnuz.mongodb.net:27017
17:16:57.756 [cluster-rtt-ClusterId{value='63dfd66e1070f8213392bf10', description='null'}-ac-o2suyf6-shard-00-01.7qtbnuz.mongodb.net:27017] DEBUG org.mongodb.driver.protocol.command - Execution of command with request id 18 completed successfully in 30.29 ms on connection [connectionId{localValue:3, serverValue:172264}] to server ac-o2suyf6-shard-00-01.7qtbnuz.mongodb.net:27017
17:16:57.765 [cluster-rtt-ClusterId{value='63dfd66e1070f8213392bf10', description='null'}-ac-o2suyf6-shard-00-02.7qtbnuz.mongodb.net:27017] DEBUG org.mongodb.driver.protocol.command - Execution of command with request id 17 completed successfully in 38.60 ms on connection [connectionId{localValue:4, serverValue:175716}] to server ac-o2suyf6-shard-00-02.7qtbnuz.mongodb.net:27017
17:16:57.889 [cluster-ClusterId{value='63dfd66e1070f8213392bf10', description='null'}-ac-o2suyf6-shard-00-02.7qtbnuz.mongodb.net:27017] DEBUG org.mongodb.driver.cluster - Updating cluster description to  {type=REPLICA_SET, servers=[{address=ac-o2suyf6-shard-00-00.7qtbnuz.mongodb.net:27017, type=REPLICA_SET_SECONDARY, TagSet{[Tag{name='nodeType', value='ELECTABLE'}, Tag{name='provider', value='AWS'}, Tag{name='region', value='EU_WEST_3'}, Tag{name='workloadType', value='OPERATIONAL'}]}, roundTripTime=471.7 ms, state=CONNECTED}, {address=ac-o2suyf6-shard-00-02.7qtbnuz.mongodb.net:27017, type=REPLICA_SET_PRIMARY, TagSet{[Tag{name='nodeType', value='ELECTABLE'}, Tag{name='provider', value='AWS'}, Tag{name='region', value='EU_WEST_3'}, Tag{name='workloadType', value='OPERATIONAL'}]}, roundTripTime=387.8 ms, state=CONNECTED}, {address=ac-o2suyf6-shard-00-01.7qtbnuz.mongodb.net:27017, type=REPLICA_SET_SECONDARY, TagSet{[Tag{name='nodeType', value='ELECTABLE'}, Tag{name='provider', value='AWS'}, Tag{name='region', value='EU_WEST_3'}, Tag{name='workloadType', value='OPERATIONAL'}]}, roundTripTime=473.2 ms, state=CONNECTED}]
17:16:57.889 [cluster-ClusterId{value='63dfd66e1070f8213392bf10', description='null'}-ac-o2suyf6-shard-00-02.7qtbnuz.mongodb.net:27017] DEBUG org.mongodb.driver.cluster - Checking status of ac-o2suyf6-shard-00-02.7qtbnuz.mongodb.net:27017
17:16:57.903 [cluster-ClusterId{value='63dfd66e1070f8213392bf10', description='null'}-ac-o2suyf6-shard-00-01.7qtbnuz.mongodb.net:27017] DEBUG org.mongodb.driver.cluster - Updating cluster description to  {type=REPLICA_SET, servers=[{address=ac-o2suyf6-shard-00-00.7qtbnuz.mongodb.net:27017, type=REPLICA_SET_SECONDARY, TagSet{[Tag{name='nodeType', value='ELECTABLE'}, Tag{name='provider', value='AWS'}, Tag{name='region', value='EU_WEST_3'}, Tag{name='workloadType', value='OPERATIONAL'}]}, roundTripTime=471.7 ms, state=CONNECTED}, {address=ac-o2suyf6-shard-00-02.7qtbnuz.mongodb.net:27017, type=REPLICA_SET_PRIMARY, TagSet{[Tag{name='nodeType', value='ELECTABLE'}, Tag{name='provider', value='AWS'}, Tag{name='region', value='EU_WEST_3'}, Tag{name='workloadType', value='OPERATIONAL'}]}, roundTripTime=387.8 ms, state=CONNECTED}, {address=ac-o2suyf6-shard-00-01.7qtbnuz.mongodb.net:27017, type=REPLICA_SET_SECONDARY, TagSet{[Tag{name='nodeType', value='ELECTABLE'}, Tag{name='provider', value='AWS'}, Tag{name='region', value='EU_WEST_3'}, Tag{name='workloadType', value='OPERATIONAL'}]}, roundTripTime=384.7 ms, state=CONNECTED}]
17:16:57.904 [cluster-ClusterId{value='63dfd66e1070f8213392bf10', description='null'}-ac-o2suyf6-shard-00-01.7qtbnuz.mongodb.net:27017] DEBUG org.mongodb.driver.cluster - Checking status of ac-o2suyf6-shard-00-01.7qtbnuz.mongodb.net:27017
17:16:57.904 [cluster-ClusterId{value='63dfd66e1070f8213392bf10', description='null'}-ac-o2suyf6-shard-00-00.7qtbnuz.mongodb.net:27017] DEBUG org.mongodb.driver.cluster - Updating cluster description to  {type=REPLICA_SET, servers=[{address=ac-o2suyf6-shard-00-00.7qtbnuz.mongodb.net:27017, type=REPLICA_SET_SECONDARY, TagSet{[Tag{name='nodeType', value='ELECTABLE'}, Tag{name='provider', value='AWS'}, Tag{name='region', value='EU_WEST_3'}, Tag{name='workloadType', value='OPERATIONAL'}]}, roundTripTime=382.4 ms, state=CONNECTED}, {address=ac-o2suyf6-shard-00-02.7qtbnuz.mongodb.net:27017, type=REPLICA_SET_PRIMARY, TagSet{[Tag{name='nodeType', value='ELECTABLE'}, Tag{name='provider', value='AWS'}, Tag{name='region', value='EU_WEST_3'}, Tag{name='workloadType', value='OPERATIONAL'}]}, roundTripTime=387.8 ms, state=CONNECTED}, {address=ac-o2suyf6-shard-00-01.7qtbnuz.mongodb.net:27017, type=REPLICA_SET_SECONDARY, TagSet{[Tag{name='nodeType', value='ELECTABLE'}, Tag{name='provider', value='AWS'}, Tag{name='region', value='EU_WEST_3'}, Tag{name='workloadType', value='OPERATIONAL'}]}, roundTripTime=384.7 ms, state=CONNECTED}]
17:16:57.904 [cluster-ClusterId{value='63dfd66e1070f8213392bf10', description='null'}-ac-o2suyf6-shard-00-00.7qtbnuz.mongodb.net:27017] DEBUG org.mongodb.driver.cluster - Checking status of ac-o2suyf6-shard-00-00.7qtbnuz.mongodb.net:27017
17:16:58.281 [Test worker] DEBUG io.mockk.impl.instantiation.AbstractMockFactory - Creating mockk for MaquinaRepositoryCached name=repoM#172
17:16:58.281 [Test worker] DEBUG io.mockk.impl.instantiation.AbstractMockFactory - Creating mockk for PedidoRepositoryCached name=repoPedido#173
17:16:58.281 [Test worker] DEBUG io.mockk.impl.instantiation.AbstractMockFactory - Creating mockk for ProductoRepositoryCached name=repoProd#174
17:16:58.282 [Test worker] DEBUG io.mockk.impl.instantiation.AbstractMockFactory - Creating mockk for TareaRepositoryCached name=repoTarea#175
17:16:58.283 [Test worker] DEBUG io.mockk.impl.instantiation.AbstractMockFactory - Creating mockk for TurnoRepositoryCached name=repoTurno#176
17:16:58.284 [Test worker] DEBUG io.mockk.impl.instantiation.AbstractMockFactory - Creating mockk for UserRepositoryCached name=repoUser#177
17:16:58.294 [Test worker @coroutine#155] DEBUG io.mockk.impl.instantiation.AbstractMockFactory - Creating mockk for Maquina name=child of repoM#172#178
17:16:58.298 [Test worker @coroutine#155] DEBUG io.mockk.impl.instantiation.AbstractMockFactory - Creating mockk for Maquina name=child of repoM#172#179
17:16:58.926 [Test worker] DEBUG io.mockk.impl.instantiation.AbstractMockFactory - Creating mockk for MaquinaRepositoryCached name=repoM#180
17:16:58.926 [Test worker] DEBUG io.mockk.impl.instantiation.AbstractMockFactory - Creating mockk for PedidoRepositoryCached name=repoPedido#181
17:16:58.926 [Test worker] DEBUG io.mockk.impl.instantiation.AbstractMockFactory - Creating mockk for ProductoRepositoryCached name=repoProd#182
17:16:58.927 [Test worker] DEBUG io.mockk.impl.instantiation.AbstractMockFactory - Creating mockk for TareaRepositoryCached name=repoTarea#183
17:16:58.927 [Test worker] DEBUG io.mockk.impl.instantiation.AbstractMockFactory - Creating mockk for TurnoRepositoryCached name=repoTurno#184
17:16:58.927 [Test worker] DEBUG io.mockk.impl.instantiation.AbstractMockFactory - Creating mockk for UserRepositoryCached name=repoUser#185
17:16:58.934 [Test worker @coroutine#163] DEBUG io.mockk.impl.instantiation.AbstractMockFactory - Creating mockk for Maquina name=child of repoM#180#186
17:16:58.939 [Test worker @coroutine#163] DEBUG io.mockk.impl.instantiation.AbstractMockFactory - Creating mockk for Maquina name=child of repoM#180#187
17:16:58.942 [DefaultDispatcher-worker-3 @coroutine#168] DEBUG io.mockk.impl.recording.states.AnsweringState - Answering Maquina(id=63dfd67a1070f8213392bf90, uuid=93a98d69-0008-48a7-b34f-05b596ea83bb, modelo=RTX-3080TI, marca=Nvidia, fechaAdquisicion=2022-11-10, numeroSerie=123456789X, tipo=PERSONALIZADORA, activa=true, isManual=null, maxTension=null, minTension=null, measuresManeuverability=true, measuresRigidity=false, measuresBalance=true) on MaquinaRepositoryCached(repoM#180).findByUUID(93a98d69-0008-48a7-b34f-05b596ea83bb, continuation {})
17:16:58.943 [DefaultDispatcher-worker-3 @coroutine#168] DEBUG io.mockk.impl.recording.states.AnsweringState - Answering Maquina(id=63dfd67a1070f8213392bf90, uuid=93a98d69-0008-48a7-b34f-05b596ea83bb, modelo=RTX-3080TI, marca=Nvidia, fechaAdquisicion=2022-11-10, numeroSerie=123456789X, tipo=PERSONALIZADORA, activa=true, isManual=null, maxTension=null, minTension=null, measuresManeuverability=true, measuresRigidity=false, measuresBalance=true) on MaquinaRepositoryCached(repoM#180).setInactive(63dfd67a1070f8213392bf90, continuation {})
17:16:59.553 [Test worker] DEBUG io.mockk.impl.instantiation.AbstractMockFactory - Creating mockk for MaquinaRepositoryCached name=repoM#188
17:16:59.553 [Test worker] DEBUG io.mockk.impl.instantiation.AbstractMockFactory - Creating mockk for PedidoRepositoryCached name=repoPedido#189
17:16:59.554 [Test worker] DEBUG io.mockk.impl.instantiation.AbstractMockFactory - Creating mockk for ProductoRepositoryCached name=repoProd#190
17:16:59.554 [Test worker] DEBUG io.mockk.impl.instantiation.AbstractMockFactory - Creating mockk for TareaRepositoryCached name=repoTarea#191
17:16:59.554 [Test worker] DEBUG io.mockk.impl.instantiation.AbstractMockFactory - Creating mockk for TurnoRepositoryCached name=repoTurno#192
17:16:59.554 [Test worker] DEBUG io.mockk.impl.instantiation.AbstractMockFactory - Creating mockk for UserRepositoryCached name=repoUser#193
17:16:59.561 [Test worker @coroutine#171] DEBUG io.mockk.impl.instantiation.AbstractMockFactory - Creating mockk for Tarea name=child of repoTarea#191#194
17:16:59.562 [Test worker @coroutine#171] DEBUG io.mockk.impl.instantiation.AbstractMockFactory - Creating mockk for Tarea name=child of repoTarea#191#195
17:16:59.566 [DefaultDispatcher-worker-3 @coroutine#176] DEBUG io.mockk.impl.recording.states.AnsweringState - Answering Tarea(id=63dfd67b1070f8213392bf99, uuid=93a98d69-0013-48a7-b34f-05b596ea83cc, raquetaId=93a98d69-0001-48a7-b34f-05b596ea83ba, precio=36.4, tipo=PERSONALIZACION, finalizada=true, pedidoId=93a98d69-0010-48a7-b34f-05b596ea8acc, productoAdquiridoId=93a98d69-0004-48a7-b34f-05b596ea83aa, peso=10, balance=2.0, rigidez=5, tensionHorizontal=null, cordajeHorizontalId=null, tensionVertical=null, cordajeVerticalId=null, dosNudos=null) on TareaRepositoryCached(repoTarea#191).findByUUID(93a98d69-0013-48a7-b34f-05b596ea83cc, continuation {})
17:16:59.566 [DefaultDispatcher-worker-3 @coroutine#176] DEBUG io.mockk.impl.recording.states.AnsweringState - Answering null on TareaRepositoryCached(repoTarea#191).delete(63dfd67b1070f8213392bf99, continuation {})
17:17:00.168 [Test worker] DEBUG io.mockk.impl.instantiation.AbstractMockFactory - Creating mockk for MaquinaRepositoryCached name=repoM#196
17:17:00.169 [Test worker] DEBUG io.mockk.impl.instantiation.AbstractMockFactory - Creating mockk for PedidoRepositoryCached name=repoPedido#197
17:17:00.170 [Test worker] DEBUG io.mockk.impl.instantiation.AbstractMockFactory - Creating mockk for ProductoRepositoryCached name=repoProd#198
17:17:00.170 [Test worker] DEBUG io.mockk.impl.instantiation.AbstractMockFactory - Creating mockk for TareaRepositoryCached name=repoTarea#199
17:17:00.170 [Test worker] DEBUG io.mockk.impl.instantiation.AbstractMockFactory - Creating mockk for TurnoRepositoryCached name=repoTurno#200
17:17:00.171 [Test worker] DEBUG io.mockk.impl.instantiation.AbstractMockFactory - Creating mockk for UserRepositoryCached name=repoUser#201
17:17:00.176 [Test worker @coroutine#179] DEBUG io.mockk.impl.instantiation.AbstractMockFactory - Creating mockk for Flow name=child of repoTarea#199#202
17:17:00.180 [DefaultDispatcher-worker-3 @coroutine#182] DEBUG io.mockk.impl.recording.states.AnsweringState - Answering kotlinx.coroutines.flow.FlowKt__BuildersKt$flowOf$$inlined$unsafeFlow$2@6399ec85 on TareaRepositoryCached(repoTarea#199).findAll(continuation {})
17:17:00.180 [DefaultDispatcher-worker-3 @coroutine#182] DEBUG koin.repositories.producto.ProductoRepository - findByUUID(93a98d69-0001-48a7-b34f-05b596ea83ba)
17:17:00.181 [AsyncGetter-5-thread-1] DEBUG org.mongodb.driver.protocol.command - Sending command '{"find": "producto", "filter": {}, "batchSize": 64, "$db": "practica03mongoIvanLoli", "$clusterTime": {"clusterTime": {"$timestamp": {"t": 1675613816, "i": 3}}, "signature": {"hash": {"$binary": {"base64": "ht5RLo82PARNCx7gjyC0XCi4mLU=", "subType": "00"}}, "keyId": 7161871216054108163}}, "lsid": {"id": {"$binary": {"base64": "roMpFL3PQPawB+PlCM6O3Q==", "subType": "04"}}}}' with request id 19 to database practica03mongoIvanLoli on connection [connectionId{localValue:7, serverValue:175676}] to server ac-o2suyf6-shard-00-02.7qtbnuz.mongodb.net:27017
17:17:00.221 [async-channel-group-0-handler-executor] DEBUG org.mongodb.driver.protocol.command - Execution of command with request id 19 completed successfully in 40.31 ms on connection [connectionId{localValue:7, serverValue:175676}] to server ac-o2suyf6-shard-00-02.7qtbnuz.mongodb.net:27017
17:17:00.223 [async-channel-group-0-handler-executor] DEBUG org.mongodb.driver.operation - Received batch of 4 documents with cursorId 0 from server ac-o2suyf6-shard-00-02.7qtbnuz.mongodb.net:27017
17:17:00.947 [Test worker] DEBUG io.mockk.impl.instantiation.AbstractMockFactory - Creating mockk for MaquinaRepositoryCached name=repoM#203
17:17:00.947 [Test worker] DEBUG io.mockk.impl.instantiation.AbstractMockFactory - Creating mockk for PedidoRepositoryCached name=repoPedido#204
17:17:00.949 [Test worker] DEBUG io.mockk.impl.instantiation.AbstractMockFactory - Creating mockk for ProductoRepositoryCached name=repoProd#205
17:17:00.949 [Test worker] DEBUG io.mockk.impl.instantiation.AbstractMockFactory - Creating mockk for TareaRepositoryCached name=repoTarea#206
17:17:00.949 [Test worker] DEBUG io.mockk.impl.instantiation.AbstractMockFactory - Creating mockk for TurnoRepositoryCached name=repoTurno#207
17:17:00.950 [Test worker] DEBUG io.mockk.impl.instantiation.AbstractMockFactory - Creating mockk for UserRepositoryCached name=repoUser#208
17:17:00.961 [Test worker @coroutine#185] DEBUG io.mockk.impl.instantiation.AbstractMockFactory - Creating mockk for Flow name=child of repoPedido#204#209
17:17:00.965 [DefaultDispatcher-worker-3 @coroutine#188] DEBUG io.mockk.impl.recording.states.AnsweringState - Answering kotlinx.coroutines.flow.FlowKt__BuildersKt$flowOf$$inlined$unsafeFlow$1@76fabc70 on PedidoRepositoryCached(repoPedido#204).findAll(continuation {})
17:17:01.649 [Test worker] DEBUG io.mockk.impl.instantiation.AbstractMockFactory - Creating mockk for MaquinaRepositoryCached name=repoM#210
17:17:01.650 [Test worker] DEBUG io.mockk.impl.instantiation.AbstractMockFactory - Creating mockk for PedidoRepositoryCached name=repoPedido#211
17:17:01.651 [Test worker] DEBUG io.mockk.impl.instantiation.AbstractMockFactory - Creating mockk for ProductoRepositoryCached name=repoProd#212
17:17:01.653 [Test worker] DEBUG io.mockk.impl.instantiation.AbstractMockFactory - Creating mockk for TareaRepositoryCached name=repoTarea#213
17:17:01.655 [Test worker] DEBUG io.mockk.impl.instantiation.AbstractMockFactory - Creating mockk for TurnoRepositoryCached name=repoTurno#214
17:17:01.655 [Test worker] DEBUG io.mockk.impl.instantiation.AbstractMockFactory - Creating mockk for UserRepositoryCached name=repoUser#215
17:17:01.662 [Test worker @coroutine#191] DEBUG io.mockk.impl.instantiation.AbstractMockFactory - Creating mockk for Turno name=child of repoTurno#214#216
17:17:01.664 [Test worker @coroutine#191] DEBUG io.mockk.impl.instantiation.AbstractMockFactory - Creating mockk for Turno name=child of repoTurno#214#217
17:17:01.669 [DefaultDispatcher-worker-3 @coroutine#196] DEBUG io.mockk.impl.recording.states.AnsweringState - Answering Turno(id=63dfd67d1070f8213392bfb9, uuid=93a98d69-0019-48a7-b34f-05b596ea8abc, workerId=93a98d69-0007-48a7-b34f-05b596ea839c, maquinaId=93a98d69-0008-48a7-b34f-05b596ea83bb, horaInicio=2002-10-14T10:09, horaFin=2002-10-14T16:49, numPedidosActivos=2, tarea1Id=93a98d69-0013-48a7-b34f-05b596ea83cc, tarea2Id=null, finalizado=false) on TurnoRepositoryCached(repoTurno#214).findByUUID(93a98d69-0019-48a7-b34f-05b596ea8abc, continuation {})
17:17:01.670 [DefaultDispatcher-worker-3 @coroutine#196] DEBUG io.mockk.impl.recording.states.AnsweringState - Answering Turno(id=63dfd67d1070f8213392bfb9, uuid=93a98d69-0019-48a7-b34f-05b596ea8abc, workerId=93a98d69-0007-48a7-b34f-05b596ea839c, maquinaId=93a98d69-0008-48a7-b34f-05b596ea83bb, horaInicio=2002-10-14T10:09, horaFin=2002-10-14T16:49, numPedidosActivos=2, tarea1Id=93a98d69-0013-48a7-b34f-05b596ea83cc, tarea2Id=null, finalizado=false) on TurnoRepositoryCached(repoTurno#214).setFinalizado(63dfd67d1070f8213392bfb9, continuation {})
17:17:01.675 [DefaultDispatcher-worker-3 @coroutine#196] DEBUG koin.repositories.user.UserRepository - findByUUID(93a98d69-0007-48a7-b34f-05b596ea839c)
17:17:01.676 [AsyncGetter-5-thread-1] DEBUG org.mongodb.driver.protocol.command - Sending command '{"find": "user", "filter": {}, "batchSize": 64, "$db": "practica03mongoIvanLoli", "$clusterTime": {"clusterTime": {"$timestamp": {"t": 1675613818, "i": 5}}, "signature": {"hash": {"$binary": {"base64": "mDmus/8xgIn3IfVKAQsUlW74Cts=", "subType": "00"}}, "keyId": 7161871216054108163}}, "lsid": {"id": {"$binary": {"base64": "roMpFL3PQPawB+PlCM6O3Q==", "subType": "04"}}}}' with request id 20 to database practica03mongoIvanLoli on connection [connectionId{localValue:7, serverValue:175676}] to server ac-o2suyf6-shard-00-02.7qtbnuz.mongodb.net:27017
17:17:01.716 [async-channel-group-0-handler-executor] DEBUG org.mongodb.driver.protocol.command - Execution of command with request id 20 completed successfully in 40.23 ms on connection [connectionId{localValue:7, serverValue:175676}] to server ac-o2suyf6-shard-00-02.7qtbnuz.mongodb.net:27017
17:17:01.719 [async-channel-group-0-handler-executor] DEBUG org.mongodb.driver.operation - Received batch of 3 documents with cursorId 0 from server ac-o2suyf6-shard-00-02.7qtbnuz.mongodb.net:27017
17:17:01.727 [DefaultDispatcher-worker-3 @coroutine#196] DEBUG koin.repositories.maquina.MaquinaRepository - findByUUID(93a98d69-0008-48a7-b34f-05b596ea83bb)
17:17:01.731 [AsyncGetter-5-thread-1] DEBUG org.mongodb.driver.protocol.command - Sending command '{"find": "maquina", "filter": {}, "batchSize": 64, "$db": "practica03mongoIvanLoli", "$clusterTime": {"clusterTime": {"$timestamp": {"t": 1675613820, "i": 1}}, "signature": {"hash": {"$binary": {"base64": "7qd2DB30apj0dq+dtp6Yl26dyDs=", "subType": "00"}}, "keyId": 7161871216054108163}}, "lsid": {"id": {"$binary": {"base64": "roMpFL3PQPawB+PlCM6O3Q==", "subType": "04"}}}}' with request id 21 to database practica03mongoIvanLoli on connection [connectionId{localValue:7, serverValue:175676}] to server ac-o2suyf6-shard-00-02.7qtbnuz.mongodb.net:27017
17:17:01.771 [async-channel-group-0-handler-executor] DEBUG org.mongodb.driver.protocol.command - Execution of command with request id 21 completed successfully in 40.23 ms on connection [connectionId{localValue:7, serverValue:175676}] to server ac-o2suyf6-shard-00-02.7qtbnuz.mongodb.net:27017
17:17:01.799 [async-channel-group-0-handler-executor] DEBUG org.mongodb.driver.operation - Received batch of 2 documents with cursorId 0 from server ac-o2suyf6-shard-00-02.7qtbnuz.mongodb.net:27017
17:17:01.807 [DefaultDispatcher-worker-3 @coroutine#196] DEBUG koin.repositories.tarea.TareaRepository - findByUUID(93a98d69-0013-48a7-b34f-05b596ea83cc)
17:17:01.812 [AsyncGetter-5-thread-1] DEBUG org.mongodb.driver.protocol.command - Sending command '{"find": "tarea", "filter": {}, "batchSize": 64, "$db": "practica03mongoIvanLoli", "$clusterTime": {"clusterTime": {"$timestamp": {"t": 1675613820, "i": 1}}, "signature": {"hash": {"$binary": {"base64": "7qd2DB30apj0dq+dtp6Yl26dyDs=", "subType": "00"}}, "keyId": 7161871216054108163}}, "lsid": {"id": {"$binary": {"base64": "roMpFL3PQPawB+PlCM6O3Q==", "subType": "04"}}}}' with request id 22 to database practica03mongoIvanLoli on connection [connectionId{localValue:7, serverValue:175676}] to server ac-o2suyf6-shard-00-02.7qtbnuz.mongodb.net:27017
17:17:01.848 [async-channel-group-0-handler-executor] DEBUG org.mongodb.driver.protocol.command - Execution of command with request id 22 completed successfully in 36.18 ms on connection [connectionId{localValue:7, serverValue:175676}] to server ac-o2suyf6-shard-00-02.7qtbnuz.mongodb.net:27017
17:17:01.852 [async-channel-group-0-handler-executor] DEBUG org.mongodb.driver.operation - Received batch of 6 documents with cursorId 0 from server ac-o2suyf6-shard-00-02.7qtbnuz.mongodb.net:27017
17:17:02.578 [Test worker] DEBUG io.mockk.impl.instantiation.AbstractMockFactory - Creating mockk for MaquinaRepositoryCached name=repoM#218
17:17:02.579 [Test worker] DEBUG io.mockk.impl.instantiation.AbstractMockFactory - Creating mockk for PedidoRepositoryCached name=repoPedido#219
17:17:02.579 [Test worker] DEBUG io.mockk.impl.instantiation.AbstractMockFactory - Creating mockk for ProductoRepositoryCached name=repoProd#220
17:17:02.580 [Test worker] DEBUG io.mockk.impl.instantiation.AbstractMockFactory - Creating mockk for TareaRepositoryCached name=repoTarea#221
17:17:02.580 [Test worker] DEBUG io.mockk.impl.instantiation.AbstractMockFactory - Creating mockk for TurnoRepositoryCached name=repoTurno#222
17:17:02.581 [Test worker] DEBUG io.mockk.impl.instantiation.AbstractMockFactory - Creating mockk for UserRepositoryCached name=repoUser#223
17:17:02.592 [Test worker @coroutine#199] DEBUG io.mockk.impl.instantiation.AbstractMockFactory - Creating mockk for Flow name=child of repoProd#220#224
17:17:02.596 [DefaultDispatcher-worker-3 @coroutine#202] DEBUG io.mockk.impl.recording.states.AnsweringState - Answering kotlinx.coroutines.flow.FlowKt__BuildersKt$flowOf$$inlined$unsafeFlow$1@55cad558 on ProductoRepositoryCached(repoProd#220).findAll(continuation {})
17:17:03.304 [Test worker] DEBUG io.mockk.impl.instantiation.AbstractMockFactory - Creating mockk for MaquinaRepositoryCached name=repoM#225
17:17:03.304 [Test worker] DEBUG io.mockk.impl.instantiation.AbstractMockFactory - Creating mockk for PedidoRepositoryCached name=repoPedido#226
17:17:03.304 [Test worker] DEBUG io.mockk.impl.instantiation.AbstractMockFactory - Creating mockk for ProductoRepositoryCached name=repoProd#227
17:17:03.305 [Test worker] DEBUG io.mockk.impl.instantiation.AbstractMockFactory - Creating mockk for TareaRepositoryCached name=repoTarea#228
17:17:03.305 [Test worker] DEBUG io.mockk.impl.instantiation.AbstractMockFactory - Creating mockk for TurnoRepositoryCached name=repoTurno#229
17:17:03.305 [Test worker] DEBUG io.mockk.impl.instantiation.AbstractMockFactory - Creating mockk for UserRepositoryCached name=repoUser#230
17:17:03.311 [Test worker @coroutine#205] DEBUG io.mockk.impl.instantiation.AbstractMockFactory - Creating mockk for Flow name=child of repoPedido#226#231
17:17:03.314 [DefaultDispatcher-worker-3 @coroutine#208] DEBUG io.mockk.impl.recording.states.AnsweringState - Answering kotlinx.coroutines.flow.FlowKt__BuildersKt$flowOf$$inlined$unsafeFlow$2@193c1185 on PedidoRepositoryCached(repoPedido#226).findAll(continuation {})
17:17:03.315 [DefaultDispatcher-worker-3 @coroutine#208] DEBUG koin.repositories.tarea.TareaRepository - findAll()
17:17:03.317 [AsyncGetter-5-thread-1] DEBUG org.mongodb.driver.protocol.command - Sending command '{"find": "tarea", "filter": {}, "batchSize": 64, "$db": "practica03mongoIvanLoli", "$clusterTime": {"clusterTime": {"$timestamp": {"t": 1675613820, "i": 2}}, "signature": {"hash": {"$binary": {"base64": "7qd2DB30apj0dq+dtp6Yl26dyDs=", "subType": "00"}}, "keyId": 7161871216054108163}}, "lsid": {"id": {"$binary": {"base64": "roMpFL3PQPawB+PlCM6O3Q==", "subType": "04"}}}}' with request id 23 to database practica03mongoIvanLoli on connection [connectionId{localValue:7, serverValue:175676}] to server ac-o2suyf6-shard-00-02.7qtbnuz.mongodb.net:27017
17:17:03.357 [async-channel-group-0-handler-executor] DEBUG org.mongodb.driver.protocol.command - Execution of command with request id 23 completed successfully in 40.27 ms on connection [connectionId{localValue:7, serverValue:175676}] to server ac-o2suyf6-shard-00-02.7qtbnuz.mongodb.net:27017
17:17:03.359 [async-channel-group-0-handler-executor] DEBUG org.mongodb.driver.operation - Received batch of 6 documents with cursorId 0 from server ac-o2suyf6-shard-00-02.7qtbnuz.mongodb.net:27017
17:17:03.359 [DefaultDispatcher-worker-3 @coroutine#208] DEBUG koin.repositories.user.UserRepository - findByUUID(93a98d69-0006-48a7-b34f-05b596ea839a)
17:17:03.361 [AsyncGetter-5-thread-1] DEBUG org.mongodb.driver.protocol.command - Sending command '{"find": "user", "filter": {}, "batchSize": 64, "$db": "practica03mongoIvanLoli", "$clusterTime": {"clusterTime": {"$timestamp": {"t": 1675613822, "i": 1}}, "signature": {"hash": {"$binary": {"base64": "tqKN8204ekOK15Pdqtp0ltpmEoU=", "subType": "00"}}, "keyId": 7161871216054108163}}, "lsid": {"id": {"$binary": {"base64": "roMpFL3PQPawB+PlCM6O3Q==", "subType": "04"}}}}' with request id 24 to database practica03mongoIvanLoli on connection [connectionId{localValue:7, serverValue:175676}] to server ac-o2suyf6-shard-00-02.7qtbnuz.mongodb.net:27017
17:17:03.410 [async-channel-group-0-handler-executor] DEBUG org.mongodb.driver.protocol.command - Execution of command with request id 24 completed successfully in 49.77 ms on connection [connectionId{localValue:7, serverValue:175676}] to server ac-o2suyf6-shard-00-02.7qtbnuz.mongodb.net:27017
17:17:03.411 [async-channel-group-0-handler-executor] DEBUG org.mongodb.driver.operation - Received batch of 3 documents with cursorId 0 from server ac-o2suyf6-shard-00-02.7qtbnuz.mongodb.net:27017
17:17:04.093 [Test worker] DEBUG io.mockk.impl.instantiation.AbstractMockFactory - Creating mockk for MaquinaRepositoryCached name=repoM#232
17:17:04.093 [Test worker] DEBUG io.mockk.impl.instantiation.AbstractMockFactory - Creating mockk for PedidoRepositoryCached name=repoPedido#233
17:17:04.093 [Test worker] DEBUG io.mockk.impl.instantiation.AbstractMockFactory - Creating mockk for ProductoRepositoryCached name=repoProd#234
17:17:04.094 [Test worker] DEBUG io.mockk.impl.instantiation.AbstractMockFactory - Creating mockk for TareaRepositoryCached name=repoTarea#235
17:17:04.094 [Test worker] DEBUG io.mockk.impl.instantiation.AbstractMockFactory - Creating mockk for TurnoRepositoryCached name=repoTurno#236
17:17:04.094 [Test worker] DEBUG io.mockk.impl.instantiation.AbstractMockFactory - Creating mockk for UserRepositoryCached name=repoUser#237
17:17:04.099 [Test worker @coroutine#211] DEBUG io.mockk.impl.instantiation.AbstractMockFactory - Creating mockk for User name=child of repoUser#237#238
17:17:04.104 [DefaultDispatcher-worker-3 @coroutine#214] DEBUG io.mockk.impl.recording.states.AnsweringState - Answering null on UserRepositoryCached(repoUser#237).findByUUID(2c4009b7-f02d-4146-99e0-32b3478e85e8, continuation {})
17:17:04.754 [Test worker] DEBUG io.mockk.impl.instantiation.AbstractMockFactory - Creating mockk for MaquinaRepositoryCached name=repoM#239
17:17:04.754 [Test worker] DEBUG io.mockk.impl.instantiation.AbstractMockFactory - Creating mockk for PedidoRepositoryCached name=repoPedido#240
17:17:04.754 [Test worker] DEBUG io.mockk.impl.instantiation.AbstractMockFactory - Creating mockk for ProductoRepositoryCached name=repoProd#241
17:17:04.754 [Test worker] DEBUG io.mockk.impl.instantiation.AbstractMockFactory - Creating mockk for TareaRepositoryCached name=repoTarea#242
17:17:04.755 [Test worker] DEBUG io.mockk.impl.instantiation.AbstractMockFactory - Creating mockk for TurnoRepositoryCached name=repoTurno#243
17:17:04.755 [Test worker] DEBUG io.mockk.impl.instantiation.AbstractMockFactory - Creating mockk for UserRepositoryCached name=repoUser#244
17:17:04.761 [Test worker @coroutine#217] DEBUG io.mockk.impl.instantiation.AbstractMockFactory - Creating mockk for Tarea name=child of repoTarea#242#245
17:17:04.764 [DefaultDispatcher-worker-3 @coroutine#220] DEBUG io.mockk.impl.recording.states.AnsweringState - Answering Tarea(id=63dfd6801070f8213392bfdf, uuid=93a98d69-0013-48a7-b34f-05b596ea83cc, raquetaId=93a98d69-0001-48a7-b34f-05b596ea83ba, precio=36.4, tipo=PERSONALIZACION, finalizada=true, pedidoId=93a98d69-0010-48a7-b34f-05b596ea8acc, productoAdquiridoId=93a98d69-0004-48a7-b34f-05b596ea83aa, peso=10, balance=2.0, rigidez=5, tensionHorizontal=null, cordajeHorizontalId=null, tensionVertical=null, cordajeVerticalId=null, dosNudos=null) on TareaRepositoryCached(repoTarea#242).findByUUID(93a98d69-0013-48a7-b34f-05b596ea83cc, continuation {})
17:17:04.765 [DefaultDispatcher-worker-3 @coroutine#220] DEBUG koin.repositories.producto.ProductoRepository - findByUUID(93a98d69-0001-48a7-b34f-05b596ea83ba)
17:17:04.766 [AsyncGetter-5-thread-1] DEBUG org.mongodb.driver.protocol.command - Sending command '{"find": "producto", "filter": {}, "batchSize": 64, "$db": "practica03mongoIvanLoli", "$clusterTime": {"clusterTime": {"$timestamp": {"t": 1675613822, "i": 1}}, "signature": {"hash": {"$binary": {"base64": "tqKN8204ekOK15Pdqtp0ltpmEoU=", "subType": "00"}}, "keyId": 7161871216054108163}}, "lsid": {"id": {"$binary": {"base64": "roMpFL3PQPawB+PlCM6O3Q==", "subType": "04"}}}}' with request id 25 to database practica03mongoIvanLoli on connection [connectionId{localValue:7, serverValue:175676}] to server ac-o2suyf6-shard-00-02.7qtbnuz.mongodb.net:27017
17:17:04.803 [async-channel-group-0-handler-executor] DEBUG org.mongodb.driver.protocol.command - Execution of command with request id 25 completed successfully in 37.14 ms on connection [connectionId{localValue:7, serverValue:175676}] to server ac-o2suyf6-shard-00-02.7qtbnuz.mongodb.net:27017
17:17:04.804 [async-channel-group-0-handler-executor] DEBUG org.mongodb.driver.operation - Received batch of 4 documents with cursorId 0 from server ac-o2suyf6-shard-00-02.7qtbnuz.mongodb.net:27017
17:17:05.426 [Test worker] DEBUG io.mockk.impl.instantiation.AbstractMockFactory - Creating mockk for MaquinaRepositoryCached name=repoM#246
17:17:05.426 [Test worker] DEBUG io.mockk.impl.instantiation.AbstractMockFactory - Creating mockk for PedidoRepositoryCached name=repoPedido#247
17:17:05.427 [Test worker] DEBUG io.mockk.impl.instantiation.AbstractMockFactory - Creating mockk for ProductoRepositoryCached name=repoProd#248
17:17:05.427 [Test worker] DEBUG io.mockk.impl.instantiation.AbstractMockFactory - Creating mockk for TareaRepositoryCached name=repoTarea#249
17:17:05.427 [Test worker] DEBUG io.mockk.impl.instantiation.AbstractMockFactory - Creating mockk for TurnoRepositoryCached name=repoTurno#250
17:17:05.427 [Test worker] DEBUG io.mockk.impl.instantiation.AbstractMockFactory - Creating mockk for UserRepositoryCached name=repoUser#251
17:17:05.432 [Test worker @coroutine#223] DEBUG io.mockk.impl.instantiation.AbstractMockFactory - Creating mockk for Producto name=child of repoProd#248#252
17:17:05.436 [Test worker @coroutine#223] DEBUG io.mockk.impl.instantiation.AbstractMockFactory - Creating mockk for Producto name=child of repoProd#248#253
17:17:06.064 [Test worker] DEBUG io.mockk.impl.instantiation.AbstractMockFactory - Creating mockk for MaquinaRepositoryCached name=repoM#254
17:17:06.065 [Test worker] DEBUG io.mockk.impl.instantiation.AbstractMockFactory - Creating mockk for PedidoRepositoryCached name=repoPedido#255
17:17:06.065 [Test worker] DEBUG io.mockk.impl.instantiation.AbstractMockFactory - Creating mockk for ProductoRepositoryCached name=repoProd#256
17:17:06.065 [Test worker] DEBUG io.mockk.impl.instantiation.AbstractMockFactory - Creating mockk for TareaRepositoryCached name=repoTarea#257
17:17:06.066 [Test worker] DEBUG io.mockk.impl.instantiation.AbstractMockFactory - Creating mockk for TurnoRepositoryCached name=repoTurno#258
17:17:06.066 [Test worker] DEBUG io.mockk.impl.instantiation.AbstractMockFactory - Creating mockk for UserRepositoryCached name=repoUser#259
17:17:06.074 [Test worker @coroutine#231] DEBUG io.mockk.impl.instantiation.AbstractMockFactory - Creating mockk for Tarea name=child of repoTarea#257#260
17:17:06.077 [Test worker @coroutine#231] DEBUG io.mockk.impl.instantiation.AbstractMockFactory - Creating mockk for Tarea name=child of repoTarea#257#261
17:17:06.081 [DefaultDispatcher-worker-3 @coroutine#236] DEBUG io.mockk.impl.recording.states.AnsweringState - Answering Tarea(id=63dfd6821070f8213392bff3, uuid=93a98d69-0013-48a7-b34f-05b596ea83cc, raquetaId=93a98d69-0001-48a7-b34f-05b596ea83ba, precio=36.4, tipo=PERSONALIZACION, finalizada=true, pedidoId=93a98d69-0010-48a7-b34f-05b596ea8acc, productoAdquiridoId=93a98d69-0004-48a7-b34f-05b596ea83aa, peso=10, balance=2.0, rigidez=5, tensionHorizontal=null, cordajeHorizontalId=null, tensionVertical=null, cordajeVerticalId=null, dosNudos=null) on TareaRepositoryCached(repoTarea#257).findByUUID(93a98d69-0013-48a7-b34f-05b596ea83cc, continuation {})
17:17:06.081 [DefaultDispatcher-worker-3 @coroutine#236] DEBUG io.mockk.impl.recording.states.AnsweringState - Answering null on TareaRepositoryCached(repoTarea#257).setFinalizada(63dfd6821070f8213392bff3, continuation {})
17:17:06.689 [Test worker] DEBUG io.mockk.impl.instantiation.AbstractMockFactory - Creating mockk for MaquinaRepositoryCached name=repoM#262
17:17:06.689 [Test worker] DEBUG io.mockk.impl.instantiation.AbstractMockFactory - Creating mockk for PedidoRepositoryCached name=repoPedido#263
17:17:06.690 [Test worker] DEBUG io.mockk.impl.instantiation.AbstractMockFactory - Creating mockk for ProductoRepositoryCached name=repoProd#264
17:17:06.690 [Test worker] DEBUG io.mockk.impl.instantiation.AbstractMockFactory - Creating mockk for TareaRepositoryCached name=repoTarea#265
17:17:06.690 [Test worker] DEBUG io.mockk.impl.instantiation.AbstractMockFactory - Creating mockk for TurnoRepositoryCached name=repoTurno#266
17:17:06.690 [Test worker] DEBUG io.mockk.impl.instantiation.AbstractMockFactory - Creating mockk for UserRepositoryCached name=repoUser#267
17:17:06.696 [Test worker @coroutine#239] DEBUG io.mockk.impl.instantiation.AbstractMockFactory - Creating mockk for Tarea name=child of repoTarea#265#268
17:17:06.697 [Test worker @coroutine#239] DEBUG io.mockk.impl.instantiation.AbstractMockFactory - Creating mockk for Tarea name=child of repoTarea#265#269
17:17:06.700 [DefaultDispatcher-worker-3 @coroutine#244] DEBUG io.mockk.impl.recording.states.AnsweringState - Answering Tarea(id=63dfd6821070f8213392bffd, uuid=93a98d69-0013-48a7-b34f-05b596ea83cc, raquetaId=93a98d69-0001-48a7-b34f-05b596ea83ba, precio=36.4, tipo=PERSONALIZACION, finalizada=true, pedidoId=93a98d69-0010-48a7-b34f-05b596ea8acc, productoAdquiridoId=93a98d69-0004-48a7-b34f-05b596ea83aa, peso=10, balance=2.0, rigidez=5, tensionHorizontal=null, cordajeHorizontalId=null, tensionVertical=null, cordajeVerticalId=null, dosNudos=null) on TareaRepositoryCached(repoTarea#265).findByUUID(93a98d69-0013-48a7-b34f-05b596ea83cc, continuation {})
17:17:06.702 [DefaultDispatcher-worker-3 @coroutine#244] DEBUG io.mockk.impl.recording.states.AnsweringState - Answering Tarea(id=63dfd6821070f8213392bffd, uuid=93a98d69-0013-48a7-b34f-05b596ea83cc, raquetaId=93a98d69-0001-48a7-b34f-05b596ea83ba, precio=36.4, tipo=PERSONALIZACION, finalizada=true, pedidoId=93a98d69-0010-48a7-b34f-05b596ea8acc, productoAdquiridoId=93a98d69-0004-48a7-b34f-05b596ea83aa, peso=10, balance=2.0, rigidez=5, tensionHorizontal=null, cordajeHorizontalId=null, tensionVertical=null, cordajeVerticalId=null, dosNudos=null) on TareaRepositoryCached(repoTarea#265).delete(63dfd6821070f8213392bffd, continuation {})
17:17:06.702 [DefaultDispatcher-worker-3 @coroutine#244] DEBUG koin.repositories.producto.ProductoRepository - findByUUID(93a98d69-0001-48a7-b34f-05b596ea83ba)
17:17:06.704 [AsyncGetter-5-thread-1] DEBUG org.mongodb.driver.protocol.command - Sending command '{"find": "producto", "filter": {}, "batchSize": 64, "$db": "practica03mongoIvanLoli", "$clusterTime": {"clusterTime": {"$timestamp": {"t": 1675613823, "i": 3}}, "signature": {"hash": {"$binary": {"base64": "/N7FX+WSXJRzqrK/cZkJhvBSGj4=", "subType": "00"}}, "keyId": 7161871216054108163}}, "lsid": {"id": {"$binary": {"base64": "roMpFL3PQPawB+PlCM6O3Q==", "subType": "04"}}}}' with request id 26 to database practica03mongoIvanLoli on connection [connectionId{localValue:7, serverValue:175676}] to server ac-o2suyf6-shard-00-02.7qtbnuz.mongodb.net:27017
17:17:06.741 [async-channel-group-0-handler-executor] DEBUG org.mongodb.driver.protocol.command - Execution of command with request id 26 completed successfully in 38.43 ms on connection [connectionId{localValue:7, serverValue:175676}] to server ac-o2suyf6-shard-00-02.7qtbnuz.mongodb.net:27017
17:17:06.742 [async-channel-group-0-handler-executor] DEBUG org.mongodb.driver.operation - Received batch of 4 documents with cursorId 0 from server ac-o2suyf6-shard-00-02.7qtbnuz.mongodb.net:27017
17:17:07.371 [Test worker] DEBUG io.mockk.impl.instantiation.AbstractMockFactory - Creating mockk for MaquinaRepositoryCached name=repoM#270
17:17:07.371 [Test worker] DEBUG io.mockk.impl.instantiation.AbstractMockFactory - Creating mockk for PedidoRepositoryCached name=repoPedido#271
17:17:07.372 [Test worker] DEBUG io.mockk.impl.instantiation.AbstractMockFactory - Creating mockk for ProductoRepositoryCached name=repoProd#272
17:17:07.372 [Test worker] DEBUG io.mockk.impl.instantiation.AbstractMockFactory - Creating mockk for TareaRepositoryCached name=repoTarea#273
17:17:07.372 [Test worker] DEBUG io.mockk.impl.instantiation.AbstractMockFactory - Creating mockk for TurnoRepositoryCached name=repoTurno#274
17:17:07.372 [Test worker] DEBUG io.mockk.impl.instantiation.AbstractMockFactory - Creating mockk for UserRepositoryCached name=repoUser#275
17:17:07.379 [Test worker @coroutine#247] DEBUG io.mockk.impl.instantiation.AbstractMockFactory - Creating mockk for Flow name=child of repoTarea#273#276
17:17:07.381 [DefaultDispatcher-worker-3 @coroutine#250] DEBUG io.mockk.impl.recording.states.AnsweringState - Answering kotlinx.coroutines.flow.FlowKt__BuildersKt$flowOf$$inlined$unsafeFlow$1@1ff70f7c on TareaRepositoryCached(repoTarea#273).findAll(continuation {})
17:17:07.761 [cluster-rtt-ClusterId{value='63dfd66e1070f8213392bf10', description='null'}-ac-o2suyf6-shard-00-00.7qtbnuz.mongodb.net:27017] DEBUG org.mongodb.driver.protocol.command - Sending command '{"hello": 1, "$db": "admin", "$clusterTime": {"clusterTime": {"$timestamp": {"t": 1675613825, "i": 3}}, "signature": {"hash": {"$binary": {"base64": "aJ2OrQbPbalo6XNQ3weHptVuUcE=", "subType": "00"}}, "keyId": 7161871216054108163}}}' with request id 28 to database admin on connection [connectionId{localValue:1, serverValue:176600}] to server ac-o2suyf6-shard-00-00.7qtbnuz.mongodb.net:27017
17:17:07.761 [cluster-rtt-ClusterId{value='63dfd66e1070f8213392bf10', description='null'}-ac-o2suyf6-shard-00-01.7qtbnuz.mongodb.net:27017] DEBUG org.mongodb.driver.protocol.command - Sending command '{"hello": 1, "$db": "admin", "$clusterTime": {"clusterTime": {"$timestamp": {"t": 1675613825, "i": 3}}, "signature": {"hash": {"$binary": {"base64": "aJ2OrQbPbalo6XNQ3weHptVuUcE=", "subType": "00"}}, "keyId": 7161871216054108163}}}' with request id 27 to database admin on connection [connectionId{localValue:3, serverValue:172264}] to server ac-o2suyf6-shard-00-01.7qtbnuz.mongodb.net:27017
17:17:07.777 [cluster-rtt-ClusterId{value='63dfd66e1070f8213392bf10', description='null'}-ac-o2suyf6-shard-00-02.7qtbnuz.mongodb.net:27017] DEBUG org.mongodb.driver.protocol.command - Sending command '{"hello": 1, "$db": "admin", "$clusterTime": {"clusterTime": {"$timestamp": {"t": 1675613825, "i": 3}}, "signature": {"hash": {"$binary": {"base64": "aJ2OrQbPbalo6XNQ3weHptVuUcE=", "subType": "00"}}, "keyId": 7161871216054108163}}}' with request id 29 to database admin on connection [connectionId{localValue:4, serverValue:175716}] to server ac-o2suyf6-shard-00-02.7qtbnuz.mongodb.net:27017
17:17:07.798 [cluster-rtt-ClusterId{value='63dfd66e1070f8213392bf10', description='null'}-ac-o2suyf6-shard-00-00.7qtbnuz.mongodb.net:27017] DEBUG org.mongodb.driver.protocol.command - Execution of command with request id 28 completed successfully in 37.82 ms on connection [connectionId{localValue:1, serverValue:176600}] to server ac-o2suyf6-shard-00-00.7qtbnuz.mongodb.net:27017
17:17:07.798 [cluster-rtt-ClusterId{value='63dfd66e1070f8213392bf10', description='null'}-ac-o2suyf6-shard-00-01.7qtbnuz.mongodb.net:27017] DEBUG org.mongodb.driver.protocol.command - Execution of command with request id 27 completed successfully in 37.83 ms on connection [connectionId{localValue:3, serverValue:172264}] to server ac-o2suyf6-shard-00-01.7qtbnuz.mongodb.net:27017
17:17:07.821 [cluster-rtt-ClusterId{value='63dfd66e1070f8213392bf10', description='null'}-ac-o2suyf6-shard-00-02.7qtbnuz.mongodb.net:27017] DEBUG org.mongodb.driver.protocol.command - Execution of command with request id 29 completed successfully in 45.60 ms on connection [connectionId{localValue:4, serverValue:175716}] to server ac-o2suyf6-shard-00-02.7qtbnuz.mongodb.net:27017
17:17:07.912 [cluster-ClusterId{value='63dfd66e1070f8213392bf10', description='null'}-ac-o2suyf6-shard-00-01.7qtbnuz.mongodb.net:27017] DEBUG org.mongodb.driver.cluster - Updating cluster description to  {type=REPLICA_SET, servers=[{address=ac-o2suyf6-shard-00-00.7qtbnuz.mongodb.net:27017, type=REPLICA_SET_SECONDARY, TagSet{[Tag{name='nodeType', value='ELECTABLE'}, Tag{name='provider', value='AWS'}, Tag{name='region', value='EU_WEST_3'}, Tag{name='workloadType', value='OPERATIONAL'}]}, roundTripTime=382.4 ms, state=CONNECTED}, {address=ac-o2suyf6-shard-00-02.7qtbnuz.mongodb.net:27017, type=REPLICA_SET_PRIMARY, TagSet{[Tag{name='nodeType', value='ELECTABLE'}, Tag{name='provider', value='AWS'}, Tag{name='region', value='EU_WEST_3'}, Tag{name='workloadType', value='OPERATIONAL'}]}, roundTripTime=387.8 ms, state=CONNECTED}, {address=ac-o2suyf6-shard-00-01.7qtbnuz.mongodb.net:27017, type=REPLICA_SET_SECONDARY, TagSet{[Tag{name='nodeType', value='ELECTABLE'}, Tag{name='provider', value='AWS'}, Tag{name='region', value='EU_WEST_3'}, Tag{name='workloadType', value='OPERATIONAL'}]}, roundTripTime=315.5 ms, state=CONNECTED}]
17:17:07.913 [cluster-ClusterId{value='63dfd66e1070f8213392bf10', description='null'}-ac-o2suyf6-shard-00-01.7qtbnuz.mongodb.net:27017] DEBUG org.mongodb.driver.cluster - Checking status of ac-o2suyf6-shard-00-01.7qtbnuz.mongodb.net:27017
17:17:07.913 [cluster-ClusterId{value='63dfd66e1070f8213392bf10', description='null'}-ac-o2suyf6-shard-00-02.7qtbnuz.mongodb.net:27017] DEBUG org.mongodb.driver.cluster - Updating cluster description to  {type=REPLICA_SET, servers=[{address=ac-o2suyf6-shard-00-00.7qtbnuz.mongodb.net:27017, type=REPLICA_SET_SECONDARY, TagSet{[Tag{name='nodeType', value='ELECTABLE'}, Tag{name='provider', value='AWS'}, Tag{name='region', value='EU_WEST_3'}, Tag{name='workloadType', value='OPERATIONAL'}]}, roundTripTime=382.4 ms, state=CONNECTED}, {address=ac-o2suyf6-shard-00-02.7qtbnuz.mongodb.net:27017, type=REPLICA_SET_PRIMARY, TagSet{[Tag{name='nodeType', value='ELECTABLE'}, Tag{name='provider', value='AWS'}, Tag{name='region', value='EU_WEST_3'}, Tag{name='workloadType', value='OPERATIONAL'}]}, roundTripTime=319.6 ms, state=CONNECTED}, {address=ac-o2suyf6-shard-00-01.7qtbnuz.mongodb.net:27017, type=REPLICA_SET_SECONDARY, TagSet{[Tag{name='nodeType', value='ELECTABLE'}, Tag{name='provider', value='AWS'}, Tag{name='region', value='EU_WEST_3'}, Tag{name='workloadType', value='OPERATIONAL'}]}, roundTripTime=315.5 ms, state=CONNECTED}]
17:17:07.913 [cluster-ClusterId{value='63dfd66e1070f8213392bf10', description='null'}-ac-o2suyf6-shard-00-02.7qtbnuz.mongodb.net:27017] DEBUG org.mongodb.driver.cluster - Checking status of ac-o2suyf6-shard-00-02.7qtbnuz.mongodb.net:27017
17:17:07.921 [cluster-ClusterId{value='63dfd66e1070f8213392bf10', description='null'}-ac-o2suyf6-shard-00-00.7qtbnuz.mongodb.net:27017] DEBUG org.mongodb.driver.cluster - Updating cluster description to  {type=REPLICA_SET, servers=[{address=ac-o2suyf6-shard-00-00.7qtbnuz.mongodb.net:27017, type=REPLICA_SET_SECONDARY, TagSet{[Tag{name='nodeType', value='ELECTABLE'}, Tag{name='provider', value='AWS'}, Tag{name='region', value='EU_WEST_3'}, Tag{name='workloadType', value='OPERATIONAL'}]}, roundTripTime=313.6 ms, state=CONNECTED}, {address=ac-o2suyf6-shard-00-02.7qtbnuz.mongodb.net:27017, type=REPLICA_SET_PRIMARY, TagSet{[Tag{name='nodeType', value='ELECTABLE'}, Tag{name='provider', value='AWS'}, Tag{name='region', value='EU_WEST_3'}, Tag{name='workloadType', value='OPERATIONAL'}]}, roundTripTime=319.6 ms, state=CONNECTED}, {address=ac-o2suyf6-shard-00-01.7qtbnuz.mongodb.net:27017, type=REPLICA_SET_SECONDARY, TagSet{[Tag{name='nodeType', value='ELECTABLE'}, Tag{name='provider', value='AWS'}, Tag{name='region', value='EU_WEST_3'}, Tag{name='workloadType', value='OPERATIONAL'}]}, roundTripTime=315.5 ms, state=CONNECTED}]
17:17:07.921 [cluster-ClusterId{value='63dfd66e1070f8213392bf10', description='null'}-ac-o2suyf6-shard-00-00.7qtbnuz.mongodb.net:27017] DEBUG org.mongodb.driver.cluster - Checking status of ac-o2suyf6-shard-00-00.7qtbnuz.mongodb.net:27017
17:17:08.010 [Test worker] DEBUG io.mockk.impl.instantiation.AbstractMockFactory - Creating mockk for MaquinaRepositoryCached name=repoM#277
17:17:08.010 [Test worker] DEBUG io.mockk.impl.instantiation.AbstractMockFactory - Creating mockk for PedidoRepositoryCached name=repoPedido#278
17:17:08.011 [Test worker] DEBUG io.mockk.impl.instantiation.AbstractMockFactory - Creating mockk for ProductoRepositoryCached name=repoProd#279
17:17:08.011 [Test worker] DEBUG io.mockk.impl.instantiation.AbstractMockFactory - Creating mockk for TareaRepositoryCached name=repoTarea#280
17:17:08.011 [Test worker] DEBUG io.mockk.impl.instantiation.AbstractMockFactory - Creating mockk for TurnoRepositoryCached name=repoTurno#281
17:17:08.011 [Test worker] DEBUG io.mockk.impl.instantiation.AbstractMockFactory - Creating mockk for UserRepositoryCached name=repoUser#282
17:17:08.016 [Test worker @coroutine#253] DEBUG io.mockk.impl.instantiation.AbstractMockFactory - Creating mockk for Pedido name=child of repoPedido#278#283
17:17:08.021 [Test worker @coroutine#253] DEBUG io.mockk.impl.instantiation.AbstractMockFactory - Creating mockk for Pedido name=child of repoPedido#278#284
17:17:08.641 [Test worker] DEBUG io.mockk.impl.instantiation.AbstractMockFactory - Creating mockk for MaquinaRepositoryCached name=repoM#285
17:17:08.641 [Test worker] DEBUG io.mockk.impl.instantiation.AbstractMockFactory - Creating mockk for PedidoRepositoryCached name=repoPedido#286
17:17:08.641 [Test worker] DEBUG io.mockk.impl.instantiation.AbstractMockFactory - Creating mockk for ProductoRepositoryCached name=repoProd#287
17:17:08.642 [Test worker] DEBUG io.mockk.impl.instantiation.AbstractMockFactory - Creating mockk for TareaRepositoryCached name=repoTarea#288
17:17:08.642 [Test worker] DEBUG io.mockk.impl.instantiation.AbstractMockFactory - Creating mockk for TurnoRepositoryCached name=repoTurno#289
17:17:08.642 [Test worker] DEBUG io.mockk.impl.instantiation.AbstractMockFactory - Creating mockk for UserRepositoryCached name=repoUser#290
17:17:08.647 [Test worker @coroutine#261] DEBUG io.mockk.impl.instantiation.AbstractMockFactory - Creating mockk for Turno name=child of repoTurno#289#291
17:17:08.649 [Test worker @coroutine#261] DEBUG io.mockk.impl.instantiation.AbstractMockFactory - Creating mockk for Turno name=child of repoTurno#289#292
17:17:08.653 [DefaultDispatcher-worker-3 @coroutine#266] DEBUG io.mockk.impl.recording.states.AnsweringState - Answering Turno(id=63dfd6841070f8213392c01d, uuid=93a98d69-0019-48a7-b34f-05b596ea8abc, workerId=93a98d69-0007-48a7-b34f-05b596ea839c, maquinaId=93a98d69-0008-48a7-b34f-05b596ea83bb, horaInicio=2002-10-14T10:09, horaFin=2002-10-14T16:49, numPedidosActivos=2, tarea1Id=93a98d69-0013-48a7-b34f-05b596ea83cc, tarea2Id=null, finalizado=false) on TurnoRepositoryCached(repoTurno#289).findByUUID(93a98d69-0019-48a7-b34f-05b596ea8abc, continuation {})
17:17:08.653 [DefaultDispatcher-worker-3 @coroutine#266] DEBUG io.mockk.impl.recording.states.AnsweringState - Answering null on TurnoRepositoryCached(repoTurno#289).setFinalizado(63dfd6841070f8213392c01d, continuation {})
17:17:09.283 [Test worker] DEBUG io.mockk.impl.instantiation.AbstractMockFactory - Creating mockk for MaquinaRepositoryCached name=repoM#293
17:17:09.284 [Test worker] DEBUG io.mockk.impl.instantiation.AbstractMockFactory - Creating mockk for PedidoRepositoryCached name=repoPedido#294
17:17:09.285 [Test worker] DEBUG io.mockk.impl.instantiation.AbstractMockFactory - Creating mockk for ProductoRepositoryCached name=repoProd#295
17:17:09.286 [Test worker] DEBUG io.mockk.impl.instantiation.AbstractMockFactory - Creating mockk for TareaRepositoryCached name=repoTarea#296
17:17:09.286 [Test worker] DEBUG io.mockk.impl.instantiation.AbstractMockFactory - Creating mockk for TurnoRepositoryCached name=repoTurno#297
17:17:09.287 [Test worker] DEBUG io.mockk.impl.instantiation.AbstractMockFactory - Creating mockk for UserRepositoryCached name=repoUser#298
17:17:09.294 [Test worker @coroutine#269] DEBUG io.mockk.impl.instantiation.AbstractMockFactory - Creating mockk for Pedido name=child of repoPedido#294#299
17:17:09.948 [Test worker] DEBUG io.mockk.impl.instantiation.AbstractMockFactory - Creating mockk for MaquinaRepositoryCached name=repoM#300
17:17:09.948 [Test worker] DEBUG io.mockk.impl.instantiation.AbstractMockFactory - Creating mockk for PedidoRepositoryCached name=repoPedido#301
17:17:09.948 [Test worker] DEBUG io.mockk.impl.instantiation.AbstractMockFactory - Creating mockk for ProductoRepositoryCached name=repoProd#302
17:17:09.949 [Test worker] DEBUG io.mockk.impl.instantiation.AbstractMockFactory - Creating mockk for TareaRepositoryCached name=repoTarea#303
17:17:09.949 [Test worker] DEBUG io.mockk.impl.instantiation.AbstractMockFactory - Creating mockk for TurnoRepositoryCached name=repoTurno#304
17:17:09.949 [Test worker] DEBUG io.mockk.impl.instantiation.AbstractMockFactory - Creating mockk for UserRepositoryCached name=repoUser#305
17:17:09.957 [Test worker @coroutine#273] DEBUG io.mockk.impl.instantiation.AbstractMockFactory - Creating mockk for Tarea name=child of repoTarea#303#306
17:17:09.959 [Test worker @coroutine#273] DEBUG io.mockk.impl.instantiation.AbstractMockFactory - Creating mockk for Tarea name=child of repoTarea#303#307
17:17:10.629 [Test worker] DEBUG io.mockk.impl.instantiation.AbstractMockFactory - Creating mockk for MaquinaRepositoryCached name=repoM#308
17:17:10.630 [Test worker] DEBUG io.mockk.impl.instantiation.AbstractMockFactory - Creating mockk for PedidoRepositoryCached name=repoPedido#309
17:17:10.630 [Test worker] DEBUG io.mockk.impl.instantiation.AbstractMockFactory - Creating mockk for ProductoRepositoryCached name=repoProd#310
17:17:10.630 [Test worker] DEBUG io.mockk.impl.instantiation.AbstractMockFactory - Creating mockk for TareaRepositoryCached name=repoTarea#311
17:17:10.630 [Test worker] DEBUG io.mockk.impl.instantiation.AbstractMockFactory - Creating mockk for TurnoRepositoryCached name=repoTurno#312
17:17:10.631 [Test worker] DEBUG io.mockk.impl.instantiation.AbstractMockFactory - Creating mockk for UserRepositoryCached name=repoUser#313
17:17:10.640 [Test worker @coroutine#281] DEBUG io.mockk.impl.instantiation.AbstractMockFactory - Creating mockk for User name=child of repoUser#313#314
17:17:10.644 [DefaultDispatcher-worker-3 @coroutine#285] DEBUG io.mockk.impl.recording.states.AnsweringState - Answering User(id=63dfd6861070f8213392c035, uuid=93a98d69-0006-48a7-b34f-05b596ea839a, nombre=Maria, apellido=Martinez, telefono=632120281, email=email2@email.com, password=contra, perfil=CLIENT, activo=true) on UserRepositoryCached(repoUser#313).findById(1, continuation {})
17:17:11.404 [Test worker] DEBUG io.mockk.impl.instantiation.AbstractMockFactory - Creating mockk for MaquinaRepositoryCached name=repoM#315
17:17:11.404 [Test worker] DEBUG io.mockk.impl.instantiation.AbstractMockFactory - Creating mockk for PedidoRepositoryCached name=repoPedido#316
17:17:11.404 [Test worker] DEBUG io.mockk.impl.instantiation.AbstractMockFactory - Creating mockk for ProductoRepositoryCached name=repoProd#317
17:17:11.405 [Test worker] DEBUG io.mockk.impl.instantiation.AbstractMockFactory - Creating mockk for TareaRepositoryCached name=repoTarea#318
17:17:11.406 [Test worker] DEBUG io.mockk.impl.instantiation.AbstractMockFactory - Creating mockk for TurnoRepositoryCached name=repoTurno#319
17:17:11.406 [Test worker] DEBUG io.mockk.impl.instantiation.AbstractMockFactory - Creating mockk for UserRepositoryCached name=repoUser#320
17:17:11.414 [Test worker @coroutine#288] DEBUG io.mockk.impl.instantiation.AbstractMockFactory - Creating mockk for Producto name=child of repoProd#317#321
17:17:11.416 [Test worker @coroutine#288] DEBUG io.mockk.impl.instantiation.AbstractMockFactory - Creating mockk for Producto name=child of repoProd#317#322
17:17:12.045 [Test worker] DEBUG io.mockk.impl.instantiation.AbstractMockFactory - Creating mockk for MaquinaRepositoryCached name=repoM#323
17:17:12.046 [Test worker] DEBUG io.mockk.impl.instantiation.AbstractMockFactory - Creating mockk for PedidoRepositoryCached name=repoPedido#324
17:17:12.046 [Test worker] DEBUG io.mockk.impl.instantiation.AbstractMockFactory - Creating mockk for ProductoRepositoryCached name=repoProd#325
17:17:12.046 [Test worker] DEBUG io.mockk.impl.instantiation.AbstractMockFactory - Creating mockk for TareaRepositoryCached name=repoTarea#326
17:17:12.046 [Test worker] DEBUG io.mockk.impl.instantiation.AbstractMockFactory - Creating mockk for TurnoRepositoryCached name=repoTurno#327
17:17:12.046 [Test worker] DEBUG io.mockk.impl.instantiation.AbstractMockFactory - Creating mockk for UserRepositoryCached name=repoUser#328
17:17:12.055 [Test worker @coroutine#296] DEBUG io.mockk.impl.instantiation.AbstractMockFactory - Creating mockk for Flow name=child of repoM#323#329
17:17:12.060 [DefaultDispatcher-worker-3 @coroutine#299] DEBUG io.mockk.impl.recording.states.AnsweringState - Answering kotlinx.coroutines.flow.FlowKt__BuildersKt$flowOf$$inlined$unsafeFlow$2@1a368ed9 on MaquinaRepositoryCached(repoM#323).findAll(continuation {})
17:17:12.668 [Test worker] DEBUG io.mockk.impl.instantiation.AbstractMockFactory - Creating mockk for MaquinaRepositoryCached name=repoM#330
17:17:12.669 [Test worker] DEBUG io.mockk.impl.instantiation.AbstractMockFactory - Creating mockk for PedidoRepositoryCached name=repoPedido#331
17:17:12.670 [Test worker] DEBUG io.mockk.impl.instantiation.AbstractMockFactory - Creating mockk for ProductoRepositoryCached name=repoProd#332
17:17:12.670 [Test worker] DEBUG io.mockk.impl.instantiation.AbstractMockFactory - Creating mockk for TareaRepositoryCached name=repoTarea#333
17:17:12.670 [Test worker] DEBUG io.mockk.impl.instantiation.AbstractMockFactory - Creating mockk for TurnoRepositoryCached name=repoTurno#334
17:17:12.670 [Test worker] DEBUG io.mockk.impl.instantiation.AbstractMockFactory - Creating mockk for UserRepositoryCached name=repoUser#335
17:17:12.677 [Test worker @coroutine#302] DEBUG io.mockk.impl.instantiation.AbstractMockFactory - Creating mockk for Turno name=child of repoTurno#334#336
17:17:12.681 [DefaultDispatcher-worker-3 @coroutine#305] DEBUG io.mockk.impl.recording.states.AnsweringState - Answering null on TurnoRepositoryCached(repoTurno#334).findByUUID(8ddc23c0-c528-4583-b042-6a984b6a740d, continuation {})
17:17:13.385 [Test worker] DEBUG io.mockk.impl.instantiation.AbstractMockFactory - Creating mockk for MaquinaRepositoryCached name=repoM#337
17:17:13.387 [Test worker] DEBUG io.mockk.impl.instantiation.AbstractMockFactory - Creating mockk for PedidoRepositoryCached name=repoPedido#338
17:17:13.388 [Test worker] DEBUG io.mockk.impl.instantiation.AbstractMockFactory - Creating mockk for ProductoRepositoryCached name=repoProd#339
17:17:13.389 [Test worker] DEBUG io.mockk.impl.instantiation.AbstractMockFactory - Creating mockk for TareaRepositoryCached name=repoTarea#340
17:17:13.389 [Test worker] DEBUG io.mockk.impl.instantiation.AbstractMockFactory - Creating mockk for TurnoRepositoryCached name=repoTurno#341
17:17:13.389 [Test worker] DEBUG io.mockk.impl.instantiation.AbstractMockFactory - Creating mockk for UserRepositoryCached name=repoUser#342
17:17:13.395 [Test worker @coroutine#308] DEBUG io.mockk.impl.instantiation.AbstractMockFactory - Creating mockk for Pedido name=child of repoPedido#338#343
17:17:14.142 [Test worker] DEBUG io.mockk.impl.instantiation.AbstractMockFactory - Creating mockk for MaquinaRepositoryCached name=repoM#344
17:17:14.143 [Test worker] DEBUG io.mockk.impl.instantiation.AbstractMockFactory - Creating mockk for PedidoRepositoryCached name=repoPedido#345
17:17:14.144 [Test worker] DEBUG io.mockk.impl.instantiation.AbstractMockFactory - Creating mockk for ProductoRepositoryCached name=repoProd#346
17:17:14.145 [Test worker] DEBUG io.mockk.impl.instantiation.AbstractMockFactory - Creating mockk for TareaRepositoryCached name=repoTarea#347
17:17:14.145 [Test worker] DEBUG io.mockk.impl.instantiation.AbstractMockFactory - Creating mockk for TurnoRepositoryCached name=repoTurno#348
17:17:14.145 [Test worker] DEBUG io.mockk.impl.instantiation.AbstractMockFactory - Creating mockk for UserRepositoryCached name=repoUser#349
17:17:14.160 [Test worker @coroutine#312] DEBUG io.mockk.impl.instantiation.AbstractMockFactory - Creating mockk for Maquina name=child of repoM#344#350
17:17:14.165 [Test worker @coroutine#312] DEBUG io.mockk.impl.instantiation.AbstractMockFactory - Creating mockk for Maquina name=child of repoM#344#351
17:17:14.175 [DefaultDispatcher-worker-3 @coroutine#317] DEBUG io.mockk.impl.recording.states.AnsweringState - Answering Maquina(id=63dfd68a1070f8213392c06c, uuid=93a98d69-0008-48a7-b34f-05b596ea83bb, modelo=RTX-3080TI, marca=Nvidia, fechaAdquisicion=2022-11-10, numeroSerie=123456789X, tipo=PERSONALIZADORA, activa=true, isManual=null, maxTension=null, minTension=null, measuresManeuverability=true, measuresRigidity=false, measuresBalance=true) on MaquinaRepositoryCached(repoM#344).findByUUID(93a98d69-0008-48a7-b34f-05b596ea83bb, continuation {})
17:17:14.176 [DefaultDispatcher-worker-3 @coroutine#317] DEBUG io.mockk.impl.recording.states.AnsweringState - Answering null on MaquinaRepositoryCached(repoM#344).delete(63dfd68a1070f8213392c06c, continuation {})
17:17:14.903 [Test worker] DEBUG io.mockk.impl.instantiation.AbstractMockFactory - Creating mockk for MaquinaRepositoryCached name=repoM#352
17:17:14.904 [Test worker] DEBUG io.mockk.impl.instantiation.AbstractMockFactory - Creating mockk for PedidoRepositoryCached name=repoPedido#353
17:17:14.904 [Test worker] DEBUG io.mockk.impl.instantiation.AbstractMockFactory - Creating mockk for ProductoRepositoryCached name=repoProd#354
17:17:14.904 [Test worker] DEBUG io.mockk.impl.instantiation.AbstractMockFactory - Creating mockk for TareaRepositoryCached name=repoTarea#355
17:17:14.904 [Test worker] DEBUG io.mockk.impl.instantiation.AbstractMockFactory - Creating mockk for TurnoRepositoryCached name=repoTurno#356
17:17:14.904 [Test worker] DEBUG io.mockk.impl.instantiation.AbstractMockFactory - Creating mockk for UserRepositoryCached name=repoUser#357
17:17:14.912 [Test worker @coroutine#320] DEBUG io.mockk.impl.instantiation.AbstractMockFactory - Creating mockk for User name=child of repoUser#357#358
17:17:14.914 [DefaultDispatcher-worker-3 @coroutine#323] DEBUG io.mockk.impl.recording.states.AnsweringState - Answering User(id=63dfd68a1070f8213392c071, uuid=93a98d69-0006-48a7-b34f-05b596ea839a, nombre=Maria, apellido=Martinez, telefono=632120281, email=email2@email.com, password=contra, perfil=CLIENT, activo=true) on UserRepositoryCached(repoUser#357).findByUUID(93a98d69-0006-48a7-b34f-05b596ea839a, continuation {})
17:17:15.905 [Test worker] DEBUG io.mockk.impl.instantiation.AbstractMockFactory - Creating mockk for MaquinaRepositoryCached name=repoM#359
17:17:15.906 [Test worker] DEBUG io.mockk.impl.instantiation.AbstractMockFactory - Creating mockk for PedidoRepositoryCached name=repoPedido#360
17:17:15.906 [Test worker] DEBUG io.mockk.impl.instantiation.AbstractMockFactory - Creating mockk for ProductoRepositoryCached name=repoProd#361
17:17:15.907 [Test worker] DEBUG io.mockk.impl.instantiation.AbstractMockFactory - Creating mockk for TareaRepositoryCached name=repoTarea#362
17:17:15.907 [Test worker] DEBUG io.mockk.impl.instantiation.AbstractMockFactory - Creating mockk for TurnoRepositoryCached name=repoTurno#363
17:17:15.907 [Test worker] DEBUG io.mockk.impl.instantiation.AbstractMockFactory - Creating mockk for UserRepositoryCached name=repoUser#364
17:17:15.915 [Test worker @coroutine#326] DEBUG io.mockk.impl.instantiation.AbstractMockFactory - Creating mockk for Maquina name=child of repoM#359#365
17:17:17.264 [Test worker] DEBUG io.mockk.impl.instantiation.AbstractMockFactory - Creating mockk for MaquinaRepositoryCached name=repoM#366
17:17:17.267 [Test worker] DEBUG io.mockk.impl.instantiation.AbstractMockFactory - Creating mockk for PedidoRepositoryCached name=repoPedido#367
17:17:17.268 [Test worker] DEBUG io.mockk.impl.instantiation.AbstractMockFactory - Creating mockk for ProductoRepositoryCached name=repoProd#368
17:17:17.269 [Test worker] DEBUG io.mockk.impl.instantiation.AbstractMockFactory - Creating mockk for TareaRepositoryCached name=repoTarea#369
17:17:17.269 [Test worker] DEBUG io.mockk.impl.instantiation.AbstractMockFactory - Creating mockk for TurnoRepositoryCached name=repoTurno#370
17:17:17.270 [Test worker] DEBUG io.mockk.impl.instantiation.AbstractMockFactory - Creating mockk for UserRepositoryCached name=repoUser#371
17:17:17.286 [Test worker @coroutine#330] DEBUG io.mockk.impl.instantiation.AbstractMockFactory - Creating mockk for Producto name=child of repoProd#368#372
17:17:17.812 [cluster-rtt-ClusterId{value='63dfd66e1070f8213392bf10', description='null'}-ac-o2suyf6-shard-00-00.7qtbnuz.mongodb.net:27017] DEBUG org.mongodb.driver.protocol.command - Sending command '{"hello": 1, "$db": "admin", "$clusterTime": {"clusterTime": {"$timestamp": {"t": 1675613826, "i": 4}}, "signature": {"hash": {"$binary": {"base64": "SSUpjq0O96EL1+3yWitjpGLNnpA=", "subType": "00"}}, "keyId": 7161871216054108163}}}' with request id 30 to database admin on connection [connectionId{localValue:1, serverValue:176600}] to server ac-o2suyf6-shard-00-00.7qtbnuz.mongodb.net:27017
17:17:17.813 [cluster-rtt-ClusterId{value='63dfd66e1070f8213392bf10', description='null'}-ac-o2suyf6-shard-00-01.7qtbnuz.mongodb.net:27017] DEBUG org.mongodb.driver.protocol.command - Sending command '{"hello": 1, "$db": "admin", "$clusterTime": {"clusterTime": {"$timestamp": {"t": 1675613826, "i": 4}}, "signature": {"hash": {"$binary": {"base64": "SSUpjq0O96EL1+3yWitjpGLNnpA=", "subType": "00"}}, "keyId": 7161871216054108163}}}' with request id 31 to database admin on connection [connectionId{localValue:3, serverValue:172264}] to server ac-o2suyf6-shard-00-01.7qtbnuz.mongodb.net:27017
17:17:17.912 [cluster-rtt-ClusterId{value='63dfd66e1070f8213392bf10', description='null'}-ac-o2suyf6-shard-00-00.7qtbnuz.mongodb.net:27017] DEBUG org.mongodb.driver.protocol.command - Execution of command with request id 30 completed successfully in 106.66 ms on connection [connectionId{localValue:1, serverValue:176600}] to server ac-o2suyf6-shard-00-00.7qtbnuz.mongodb.net:27017
17:17:17.912 [cluster-rtt-ClusterId{value='63dfd66e1070f8213392bf10', description='null'}-ac-o2suyf6-shard-00-01.7qtbnuz.mongodb.net:27017] DEBUG org.mongodb.driver.protocol.command - Execution of command with request id 31 completed successfully in 107.47 ms on connection [connectionId{localValue:3, serverValue:172264}] to server ac-o2suyf6-shard-00-01.7qtbnuz.mongodb.net:27017
17:17:17.919 [cluster-ClusterId{value='63dfd66e1070f8213392bf10', description='null'}-ac-o2suyf6-shard-00-02.7qtbnuz.mongodb.net:27017] DEBUG org.mongodb.driver.cluster - Updating cluster description to  {type=REPLICA_SET, servers=[{address=ac-o2suyf6-shard-00-00.7qtbnuz.mongodb.net:27017, type=REPLICA_SET_SECONDARY, TagSet{[Tag{name='nodeType', value='ELECTABLE'}, Tag{name='provider', value='AWS'}, Tag{name='region', value='EU_WEST_3'}, Tag{name='workloadType', value='OPERATIONAL'}]}, roundTripTime=313.6 ms, state=CONNECTED}, {address=ac-o2suyf6-shard-00-02.7qtbnuz.mongodb.net:27017, type=REPLICA_SET_PRIMARY, TagSet{[Tag{name='nodeType', value='ELECTABLE'}, Tag{name='provider', value='AWS'}, Tag{name='region', value='EU_WEST_3'}, Tag{name='workloadType', value='OPERATIONAL'}]}, roundTripTime=319.6 ms, state=CONNECTED}, {address=ac-o2suyf6-shard-00-01.7qtbnuz.mongodb.net:27017, type=REPLICA_SET_SECONDARY, TagSet{[Tag{name='nodeType', value='ELECTABLE'}, Tag{name='provider', value='AWS'}, Tag{name='region', value='EU_WEST_3'}, Tag{name='workloadType', value='OPERATIONAL'}]}, roundTripTime=315.5 ms, state=CONNECTED}]
17:17:17.922 [cluster-ClusterId{value='63dfd66e1070f8213392bf10', description='null'}-ac-o2suyf6-shard-00-02.7qtbnuz.mongodb.net:27017] DEBUG org.mongodb.driver.cluster - Checking status of ac-o2suyf6-shard-00-02.7qtbnuz.mongodb.net:27017
17:17:17.927 [cluster-ClusterId{value='63dfd66e1070f8213392bf10', description='null'}-ac-o2suyf6-shard-00-01.7qtbnuz.mongodb.net:27017] DEBUG org.mongodb.driver.cluster - Updating cluster description to  {type=REPLICA_SET, servers=[{address=ac-o2suyf6-shard-00-00.7qtbnuz.mongodb.net:27017, type=REPLICA_SET_SECONDARY, TagSet{[Tag{name='nodeType', value='ELECTABLE'}, Tag{name='provider', value='AWS'}, Tag{name='region', value='EU_WEST_3'}, Tag{name='workloadType', value='OPERATIONAL'}]}, roundTripTime=313.6 ms, state=CONNECTED}, {address=ac-o2suyf6-shard-00-02.7qtbnuz.mongodb.net:27017, type=REPLICA_SET_PRIMARY, TagSet{[Tag{name='nodeType', value='ELECTABLE'}, Tag{name='provider', value='AWS'}, Tag{name='region', value='EU_WEST_3'}, Tag{name='workloadType', value='OPERATIONAL'}]}, roundTripTime=319.6 ms, state=CONNECTED}, {address=ac-o2suyf6-shard-00-01.7qtbnuz.mongodb.net:27017, type=REPLICA_SET_SECONDARY, TagSet{[Tag{name='nodeType', value='ELECTABLE'}, Tag{name='provider', value='AWS'}, Tag{name='region', value='EU_WEST_3'}, Tag{name='workloadType', value='OPERATIONAL'}]}, roundTripTime=274.6 ms, state=CONNECTED}]
17:17:17.927 [cluster-ClusterId{value='63dfd66e1070f8213392bf10', description='null'}-ac-o2suyf6-shard-00-01.7qtbnuz.mongodb.net:27017] DEBUG org.mongodb.driver.cluster - Checking status of ac-o2suyf6-shard-00-01.7qtbnuz.mongodb.net:27017
17:17:18.233 [cluster-rtt-ClusterId{value='63dfd66e1070f8213392bf10', description='null'}-ac-o2suyf6-shard-00-02.7qtbnuz.mongodb.net:27017] DEBUG org.mongodb.driver.protocol.command - Sending command '{"hello": 1, "$db": "admin", "$clusterTime": {"clusterTime": {"$timestamp": {"t": 1675613836, "i": 5}}, "signature": {"hash": {"$binary": {"base64": "aqoO3fmQBBUkd3VYNgU7IFldXpk=", "subType": "00"}}, "keyId": 7161871216054108163}}}' with request id 32 to database admin on connection [connectionId{localValue:4, serverValue:175716}] to server ac-o2suyf6-shard-00-02.7qtbnuz.mongodb.net:27017
17:17:18.251 [cluster-ClusterId{value='63dfd66e1070f8213392bf10', description='null'}-ac-o2suyf6-shard-00-00.7qtbnuz.mongodb.net:27017] DEBUG org.mongodb.driver.cluster - Updating cluster description to  {type=REPLICA_SET, servers=[{address=ac-o2suyf6-shard-00-00.7qtbnuz.mongodb.net:27017, type=REPLICA_SET_SECONDARY, TagSet{[Tag{name='nodeType', value='ELECTABLE'}, Tag{name='provider', value='AWS'}, Tag{name='region', value='EU_WEST_3'}, Tag{name='workloadType', value='OPERATIONAL'}]}, roundTripTime=273.3 ms, state=CONNECTED}, {address=ac-o2suyf6-shard-00-02.7qtbnuz.mongodb.net:27017, type=REPLICA_SET_PRIMARY, TagSet{[Tag{name='nodeType', value='ELECTABLE'}, Tag{name='provider', value='AWS'}, Tag{name='region', value='EU_WEST_3'}, Tag{name='workloadType', value='OPERATIONAL'}]}, roundTripTime=319.6 ms, state=CONNECTED}, {address=ac-o2suyf6-shard-00-01.7qtbnuz.mongodb.net:27017, type=REPLICA_SET_SECONDARY, TagSet{[Tag{name='nodeType', value='ELECTABLE'}, Tag{name='provider', value='AWS'}, Tag{name='region', value='EU_WEST_3'}, Tag{name='workloadType', value='OPERATIONAL'}]}, roundTripTime=274.6 ms, state=CONNECTED}]
17:17:18.260 [cluster-ClusterId{value='63dfd66e1070f8213392bf10', description='null'}-ac-o2suyf6-shard-00-00.7qtbnuz.mongodb.net:27017] DEBUG org.mongodb.driver.cluster - Checking status of ac-o2suyf6-shard-00-00.7qtbnuz.mongodb.net:27017
17:17:18.312 [cluster-rtt-ClusterId{value='63dfd66e1070f8213392bf10', description='null'}-ac-o2suyf6-shard-00-02.7qtbnuz.mongodb.net:27017] DEBUG org.mongodb.driver.protocol.command - Execution of command with request id 32 completed successfully in 81.25 ms on connection [connectionId{localValue:4, serverValue:175716}] to server ac-o2suyf6-shard-00-02.7qtbnuz.mongodb.net:27017
17:17:19.356 [Test worker] DEBUG io.mockk.impl.instantiation.AbstractMockFactory - Creating mockk for MaquinaRepositoryCached name=repoM#373
17:17:19.356 [Test worker] DEBUG io.mockk.impl.instantiation.AbstractMockFactory - Creating mockk for PedidoRepositoryCached name=repoPedido#374
17:17:19.356 [Test worker] DEBUG io.mockk.impl.instantiation.AbstractMockFactory - Creating mockk for ProductoRepositoryCached name=repoProd#375
17:17:19.356 [Test worker] DEBUG io.mockk.impl.instantiation.AbstractMockFactory - Creating mockk for TareaRepositoryCached name=repoTarea#376
17:17:19.357 [Test worker] DEBUG io.mockk.impl.instantiation.AbstractMockFactory - Creating mockk for TurnoRepositoryCached name=repoTurno#377
17:17:19.357 [Test worker] DEBUG io.mockk.impl.instantiation.AbstractMockFactory - Creating mockk for UserRepositoryCached name=repoUser#378
17:17:19.364 [Test worker @coroutine#334] DEBUG io.mockk.impl.instantiation.AbstractMockFactory - Creating mockk for Turno name=child of repoTurno#377#379
17:17:19.371 [DefaultDispatcher-worker-3 @coroutine#337] DEBUG io.mockk.impl.recording.states.AnsweringState - Answering Turno(id=63dfd68f1070f8213392c095, uuid=93a98d69-0019-48a7-b34f-05b596ea8abc, workerId=93a98d69-0007-48a7-b34f-05b596ea839c, maquinaId=93a98d69-0008-48a7-b34f-05b596ea83bb, horaInicio=2002-10-14T10:09, horaFin=2002-10-14T16:49, numPedidosActivos=2, tarea1Id=93a98d69-0013-48a7-b34f-05b596ea83cc, tarea2Id=null, finalizado=false) on TurnoRepositoryCached(repoTurno#377).findByUUID(93a98d69-0019-48a7-b34f-05b596ea8abc, continuation {})
17:17:19.371 [DefaultDispatcher-worker-3 @coroutine#337] DEBUG koin.repositories.user.UserRepository - findByUUID(93a98d69-0007-48a7-b34f-05b596ea839c)
17:17:19.373 [AsyncGetter-5-thread-1] DEBUG org.mongodb.driver.protocol.command - Sending command '{"find": "user", "filter": {}, "batchSize": 64, "$db": "practica03mongoIvanLoli", "$clusterTime": {"clusterTime": {"$timestamp": {"t": 1675613837, "i": 1}}, "signature": {"hash": {"$binary": {"base64": "kK5lMZIxT7K1DDZlyrvgVveVgCk=", "subType": "00"}}, "keyId": 7161871216054108163}}, "lsid": {"id": {"$binary": {"base64": "roMpFL3PQPawB+PlCM6O3Q==", "subType": "04"}}}}' with request id 33 to database practica03mongoIvanLoli on connection [connectionId{localValue:7, serverValue:175676}] to server ac-o2suyf6-shard-00-02.7qtbnuz.mongodb.net:27017
17:17:19.413 [async-channel-group-0-handler-executor] DEBUG org.mongodb.driver.protocol.command - Execution of command with request id 33 completed successfully in 39.86 ms on connection [connectionId{localValue:7, serverValue:175676}] to server ac-o2suyf6-shard-00-02.7qtbnuz.mongodb.net:27017
17:17:19.416 [async-channel-group-0-handler-executor] DEBUG org.mongodb.driver.operation - Received batch of 3 documents with cursorId 0 from server ac-o2suyf6-shard-00-02.7qtbnuz.mongodb.net:27017
17:17:19.420 [DefaultDispatcher-worker-3 @coroutine#337] DEBUG koin.repositories.maquina.MaquinaRepository - findByUUID(93a98d69-0008-48a7-b34f-05b596ea83bb)
17:17:19.426 [AsyncGetter-5-thread-1] DEBUG org.mongodb.driver.protocol.command - Sending command '{"find": "maquina", "filter": {}, "batchSize": 64, "$db": "practica03mongoIvanLoli", "$clusterTime": {"clusterTime": {"$timestamp": {"t": 1675613838, "i": 2}}, "signature": {"hash": {"$binary": {"base64": "HsvB5ptadaydvfDP+TSggvbXzhM=", "subType": "00"}}, "keyId": 7161871216054108163}}, "lsid": {"id": {"$binary": {"base64": "roMpFL3PQPawB+PlCM6O3Q==", "subType": "04"}}}}' with request id 34 to database practica03mongoIvanLoli on connection [connectionId{localValue:7, serverValue:175676}] to server ac-o2suyf6-shard-00-02.7qtbnuz.mongodb.net:27017
17:17:19.479 [async-channel-group-0-handler-executor] DEBUG org.mongodb.driver.protocol.command - Execution of command with request id 34 completed successfully in 52.71 ms on connection [connectionId{localValue:7, serverValue:175676}] to server ac-o2suyf6-shard-00-02.7qtbnuz.mongodb.net:27017
17:17:19.480 [async-channel-group-0-handler-executor] DEBUG org.mongodb.driver.operation - Received batch of 2 documents with cursorId 0 from server ac-o2suyf6-shard-00-02.7qtbnuz.mongodb.net:27017
17:17:19.480 [DefaultDispatcher-worker-3 @coroutine#337] DEBUG koin.repositories.tarea.TareaRepository - findByUUID(93a98d69-0013-48a7-b34f-05b596ea83cc)
17:17:19.484 [AsyncGetter-5-thread-1] DEBUG org.mongodb.driver.protocol.command - Sending command '{"find": "tarea", "filter": {}, "batchSize": 64, "$db": "practica03mongoIvanLoli", "$clusterTime": {"clusterTime": {"$timestamp": {"t": 1675613838, "i": 3}}, "signature": {"hash": {"$binary": {"base64": "HsvB5ptadaydvfDP+TSggvbXzhM=", "subType": "00"}}, "keyId": 7161871216054108163}}, "lsid": {"id": {"$binary": {"base64": "roMpFL3PQPawB+PlCM6O3Q==", "subType": "04"}}}}' with request id 35 to database practica03mongoIvanLoli on connection [connectionId{localValue:7, serverValue:175676}] to server ac-o2suyf6-shard-00-02.7qtbnuz.mongodb.net:27017
17:17:19.524 [async-channel-group-0-handler-executor] DEBUG org.mongodb.driver.protocol.command - Execution of command with request id 35 completed successfully in 41.80 ms on connection [connectionId{localValue:7, serverValue:175676}] to server ac-o2suyf6-shard-00-02.7qtbnuz.mongodb.net:27017
17:17:19.525 [async-channel-group-0-handler-executor] DEBUG org.mongodb.driver.operation - Received batch of 6 documents with cursorId 0 from server ac-o2suyf6-shard-00-02.7qtbnuz.mongodb.net:27017
17:17:20.259 [Test worker] DEBUG io.mockk.impl.instantiation.AbstractMockFactory - Creating mockk for MaquinaRepositoryCached name=repoM#380
17:17:20.259 [Test worker] DEBUG io.mockk.impl.instantiation.AbstractMockFactory - Creating mockk for PedidoRepositoryCached name=repoPedido#381
17:17:20.259 [Test worker] DEBUG io.mockk.impl.instantiation.AbstractMockFactory - Creating mockk for ProductoRepositoryCached name=repoProd#382
17:17:20.259 [Test worker] DEBUG io.mockk.impl.instantiation.AbstractMockFactory - Creating mockk for TareaRepositoryCached name=repoTarea#383
17:17:20.260 [Test worker] DEBUG io.mockk.impl.instantiation.AbstractMockFactory - Creating mockk for TurnoRepositoryCached name=repoTurno#384
17:17:20.260 [Test worker] DEBUG io.mockk.impl.instantiation.AbstractMockFactory - Creating mockk for UserRepositoryCached name=repoUser#385
17:17:20.265 [Test worker @coroutine#340] DEBUG io.mockk.impl.instantiation.AbstractMockFactory - Creating mockk for Flow name=child of repoTurno#384#386
17:17:20.269 [DefaultDispatcher-worker-3 @coroutine#343] DEBUG io.mockk.impl.recording.states.AnsweringState - Answering kotlinx.coroutines.flow.FlowKt__BuildersKt$flowOf$$inlined$unsafeFlow$2@44c07349 on TurnoRepositoryCached(repoTurno#384).findAll(continuation {})
17:17:20.272 [DefaultDispatcher-worker-3 @coroutine#343] DEBUG koin.repositories.user.UserRepository - findByUUID(93a98d69-0007-48a7-b34f-05b596ea839c)
17:17:20.273 [AsyncGetter-5-thread-1] DEBUG org.mongodb.driver.protocol.command - Sending command '{"find": "user", "filter": {}, "batchSize": 64, "$db": "practica03mongoIvanLoli", "$clusterTime": {"clusterTime": {"$timestamp": {"t": 1675613838, "i": 3}}, "signature": {"hash": {"$binary": {"base64": "HsvB5ptadaydvfDP+TSggvbXzhM=", "subType": "00"}}, "keyId": 7161871216054108163}}, "lsid": {"id": {"$binary": {"base64": "roMpFL3PQPawB+PlCM6O3Q==", "subType": "04"}}}}' with request id 36 to database practica03mongoIvanLoli on connection [connectionId{localValue:7, serverValue:175676}] to server ac-o2suyf6-shard-00-02.7qtbnuz.mongodb.net:27017
17:17:20.312 [async-channel-group-0-handler-executor] DEBUG org.mongodb.driver.protocol.command - Execution of command with request id 36 completed successfully in 38.43 ms on connection [connectionId{localValue:7, serverValue:175676}] to server ac-o2suyf6-shard-00-02.7qtbnuz.mongodb.net:27017
17:17:20.313 [async-channel-group-0-handler-executor] DEBUG org.mongodb.driver.operation - Received batch of 3 documents with cursorId 0 from server ac-o2suyf6-shard-00-02.7qtbnuz.mongodb.net:27017
17:17:20.314 [DefaultDispatcher-worker-3 @coroutine#343] DEBUG koin.repositories.maquina.MaquinaRepository - findByUUID(93a98d69-0008-48a7-b34f-05b596ea83bb)
17:17:20.316 [AsyncGetter-5-thread-1] DEBUG org.mongodb.driver.protocol.command - Sending command '{"find": "maquina", "filter": {}, "batchSize": 64, "$db": "practica03mongoIvanLoli", "$clusterTime": {"clusterTime": {"$timestamp": {"t": 1675613838, "i": 5}}, "signature": {"hash": {"$binary": {"base64": "HsvB5ptadaydvfDP+TSggvbXzhM=", "subType": "00"}}, "keyId": 7161871216054108163}}, "lsid": {"id": {"$binary": {"base64": "roMpFL3PQPawB+PlCM6O3Q==", "subType": "04"}}}}' with request id 37 to database practica03mongoIvanLoli on connection [connectionId{localValue:7, serverValue:175676}] to server ac-o2suyf6-shard-00-02.7qtbnuz.mongodb.net:27017
17:17:20.355 [async-channel-group-0-handler-executor] DEBUG org.mongodb.driver.protocol.command - Execution of command with request id 37 completed successfully in 39.97 ms on connection [connectionId{localValue:7, serverValue:175676}] to server ac-o2suyf6-shard-00-02.7qtbnuz.mongodb.net:27017
17:17:20.356 [async-channel-group-0-handler-executor] DEBUG org.mongodb.driver.operation - Received batch of 2 documents with cursorId 0 from server ac-o2suyf6-shard-00-02.7qtbnuz.mongodb.net:27017
17:17:20.356 [DefaultDispatcher-worker-3 @coroutine#343] DEBUG koin.repositories.tarea.TareaRepository - findByUUID(93a98d69-0013-48a7-b34f-05b596ea83cc)
17:17:20.358 [AsyncGetter-5-thread-1] DEBUG org.mongodb.driver.protocol.command - Sending command '{"find": "tarea", "filter": {}, "batchSize": 64, "$db": "practica03mongoIvanLoli", "$clusterTime": {"clusterTime": {"$timestamp": {"t": 1675613839, "i": 1}}, "signature": {"hash": {"$binary": {"base64": "GJkN17vhzkSyO8RgmARDAEES6W8=", "subType": "00"}}, "keyId": 7161871216054108163}}, "lsid": {"id": {"$binary": {"base64": "roMpFL3PQPawB+PlCM6O3Q==", "subType": "04"}}}}' with request id 38 to database practica03mongoIvanLoli on connection [connectionId{localValue:7, serverValue:175676}] to server ac-o2suyf6-shard-00-02.7qtbnuz.mongodb.net:27017
17:17:20.399 [async-channel-group-0-handler-executor] DEBUG org.mongodb.driver.protocol.command - Execution of command with request id 38 completed successfully in 41.06 ms on connection [connectionId{localValue:7, serverValue:175676}] to server ac-o2suyf6-shard-00-02.7qtbnuz.mongodb.net:27017
17:17:20.400 [async-channel-group-0-handler-executor] DEBUG org.mongodb.driver.operation - Received batch of 6 documents with cursorId 0 from server ac-o2suyf6-shard-00-02.7qtbnuz.mongodb.net:27017
17:17:21.097 [Test worker] DEBUG io.mockk.impl.instantiation.AbstractMockFactory - Creating mockk for MaquinaRepositoryCached name=repoM#387
17:17:21.097 [Test worker] DEBUG io.mockk.impl.instantiation.AbstractMockFactory - Creating mockk for PedidoRepositoryCached name=repoPedido#388
17:17:21.098 [Test worker] DEBUG io.mockk.impl.instantiation.AbstractMockFactory - Creating mockk for ProductoRepositoryCached name=repoProd#389
17:17:21.098 [Test worker] DEBUG io.mockk.impl.instantiation.AbstractMockFactory - Creating mockk for TareaRepositoryCached name=repoTarea#390
17:17:21.098 [Test worker] DEBUG io.mockk.impl.instantiation.AbstractMockFactory - Creating mockk for TurnoRepositoryCached name=repoTurno#391
17:17:21.098 [Test worker] DEBUG io.mockk.impl.instantiation.AbstractMockFactory - Creating mockk for UserRepositoryCached name=repoUser#392
17:17:21.105 [Test worker @coroutine#346] DEBUG io.mockk.impl.instantiation.AbstractMockFactory - Creating mockk for User name=child of repoUser#392#393
17:17:21.107 [Test worker @coroutine#346] DEBUG io.mockk.impl.instantiation.AbstractMockFactory - Creating mockk for User name=child of repoUser#392#394
17:17:21.853 [Test worker] DEBUG io.mockk.impl.instantiation.AbstractMockFactory - Creating mockk for MaquinaRepositoryCached name=repoM#395
17:17:21.854 [Test worker] DEBUG io.mockk.impl.instantiation.AbstractMockFactory - Creating mockk for PedidoRepositoryCached name=repoPedido#396
17:17:21.854 [Test worker] DEBUG io.mockk.impl.instantiation.AbstractMockFactory - Creating mockk for ProductoRepositoryCached name=repoProd#397
17:17:21.854 [Test worker] DEBUG io.mockk.impl.instantiation.AbstractMockFactory - Creating mockk for TareaRepositoryCached name=repoTarea#398
17:17:21.854 [Test worker] DEBUG io.mockk.impl.instantiation.AbstractMockFactory - Creating mockk for TurnoRepositoryCached name=repoTurno#399
17:17:21.854 [Test worker] DEBUG io.mockk.impl.instantiation.AbstractMockFactory - Creating mockk for UserRepositoryCached name=repoUser#400
17:17:21.860 [Test worker @coroutine#354] DEBUG io.mockk.impl.instantiation.AbstractMockFactory - Creating mockk for User name=child of repoUser#400#401
17:17:21.864 [Test worker @coroutine#354] DEBUG io.mockk.impl.instantiation.AbstractMockFactory - Creating mockk for User name=child of repoUser#400#402
17:17:22.549 [Test worker] DEBUG io.mockk.impl.instantiation.AbstractMockFactory - Creating mockk for MaquinaRepositoryCached name=repoM#403
17:17:22.549 [Test worker] DEBUG io.mockk.impl.instantiation.AbstractMockFactory - Creating mockk for PedidoRepositoryCached name=repoPedido#404
17:17:22.549 [Test worker] DEBUG io.mockk.impl.instantiation.AbstractMockFactory - Creating mockk for ProductoRepositoryCached name=repoProd#405
17:17:22.549 [Test worker] DEBUG io.mockk.impl.instantiation.AbstractMockFactory - Creating mockk for TareaRepositoryCached name=repoTarea#406
17:17:22.549 [Test worker] DEBUG io.mockk.impl.instantiation.AbstractMockFactory - Creating mockk for TurnoRepositoryCached name=repoTurno#407
17:17:22.549 [Test worker] DEBUG io.mockk.impl.instantiation.AbstractMockFactory - Creating mockk for UserRepositoryCached name=repoUser#408
17:17:22.558 [Test worker @coroutine#362] DEBUG io.mockk.impl.instantiation.AbstractMockFactory - Creating mockk for Pedido name=child of repoPedido#404#409
17:17:22.560 [Test worker @coroutine#362] DEBUG io.mockk.impl.instantiation.AbstractMockFactory - Creating mockk for Flow name=child of repoTarea#406#410
17:17:22.562 [Test worker @coroutine#362] DEBUG io.mockk.impl.instantiation.AbstractMockFactory - Creating mockk for Tarea name=child of repoTarea#406#411
17:17:22.564 [Test worker @coroutine#362] DEBUG io.mockk.impl.instantiation.AbstractMockFactory - Creating mockk for Pedido name=child of repoPedido#404#412
17:17:22.568 [DefaultDispatcher-worker-3 @coroutine#371] DEBUG io.mockk.impl.recording.states.AnsweringState - Answering Pedido(id=63dfd6921070f8213392c0ba, uuid=93a98d69-0010-48a7-b34f-05b596ea8acc, userId=93a98d69-0006-48a7-b34f-05b596ea839a, state=PROCESO, fechaEntrada=2013-10-10, fechaSalida=2023-12-12, topeEntrega=2023-12-14, precio=0.0) on PedidoRepositoryCached(repoPedido#404).findByUUID(93a98d69-0010-48a7-b34f-05b596ea8acc, continuation {})
17:17:22.569 [DefaultDispatcher-worker-3 @coroutine#371] DEBUG io.mockk.impl.recording.states.AnsweringState - Answering kotlinx.coroutines.flow.FlowKt__BuildersKt$flowOf$$inlined$unsafeFlow$1@54d1c883 on TareaRepositoryCached(repoTarea#406).findAll(continuation {})
17:17:22.573 [DefaultDispatcher-worker-3 @coroutine#371] DEBUG io.mockk.impl.recording.states.AnsweringState - Answering null on PedidoRepositoryCached(repoPedido#404).delete(63dfd6921070f8213392c0ba, continuation {})
17:17:23.281 [Test worker] DEBUG io.mockk.impl.instantiation.AbstractMockFactory - Creating mockk for MaquinaRepositoryCached name=repoM#413
17:17:23.281 [Test worker] DEBUG io.mockk.impl.instantiation.AbstractMockFactory - Creating mockk for PedidoRepositoryCached name=repoPedido#414
17:17:23.281 [Test worker] DEBUG io.mockk.impl.instantiation.AbstractMockFactory - Creating mockk for ProductoRepositoryCached name=repoProd#415
17:17:23.281 [Test worker] DEBUG io.mockk.impl.instantiation.AbstractMockFactory - Creating mockk for TareaRepositoryCached name=repoTarea#416
17:17:23.281 [Test worker] DEBUG io.mockk.impl.instantiation.AbstractMockFactory - Creating mockk for TurnoRepositoryCached name=repoTurno#417
17:17:23.281 [Test worker] DEBUG io.mockk.impl.instantiation.AbstractMockFactory - Creating mockk for UserRepositoryCached name=repoUser#418
17:17:23.290 [Test worker @coroutine#374] DEBUG io.mockk.impl.instantiation.AbstractMockFactory - Creating mockk for Tarea name=child of repoTarea#416#419
17:17:23.969 [Test worker] DEBUG io.mockk.impl.instantiation.AbstractMockFactory - Creating mockk for MaquinaRepositoryCached name=repoM#420
17:17:23.970 [Test worker] DEBUG io.mockk.impl.instantiation.AbstractMockFactory - Creating mockk for PedidoRepositoryCached name=repoPedido#421
17:17:23.970 [Test worker] DEBUG io.mockk.impl.instantiation.AbstractMockFactory - Creating mockk for ProductoRepositoryCached name=repoProd#422
17:17:23.970 [Test worker] DEBUG io.mockk.impl.instantiation.AbstractMockFactory - Creating mockk for TareaRepositoryCached name=repoTarea#423
17:17:23.970 [Test worker] DEBUG io.mockk.impl.instantiation.AbstractMockFactory - Creating mockk for TurnoRepositoryCached name=repoTurno#424
17:17:23.970 [Test worker] DEBUG io.mockk.impl.instantiation.AbstractMockFactory - Creating mockk for UserRepositoryCached name=repoUser#425
17:17:23.975 [Test worker @coroutine#378] DEBUG io.mockk.impl.instantiation.AbstractMockFactory - Creating mockk for Pedido name=child of repoPedido#421#426
17:17:23.981 [DefaultDispatcher-worker-3 @coroutine#381] DEBUG io.mockk.impl.recording.states.AnsweringState - Answering Pedido(id=63dfd6931070f8213392c0ce, uuid=93a98d69-0010-48a7-b34f-05b596ea8acc, userId=93a98d69-0006-48a7-b34f-05b596ea839a, state=PROCESO, fechaEntrada=2013-10-10, fechaSalida=2023-12-12, topeEntrega=2023-12-14, precio=0.0) on PedidoRepositoryCached(repoPedido#421).findByUUID(93a98d69-0010-48a7-b34f-05b596ea8acc, continuation {})
17:17:23.981 [DefaultDispatcher-worker-3 @coroutine#381] DEBUG koin.repositories.tarea.TareaRepository - findAll()
17:17:23.982 [AsyncGetter-5-thread-1] DEBUG org.mongodb.driver.protocol.command - Sending command '{"find": "tarea", "filter": {}, "batchSize": 64, "$db": "practica03mongoIvanLoli", "$clusterTime": {"clusterTime": {"$timestamp": {"t": 1675613839, "i": 2}}, "signature": {"hash": {"$binary": {"base64": "GJkN17vhzkSyO8RgmARDAEES6W8=", "subType": "00"}}, "keyId": 7161871216054108163}}, "lsid": {"id": {"$binary": {"base64": "roMpFL3PQPawB+PlCM6O3Q==", "subType": "04"}}}}' with request id 39 to database practica03mongoIvanLoli on connection [connectionId{localValue:7, serverValue:175676}] to server ac-o2suyf6-shard-00-02.7qtbnuz.mongodb.net:27017
17:17:24.025 [async-channel-group-0-handler-executor] DEBUG org.mongodb.driver.protocol.command - Execution of command with request id 39 completed successfully in 41.62 ms on connection [connectionId{localValue:7, serverValue:175676}] to server ac-o2suyf6-shard-00-02.7qtbnuz.mongodb.net:27017
17:17:24.027 [async-channel-group-0-handler-executor] DEBUG org.mongodb.driver.operation - Received batch of 6 documents with cursorId 0 from server ac-o2suyf6-shard-00-02.7qtbnuz.mongodb.net:27017
17:17:24.028 [DefaultDispatcher-worker-3 @coroutine#381] DEBUG koin.repositories.user.UserRepository - findByUUID(93a98d69-0006-48a7-b34f-05b596ea839a)
17:17:24.030 [AsyncGetter-5-thread-1] DEBUG org.mongodb.driver.protocol.command - Sending command '{"find": "user", "filter": {}, "batchSize": 64, "$db": "practica03mongoIvanLoli", "$clusterTime": {"clusterTime": {"$timestamp": {"t": 1675613842, "i": 4}}, "signature": {"hash": {"$binary": {"base64": "dYzlpjRwMdnrnDGojN4UeZCbAM8=", "subType": "00"}}, "keyId": 7161871216054108163}}, "lsid": {"id": {"$binary": {"base64": "roMpFL3PQPawB+PlCM6O3Q==", "subType": "04"}}}}' with request id 40 to database practica03mongoIvanLoli on connection [connectionId{localValue:7, serverValue:175676}] to server ac-o2suyf6-shard-00-02.7qtbnuz.mongodb.net:27017
17:17:24.064 [async-channel-group-0-handler-executor] DEBUG org.mongodb.driver.protocol.command - Execution of command with request id 40 completed successfully in 34.53 ms on connection [connectionId{localValue:7, serverValue:175676}] to server ac-o2suyf6-shard-00-02.7qtbnuz.mongodb.net:27017
17:17:24.065 [async-channel-group-0-handler-executor] DEBUG org.mongodb.driver.operation - Received batch of 3 documents with cursorId 0 from server ac-o2suyf6-shard-00-02.7qtbnuz.mongodb.net:27017
17:17:24.757 [Test worker] DEBUG io.mockk.impl.instantiation.AbstractMockFactory - Creating mockk for MaquinaRepositoryCached name=repoM#427
17:17:24.758 [Test worker] DEBUG io.mockk.impl.instantiation.AbstractMockFactory - Creating mockk for PedidoRepositoryCached name=repoPedido#428
17:17:24.758 [Test worker] DEBUG io.mockk.impl.instantiation.AbstractMockFactory - Creating mockk for ProductoRepositoryCached name=repoProd#429
17:17:24.758 [Test worker] DEBUG io.mockk.impl.instantiation.AbstractMockFactory - Creating mockk for TareaRepositoryCached name=repoTarea#430
17:17:24.758 [Test worker] DEBUG io.mockk.impl.instantiation.AbstractMockFactory - Creating mockk for TurnoRepositoryCached name=repoTurno#431
17:17:24.758 [Test worker] DEBUG io.mockk.impl.instantiation.AbstractMockFactory - Creating mockk for UserRepositoryCached name=repoUser#432
17:17:24.763 [Test worker @coroutine#384] DEBUG io.mockk.impl.instantiation.AbstractMockFactory - Creating mockk for Flow name=child of repoProd#429#433
17:17:24.765 [DefaultDispatcher-worker-1 @coroutine#387] DEBUG io.mockk.impl.recording.states.AnsweringState - Answering kotlinx.coroutines.flow.FlowKt__BuildersKt$flowOf$$inlined$unsafeFlow$2@23f4f59e on ProductoRepositoryCached(repoProd#429).findAll(continuation {})
17:17:25.412 [Test worker] DEBUG io.mockk.impl.instantiation.AbstractMockFactory - Creating mockk for MaquinaRepositoryCached name=repoM#434
17:17:25.413 [Test worker] DEBUG io.mockk.impl.instantiation.AbstractMockFactory - Creating mockk for PedidoRepositoryCached name=repoPedido#435
17:17:25.413 [Test worker] DEBUG io.mockk.impl.instantiation.AbstractMockFactory - Creating mockk for ProductoRepositoryCached name=repoProd#436
17:17:25.413 [Test worker] DEBUG io.mockk.impl.instantiation.AbstractMockFactory - Creating mockk for TareaRepositoryCached name=repoTarea#437
17:17:25.413 [Test worker] DEBUG io.mockk.impl.instantiation.AbstractMockFactory - Creating mockk for TurnoRepositoryCached name=repoTurno#438
17:17:25.413 [Test worker] DEBUG io.mockk.impl.instantiation.AbstractMockFactory - Creating mockk for UserRepositoryCached name=repoUser#439
17:17:25.421 [Test worker @coroutine#390] DEBUG io.mockk.impl.instantiation.AbstractMockFactory - Creating mockk for Tarea name=child of repoTarea#437#440
17:17:25.424 [Test worker @coroutine#390] DEBUG io.mockk.impl.instantiation.AbstractMockFactory - Creating mockk for Tarea name=child of repoTarea#437#441
17:17:26.192 [Test worker] DEBUG io.mockk.impl.instantiation.AbstractMockFactory - Creating mockk for MaquinaRepositoryCached name=repoM#442
17:17:26.193 [Test worker] DEBUG io.mockk.impl.instantiation.AbstractMockFactory - Creating mockk for PedidoRepositoryCached name=repoPedido#443
17:17:26.194 [Test worker] DEBUG io.mockk.impl.instantiation.AbstractMockFactory - Creating mockk for ProductoRepositoryCached name=repoProd#444
17:17:26.194 [Test worker] DEBUG io.mockk.impl.instantiation.AbstractMockFactory - Creating mockk for TareaRepositoryCached name=repoTarea#445
17:17:26.195 [Test worker] DEBUG io.mockk.impl.instantiation.AbstractMockFactory - Creating mockk for TurnoRepositoryCached name=repoTurno#446
17:17:26.195 [Test worker] DEBUG io.mockk.impl.instantiation.AbstractMockFactory - Creating mockk for UserRepositoryCached name=repoUser#447
17:17:26.208 [Test worker @coroutine#398] DEBUG io.mockk.impl.instantiation.AbstractMockFactory - Creating mockk for Turno name=child of repoTurno#446#448
17:17:26.211 [Test worker @coroutine#398] DEBUG io.mockk.impl.instantiation.AbstractMockFactory - Creating mockk for Turno name=child of repoTurno#446#449
17:17:27.091 [Test worker] DEBUG io.mockk.impl.instantiation.AbstractMockFactory - Creating mockk for MaquinaRepositoryCached name=repoM#450
17:17:27.092 [Test worker] DEBUG io.mockk.impl.instantiation.AbstractMockFactory - Creating mockk for PedidoRepositoryCached name=repoPedido#451
17:17:27.092 [Test worker] DEBUG io.mockk.impl.instantiation.AbstractMockFactory - Creating mockk for ProductoRepositoryCached name=repoProd#452
17:17:27.092 [Test worker] DEBUG io.mockk.impl.instantiation.AbstractMockFactory - Creating mockk for TareaRepositoryCached name=repoTarea#453
17:17:27.092 [Test worker] DEBUG io.mockk.impl.instantiation.AbstractMockFactory - Creating mockk for TurnoRepositoryCached name=repoTurno#454
17:17:27.092 [Test worker] DEBUG io.mockk.impl.instantiation.AbstractMockFactory - Creating mockk for UserRepositoryCached name=repoUser#455
17:17:27.097 [Test worker @coroutine#406] DEBUG io.mockk.impl.instantiation.AbstractMockFactory - Creating mockk for User name=child of repoUser#455#456
17:17:27.099 [Test worker @coroutine#406] DEBUG io.mockk.impl.instantiation.AbstractMockFactory - Creating mockk for User name=child of repoUser#455#457
17:17:27.103 [DefaultDispatcher-worker-1 @coroutine#411] DEBUG io.mockk.impl.recording.states.AnsweringState - Answering User(id=63dfd6971070f8213392c0f3, uuid=93a98d69-0006-48a7-b34f-05b596ea839a, nombre=Maria, apellido=Martinez, telefono=632120281, email=email2@email.com, password=contra, perfil=CLIENT, activo=true) on UserRepositoryCached(repoUser#455).findByUUID(93a98d69-0006-48a7-b34f-05b596ea839a, continuation {})
17:17:27.104 [DefaultDispatcher-worker-1 @coroutine#411] DEBUG io.mockk.impl.recording.states.AnsweringState - Answering User(id=63dfd6971070f8213392c0f3, uuid=93a98d69-0006-48a7-b34f-05b596ea839a, nombre=Maria, apellido=Martinez, telefono=632120281, email=email2@email.com, password=contra, perfil=CLIENT, activo=true) on UserRepositoryCached(repoUser#455).setInactive(63dfd6971070f8213392c0f3, continuation {})
17:17:27.918 [Test worker] DEBUG io.mockk.impl.instantiation.AbstractMockFactory - Creating mockk for MaquinaRepositoryCached name=repoM#458
17:17:27.919 [cluster-rtt-ClusterId{value='63dfd66e1070f8213392bf10', description='null'}-ac-o2suyf6-shard-00-00.7qtbnuz.mongodb.net:27017] DEBUG org.mongodb.driver.protocol.command - Sending command '{"hello": 1, "$db": "admin", "$clusterTime": {"clusterTime": {"$timestamp": {"t": 1675613842, "i": 5}}, "signature": {"hash": {"$binary": {"base64": "dYzlpjRwMdnrnDGojN4UeZCbAM8=", "subType": "00"}}, "keyId": 7161871216054108163}}}' with request id 42 to database admin on connection [connectionId{localValue:1, serverValue:176600}] to server ac-o2suyf6-shard-00-00.7qtbnuz.mongodb.net:27017
17:17:27.919 [cluster-rtt-ClusterId{value='63dfd66e1070f8213392bf10', description='null'}-ac-o2suyf6-shard-00-01.7qtbnuz.mongodb.net:27017] DEBUG org.mongodb.driver.protocol.command - Sending command '{"hello": 1, "$db": "admin", "$clusterTime": {"clusterTime": {"$timestamp": {"t": 1675613842, "i": 5}}, "signature": {"hash": {"$binary": {"base64": "dYzlpjRwMdnrnDGojN4UeZCbAM8=", "subType": "00"}}, "keyId": 7161871216054108163}}}' with request id 41 to database admin on connection [connectionId{localValue:3, serverValue:172264}] to server ac-o2suyf6-shard-00-01.7qtbnuz.mongodb.net:27017
17:17:27.919 [Test worker] DEBUG io.mockk.impl.instantiation.AbstractMockFactory - Creating mockk for PedidoRepositoryCached name=repoPedido#459
17:17:27.920 [Test worker] DEBUG io.mockk.impl.instantiation.AbstractMockFactory - Creating mockk for ProductoRepositoryCached name=repoProd#460
17:17:27.920 [Test worker] DEBUG io.mockk.impl.instantiation.AbstractMockFactory - Creating mockk for TareaRepositoryCached name=repoTarea#461
17:17:27.921 [Test worker] DEBUG io.mockk.impl.instantiation.AbstractMockFactory - Creating mockk for TurnoRepositoryCached name=repoTurno#462
17:17:27.921 [Test worker] DEBUG io.mockk.impl.instantiation.AbstractMockFactory - Creating mockk for UserRepositoryCached name=repoUser#463
17:17:27.928 [Test worker @coroutine#414] DEBUG io.mockk.impl.instantiation.AbstractMockFactory - Creating mockk for Maquina name=child of repoM#458#464
17:17:27.930 [Test worker @coroutine#414] DEBUG io.mockk.impl.instantiation.AbstractMockFactory - Creating mockk for Maquina name=child of repoM#458#465
17:17:27.938 [cluster-ClusterId{value='63dfd66e1070f8213392bf10', description='null'}-ac-o2suyf6-shard-00-01.7qtbnuz.mongodb.net:27017] DEBUG org.mongodb.driver.cluster - Updating cluster description to  {type=REPLICA_SET, servers=[{address=ac-o2suyf6-shard-00-00.7qtbnuz.mongodb.net:27017, type=REPLICA_SET_SECONDARY, TagSet{[Tag{name='nodeType', value='ELECTABLE'}, Tag{name='provider', value='AWS'}, Tag{name='region', value='EU_WEST_3'}, Tag{name='workloadType', value='OPERATIONAL'}]}, roundTripTime=273.3 ms, state=CONNECTED}, {address=ac-o2suyf6-shard-00-02.7qtbnuz.mongodb.net:27017, type=REPLICA_SET_PRIMARY, TagSet{[Tag{name='nodeType', value='ELECTABLE'}, Tag{name='provider', value='AWS'}, Tag{name='region', value='EU_WEST_3'}, Tag{name='workloadType', value='OPERATIONAL'}]}, roundTripTime=319.6 ms, state=CONNECTED}, {address=ac-o2suyf6-shard-00-01.7qtbnuz.mongodb.net:27017, type=REPLICA_SET_SECONDARY, TagSet{[Tag{name='nodeType', value='ELECTABLE'}, Tag{name='provider', value='AWS'}, Tag{name='region', value='EU_WEST_3'}, Tag{name='workloadType', value='OPERATIONAL'}]}, roundTripTime=274.6 ms, state=CONNECTED}]
17:17:27.939 [cluster-ClusterId{value='63dfd66e1070f8213392bf10', description='null'}-ac-o2suyf6-shard-00-01.7qtbnuz.mongodb.net:27017] DEBUG org.mongodb.driver.cluster - Checking status of ac-o2suyf6-shard-00-01.7qtbnuz.mongodb.net:27017
17:17:27.939 [cluster-ClusterId{value='63dfd66e1070f8213392bf10', description='null'}-ac-o2suyf6-shard-00-00.7qtbnuz.mongodb.net:27017] DEBUG org.mongodb.driver.cluster - Updating cluster description to  {type=REPLICA_SET, servers=[{address=ac-o2suyf6-shard-00-00.7qtbnuz.mongodb.net:27017, type=REPLICA_SET_SECONDARY, TagSet{[Tag{name='nodeType', value='ELECTABLE'}, Tag{name='provider', value='AWS'}, Tag{name='region', value='EU_WEST_3'}, Tag{name='workloadType', value='OPERATIONAL'}]}, roundTripTime=273.3 ms, state=CONNECTED}, {address=ac-o2suyf6-shard-00-02.7qtbnuz.mongodb.net:27017, type=REPLICA_SET_PRIMARY, TagSet{[Tag{name='nodeType', value='ELECTABLE'}, Tag{name='provider', value='AWS'}, Tag{name='region', value='EU_WEST_3'}, Tag{name='workloadType', value='OPERATIONAL'}]}, roundTripTime=319.6 ms, state=CONNECTED}, {address=ac-o2suyf6-shard-00-01.7qtbnuz.mongodb.net:27017, type=REPLICA_SET_SECONDARY, TagSet{[Tag{name='nodeType', value='ELECTABLE'}, Tag{name='provider', value='AWS'}, Tag{name='region', value='EU_WEST_3'}, Tag{name='workloadType', value='OPERATIONAL'}]}, roundTripTime=274.6 ms, state=CONNECTED}]
17:17:27.939 [cluster-ClusterId{value='63dfd66e1070f8213392bf10', description='null'}-ac-o2suyf6-shard-00-00.7qtbnuz.mongodb.net:27017] DEBUG org.mongodb.driver.cluster - Checking status of ac-o2suyf6-shard-00-00.7qtbnuz.mongodb.net:27017
17:17:27.940 [cluster-ClusterId{value='63dfd66e1070f8213392bf10', description='null'}-ac-o2suyf6-shard-00-02.7qtbnuz.mongodb.net:27017] DEBUG org.mongodb.driver.cluster - Updating cluster description to  {type=REPLICA_SET, servers=[{address=ac-o2suyf6-shard-00-00.7qtbnuz.mongodb.net:27017, type=REPLICA_SET_SECONDARY, TagSet{[Tag{name='nodeType', value='ELECTABLE'}, Tag{name='provider', value='AWS'}, Tag{name='region', value='EU_WEST_3'}, Tag{name='workloadType', value='OPERATIONAL'}]}, roundTripTime=273.3 ms, state=CONNECTED}, {address=ac-o2suyf6-shard-00-02.7qtbnuz.mongodb.net:27017, type=REPLICA_SET_PRIMARY, TagSet{[Tag{name='nodeType', value='ELECTABLE'}, Tag{name='provider', value='AWS'}, Tag{name='region', value='EU_WEST_3'}, Tag{name='workloadType', value='OPERATIONAL'}]}, roundTripTime=272.8 ms, state=CONNECTED}, {address=ac-o2suyf6-shard-00-01.7qtbnuz.mongodb.net:27017, type=REPLICA_SET_SECONDARY, TagSet{[Tag{name='nodeType', value='ELECTABLE'}, Tag{name='provider', value='AWS'}, Tag{name='region', value='EU_WEST_3'}, Tag{name='workloadType', value='OPERATIONAL'}]}, roundTripTime=274.6 ms, state=CONNECTED}]
17:17:27.940 [cluster-ClusterId{value='63dfd66e1070f8213392bf10', description='null'}-ac-o2suyf6-shard-00-02.7qtbnuz.mongodb.net:27017] DEBUG org.mongodb.driver.cluster - Checking status of ac-o2suyf6-shard-00-02.7qtbnuz.mongodb.net:27017
17:17:27.954 [cluster-rtt-ClusterId{value='63dfd66e1070f8213392bf10', description='null'}-ac-o2suyf6-shard-00-01.7qtbnuz.mongodb.net:27017] DEBUG org.mongodb.driver.protocol.command - Execution of command with request id 41 completed successfully in 36.07 ms on connection [connectionId{localValue:3, serverValue:172264}] to server ac-o2suyf6-shard-00-01.7qtbnuz.mongodb.net:27017
17:17:27.954 [cluster-rtt-ClusterId{value='63dfd66e1070f8213392bf10', description='null'}-ac-o2suyf6-shard-00-00.7qtbnuz.mongodb.net:27017] DEBUG org.mongodb.driver.protocol.command - Execution of command with request id 42 completed successfully in 35.99 ms on connection [connectionId{localValue:1, serverValue:176600}] to server ac-o2suyf6-shard-00-00.7qtbnuz.mongodb.net:27017
17:17:28.324 [cluster-rtt-ClusterId{value='63dfd66e1070f8213392bf10', description='null'}-ac-o2suyf6-shard-00-02.7qtbnuz.mongodb.net:27017] DEBUG org.mongodb.driver.protocol.command - Sending command '{"hello": 1, "$db": "admin", "$clusterTime": {"clusterTime": {"$timestamp": {"t": 1675613846, "i": 4}}, "signature": {"hash": {"$binary": {"base64": "Ua7B7jb72R3e10LG45nh573NmZU=", "subType": "00"}}, "keyId": 7161871216054108163}}}' with request id 43 to database admin on connection [connectionId{localValue:4, serverValue:175716}] to server ac-o2suyf6-shard-00-02.7qtbnuz.mongodb.net:27017
17:17:28.365 [cluster-rtt-ClusterId{value='63dfd66e1070f8213392bf10', description='null'}-ac-o2suyf6-shard-00-02.7qtbnuz.mongodb.net:27017] DEBUG org.mongodb.driver.protocol.command - Execution of command with request id 43 completed successfully in 41.78 ms on connection [connectionId{localValue:4, serverValue:175716}] to server ac-o2suyf6-shard-00-02.7qtbnuz.mongodb.net:27017
17:17:28.619 [Test worker] DEBUG io.mockk.impl.instantiation.AbstractMockFactory - Creating mockk for MaquinaRepositoryCached name=repoM#466
17:17:28.620 [Test worker] DEBUG io.mockk.impl.instantiation.AbstractMockFactory - Creating mockk for PedidoRepositoryCached name=repoPedido#467
17:17:28.621 [Test worker] DEBUG io.mockk.impl.instantiation.AbstractMockFactory - Creating mockk for ProductoRepositoryCached name=repoProd#468
17:17:28.621 [Test worker] DEBUG io.mockk.impl.instantiation.AbstractMockFactory - Creating mockk for TareaRepositoryCached name=repoTarea#469
17:17:28.622 [Test worker] DEBUG io.mockk.impl.instantiation.AbstractMockFactory - Creating mockk for TurnoRepositoryCached name=repoTurno#470
17:17:28.622 [Test worker] DEBUG io.mockk.impl.instantiation.AbstractMockFactory - Creating mockk for UserRepositoryCached name=repoUser#471
17:17:28.647 [Test worker @coroutine#422] DEBUG io.mockk.impl.instantiation.AbstractMockFactory - Creating mockk for Turno name=child of repoTurno#470#472
17:17:28.691 [DefaultDispatcher-worker-1] DEBUG koin.repositories.pedido.PedidoRepository - findByUUID(93a98d69-6da6-48a7-b34f-05b596aaabac)
17:17:28.704 [AsyncGetter-5-thread-1] DEBUG org.mongodb.driver.protocol.command - Sending command '{"find": "pedido", "filter": {}, "batchSize": 64, "$db": "practica03mongoIvanLoli", "$clusterTime": {"clusterTime": {"$timestamp": {"t": 1675613847, "i": 1}}, "signature": {"hash": {"$binary": {"base64": "XDnerZLs2N5aF2MZoLbqzhvcF/Q=", "subType": "00"}}, "keyId": 7161871216054108163}}, "lsid": {"id": {"$binary": {"base64": "roMpFL3PQPawB+PlCM6O3Q==", "subType": "04"}}}}' with request id 44 to database practica03mongoIvanLoli on connection [connectionId{localValue:7, serverValue:175676}] to server ac-o2suyf6-shard-00-02.7qtbnuz.mongodb.net:27017
17:17:28.748 [async-channel-group-0-handler-executor] DEBUG org.mongodb.driver.protocol.command - Execution of command with request id 44 completed successfully in 44.40 ms on connection [connectionId{localValue:7, serverValue:175676}] to server ac-o2suyf6-shard-00-02.7qtbnuz.mongodb.net:27017
17:17:28.766 [async-channel-group-0-handler-executor] DEBUG org.mongodb.driver.operation - Received batch of 1 documents with cursorId 0 from server ac-o2suyf6-shard-00-02.7qtbnuz.mongodb.net:27017
17:17:28.790 [DefaultDispatcher-worker-1] DEBUG koin.repositories.pedido.PedidoRepository - findByUUID(93a98d69-6da6-48a7-b34f-05b596aaabac)
17:17:28.792 [AsyncGetter-5-thread-1] DEBUG org.mongodb.driver.protocol.command - Sending command '{"find": "pedido", "filter": {}, "batchSize": 64, "$db": "practica03mongoIvanLoli", "$clusterTime": {"clusterTime": {"$timestamp": {"t": 1675613847, "i": 5}}, "signature": {"hash": {"$binary": {"base64": "XDnerZLs2N5aF2MZoLbqzhvcF/Q=", "subType": "00"}}, "keyId": 7161871216054108163}}, "lsid": {"id": {"$binary": {"base64": "roMpFL3PQPawB+PlCM6O3Q==", "subType": "04"}}}}' with request id 45 to database practica03mongoIvanLoli on connection [connectionId{localValue:7, serverValue:175676}] to server ac-o2suyf6-shard-00-02.7qtbnuz.mongodb.net:27017
17:17:28.838 [async-channel-group-0-handler-executor] DEBUG org.mongodb.driver.protocol.command - Execution of command with request id 45 completed successfully in 45.96 ms on connection [connectionId{localValue:7, serverValue:175676}] to server ac-o2suyf6-shard-00-02.7qtbnuz.mongodb.net:27017
17:17:28.839 [async-channel-group-0-handler-executor] DEBUG org.mongodb.driver.operation - Received batch of 1 documents with cursorId 0 from server ac-o2suyf6-shard-00-02.7qtbnuz.mongodb.net:27017
17:17:28.839 [DefaultDispatcher-worker-1] DEBUG io.mockk.impl.recording.states.AnsweringState - Answering Turno(id=63dfd6981070f8213392c10d, uuid=93a98d69-0019-48a7-b34f-05b596ea8abc, workerId=93a98d69-0007-48a7-b34f-05b596ea839c, maquinaId=93a98d69-0008-48a7-b34f-05b596ea83bb, horaInicio=2002-10-14T10:09, horaFin=2002-10-14T16:49, numPedidosActivos=2, tarea1Id=93a98d69-0013-48a7-b34f-05b596ea83cc, tarea2Id=null, finalizado=false) on TurnoRepositoryCached(repoTurno#470).save(Turno(id=63dfd6981070f8213392c113, uuid=93a98d69-6da6-48a7-b34f-05b596aaabba, workerId=93a98d69-6da6-48a7-b34f-05b596aaaaab, maquinaId=93a98d69-6da6-48a7-b34f-05b596aaaaca, horaInicio=2023-02-05T19:16:23.528718200, horaFin=2023-02-05T21:16:23.528718200, numPedidosActivos=1, tarea1Id=93a98d69-6da6-48a7-b34f-05b596aaabab, tarea2Id=93a98d69-6da6-48a7-b34f-05b596aaaacc, finalizado=false), continuation {})
17:17:28.840 [DefaultDispatcher-worker-1] DEBUG koin.repositories.user.UserRepository - findByUUID(93a98d69-0007-48a7-b34f-05b596ea839c)
17:17:28.842 [AsyncGetter-5-thread-1] DEBUG org.mongodb.driver.protocol.command - Sending command '{"find": "user", "filter": {}, "batchSize": 64, "$db": "practica03mongoIvanLoli", "$clusterTime": {"clusterTime": {"$timestamp": {"t": 1675613847, "i": 5}}, "signature": {"hash": {"$binary": {"base64": "XDnerZLs2N5aF2MZoLbqzhvcF/Q=", "subType": "00"}}, "keyId": 7161871216054108163}}, "lsid": {"id": {"$binary": {"base64": "roMpFL3PQPawB+PlCM6O3Q==", "subType": "04"}}}}' with request id 46 to database practica03mongoIvanLoli on connection [connectionId{localValue:7, serverValue:175676}] to server ac-o2suyf6-shard-00-02.7qtbnuz.mongodb.net:27017
17:17:28.882 [async-channel-group-0-handler-executor] DEBUG org.mongodb.driver.protocol.command - Execution of command with request id 46 completed successfully in 41.35 ms on connection [connectionId{localValue:7, serverValue:175676}] to server ac-o2suyf6-shard-00-02.7qtbnuz.mongodb.net:27017
17:17:28.883 [async-channel-group-0-handler-executor] DEBUG org.mongodb.driver.operation - Received batch of 3 documents with cursorId 0 from server ac-o2suyf6-shard-00-02.7qtbnuz.mongodb.net:27017
17:17:28.884 [DefaultDispatcher-worker-1] DEBUG koin.repositories.maquina.MaquinaRepository - findByUUID(93a98d69-0008-48a7-b34f-05b596ea83bb)
17:17:28.888 [AsyncGetter-5-thread-1] DEBUG org.mongodb.driver.protocol.command - Sending command '{"find": "maquina", "filter": {}, "batchSize": 64, "$db": "practica03mongoIvanLoli", "$clusterTime": {"clusterTime": {"$timestamp": {"t": 1675613847, "i": 5}}, "signature": {"hash": {"$binary": {"base64": "XDnerZLs2N5aF2MZoLbqzhvcF/Q=", "subType": "00"}}, "keyId": 7161871216054108163}}, "lsid": {"id": {"$binary": {"base64": "roMpFL3PQPawB+PlCM6O3Q==", "subType": "04"}}}}' with request id 47 to database practica03mongoIvanLoli on connection [connectionId{localValue:7, serverValue:175676}] to server ac-o2suyf6-shard-00-02.7qtbnuz.mongodb.net:27017
17:17:28.954 [async-channel-group-0-handler-executor] DEBUG org.mongodb.driver.protocol.command - Execution of command with request id 47 completed successfully in 66.54 ms on connection [connectionId{localValue:7, serverValue:175676}] to server ac-o2suyf6-shard-00-02.7qtbnuz.mongodb.net:27017
17:17:28.955 [async-channel-group-0-handler-executor] DEBUG org.mongodb.driver.operation - Received batch of 2 documents with cursorId 0 from server ac-o2suyf6-shard-00-02.7qtbnuz.mongodb.net:27017
17:17:28.957 [DefaultDispatcher-worker-1] DEBUG koin.repositories.tarea.TareaRepository - findByUUID(93a98d69-0013-48a7-b34f-05b596ea83cc)
17:17:28.959 [AsyncGetter-5-thread-1] DEBUG org.mongodb.driver.protocol.command - Sending command '{"find": "tarea", "filter": {}, "batchSize": 64, "$db": "practica03mongoIvanLoli", "$clusterTime": {"clusterTime": {"$timestamp": {"t": 1675613847, "i": 5}}, "signature": {"hash": {"$binary": {"base64": "XDnerZLs2N5aF2MZoLbqzhvcF/Q=", "subType": "00"}}, "keyId": 7161871216054108163}}, "lsid": {"id": {"$binary": {"base64": "roMpFL3PQPawB+PlCM6O3Q==", "subType": "04"}}}}' with request id 48 to database practica03mongoIvanLoli on connection [connectionId{localValue:7, serverValue:175676}] to server ac-o2suyf6-shard-00-02.7qtbnuz.mongodb.net:27017
17:17:29.003 [async-channel-group-0-handler-executor] DEBUG org.mongodb.driver.protocol.command - Execution of command with request id 48 completed successfully in 44.88 ms on connection [connectionId{localValue:7, serverValue:175676}] to server ac-o2suyf6-shard-00-02.7qtbnuz.mongodb.net:27017
17:17:29.005 [async-channel-group-0-handler-executor] DEBUG org.mongodb.driver.operation - Received batch of 6 documents with cursorId 0 from server ac-o2suyf6-shard-00-02.7qtbnuz.mongodb.net:27017
17:17:29.744 [Test worker] DEBUG io.mockk.impl.instantiation.AbstractMockFactory - Creating mockk for MaquinaRepositoryCached name=repoM#473
17:17:29.744 [Test worker] DEBUG io.mockk.impl.instantiation.AbstractMockFactory - Creating mockk for PedidoRepositoryCached name=repoPedido#474
17:17:29.744 [Test worker] DEBUG io.mockk.impl.instantiation.AbstractMockFactory - Creating mockk for ProductoRepositoryCached name=repoProd#475
17:17:29.744 [Test worker] DEBUG io.mockk.impl.instantiation.AbstractMockFactory - Creating mockk for TareaRepositoryCached name=repoTarea#476
17:17:29.745 [Test worker] DEBUG io.mockk.impl.instantiation.AbstractMockFactory - Creating mockk for TurnoRepositoryCached name=repoTurno#477
17:17:29.745 [Test worker] DEBUG io.mockk.impl.instantiation.AbstractMockFactory - Creating mockk for UserRepositoryCached name=repoUser#478
17:17:29.754 [Test worker @coroutine#426] DEBUG io.mockk.impl.instantiation.AbstractMockFactory - Creating mockk for Flow name=child of repoUser#478#479
17:17:29.757 [DefaultDispatcher-worker-1 @coroutine#429] DEBUG io.mockk.impl.recording.states.AnsweringState - Answering kotlinx.coroutines.flow.FlowKt__BuildersKt$flowOf$$inlined$unsafeFlow$1@30b21605 on UserRepositoryCached(repoUser#478).findAll(continuation {})
17:17:30.432 [Test worker] DEBUG io.mockk.impl.instantiation.AbstractMockFactory - Creating mockk for MaquinaRepositoryCached name=repoM#480
17:17:30.432 [Test worker] DEBUG io.mockk.impl.instantiation.AbstractMockFactory - Creating mockk for PedidoRepositoryCached name=repoPedido#481
17:17:30.432 [Test worker] DEBUG io.mockk.impl.instantiation.AbstractMockFactory - Creating mockk for ProductoRepositoryCached name=repoProd#482
17:17:30.432 [Test worker] DEBUG io.mockk.impl.instantiation.AbstractMockFactory - Creating mockk for TareaRepositoryCached name=repoTarea#483
17:17:30.432 [Test worker] DEBUG io.mockk.impl.instantiation.AbstractMockFactory - Creating mockk for TurnoRepositoryCached name=repoTurno#484
17:17:30.432 [Test worker] DEBUG io.mockk.impl.instantiation.AbstractMockFactory - Creating mockk for UserRepositoryCached name=repoUser#485
17:17:30.441 [Test worker @coroutine#432] DEBUG io.mockk.impl.instantiation.AbstractMockFactory - Creating mockk for Tarea name=child of repoTarea#483#486
17:17:30.444 [DefaultDispatcher-worker-1 @coroutine#435] DEBUG io.mockk.impl.recording.states.AnsweringState - Answering null on TareaRepositoryCached(repoTarea#483).findByUUID(813e7e9f-c3cb-4638-b5c4-e6eee01b3a1f, continuation {})
17:17:31.101 [Test worker] DEBUG io.mockk.impl.instantiation.AbstractMockFactory - Creating mockk for MaquinaRepositoryCached name=repoM#487
17:17:31.102 [Test worker] DEBUG io.mockk.impl.instantiation.AbstractMockFactory - Creating mockk for PedidoRepositoryCached name=repoPedido#488
17:17:31.102 [Test worker] DEBUG io.mockk.impl.instantiation.AbstractMockFactory - Creating mockk for ProductoRepositoryCached name=repoProd#489
17:17:31.102 [Test worker] DEBUG io.mockk.impl.instantiation.AbstractMockFactory - Creating mockk for TareaRepositoryCached name=repoTarea#490
17:17:31.102 [Test worker] DEBUG io.mockk.impl.instantiation.AbstractMockFactory - Creating mockk for TurnoRepositoryCached name=repoTurno#491
17:17:31.103 [Test worker] DEBUG io.mockk.impl.instantiation.AbstractMockFactory - Creating mockk for UserRepositoryCached name=repoUser#492
17:17:31.109 [Test worker @coroutine#438] DEBUG io.mockk.impl.instantiation.AbstractMockFactory - Creating mockk for Producto name=child of repoProd#489#493
17:17:31.111 [Test worker @coroutine#438] DEBUG io.mockk.impl.instantiation.AbstractMockFactory - Creating mockk for Producto name=child of repoProd#489#494
17:17:32.147 [Test worker] DEBUG io.mockk.impl.instantiation.AbstractMockFactory - Creating mockk for MaquinaRepositoryCached name=repoM#495
17:17:32.147 [Test worker] DEBUG io.mockk.impl.instantiation.AbstractMockFactory - Creating mockk for PedidoRepositoryCached name=repoPedido#496
17:17:32.147 [Test worker] DEBUG io.mockk.impl.instantiation.AbstractMockFactory - Creating mockk for ProductoRepositoryCached name=repoProd#497
17:17:32.147 [Test worker] DEBUG io.mockk.impl.instantiation.AbstractMockFactory - Creating mockk for TareaRepositoryCached name=repoTarea#498
17:17:32.147 [Test worker] DEBUG io.mockk.impl.instantiation.AbstractMockFactory - Creating mockk for TurnoRepositoryCached name=repoTurno#499
17:17:32.148 [Test worker] DEBUG io.mockk.impl.instantiation.AbstractMockFactory - Creating mockk for UserRepositoryCached name=repoUser#500
17:17:32.160 [Test worker @coroutine#446] DEBUG io.mockk.impl.instantiation.AbstractMockFactory - Creating mockk for User name=child of repoUser#500#501
17:17:32.163 [Test worker @coroutine#446] DEBUG io.mockk.impl.instantiation.AbstractMockFactory - Creating mockk for User name=child of repoUser#500#502
17:17:32.167 [DefaultDispatcher-worker-1 @coroutine#451] DEBUG io.mockk.impl.recording.states.AnsweringState - Answering User(id=63dfd69c1070f8213392c135, uuid=93a98d69-0006-48a7-b34f-05b596ea839a, nombre=Maria, apellido=Martinez, telefono=632120281, email=email2@email.com, password=contra, perfil=CLIENT, activo=true) on UserRepositoryCached(repoUser#500).findByUUID(93a98d69-0006-48a7-b34f-05b596ea839a, continuation {})
17:17:32.169 [DefaultDispatcher-worker-1 @coroutine#451] DEBUG io.mockk.impl.recording.states.AnsweringState - Answering User(id=63dfd69c1070f8213392c135, uuid=93a98d69-0006-48a7-b34f-05b596ea839a, nombre=Maria, apellido=Martinez, telefono=632120281, email=email2@email.com, password=contra, perfil=CLIENT, activo=true) on UserRepositoryCached(repoUser#500).delete(63dfd69c1070f8213392c135, continuation {})
17:17:32.961 [Test worker] DEBUG io.mockk.impl.instantiation.AbstractMockFactory - Creating mockk for MaquinaRepositoryCached name=repoM#503
17:17:32.961 [Test worker] DEBUG io.mockk.impl.instantiation.AbstractMockFactory - Creating mockk for PedidoRepositoryCached name=repoPedido#504
17:17:32.961 [Test worker] DEBUG io.mockk.impl.instantiation.AbstractMockFactory - Creating mockk for ProductoRepositoryCached name=repoProd#505
17:17:32.962 [Test worker] DEBUG io.mockk.impl.instantiation.AbstractMockFactory - Creating mockk for TareaRepositoryCached name=repoTarea#506
17:17:32.962 [Test worker] DEBUG io.mockk.impl.instantiation.AbstractMockFactory - Creating mockk for TurnoRepositoryCached name=repoTurno#507
17:17:32.962 [Test worker] DEBUG io.mockk.impl.instantiation.AbstractMockFactory - Creating mockk for UserRepositoryCached name=repoUser#508
17:17:32.971 [Test worker @coroutine#454] DEBUG io.mockk.impl.instantiation.AbstractMockFactory - Creating mockk for Tarea name=child of repoTarea#506#509
17:17:32.974 [Test worker @coroutine#454] DEBUG io.mockk.impl.instantiation.AbstractMockFactory - Creating mockk for Tarea name=child of repoTarea#506#510
17:17:32.978 [DefaultDispatcher-worker-1 @coroutine#459] DEBUG io.mockk.impl.recording.states.AnsweringState - Answering Tarea(id=63dfd69c1070f8213392c143, uuid=93a98d69-0013-48a7-b34f-05b596ea83cc, raquetaId=93a98d69-0001-48a7-b34f-05b596ea83ba, precio=36.4, tipo=PERSONALIZACION, finalizada=true, pedidoId=93a98d69-0010-48a7-b34f-05b596ea8acc, productoAdquiridoId=93a98d69-0004-48a7-b34f-05b596ea83aa, peso=10, balance=2.0, rigidez=5, tensionHorizontal=null, cordajeHorizontalId=null, tensionVertical=null, cordajeVerticalId=null, dosNudos=null) on TareaRepositoryCached(repoTarea#506).findByUUID(93a98d69-0013-48a7-b34f-05b596ea83cc, continuation {})
17:17:32.979 [DefaultDispatcher-worker-1 @coroutine#459] DEBUG io.mockk.impl.recording.states.AnsweringState - Answering Tarea(id=63dfd69c1070f8213392c143, uuid=93a98d69-0013-48a7-b34f-05b596ea83cc, raquetaId=93a98d69-0001-48a7-b34f-05b596ea83ba, precio=36.4, tipo=PERSONALIZACION, finalizada=true, pedidoId=93a98d69-0010-48a7-b34f-05b596ea8acc, productoAdquiridoId=93a98d69-0004-48a7-b34f-05b596ea83aa, peso=10, balance=2.0, rigidez=5, tensionHorizontal=null, cordajeHorizontalId=null, tensionVertical=null, cordajeVerticalId=null, dosNudos=null) on TareaRepositoryCached(repoTarea#506).setFinalizada(63dfd69c1070f8213392c143, continuation {})
17:17:32.979 [DefaultDispatcher-worker-1 @coroutine#459] DEBUG koin.repositories.producto.ProductoRepository - findByUUID(93a98d69-0001-48a7-b34f-05b596ea83ba)
17:17:32.980 [AsyncGetter-5-thread-1] DEBUG org.mongodb.driver.protocol.command - Sending command '{"find": "producto", "filter": {}, "batchSize": 64, "$db": "practica03mongoIvanLoli", "$clusterTime": {"clusterTime": {"$timestamp": {"t": 1675613847, "i": 5}}, "signature": {"hash": {"$binary": {"base64": "XDnerZLs2N5aF2MZoLbqzhvcF/Q=", "subType": "00"}}, "keyId": 7161871216054108163}}, "lsid": {"id": {"$binary": {"base64": "roMpFL3PQPawB+PlCM6O3Q==", "subType": "04"}}}}' with request id 49 to database practica03mongoIvanLoli on connection [connectionId{localValue:7, serverValue:175676}] to server ac-o2suyf6-shard-00-02.7qtbnuz.mongodb.net:27017
17:17:33.025 [async-channel-group-0-handler-executor] DEBUG org.mongodb.driver.protocol.command - Execution of command with request id 49 completed successfully in 45.26 ms on connection [connectionId{localValue:7, serverValue:175676}] to server ac-o2suyf6-shard-00-02.7qtbnuz.mongodb.net:27017
17:17:33.026 [async-channel-group-0-handler-executor] DEBUG org.mongodb.driver.operation - Received batch of 4 documents with cursorId 0 from server ac-o2suyf6-shard-00-02.7qtbnuz.mongodb.net:27017
17:17:33.709 [Test worker] DEBUG io.mockk.impl.instantiation.AbstractMockFactory - Creating mockk for MaquinaRepositoryCached name=repoM#511
17:17:33.709 [Test worker] DEBUG io.mockk.impl.instantiation.AbstractMockFactory - Creating mockk for PedidoRepositoryCached name=repoPedido#512
17:17:33.709 [Test worker] DEBUG io.mockk.impl.instantiation.AbstractMockFactory - Creating mockk for ProductoRepositoryCached name=repoProd#513
17:17:33.710 [Test worker] DEBUG io.mockk.impl.instantiation.AbstractMockFactory - Creating mockk for TareaRepositoryCached name=repoTarea#514
17:17:33.710 [Test worker] DEBUG io.mockk.impl.instantiation.AbstractMockFactory - Creating mockk for TurnoRepositoryCached name=repoTurno#515
17:17:33.710 [Test worker] DEBUG io.mockk.impl.instantiation.AbstractMockFactory - Creating mockk for UserRepositoryCached name=repoUser#516
17:17:33.722 [Test worker @coroutine#462] DEBUG io.mockk.impl.instantiation.AbstractMockFactory - Creating mockk for Producto name=child of repoProd#513#517
17:17:33.728 [DefaultDispatcher-worker-1 @coroutine#465] DEBUG io.mockk.impl.recording.states.AnsweringState - Answering Producto(id=63dfd69d1070f8213392c14b, uuid=93a98d69-0004-48a7-b34f-05b596ea83aa, tipo=FUNDAS, marca=MarcaZ, modelo=ModeloZ, precio=36.4, stock=8) on ProductoRepositoryCached(repoProd#513).findByUUID(93a98d69-0004-48a7-b34f-05b596ea83aa, continuation {})
17:17:34.433 [Test worker] DEBUG io.mockk.impl.instantiation.AbstractMockFactory - Creating mockk for MaquinaRepositoryCached name=repoM#518
17:17:34.433 [Test worker] DEBUG io.mockk.impl.instantiation.AbstractMockFactory - Creating mockk for PedidoRepositoryCached name=repoPedido#519
17:17:34.435 [Test worker] DEBUG io.mockk.impl.instantiation.AbstractMockFactory - Creating mockk for ProductoRepositoryCached name=repoProd#520
17:17:34.435 [Test worker] DEBUG io.mockk.impl.instantiation.AbstractMockFactory - Creating mockk for TareaRepositoryCached name=repoTarea#521
17:17:34.436 [Test worker] DEBUG io.mockk.impl.instantiation.AbstractMockFactory - Creating mockk for TurnoRepositoryCached name=repoTurno#522
17:17:34.436 [Test worker] DEBUG io.mockk.impl.instantiation.AbstractMockFactory - Creating mockk for UserRepositoryCached name=repoUser#523
17:17:34.443 [Test worker @coroutine#468] DEBUG io.mockk.impl.instantiation.AbstractMockFactory - Creating mockk for Pedido name=child of repoPedido#519#524
17:17:34.445 [Test worker @coroutine#468] DEBUG io.mockk.impl.instantiation.AbstractMockFactory - Creating mockk for Flow name=child of repoTarea#521#525
17:17:34.448 [Test worker @coroutine#468] DEBUG io.mockk.impl.instantiation.AbstractMockFactory - Creating mockk for Tarea name=child of repoTarea#521#526
17:17:34.452 [Test worker @coroutine#468] DEBUG io.mockk.impl.instantiation.AbstractMockFactory - Creating mockk for Pedido name=child of repoPedido#519#527
17:17:34.458 [DefaultDispatcher-worker-1 @coroutine#477] DEBUG io.mockk.impl.recording.states.AnsweringState - Answering Pedido(id=63dfd69e1070f8213392c156, uuid=93a98d69-0010-48a7-b34f-05b596ea8acc, userId=93a98d69-0006-48a7-b34f-05b596ea839a, state=PROCESO, fechaEntrada=2013-10-10, fechaSalida=2023-12-12, topeEntrega=2023-12-14, precio=0.0) on PedidoRepositoryCached(repoPedido#519).findByUUID(93a98d69-0010-48a7-b34f-05b596ea8acc, continuation {})
17:17:34.458 [DefaultDispatcher-worker-1 @coroutine#477] DEBUG io.mockk.impl.recording.states.AnsweringState - Answering kotlinx.coroutines.flow.FlowKt__BuildersKt$flowOf$$inlined$unsafeFlow$1@26969d27 on TareaRepositoryCached(repoTarea#521).findAll(continuation {})
17:17:34.459 [DefaultDispatcher-worker-1 @coroutine#477] DEBUG io.mockk.impl.recording.states.AnsweringState - Answering Pedido(id=63dfd69e1070f8213392c156, uuid=93a98d69-0010-48a7-b34f-05b596ea8acc, userId=93a98d69-0006-48a7-b34f-05b596ea839a, state=PROCESO, fechaEntrada=2013-10-10, fechaSalida=2023-12-12, topeEntrega=2023-12-14, precio=0.0) on PedidoRepositoryCached(repoPedido#519).delete(63dfd69e1070f8213392c156, continuation {})
17:17:34.459 [DefaultDispatcher-worker-1 @coroutine#477] DEBUG koin.repositories.tarea.TareaRepository - findAll()
17:17:34.460 [AsyncGetter-5-thread-1] DEBUG org.mongodb.driver.protocol.command - Sending command '{"find": "tarea", "filter": {}, "batchSize": 64, "$db": "practica03mongoIvanLoli", "$clusterTime": {"clusterTime": {"$timestamp": {"t": 1675613851, "i": 4}}, "signature": {"hash": {"$binary": {"base64": "e1Ir3z6mLXhYygeDNS81bGZd/7k=", "subType": "00"}}, "keyId": 7161871216054108163}}, "lsid": {"id": {"$binary": {"base64": "roMpFL3PQPawB+PlCM6O3Q==", "subType": "04"}}}}' with request id 50 to database practica03mongoIvanLoli on connection [connectionId{localValue:7, serverValue:175676}] to server ac-o2suyf6-shard-00-02.7qtbnuz.mongodb.net:27017
17:17:34.504 [async-channel-group-0-handler-executor] DEBUG org.mongodb.driver.protocol.command - Execution of command with request id 50 completed successfully in 44.78 ms on connection [connectionId{localValue:7, serverValue:175676}] to server ac-o2suyf6-shard-00-02.7qtbnuz.mongodb.net:27017
17:17:34.505 [async-channel-group-0-handler-executor] DEBUG org.mongodb.driver.operation - Received batch of 6 documents with cursorId 0 from server ac-o2suyf6-shard-00-02.7qtbnuz.mongodb.net:27017
17:17:34.506 [DefaultDispatcher-worker-1 @coroutine#477] DEBUG koin.repositories.user.UserRepository - findByUUID(93a98d69-0006-48a7-b34f-05b596ea839a)
17:17:34.508 [AsyncGetter-5-thread-1] DEBUG org.mongodb.driver.protocol.command - Sending command '{"find": "user", "filter": {}, "batchSize": 64, "$db": "practica03mongoIvanLoli", "$clusterTime": {"clusterTime": {"$timestamp": {"t": 1675613853, "i": 1}}, "signature": {"hash": {"$binary": {"base64": "SQTCEyHC9HrtqUtiFx1XqQpV6LQ=", "subType": "00"}}, "keyId": 7161871216054108163}}, "lsid": {"id": {"$binary": {"base64": "roMpFL3PQPawB+PlCM6O3Q==", "subType": "04"}}}}' with request id 51 to database practica03mongoIvanLoli on connection [connectionId{localValue:7, serverValue:175676}] to server ac-o2suyf6-shard-00-02.7qtbnuz.mongodb.net:27017
17:17:34.554 [async-channel-group-0-handler-executor] DEBUG org.mongodb.driver.protocol.command - Execution of command with request id 51 completed successfully in 46.24 ms on connection [connectionId{localValue:7, serverValue:175676}] to server ac-o2suyf6-shard-00-02.7qtbnuz.mongodb.net:27017
17:17:34.556 [async-channel-group-0-handler-executor] DEBUG org.mongodb.driver.operation - Received batch of 3 documents with cursorId 0 from server ac-o2suyf6-shard-00-02.7qtbnuz.mongodb.net:27017
17:17:35.316 [Test worker] DEBUG io.mockk.impl.instantiation.AbstractMockFactory - Creating mockk for MaquinaRepositoryCached name=repoM#528
17:17:35.316 [Test worker] DEBUG io.mockk.impl.instantiation.AbstractMockFactory - Creating mockk for PedidoRepositoryCached name=repoPedido#529
17:17:35.320 [Test worker] DEBUG io.mockk.impl.instantiation.AbstractMockFactory - Creating mockk for ProductoRepositoryCached name=repoProd#530
17:17:35.321 [Test worker] DEBUG io.mockk.impl.instantiation.AbstractMockFactory - Creating mockk for TareaRepositoryCached name=repoTarea#531
17:17:35.321 [Test worker] DEBUG io.mockk.impl.instantiation.AbstractMockFactory - Creating mockk for TurnoRepositoryCached name=repoTurno#532
17:17:35.321 [Test worker] DEBUG io.mockk.impl.instantiation.AbstractMockFactory - Creating mockk for UserRepositoryCached name=repoUser#533
17:17:35.327 [Test worker @coroutine#480] DEBUG io.mockk.impl.instantiation.AbstractMockFactory - Creating mockk for Producto name=child of repoProd#530#534
17:17:35.329 [DefaultDispatcher-worker-1 @coroutine#483] DEBUG io.mockk.impl.recording.states.AnsweringState - Answering null on ProductoRepositoryCached(repoProd#530).findByUUID(8a1dc3ac-bcc6-4081-a3b9-384f0e1a3e42, continuation {})
17:17:36.004 [Test worker] DEBUG io.mockk.impl.instantiation.AbstractMockFactory - Creating mockk for MaquinaRepositoryCached name=repoM#535
17:17:36.004 [Test worker] DEBUG io.mockk.impl.instantiation.AbstractMockFactory - Creating mockk for PedidoRepositoryCached name=repoPedido#536
17:17:36.004 [Test worker] DEBUG io.mockk.impl.instantiation.AbstractMockFactory - Creating mockk for ProductoRepositoryCached name=repoProd#537
17:17:36.004 [Test worker] DEBUG io.mockk.impl.instantiation.AbstractMockFactory - Creating mockk for TareaRepositoryCached name=repoTarea#538
17:17:36.005 [Test worker] DEBUG io.mockk.impl.instantiation.AbstractMockFactory - Creating mockk for TurnoRepositoryCached name=repoTurno#539
17:17:36.005 [Test worker] DEBUG io.mockk.impl.instantiation.AbstractMockFactory - Creating mockk for UserRepositoryCached name=repoUser#540
17:17:36.010 [Test worker @coroutine#486] DEBUG io.mockk.impl.instantiation.AbstractMockFactory - Creating mockk for Turno name=child of repoTurno#539#541
17:17:36.012 [Test worker @coroutine#486] DEBUG io.mockk.impl.instantiation.AbstractMockFactory - Creating mockk for Turno name=child of repoTurno#539#542
17:17:36.743 [Test worker] DEBUG io.mockk.impl.instantiation.AbstractMockFactory - Creating mockk for MaquinaRepositoryCached name=repoM#543
17:17:36.743 [Test worker] DEBUG io.mockk.impl.instantiation.AbstractMockFactory - Creating mockk for PedidoRepositoryCached name=repoPedido#544
17:17:36.743 [Test worker] DEBUG io.mockk.impl.instantiation.AbstractMockFactory - Creating mockk for ProductoRepositoryCached name=repoProd#545
17:17:36.743 [Test worker] DEBUG io.mockk.impl.instantiation.AbstractMockFactory - Creating mockk for TareaRepositoryCached name=repoTarea#546
17:17:36.743 [Test worker] DEBUG io.mockk.impl.instantiation.AbstractMockFactory - Creating mockk for TurnoRepositoryCached name=repoTurno#547
17:17:36.743 [Test worker] DEBUG io.mockk.impl.instantiation.AbstractMockFactory - Creating mockk for UserRepositoryCached name=repoUser#548
17:17:36.748 [Test worker @coroutine#494] DEBUG io.mockk.impl.instantiation.AbstractMockFactory - Creating mockk for Maquina name=child of repoM#543#549
17:17:37.500 [Test worker] DEBUG io.mockk.impl.instantiation.AbstractMockFactory - Creating mockk for MaquinaRepositoryCached name=repoM#550
17:17:37.500 [Test worker] DEBUG io.mockk.impl.instantiation.AbstractMockFactory - Creating mockk for PedidoRepositoryCached name=repoPedido#551
17:17:37.501 [Test worker] DEBUG io.mockk.impl.instantiation.AbstractMockFactory - Creating mockk for ProductoRepositoryCached name=repoProd#552
17:17:37.502 [Test worker] DEBUG io.mockk.impl.instantiation.AbstractMockFactory - Creating mockk for TareaRepositoryCached name=repoTarea#553
17:17:37.502 [Test worker] DEBUG io.mockk.impl.instantiation.AbstractMockFactory - Creating mockk for TurnoRepositoryCached name=repoTurno#554
17:17:37.503 [Test worker] DEBUG io.mockk.impl.instantiation.AbstractMockFactory - Creating mockk for UserRepositoryCached name=repoUser#555
17:17:37.510 [Test worker @coroutine#498] DEBUG io.mockk.impl.instantiation.AbstractMockFactory - Creating mockk for Turno name=child of repoTurno#554#556
17:17:37.928 [cluster-ClusterId{value='63dfd66e1070f8213392bf10', description='null'}-ac-o2suyf6-shard-00-02.7qtbnuz.mongodb.net:27017] DEBUG org.mongodb.driver.cluster - Updating cluster description to  {type=REPLICA_SET, servers=[{address=ac-o2suyf6-shard-00-00.7qtbnuz.mongodb.net:27017, type=REPLICA_SET_SECONDARY, TagSet{[Tag{name='nodeType', value='ELECTABLE'}, Tag{name='provider', value='AWS'}, Tag{name='region', value='EU_WEST_3'}, Tag{name='workloadType', value='OPERATIONAL'}]}, roundTripTime=273.3 ms, state=CONNECTED}, {address=ac-o2suyf6-shard-00-02.7qtbnuz.mongodb.net:27017, type=REPLICA_SET_PRIMARY, TagSet{[Tag{name='nodeType', value='ELECTABLE'}, Tag{name='provider', value='AWS'}, Tag{name='region', value='EU_WEST_3'}, Tag{name='workloadType', value='OPERATIONAL'}]}, roundTripTime=226.7 ms, state=CONNECTED}, {address=ac-o2suyf6-shard-00-01.7qtbnuz.mongodb.net:27017, type=REPLICA_SET_SECONDARY, TagSet{[Tag{name='nodeType', value='ELECTABLE'}, Tag{name='provider', value='AWS'}, Tag{name='region', value='EU_WEST_3'}, Tag{name='workloadType', value='OPERATIONAL'}]}, roundTripTime=274.6 ms, state=CONNECTED}]
17:17:37.928 [cluster-ClusterId{value='63dfd66e1070f8213392bf10', description='null'}-ac-o2suyf6-shard-00-02.7qtbnuz.mongodb.net:27017] DEBUG org.mongodb.driver.cluster - Checking status of ac-o2suyf6-shard-00-02.7qtbnuz.mongodb.net:27017
17:17:37.928 [cluster-ClusterId{value='63dfd66e1070f8213392bf10', description='null'}-ac-o2suyf6-shard-00-01.7qtbnuz.mongodb.net:27017] DEBUG org.mongodb.driver.cluster - Updating cluster description to  {type=REPLICA_SET, servers=[{address=ac-o2suyf6-shard-00-00.7qtbnuz.mongodb.net:27017, type=REPLICA_SET_SECONDARY, TagSet{[Tag{name='nodeType', value='ELECTABLE'}, Tag{name='provider', value='AWS'}, Tag{name='region', value='EU_WEST_3'}, Tag{name='workloadType', value='OPERATIONAL'}]}, roundTripTime=273.3 ms, state=CONNECTED}, {address=ac-o2suyf6-shard-00-02.7qtbnuz.mongodb.net:27017, type=REPLICA_SET_PRIMARY, TagSet{[Tag{name='nodeType', value='ELECTABLE'}, Tag{name='provider', value='AWS'}, Tag{name='region', value='EU_WEST_3'}, Tag{name='workloadType', value='OPERATIONAL'}]}, roundTripTime=226.7 ms, state=CONNECTED}, {address=ac-o2suyf6-shard-00-01.7qtbnuz.mongodb.net:27017, type=REPLICA_SET_SECONDARY, TagSet{[Tag{name='nodeType', value='ELECTABLE'}, Tag{name='provider', value='AWS'}, Tag{name='region', value='EU_WEST_3'}, Tag{name='workloadType', value='OPERATIONAL'}]}, roundTripTime=227.1 ms, state=CONNECTED}]
17:17:37.928 [cluster-ClusterId{value='63dfd66e1070f8213392bf10', description='null'}-ac-o2suyf6-shard-00-01.7qtbnuz.mongodb.net:27017] DEBUG org.mongodb.driver.cluster - Checking status of ac-o2suyf6-shard-00-01.7qtbnuz.mongodb.net:27017
17:17:37.947 [cluster-ClusterId{value='63dfd66e1070f8213392bf10', description='null'}-ac-o2suyf6-shard-00-00.7qtbnuz.mongodb.net:27017] DEBUG org.mongodb.driver.cluster - Updating cluster description to  {type=REPLICA_SET, servers=[{address=ac-o2suyf6-shard-00-00.7qtbnuz.mongodb.net:27017, type=REPLICA_SET_SECONDARY, TagSet{[Tag{name='nodeType', value='ELECTABLE'}, Tag{name='provider', value='AWS'}, Tag{name='region', value='EU_WEST_3'}, Tag{name='workloadType', value='OPERATIONAL'}]}, roundTripTime=226.1 ms, state=CONNECTED}, {address=ac-o2suyf6-shard-00-02.7qtbnuz.mongodb.net:27017, type=REPLICA_SET_PRIMARY, TagSet{[Tag{name='nodeType', value='ELECTABLE'}, Tag{name='provider', value='AWS'}, Tag{name='region', value='EU_WEST_3'}, Tag{name='workloadType', value='OPERATIONAL'}]}, roundTripTime=226.7 ms, state=CONNECTED}, {address=ac-o2suyf6-shard-00-01.7qtbnuz.mongodb.net:27017, type=REPLICA_SET_SECONDARY, TagSet{[Tag{name='nodeType', value='ELECTABLE'}, Tag{name='provider', value='AWS'}, Tag{name='region', value='EU_WEST_3'}, Tag{name='workloadType', value='OPERATIONAL'}]}, roundTripTime=227.1 ms, state=CONNECTED}]
17:17:37.947 [cluster-ClusterId{value='63dfd66e1070f8213392bf10', description='null'}-ac-o2suyf6-shard-00-00.7qtbnuz.mongodb.net:27017] DEBUG org.mongodb.driver.cluster - Checking status of ac-o2suyf6-shard-00-00.7qtbnuz.mongodb.net:27017
17:17:37.964 [cluster-rtt-ClusterId{value='63dfd66e1070f8213392bf10', description='null'}-ac-o2suyf6-shard-00-01.7qtbnuz.mongodb.net:27017] DEBUG org.mongodb.driver.protocol.command - Sending command '{"hello": 1, "$db": "admin", "$clusterTime": {"clusterTime": {"$timestamp": {"t": 1675613856, "i": 4}}, "signature": {"hash": {"$binary": {"base64": "9dHClnn4Qv2+qaru9gWlRAa59I8=", "subType": "00"}}, "keyId": 7161871216054108163}}}' with request id 53 to database admin on connection [connectionId{localValue:3, serverValue:172264}] to server ac-o2suyf6-shard-00-01.7qtbnuz.mongodb.net:27017
17:17:37.964 [cluster-rtt-ClusterId{value='63dfd66e1070f8213392bf10', description='null'}-ac-o2suyf6-shard-00-00.7qtbnuz.mongodb.net:27017] DEBUG org.mongodb.driver.protocol.command - Sending command '{"hello": 1, "$db": "admin", "$clusterTime": {"clusterTime": {"$timestamp": {"t": 1675613856, "i": 4}}, "signature": {"hash": {"$binary": {"base64": "9dHClnn4Qv2+qaru9gWlRAa59I8=", "subType": "00"}}, "keyId": 7161871216054108163}}}' with request id 52 to database admin on connection [connectionId{localValue:1, serverValue:176600}] to server ac-o2suyf6-shard-00-00.7qtbnuz.mongodb.net:27017
17:17:38.031 [cluster-rtt-ClusterId{value='63dfd66e1070f8213392bf10', description='null'}-ac-o2suyf6-shard-00-00.7qtbnuz.mongodb.net:27017] DEBUG org.mongodb.driver.protocol.command - Execution of command with request id 52 completed successfully in 66.57 ms on connection [connectionId{localValue:1, serverValue:176600}] to server ac-o2suyf6-shard-00-00.7qtbnuz.mongodb.net:27017
17:17:38.031 [cluster-rtt-ClusterId{value='63dfd66e1070f8213392bf10', description='null'}-ac-o2suyf6-shard-00-01.7qtbnuz.mongodb.net:27017] DEBUG org.mongodb.driver.protocol.command - Execution of command with request id 53 completed successfully in 66.57 ms on connection [connectionId{localValue:3, serverValue:172264}] to server ac-o2suyf6-shard-00-01.7qtbnuz.mongodb.net:27017
17:17:38.196 [Test worker] DEBUG io.mockk.impl.instantiation.AbstractMockFactory - Creating mockk for MaquinaRepositoryCached name=repoM#557
17:17:38.196 [Test worker] DEBUG io.mockk.impl.instantiation.AbstractMockFactory - Creating mockk for PedidoRepositoryCached name=repoPedido#558
17:17:38.196 [Test worker] DEBUG io.mockk.impl.instantiation.AbstractMockFactory - Creating mockk for ProductoRepositoryCached name=repoProd#559
17:17:38.196 [Test worker] DEBUG io.mockk.impl.instantiation.AbstractMockFactory - Creating mockk for TareaRepositoryCached name=repoTarea#560
17:17:38.197 [Test worker] DEBUG io.mockk.impl.instantiation.AbstractMockFactory - Creating mockk for TurnoRepositoryCached name=repoTurno#561
17:17:38.197 [Test worker] DEBUG io.mockk.impl.instantiation.AbstractMockFactory - Creating mockk for UserRepositoryCached name=repoUser#562
17:17:38.203 [Test worker @coroutine#502] DEBUG io.mockk.impl.instantiation.AbstractMockFactory - Creating mockk for Tarea name=child of repoTarea#560#563
17:17:38.371 [cluster-rtt-ClusterId{value='63dfd66e1070f8213392bf10', description='null'}-ac-o2suyf6-shard-00-02.7qtbnuz.mongodb.net:27017] DEBUG org.mongodb.driver.protocol.command - Sending command '{"hello": 1, "$db": "admin", "$clusterTime": {"clusterTime": {"$timestamp": {"t": 1675613856, "i": 4}}, "signature": {"hash": {"$binary": {"base64": "9dHClnn4Qv2+qaru9gWlRAa59I8=", "subType": "00"}}, "keyId": 7161871216054108163}}}' with request id 54 to database admin on connection [connectionId{localValue:4, serverValue:175716}] to server ac-o2suyf6-shard-00-02.7qtbnuz.mongodb.net:27017
17:17:38.412 [cluster-rtt-ClusterId{value='63dfd66e1070f8213392bf10', description='null'}-ac-o2suyf6-shard-00-02.7qtbnuz.mongodb.net:27017] DEBUG org.mongodb.driver.protocol.command - Execution of command with request id 54 completed successfully in 40.65 ms on connection [connectionId{localValue:4, serverValue:175716}] to server ac-o2suyf6-shard-00-02.7qtbnuz.mongodb.net:27017
17:17:38.858 [Test worker] DEBUG io.mockk.impl.instantiation.AbstractMockFactory - Creating mockk for MaquinaRepositoryCached name=repoM#564
17:17:38.858 [Test worker] DEBUG io.mockk.impl.instantiation.AbstractMockFactory - Creating mockk for PedidoRepositoryCached name=repoPedido#565
17:17:38.858 [Test worker] DEBUG io.mockk.impl.instantiation.AbstractMockFactory - Creating mockk for ProductoRepositoryCached name=repoProd#566
17:17:38.858 [Test worker] DEBUG io.mockk.impl.instantiation.AbstractMockFactory - Creating mockk for TareaRepositoryCached name=repoTarea#567
17:17:38.858 [Test worker] DEBUG io.mockk.impl.instantiation.AbstractMockFactory - Creating mockk for TurnoRepositoryCached name=repoTurno#568
17:17:38.858 [Test worker] DEBUG io.mockk.impl.instantiation.AbstractMockFactory - Creating mockk for UserRepositoryCached name=repoUser#569
17:17:38.865 [Test worker @coroutine#506] DEBUG io.mockk.impl.instantiation.AbstractMockFactory - Creating mockk for User name=child of repoUser#569#570
17:17:38.868 [Test worker @coroutine#506] DEBUG io.mockk.impl.instantiation.AbstractMockFactory - Creating mockk for User name=child of repoUser#569#571
17:17:38.872 [DefaultDispatcher-worker-1 @coroutine#511] DEBUG io.mockk.impl.recording.states.AnsweringState - Answering User(id=63dfd6a21070f8213392c18f, uuid=93a98d69-0006-48a7-b34f-05b596ea839a, nombre=Maria, apellido=Martinez, telefono=632120281, email=email2@email.com, password=contra, perfil=CLIENT, activo=true) on UserRepositoryCached(repoUser#569).findByUUID(93a98d69-0006-48a7-b34f-05b596ea839a, continuation {})
17:17:38.872 [DefaultDispatcher-worker-1 @coroutine#511] DEBUG io.mockk.impl.recording.states.AnsweringState - Answering null on UserRepositoryCached(repoUser#569).delete(63dfd6a21070f8213392c18f, continuation {})
17:17:39.513 [Test worker] DEBUG io.mockk.impl.instantiation.AbstractMockFactory - Creating mockk for MaquinaRepositoryCached name=repoM#572
17:17:39.513 [Test worker] DEBUG io.mockk.impl.instantiation.AbstractMockFactory - Creating mockk for PedidoRepositoryCached name=repoPedido#573
17:17:39.513 [Test worker] DEBUG io.mockk.impl.instantiation.AbstractMockFactory - Creating mockk for ProductoRepositoryCached name=repoProd#574
17:17:39.513 [Test worker] DEBUG io.mockk.impl.instantiation.AbstractMockFactory - Creating mockk for TareaRepositoryCached name=repoTarea#575
17:17:39.513 [Test worker] DEBUG io.mockk.impl.instantiation.AbstractMockFactory - Creating mockk for TurnoRepositoryCached name=repoTurno#576
17:17:39.513 [Test worker] DEBUG io.mockk.impl.instantiation.AbstractMockFactory - Creating mockk for UserRepositoryCached name=repoUser#577
17:17:39.521 [Test worker @coroutine#514] DEBUG io.mockk.impl.instantiation.AbstractMockFactory - Creating mockk for User name=child of repoUser#577#578
17:17:39.523 [DefaultDispatcher-worker-1 @coroutine#518] DEBUG io.mockk.impl.recording.states.AnsweringState - Answering null on UserRepositoryCached(repoUser#577).findById(1, continuation {})
17:17:40.620 [Test worker] DEBUG io.mockk.impl.instantiation.AbstractMockFactory - Creating mockk for MaquinaRepositoryCached name=repoM#579
17:17:40.621 [Test worker] DEBUG io.mockk.impl.instantiation.AbstractMockFactory - Creating mockk for PedidoRepositoryCached name=repoPedido#580
17:17:40.622 [Test worker] DEBUG io.mockk.impl.instantiation.AbstractMockFactory - Creating mockk for ProductoRepositoryCached name=repoProd#581
17:17:40.622 [Test worker] DEBUG io.mockk.impl.instantiation.AbstractMockFactory - Creating mockk for TareaRepositoryCached name=repoTarea#582
17:17:40.622 [Test worker] DEBUG io.mockk.impl.instantiation.AbstractMockFactory - Creating mockk for TurnoRepositoryCached name=repoTurno#583
17:17:40.622 [Test worker] DEBUG io.mockk.impl.instantiation.AbstractMockFactory - Creating mockk for UserRepositoryCached name=repoUser#584
17:17:40.635 [Test worker @coroutine#521] DEBUG io.mockk.impl.instantiation.AbstractMockFactory - Creating mockk for Producto name=child of repoProd#581#585
17:17:40.642 [Test worker @coroutine#521] DEBUG io.mockk.impl.instantiation.AbstractMockFactory - Creating mockk for Producto name=child of repoProd#581#586
17:17:41.434 [Test worker] DEBUG io.mockk.impl.instantiation.AbstractMockFactory - Creating mockk for MaquinaRepositoryCached name=repoM#587
17:17:41.435 [Test worker] DEBUG io.mockk.impl.instantiation.AbstractMockFactory - Creating mockk for PedidoRepositoryCached name=repoPedido#588
17:17:41.436 [Test worker] DEBUG io.mockk.impl.instantiation.AbstractMockFactory - Creating mockk for ProductoRepositoryCached name=repoProd#589
17:17:41.436 [Test worker] DEBUG io.mockk.impl.instantiation.AbstractMockFactory - Creating mockk for TareaRepositoryCached name=repoTarea#590
17:17:41.436 [Test worker] DEBUG io.mockk.impl.instantiation.AbstractMockFactory - Creating mockk for TurnoRepositoryCached name=repoTurno#591
17:17:41.436 [Test worker] DEBUG io.mockk.impl.instantiation.AbstractMockFactory - Creating mockk for UserRepositoryCached name=repoUser#592
17:17:41.442 [Test worker @coroutine#528] DEBUG io.mockk.impl.instantiation.AbstractMockFactory - Creating mockk for Pedido name=child of repoPedido#588#593
17:17:41.444 [Test worker @coroutine#528] DEBUG io.mockk.impl.instantiation.AbstractMockFactory - Creating mockk for Pedido name=child of repoPedido#588#594
17:17:42.126 [Test worker] DEBUG io.mockk.impl.instantiation.AbstractMockFactory - Creating mockk for MaquinaRepositoryCached name=repoM#595
17:17:42.127 [Test worker] DEBUG io.mockk.impl.instantiation.AbstractMockFactory - Creating mockk for PedidoRepositoryCached name=repoPedido#596
17:17:42.127 [Test worker] DEBUG io.mockk.impl.instantiation.AbstractMockFactory - Creating mockk for ProductoRepositoryCached name=repoProd#597
17:17:42.127 [Test worker] DEBUG io.mockk.impl.instantiation.AbstractMockFactory - Creating mockk for TareaRepositoryCached name=repoTarea#598
17:17:42.127 [Test worker] DEBUG io.mockk.impl.instantiation.AbstractMockFactory - Creating mockk for TurnoRepositoryCached name=repoTurno#599
17:17:42.127 [Test worker] DEBUG io.mockk.impl.instantiation.AbstractMockFactory - Creating mockk for UserRepositoryCached name=repoUser#600
17:17:42.133 [Test worker @coroutine#536] DEBUG io.mockk.impl.instantiation.AbstractMockFactory - Creating mockk for User name=child of repoUser#600#601
17:17:42.138 [Test worker @coroutine#536] DEBUG io.mockk.impl.instantiation.AbstractMockFactory - Creating mockk for User name=child of repoUser#600#602
17:17:42.141 [Test worker @coroutine#536] DEBUG io.mockk.impl.instantiation.AbstractMockFactory - Creating mockk for User name=child of repoUser#600#603
17:17:42.144 [Test worker @coroutine#536] DEBUG io.mockk.impl.instantiation.AbstractMockFactory - Creating mockk for User name=child of repoUser#600#604
17:17:42.147 [DefaultDispatcher-worker-1] DEBUG io.mockk.impl.recording.states.AnsweringState - Answering null on UserRepositoryCached(repoUser#600).findByUUID(93a98d69-6da6-48a7-b34f-aaaaaaaaaaaa, continuation {})
17:17:42.147 [DefaultDispatcher-worker-1] DEBUG io.mockk.impl.recording.states.AnsweringState - Answering null on UserRepositoryCached(repoUser#600).findByEmail(loli@gmail.com, continuation {})
17:17:42.147 [DefaultDispatcher-worker-1] DEBUG io.mockk.impl.recording.states.AnsweringState - Answering null on UserRepositoryCached(repoUser#600).findByPhone(632855327, continuation {})
17:17:42.583 [DefaultDispatcher-worker-1] DEBUG io.mockk.impl.recording.states.AnsweringState - Answering User(id=63dfd6a61070f8213392c1b7, uuid=93a98d69-0006-48a7-b34f-05b596ea839a, nombre=Maria, apellido=Martinez, telefono=632120281, email=email2@email.com, password=contra, perfil=CLIENT, activo=true) on UserRepositoryCached(repoUser#600).save(User(id=63dfd6a61070f8213392c1be, uuid=93a98d69-6da6-48a7-b34f-aaaaaaaaaaaa, nombre=Daniel, apellido=Rodriguez, telefono=632855327, email=loli@gmail.com, password=$2a$12$XmoMi5/sFbR30a.N0170r.SbVPkR2btDF4bk/81d6dPmLrrTnAKzO, perfil=ADMIN, activo=true), continuation {})
17:17:43.333 [Test worker] DEBUG io.mockk.impl.instantiation.AbstractMockFactory - Creating mockk for MaquinaRepositoryCached name=repoM#605
17:17:43.334 [Test worker] DEBUG io.mockk.impl.instantiation.AbstractMockFactory - Creating mockk for PedidoRepositoryCached name=repoPedido#606
17:17:43.335 [Test worker] DEBUG io.mockk.impl.instantiation.AbstractMockFactory - Creating mockk for ProductoRepositoryCached name=repoProd#607
17:17:43.335 [Test worker] DEBUG io.mockk.impl.instantiation.AbstractMockFactory - Creating mockk for TareaRepositoryCached name=repoTarea#608
17:17:43.336 [Test worker] DEBUG io.mockk.impl.instantiation.AbstractMockFactory - Creating mockk for TurnoRepositoryCached name=repoTurno#609
17:17:43.336 [Test worker] DEBUG io.mockk.impl.instantiation.AbstractMockFactory - Creating mockk for UserRepositoryCached name=repoUser#610
17:17:43.343 [Test worker @coroutine#546] DEBUG io.mockk.impl.instantiation.AbstractMockFactory - Creating mockk for Producto name=child of repoProd#607#611
17:17:43.345 [Test worker @coroutine#546] DEBUG io.mockk.impl.instantiation.AbstractMockFactory - Creating mockk for Producto name=child of repoProd#607#612
17:17:43.347 [DefaultDispatcher-worker-1 @coroutine#551] DEBUG io.mockk.impl.recording.states.AnsweringState - Answering Producto(id=63dfd6a71070f8213392c1c4, uuid=93a98d69-0004-48a7-b34f-05b596ea83aa, tipo=FUNDAS, marca=MarcaZ, modelo=ModeloZ, precio=36.4, stock=8) on ProductoRepositoryCached(repoProd#607).findByUUID(93a98d69-0004-48a7-b34f-05b596ea83aa, continuation {})
17:17:43.348 [DefaultDispatcher-worker-1 @coroutine#551] DEBUG io.mockk.impl.recording.states.AnsweringState - Answering null on ProductoRepositoryCached(repoProd#607).decreaseStock(63dfd6a71070f8213392c1c4, continuation {})
17:17:44.002 [Test worker] DEBUG io.mockk.impl.instantiation.AbstractMockFactory - Creating mockk for MaquinaRepositoryCached name=repoM#613
17:17:44.003 [Test worker] DEBUG io.mockk.impl.instantiation.AbstractMockFactory - Creating mockk for PedidoRepositoryCached name=repoPedido#614
17:17:44.003 [Test worker] DEBUG io.mockk.impl.instantiation.AbstractMockFactory - Creating mockk for ProductoRepositoryCached name=repoProd#615
17:17:44.003 [Test worker] DEBUG io.mockk.impl.instantiation.AbstractMockFactory - Creating mockk for TareaRepositoryCached name=repoTarea#616
17:17:44.003 [Test worker] DEBUG io.mockk.impl.instantiation.AbstractMockFactory - Creating mockk for TurnoRepositoryCached name=repoTurno#617
17:17:44.003 [Test worker] DEBUG io.mockk.impl.instantiation.AbstractMockFactory - Creating mockk for UserRepositoryCached name=repoUser#618
17:17:44.009 [Test worker @coroutine#554] DEBUG io.mockk.impl.instantiation.AbstractMockFactory - Creating mockk for Turno name=child of repoTurno#617#619
17:17:44.012 [Test worker @coroutine#554] DEBUG io.mockk.impl.instantiation.AbstractMockFactory - Creating mockk for Turno name=child of repoTurno#617#620
17:17:44.016 [DefaultDispatcher-worker-1 @coroutine#559] DEBUG io.mockk.impl.recording.states.AnsweringState - Answering Turno(id=63dfd6a81070f8213392c1d2, uuid=93a98d69-0019-48a7-b34f-05b596ea8abc, workerId=93a98d69-0007-48a7-b34f-05b596ea839c, maquinaId=93a98d69-0008-48a7-b34f-05b596ea83bb, horaInicio=2002-10-14T10:09, horaFin=2002-10-14T16:49, numPedidosActivos=2, tarea1Id=93a98d69-0013-48a7-b34f-05b596ea83cc, tarea2Id=null, finalizado=false) on TurnoRepositoryCached(repoTurno#617).findByUUID(93a98d69-0019-48a7-b34f-05b596ea8abc, continuation {})
17:17:44.016 [DefaultDispatcher-worker-1 @coroutine#559] DEBUG io.mockk.impl.recording.states.AnsweringState - Answering Turno(id=63dfd6a81070f8213392c1d2, uuid=93a98d69-0019-48a7-b34f-05b596ea8abc, workerId=93a98d69-0007-48a7-b34f-05b596ea839c, maquinaId=93a98d69-0008-48a7-b34f-05b596ea83bb, horaInicio=2002-10-14T10:09, horaFin=2002-10-14T16:49, numPedidosActivos=2, tarea1Id=93a98d69-0013-48a7-b34f-05b596ea83cc, tarea2Id=null, finalizado=false) on TurnoRepositoryCached(repoTurno#617).delete(63dfd6a81070f8213392c1d2, continuation {})
17:17:44.017 [DefaultDispatcher-worker-1 @coroutine#559] DEBUG koin.repositories.user.UserRepository - findByUUID(93a98d69-0007-48a7-b34f-05b596ea839c)
17:17:44.019 [AsyncGetter-5-thread-1] DEBUG org.mongodb.driver.protocol.command - Sending command '{"find": "user", "filter": {}, "batchSize": 64, "$db": "practica03mongoIvanLoli", "$clusterTime": {"clusterTime": {"$timestamp": {"t": 1675613857, "i": 1}}, "signature": {"hash": {"$binary": {"base64": "m1P/I/zJVhOgqc4T6lt2YIH+BfU=", "subType": "00"}}, "keyId": 7161871216054108163}}, "lsid": {"id": {"$binary": {"base64": "roMpFL3PQPawB+PlCM6O3Q==", "subType": "04"}}}}' with request id 55 to database practica03mongoIvanLoli on connection [connectionId{localValue:7, serverValue:175676}] to server ac-o2suyf6-shard-00-02.7qtbnuz.mongodb.net:27017
17:17:44.061 [async-channel-group-0-handler-executor] DEBUG org.mongodb.driver.protocol.command - Execution of command with request id 55 completed successfully in 42.31 ms on connection [connectionId{localValue:7, serverValue:175676}] to server ac-o2suyf6-shard-00-02.7qtbnuz.mongodb.net:27017
17:17:44.062 [async-channel-group-0-handler-executor] DEBUG org.mongodb.driver.operation - Received batch of 3 documents with cursorId 0 from server ac-o2suyf6-shard-00-02.7qtbnuz.mongodb.net:27017
17:17:44.062 [DefaultDispatcher-worker-1 @coroutine#559] DEBUG koin.repositories.maquina.MaquinaRepository - findByUUID(93a98d69-0008-48a7-b34f-05b596ea83bb)
17:17:44.064 [AsyncGetter-5-thread-1] DEBUG org.mongodb.driver.protocol.command - Sending command '{"find": "maquina", "filter": {}, "batchSize": 64, "$db": "practica03mongoIvanLoli", "$clusterTime": {"clusterTime": {"$timestamp": {"t": 1675613862, "i": 5}}, "signature": {"hash": {"$binary": {"base64": "gllet8rAvjC07a5RgIQVR6uvM3E=", "subType": "00"}}, "keyId": 7161871216054108163}}, "lsid": {"id": {"$binary": {"base64": "roMpFL3PQPawB+PlCM6O3Q==", "subType": "04"}}}}' with request id 56 to database practica03mongoIvanLoli on connection [connectionId{localValue:7, serverValue:175676}] to server ac-o2suyf6-shard-00-02.7qtbnuz.mongodb.net:27017
17:17:44.104 [async-channel-group-0-handler-executor] DEBUG org.mongodb.driver.protocol.command - Execution of command with request id 56 completed successfully in 40.83 ms on connection [connectionId{localValue:7, serverValue:175676}] to server ac-o2suyf6-shard-00-02.7qtbnuz.mongodb.net:27017
17:17:44.105 [async-channel-group-0-handler-executor] DEBUG org.mongodb.driver.operation - Received batch of 2 documents with cursorId 0 from server ac-o2suyf6-shard-00-02.7qtbnuz.mongodb.net:27017
17:17:44.106 [DefaultDispatcher-worker-1 @coroutine#559] DEBUG koin.repositories.tarea.TareaRepository - findByUUID(93a98d69-0013-48a7-b34f-05b596ea83cc)
17:17:44.107 [AsyncGetter-5-thread-1] DEBUG org.mongodb.driver.protocol.command - Sending command '{"find": "tarea", "filter": {}, "batchSize": 64, "$db": "practica03mongoIvanLoli", "$clusterTime": {"clusterTime": {"$timestamp": {"t": 1675613862, "i": 5}}, "signature": {"hash": {"$binary": {"base64": "gllet8rAvjC07a5RgIQVR6uvM3E=", "subType": "00"}}, "keyId": 7161871216054108163}}, "lsid": {"id": {"$binary": {"base64": "roMpFL3PQPawB+PlCM6O3Q==", "subType": "04"}}}}' with request id 57 to database practica03mongoIvanLoli on connection [connectionId{localValue:7, serverValue:175676}] to server ac-o2suyf6-shard-00-02.7qtbnuz.mongodb.net:27017
17:17:44.145 [async-channel-group-0-handler-executor] DEBUG org.mongodb.driver.protocol.command - Execution of command with request id 57 completed successfully in 38.56 ms on connection [connectionId{localValue:7, serverValue:175676}] to server ac-o2suyf6-shard-00-02.7qtbnuz.mongodb.net:27017
17:17:44.146 [async-channel-group-0-handler-executor] DEBUG org.mongodb.driver.operation - Received batch of 6 documents with cursorId 0 from server ac-o2suyf6-shard-00-02.7qtbnuz.mongodb.net:27017
17:17:44.823 [Test worker] DEBUG io.mockk.impl.instantiation.AbstractMockFactory - Creating mockk for MaquinaRepositoryCached name=repoM#621
17:17:44.823 [Test worker] DEBUG io.mockk.impl.instantiation.AbstractMockFactory - Creating mockk for PedidoRepositoryCached name=repoPedido#622
17:17:44.823 [Test worker] DEBUG io.mockk.impl.instantiation.AbstractMockFactory - Creating mockk for ProductoRepositoryCached name=repoProd#623
17:17:44.823 [Test worker] DEBUG io.mockk.impl.instantiation.AbstractMockFactory - Creating mockk for TareaRepositoryCached name=repoTarea#624
17:17:44.823 [Test worker] DEBUG io.mockk.impl.instantiation.AbstractMockFactory - Creating mockk for TurnoRepositoryCached name=repoTurno#625
17:17:44.823 [Test worker] DEBUG io.mockk.impl.instantiation.AbstractMockFactory - Creating mockk for UserRepositoryCached name=repoUser#626
17:17:44.829 [Test worker @coroutine#562] DEBUG io.mockk.impl.instantiation.AbstractMockFactory - Creating mockk for Flow name=child of repoM#621#627
17:17:44.831 [DefaultDispatcher-worker-1 @coroutine#565] DEBUG io.mockk.impl.recording.states.AnsweringState - Answering kotlinx.coroutines.flow.FlowKt__BuildersKt$flowOf$$inlined$unsafeFlow$1@4aed1e1e on MaquinaRepositoryCached(repoM#621).findAll(continuation {})
17:17:45.496 [Test worker] DEBUG io.mockk.impl.instantiation.AbstractMockFactory - Creating mockk for MaquinaRepositoryCached name=repoM#628
17:17:45.496 [Test worker] DEBUG io.mockk.impl.instantiation.AbstractMockFactory - Creating mockk for PedidoRepositoryCached name=repoPedido#629
17:17:45.496 [Test worker] DEBUG io.mockk.impl.instantiation.AbstractMockFactory - Creating mockk for ProductoRepositoryCached name=repoProd#630
17:17:45.497 [Test worker] DEBUG io.mockk.impl.instantiation.AbstractMockFactory - Creating mockk for TareaRepositoryCached name=repoTarea#631
17:17:45.497 [Test worker] DEBUG io.mockk.impl.instantiation.AbstractMockFactory - Creating mockk for TurnoRepositoryCached name=repoTurno#632
17:17:45.497 [Test worker] DEBUG io.mockk.impl.instantiation.AbstractMockFactory - Creating mockk for UserRepositoryCached name=repoUser#633
17:17:45.505 [Test worker @coroutine#568] DEBUG io.mockk.impl.instantiation.AbstractMockFactory - Creating mockk for Tarea name=child of repoTarea#631#634
17:17:45.508 [Test worker @coroutine#568] DEBUG io.mockk.impl.instantiation.AbstractMockFactory - Creating mockk for Tarea name=child of repoTarea#631#635
17:17:46.208 [Test worker] DEBUG io.mockk.impl.instantiation.AbstractMockFactory - Creating mockk for MaquinaRepositoryCached name=repoM#636
17:17:46.209 [Test worker] DEBUG io.mockk.impl.instantiation.AbstractMockFactory - Creating mockk for PedidoRepositoryCached name=repoPedido#637
17:17:46.210 [Test worker] DEBUG io.mockk.impl.instantiation.AbstractMockFactory - Creating mockk for ProductoRepositoryCached name=repoProd#638
17:17:46.210 [Test worker] DEBUG io.mockk.impl.instantiation.AbstractMockFactory - Creating mockk for TareaRepositoryCached name=repoTarea#639
17:17:46.211 [Test worker] DEBUG io.mockk.impl.instantiation.AbstractMockFactory - Creating mockk for TurnoRepositoryCached name=repoTurno#640
17:17:46.211 [Test worker] DEBUG io.mockk.impl.instantiation.AbstractMockFactory - Creating mockk for UserRepositoryCached name=repoUser#641
17:17:46.218 [Test worker @coroutine#576] DEBUG io.mockk.impl.instantiation.AbstractMockFactory - Creating mockk for User name=child of repoUser#641#642
17:17:46.224 [Test worker @coroutine#576] DEBUG io.mockk.impl.instantiation.AbstractMockFactory - Creating mockk for User name=child of repoUser#641#643
17:17:46.959 [Test worker] DEBUG io.mockk.impl.instantiation.AbstractMockFactory - Creating mockk for MaquinaRepositoryCached name=repoM#644
17:17:46.959 [Test worker] DEBUG io.mockk.impl.instantiation.AbstractMockFactory - Creating mockk for PedidoRepositoryCached name=repoPedido#645
17:17:46.959 [Test worker] DEBUG io.mockk.impl.instantiation.AbstractMockFactory - Creating mockk for ProductoRepositoryCached name=repoProd#646
17:17:46.959 [Test worker] DEBUG io.mockk.impl.instantiation.AbstractMockFactory - Creating mockk for TareaRepositoryCached name=repoTarea#647
17:17:46.959 [Test worker] DEBUG io.mockk.impl.instantiation.AbstractMockFactory - Creating mockk for TurnoRepositoryCached name=repoTurno#648
17:17:46.959 [Test worker] DEBUG io.mockk.impl.instantiation.AbstractMockFactory - Creating mockk for UserRepositoryCached name=repoUser#649
17:17:46.964 [Test worker @coroutine#584] DEBUG io.mockk.impl.instantiation.AbstractMockFactory - Creating mockk for User name=child of repoUser#649#650
17:17:46.966 [Test worker @coroutine#584] DEBUG io.mockk.impl.instantiation.AbstractMockFactory - Creating mockk for User name=child of repoUser#649#651
17:17:46.970 [Test worker @coroutine#584] DEBUG io.mockk.impl.instantiation.AbstractMockFactory - Creating mockk for User name=child of repoUser#649#652
17:17:46.973 [Test worker @coroutine#584] DEBUG io.mockk.impl.instantiation.AbstractMockFactory - Creating mockk for User name=child of repoUser#649#653
17:17:47.642 [Test worker] DEBUG io.mockk.impl.instantiation.AbstractMockFactory - Creating mockk for MaquinaRepositoryCached name=repoM#654
17:17:47.642 [Test worker] DEBUG io.mockk.impl.instantiation.AbstractMockFactory - Creating mockk for PedidoRepositoryCached name=repoPedido#655
17:17:47.643 [Test worker] DEBUG io.mockk.impl.instantiation.AbstractMockFactory - Creating mockk for ProductoRepositoryCached name=repoProd#656
17:17:47.643 [Test worker] DEBUG io.mockk.impl.instantiation.AbstractMockFactory - Creating mockk for TareaRepositoryCached name=repoTarea#657
17:17:47.643 [Test worker] DEBUG io.mockk.impl.instantiation.AbstractMockFactory - Creating mockk for TurnoRepositoryCached name=repoTurno#658
17:17:47.643 [Test worker] DEBUG io.mockk.impl.instantiation.AbstractMockFactory - Creating mockk for UserRepositoryCached name=repoUser#659
17:17:47.649 [Test worker @coroutine#594] DEBUG io.mockk.impl.instantiation.AbstractMockFactory - Creating mockk for Producto name=child of repoProd#656#660
17:17:47.833 [MaintenanceTimer-6-thread-1] DEBUG org.mongodb.driver.connection - Pruning pooled connections to ac-o2suyf6-shard-00-01.7qtbnuz.mongodb.net:27017
17:17:47.848 [MaintenanceTimer-4-thread-1] DEBUG org.mongodb.driver.connection - Pruning pooled connections to ac-o2suyf6-shard-00-02.7qtbnuz.mongodb.net:27017
17:17:47.848 [MaintenanceTimer-2-thread-1] DEBUG org.mongodb.driver.connection - Pruning pooled connections to ac-o2suyf6-shard-00-00.7qtbnuz.mongodb.net:27017
17:17:47.939 [cluster-ClusterId{value='63dfd66e1070f8213392bf10', description='null'}-ac-o2suyf6-shard-00-01.7qtbnuz.mongodb.net:27017] DEBUG org.mongodb.driver.cluster - Updating cluster description to  {type=REPLICA_SET, servers=[{address=ac-o2suyf6-shard-00-00.7qtbnuz.mongodb.net:27017, type=REPLICA_SET_SECONDARY, TagSet{[Tag{name='nodeType', value='ELECTABLE'}, Tag{name='provider', value='AWS'}, Tag{name='region', value='EU_WEST_3'}, Tag{name='workloadType', value='OPERATIONAL'}]}, roundTripTime=226.1 ms, state=CONNECTED}, {address=ac-o2suyf6-shard-00-02.7qtbnuz.mongodb.net:27017, type=REPLICA_SET_PRIMARY, TagSet{[Tag{name='nodeType', value='ELECTABLE'}, Tag{name='provider', value='AWS'}, Tag{name='region', value='EU_WEST_3'}, Tag{name='workloadType', value='OPERATIONAL'}]}, roundTripTime=226.7 ms, state=CONNECTED}, {address=ac-o2suyf6-shard-00-01.7qtbnuz.mongodb.net:27017, type=REPLICA_SET_SECONDARY, TagSet{[Tag{name='nodeType', value='ELECTABLE'}, Tag{name='provider', value='AWS'}, Tag{name='region', value='EU_WEST_3'}, Tag{name='workloadType', value='OPERATIONAL'}]}, roundTripTime=195.1 ms, state=CONNECTED}]
17:17:47.940 [cluster-ClusterId{value='63dfd66e1070f8213392bf10', description='null'}-ac-o2suyf6-shard-00-01.7qtbnuz.mongodb.net:27017] DEBUG org.mongodb.driver.cluster - Checking status of ac-o2suyf6-shard-00-01.7qtbnuz.mongodb.net:27017
17:17:47.940 [cluster-ClusterId{value='63dfd66e1070f8213392bf10', description='null'}-ac-o2suyf6-shard-00-02.7qtbnuz.mongodb.net:27017] DEBUG org.mongodb.driver.cluster - Updating cluster description to  {type=REPLICA_SET, servers=[{address=ac-o2suyf6-shard-00-00.7qtbnuz.mongodb.net:27017, type=REPLICA_SET_SECONDARY, TagSet{[Tag{name='nodeType', value='ELECTABLE'}, Tag{name='provider', value='AWS'}, Tag{name='region', value='EU_WEST_3'}, Tag{name='workloadType', value='OPERATIONAL'}]}, roundTripTime=226.1 ms, state=CONNECTED}, {address=ac-o2suyf6-shard-00-02.7qtbnuz.mongodb.net:27017, type=REPLICA_SET_PRIMARY, TagSet{[Tag{name='nodeType', value='ELECTABLE'}, Tag{name='provider', value='AWS'}, Tag{name='region', value='EU_WEST_3'}, Tag{name='workloadType', value='OPERATIONAL'}]}, roundTripTime=189.6 ms, state=CONNECTED}, {address=ac-o2suyf6-shard-00-01.7qtbnuz.mongodb.net:27017, type=REPLICA_SET_SECONDARY, TagSet{[Tag{name='nodeType', value='ELECTABLE'}, Tag{name='provider', value='AWS'}, Tag{name='region', value='EU_WEST_3'}, Tag{name='workloadType', value='OPERATIONAL'}]}, roundTripTime=195.1 ms, state=CONNECTED}]
17:17:47.940 [cluster-ClusterId{value='63dfd66e1070f8213392bf10', description='null'}-ac-o2suyf6-shard-00-02.7qtbnuz.mongodb.net:27017] DEBUG org.mongodb.driver.cluster - Checking status of ac-o2suyf6-shard-00-02.7qtbnuz.mongodb.net:27017
17:17:47.958 [cluster-ClusterId{value='63dfd66e1070f8213392bf10', description='null'}-ac-o2suyf6-shard-00-00.7qtbnuz.mongodb.net:27017] DEBUG org.mongodb.driver.cluster - Updating cluster description to  {type=REPLICA_SET, servers=[{address=ac-o2suyf6-shard-00-00.7qtbnuz.mongodb.net:27017, type=REPLICA_SET_SECONDARY, TagSet{[Tag{name='nodeType', value='ELECTABLE'}, Tag{name='provider', value='AWS'}, Tag{name='region', value='EU_WEST_3'}, Tag{name='workloadType', value='OPERATIONAL'}]}, roundTripTime=194.3 ms, state=CONNECTED}, {address=ac-o2suyf6-shard-00-02.7qtbnuz.mongodb.net:27017, type=REPLICA_SET_PRIMARY, TagSet{[Tag{name='nodeType', value='ELECTABLE'}, Tag{name='provider', value='AWS'}, Tag{name='region', value='EU_WEST_3'}, Tag{name='workloadType', value='OPERATIONAL'}]}, roundTripTime=189.6 ms, state=CONNECTED}, {address=ac-o2suyf6-shard-00-01.7qtbnuz.mongodb.net:27017, type=REPLICA_SET_SECONDARY, TagSet{[Tag{name='nodeType', value='ELECTABLE'}, Tag{name='provider', value='AWS'}, Tag{name='region', value='EU_WEST_3'}, Tag{name='workloadType', value='OPERATIONAL'}]}, roundTripTime=195.1 ms, state=CONNECTED}]
17:17:47.959 [cluster-ClusterId{value='63dfd66e1070f8213392bf10', description='null'}-ac-o2suyf6-shard-00-00.7qtbnuz.mongodb.net:27017] DEBUG org.mongodb.driver.cluster - Checking status of ac-o2suyf6-shard-00-00.7qtbnuz.mongodb.net:27017
17:17:48.035 [cluster-rtt-ClusterId{value='63dfd66e1070f8213392bf10', description='null'}-ac-o2suyf6-shard-00-01.7qtbnuz.mongodb.net:27017] DEBUG org.mongodb.driver.protocol.command - Sending command '{"hello": 1, "$db": "admin", "$clusterTime": {"clusterTime": {"$timestamp": {"t": 1675613866, "i": 3}}, "signature": {"hash": {"$binary": {"base64": "mty+yU8OBv53xpdqtMtwqvs7Bjk=", "subType": "00"}}, "keyId": 7161871216054108163}}}' with request id 58 to database admin on connection [connectionId{localValue:3, serverValue:172264}] to server ac-o2suyf6-shard-00-01.7qtbnuz.mongodb.net:27017
17:17:48.035 [cluster-rtt-ClusterId{value='63dfd66e1070f8213392bf10', description='null'}-ac-o2suyf6-shard-00-00.7qtbnuz.mongodb.net:27017] DEBUG org.mongodb.driver.protocol.command - Sending command '{"hello": 1, "$db": "admin", "$clusterTime": {"clusterTime": {"$timestamp": {"t": 1675613866, "i": 3}}, "signature": {"hash": {"$binary": {"base64": "mty+yU8OBv53xpdqtMtwqvs7Bjk=", "subType": "00"}}, "keyId": 7161871216054108163}}}' with request id 59 to database admin on connection [connectionId{localValue:1, serverValue:176600}] to server ac-o2suyf6-shard-00-00.7qtbnuz.mongodb.net:27017
17:17:48.064 [cluster-rtt-ClusterId{value='63dfd66e1070f8213392bf10', description='null'}-ac-o2suyf6-shard-00-00.7qtbnuz.mongodb.net:27017] DEBUG org.mongodb.driver.protocol.command - Execution of command with request id 59 completed successfully in 29.21 ms on connection [connectionId{localValue:1, serverValue:176600}] to server ac-o2suyf6-shard-00-00.7qtbnuz.mongodb.net:27017
17:17:48.064 [cluster-rtt-ClusterId{value='63dfd66e1070f8213392bf10', description='null'}-ac-o2suyf6-shard-00-01.7qtbnuz.mongodb.net:27017] DEBUG org.mongodb.driver.protocol.command - Execution of command with request id 58 completed successfully in 29.74 ms on connection [connectionId{localValue:3, serverValue:172264}] to server ac-o2suyf6-shard-00-01.7qtbnuz.mongodb.net:27017
17:17:48.315 [Test worker] DEBUG io.mockk.impl.instantiation.AbstractMockFactory - Creating mockk for MaquinaRepositoryCached name=repoM#661
17:17:48.315 [Test worker] DEBUG io.mockk.impl.instantiation.AbstractMockFactory - Creating mockk for PedidoRepositoryCached name=repoPedido#662
17:17:48.315 [Test worker] DEBUG io.mockk.impl.instantiation.AbstractMockFactory - Creating mockk for ProductoRepositoryCached name=repoProd#663
17:17:48.315 [Test worker] DEBUG io.mockk.impl.instantiation.AbstractMockFactory - Creating mockk for TareaRepositoryCached name=repoTarea#664
17:17:48.315 [Test worker] DEBUG io.mockk.impl.instantiation.AbstractMockFactory - Creating mockk for TurnoRepositoryCached name=repoTurno#665
17:17:48.315 [Test worker] DEBUG io.mockk.impl.instantiation.AbstractMockFactory - Creating mockk for UserRepositoryCached name=repoUser#666
17:17:48.323 [Test worker @coroutine#598] DEBUG io.mockk.impl.instantiation.AbstractMockFactory - Creating mockk for Producto name=child of repoProd#663#667
17:17:48.325 [Test worker @coroutine#598] DEBUG io.mockk.impl.instantiation.AbstractMockFactory - Creating mockk for Producto name=child of repoProd#663#668
17:17:48.328 [DefaultDispatcher-worker-1 @coroutine#603] DEBUG io.mockk.impl.recording.states.AnsweringState - Answering Producto(id=63dfd6ac1070f8213392c20a, uuid=93a98d69-0004-48a7-b34f-05b596ea83aa, tipo=FUNDAS, marca=MarcaZ, modelo=ModeloZ, precio=36.4, stock=8) on ProductoRepositoryCached(repoProd#663).findByUUID(93a98d69-0004-48a7-b34f-05b596ea83aa, continuation {})
17:17:48.329 [DefaultDispatcher-worker-1 @coroutine#603] DEBUG io.mockk.impl.recording.states.AnsweringState - Answering null on ProductoRepositoryCached(repoProd#663).delete(63dfd6ac1070f8213392c20a, continuation {})
17:17:48.423 [cluster-rtt-ClusterId{value='63dfd66e1070f8213392bf10', description='null'}-ac-o2suyf6-shard-00-02.7qtbnuz.mongodb.net:27017] DEBUG org.mongodb.driver.protocol.command - Sending command '{"hello": 1, "$db": "admin", "$clusterTime": {"clusterTime": {"$timestamp": {"t": 1675613866, "i": 4}}, "signature": {"hash": {"$binary": {"base64": "mty+yU8OBv53xpdqtMtwqvs7Bjk=", "subType": "00"}}, "keyId": 7161871216054108163}}}' with request id 60 to database admin on connection [connectionId{localValue:4, serverValue:175716}] to server ac-o2suyf6-shard-00-02.7qtbnuz.mongodb.net:27017
17:17:48.465 [cluster-rtt-ClusterId{value='63dfd66e1070f8213392bf10', description='null'}-ac-o2suyf6-shard-00-02.7qtbnuz.mongodb.net:27017] DEBUG org.mongodb.driver.protocol.command - Execution of command with request id 60 completed successfully in 42.44 ms on connection [connectionId{localValue:4, serverValue:175716}] to server ac-o2suyf6-shard-00-02.7qtbnuz.mongodb.net:27017
17:17:49.433 [Test worker] DEBUG io.mockk.impl.instantiation.AbstractMockFactory - Creating mockk for MaquinaRepositoryCached name=repoM#669
17:17:49.434 [Test worker] DEBUG io.mockk.impl.instantiation.AbstractMockFactory - Creating mockk for PedidoRepositoryCached name=repoPedido#670
17:17:49.435 [Test worker] DEBUG io.mockk.impl.instantiation.AbstractMockFactory - Creating mockk for ProductoRepositoryCached name=repoProd#671
17:17:49.435 [Test worker] DEBUG io.mockk.impl.instantiation.AbstractMockFactory - Creating mockk for TareaRepositoryCached name=repoTarea#672
17:17:49.436 [Test worker] DEBUG io.mockk.impl.instantiation.AbstractMockFactory - Creating mockk for TurnoRepositoryCached name=repoTurno#673
17:17:49.436 [Test worker] DEBUG io.mockk.impl.instantiation.AbstractMockFactory - Creating mockk for UserRepositoryCached name=repoUser#674
17:17:49.463 [Test worker @coroutine#606] DEBUG io.mockk.impl.instantiation.AbstractMockFactory - Creating mockk for Maquina name=child of repoM#669#675
17:17:49.466 [DefaultDispatcher-worker-1 @coroutine#609] DEBUG io.mockk.impl.recording.states.AnsweringState - Answering null on MaquinaRepositoryCached(repoM#669).findByUUID(c85194ce-3f50-4d9c-93f0-ada100b8c5c3, continuation {})
]]></system-out>
  <system-err><![CDATA[]]></system-err>
</testsuite>
