<?xml version="1.0" encoding="UTF-8"?>
<testsuite name="koin.repositories.user.UserRepositoryCachedTest" tests="11" skipped="0" failures="0" errors="0" timestamp="2023-02-05T16:17:58" hostname="LOLI-LAPTOP" time="14.385">
  <properties/>
  <testcase name="delete()" classname="koin.repositories.user.UserRepositoryCachedTest" time="0.02"/>
  <testcase name="findAll()" classname="koin.repositories.user.UserRepositoryCachedTest" time="4.62"/>
  <testcase name="findById()" classname="koin.repositories.user.UserRepositoryCachedTest" time="0.028"/>
  <testcase name="findByUUID()" classname="koin.repositories.user.UserRepositoryCachedTest" time="0.02"/>
  <testcase name="save()" classname="koin.repositories.user.UserRepositoryCachedTest" time="0.017"/>
  <testcase name="findByUUIDNotExists()" classname="koin.repositories.user.UserRepositoryCachedTest" time="0.016"/>
  <testcase name="findByIdNotExists()" classname="koin.repositories.user.UserRepositoryCachedTest" time="0.013"/>
  <testcase name="findByEmail()" classname="koin.repositories.user.UserRepositoryCachedTest" time="4.598"/>
  <testcase name="findByPhone()" classname="koin.repositories.user.UserRepositoryCachedTest" time="4.498"/>
  <testcase name="findByIdNumerical()" classname="koin.repositories.user.UserRepositoryCachedTest" time="0.537"/>
  <testcase name="setInactive()" classname="koin.repositories.user.UserRepositoryCachedTest" time="0.013"/>
  <system-out><![CDATA[17:17:58.343 [Test worker] DEBUG koin.services.cache.user.UserCache - Initializing UserCache...
17:17:58.349 [Test worker] DEBUG io.mockk.impl.instantiation.AbstractMockFactory - Creating spyk for UserCache name=cache#725
17:17:58.392 [Test worker] DEBUG io.mockk.impl.instantiation.AbstractMockFactory - Creating mockk for UserRepository name=repo#726
17:17:58.440 [DefaultDispatcher-worker-11 @coroutine#1105] DEBUG io.mockk.impl.recording.states.AnsweringState - Answering 60000 on UserCache(cache#725).getRefreshTime()
17:17:58.446 [Test worker @coroutine#1106] DEBUG io.mockk.impl.instantiation.AbstractMockFactory - Creating mockk for User name=child of repo#726#727
17:17:58.448 [Test worker @coroutine#1106] DEBUG io.mockk.impl.instantiation.AbstractMockFactory - Creating mockk for User name=child of repo#726#728
17:17:58.451 [DefaultDispatcher-worker-11] DEBUG io.mockk.impl.recording.states.AnsweringState - Answering User(id=63dfd6b61070f8213392c2fa, uuid=93a98d69-0000-1111-0000-05b596ea83ba, nombre=loli, apellido=test, telefono=123456789, email=loli@test.com, password=lolitest, perfil=ADMIN, activo=true) on UserRepository(repo#726).delete(63dfd6b61070f8213392c2fa, continuation {})
17:17:58.454 [DefaultDispatcher-worker-11] DEBUG io.mockk.impl.recording.states.AnsweringState - Answering io.github.reactivecircus.cache4k.RealCache@67bc98fc on UserCache(cache#725).getCache()
17:17:58.463 [Test worker @coroutine#1114] DEBUG io.mockk.impl.instantiation.AbstractMockFactory - Creating mockk for Flow name=child of repo#726#729
17:17:58.465 [DefaultDispatcher-worker-11] DEBUG io.mockk.impl.recording.states.AnsweringState - Answering kotlinx.coroutines.flow.FlowKt__BuildersKt$flowOf$$inlined$unsafeFlow$2@be495be on UserRepository(repo#726).findAll(continuation {})
17:17:58.472 [cluster-rtt-ClusterId{value='63dfd66e1070f8213392bf10', description='null'}-ac-o2suyf6-shard-00-02.7qtbnuz.mongodb.net:27017] DEBUG org.mongodb.driver.protocol.command - Sending command '{"hello": 1, "$db": "admin", "$clusterTime": {"clusterTime": {"$timestamp": {"t": 1675613877, "i": 2}}, "signature": {"hash": {"$binary": {"base64": "bQNB4jBvbGOJbVf7ZJiCpCmj8T4=", "subType": "00"}}, "keyId": 7161871216054108163}}}' with request id 168 to database admin on connection [connectionId{localValue:4, serverValue:175716}] to server ac-o2suyf6-shard-00-02.7qtbnuz.mongodb.net:27017
17:17:58.512 [cluster-rtt-ClusterId{value='63dfd66e1070f8213392bf10', description='null'}-ac-o2suyf6-shard-00-02.7qtbnuz.mongodb.net:27017] DEBUG org.mongodb.driver.protocol.command - Execution of command with request id 168 completed successfully in 40.29 ms on connection [connectionId{localValue:4, serverValue:175716}] to server ac-o2suyf6-shard-00-02.7qtbnuz.mongodb.net:27017
17:18:03.085 [Test worker @coroutine#1133] DEBUG io.mockk.impl.instantiation.AbstractMockFactory - Creating mockk for User name=child of repo#726#730
17:18:03.091 [DefaultDispatcher-worker-10] DEBUG io.mockk.impl.recording.states.AnsweringState - Answering User(id=63dfd6b61070f8213392c2fa, uuid=93a98d69-0000-1111-0000-05b596ea83ba, nombre=loli, apellido=test, telefono=123456789, email=loli@test.com, password=lolitest, perfil=ADMIN, activo=true) on UserRepository(repo#726).findById(63dfd6b61070f8213392c2fa, continuation {})
17:18:03.114 [Test worker @coroutine#1139] DEBUG io.mockk.impl.instantiation.AbstractMockFactory - Creating mockk for User name=child of repo#726#731
17:18:03.118 [DefaultDispatcher-worker-3] DEBUG io.mockk.impl.recording.states.AnsweringState - Answering io.github.reactivecircus.cache4k.RealCache@67bc98fc on UserCache(cache#725).getCache()
17:18:03.121 [DefaultDispatcher-worker-3] DEBUG io.mockk.impl.recording.states.AnsweringState - Answering User(id=63dfd6b61070f8213392c2fa, uuid=93a98d69-0000-1111-0000-05b596ea83ba, nombre=loli, apellido=test, telefono=123456789, email=loli@test.com, password=lolitest, perfil=ADMIN, activo=true) on UserRepository(repo#726).findByUUID(93a98d69-0000-1111-0000-05b596ea83ba, continuation {})
17:18:03.129 [Test worker @background work runner#1142] DEBUG io.mockk.impl.instantiation.AbstractMockFactory - Creating mockk for User name=child of repo#726#732
17:18:03.137 [Test worker @coroutine#1145] DEBUG io.mockk.impl.instantiation.AbstractMockFactory - Creating mockk for User name=child of repo#726#733
17:18:03.140 [DefaultDispatcher-worker-3] DEBUG io.mockk.impl.recording.states.AnsweringState - Answering User(id=63dfd6b61070f8213392c2fa, uuid=93a98d69-0000-1111-0000-05b596ea83ba, nombre=loli, apellido=test, telefono=123456789, email=loli@test.com, password=lolitest, perfil=ADMIN, activo=true) on UserRepository(repo#726).save(User(id=63dfd6b61070f8213392c2fa, uuid=93a98d69-0000-1111-0000-05b596ea83ba, nombre=loli, apellido=test, telefono=123456789, email=loli@test.com, password=lolitest, perfil=ADMIN, activo=true), continuation {})
17:18:03.154 [DefaultDispatcher-worker-3] DEBUG io.mockk.impl.recording.states.AnsweringState - Answering io.github.reactivecircus.cache4k.RealCache@67bc98fc on UserCache(cache#725).getCache()
17:18:03.155 [DefaultDispatcher-worker-3] DEBUG io.mockk.impl.recording.states.AnsweringState - Answering null on UserRepository(repo#726).findByUUID(7ef19c0f-a32d-4fca-81fb-2e395f693bfb, continuation {})
17:18:03.171 [DefaultDispatcher-worker-3] DEBUG io.mockk.impl.recording.states.AnsweringState - Answering null on UserRepository(repo#726).findById(63dfd6bb1070f8213392c305, continuation {})
17:18:03.184 [DefaultDispatcher-worker-3] DEBUG io.mockk.impl.recording.states.AnsweringState - Answering kotlinx.coroutines.flow.FlowKt__BuildersKt$flowOf$$inlined$unsafeFlow$2@423feb3b on UserRepository(repo#726).findAll(continuation {})
17:18:07.781 [DefaultDispatcher-worker-11] DEBUG io.mockk.impl.recording.states.AnsweringState - Answering kotlinx.coroutines.flow.FlowKt__BuildersKt$flowOf$$inlined$unsafeFlow$2@57c045c6 on UserRepository(repo#726).findAll(continuation {})
17:18:07.960 [cluster-ClusterId{value='63dfd66e1070f8213392bf10', description='null'}-ac-o2suyf6-shard-00-01.7qtbnuz.mongodb.net:27017] DEBUG org.mongodb.driver.cluster - Updating cluster description to  {type=REPLICA_SET, servers=[{address=ac-o2suyf6-shard-00-00.7qtbnuz.mongodb.net:27017, type=REPLICA_SET_SECONDARY, TagSet{[Tag{name='nodeType', value='ELECTABLE'}, Tag{name='provider', value='AWS'}, Tag{name='region', value='EU_WEST_3'}, Tag{name='workloadType', value='OPERATIONAL'}]}, roundTripTime=161.4 ms, state=CONNECTED}, {address=ac-o2suyf6-shard-00-02.7qtbnuz.mongodb.net:27017, type=REPLICA_SET_PRIMARY, TagSet{[Tag{name='nodeType', value='ELECTABLE'}, Tag{name='provider', value='AWS'}, Tag{name='region', value='EU_WEST_3'}, Tag{name='workloadType', value='OPERATIONAL'}]}, roundTripTime=160.3 ms, state=CONNECTED}, {address=ac-o2suyf6-shard-00-01.7qtbnuz.mongodb.net:27017, type=REPLICA_SET_SECONDARY, TagSet{[Tag{name='nodeType', value='ELECTABLE'}, Tag{name='provider', value='AWS'}, Tag{name='region', value='EU_WEST_3'}, Tag{name='workloadType', value='OPERATIONAL'}]}, roundTripTime=136.4 ms, state=CONNECTED}]
17:18:07.961 [cluster-ClusterId{value='63dfd66e1070f8213392bf10', description='null'}-ac-o2suyf6-shard-00-01.7qtbnuz.mongodb.net:27017] DEBUG org.mongodb.driver.cluster - Checking status of ac-o2suyf6-shard-00-01.7qtbnuz.mongodb.net:27017
17:18:07.970 [cluster-ClusterId{value='63dfd66e1070f8213392bf10', description='null'}-ac-o2suyf6-shard-00-02.7qtbnuz.mongodb.net:27017] DEBUG org.mongodb.driver.cluster - Updating cluster description to  {type=REPLICA_SET, servers=[{address=ac-o2suyf6-shard-00-00.7qtbnuz.mongodb.net:27017, type=REPLICA_SET_SECONDARY, TagSet{[Tag{name='nodeType', value='ELECTABLE'}, Tag{name='provider', value='AWS'}, Tag{name='region', value='EU_WEST_3'}, Tag{name='workloadType', value='OPERATIONAL'}]}, roundTripTime=161.4 ms, state=CONNECTED}, {address=ac-o2suyf6-shard-00-02.7qtbnuz.mongodb.net:27017, type=REPLICA_SET_PRIMARY, TagSet{[Tag{name='nodeType', value='ELECTABLE'}, Tag{name='provider', value='AWS'}, Tag{name='region', value='EU_WEST_3'}, Tag{name='workloadType', value='OPERATIONAL'}]}, roundTripTime=136.5 ms, state=CONNECTED}, {address=ac-o2suyf6-shard-00-01.7qtbnuz.mongodb.net:27017, type=REPLICA_SET_SECONDARY, TagSet{[Tag{name='nodeType', value='ELECTABLE'}, Tag{name='provider', value='AWS'}, Tag{name='region', value='EU_WEST_3'}, Tag{name='workloadType', value='OPERATIONAL'}]}, roundTripTime=136.4 ms, state=CONNECTED}]
17:18:07.972 [cluster-ClusterId{value='63dfd66e1070f8213392bf10', description='null'}-ac-o2suyf6-shard-00-02.7qtbnuz.mongodb.net:27017] DEBUG org.mongodb.driver.cluster - Checking status of ac-o2suyf6-shard-00-02.7qtbnuz.mongodb.net:27017
17:18:07.982 [cluster-ClusterId{value='63dfd66e1070f8213392bf10', description='null'}-ac-o2suyf6-shard-00-00.7qtbnuz.mongodb.net:27017] DEBUG org.mongodb.driver.cluster - Updating cluster description to  {type=REPLICA_SET, servers=[{address=ac-o2suyf6-shard-00-00.7qtbnuz.mongodb.net:27017, type=REPLICA_SET_SECONDARY, TagSet{[Tag{name='nodeType', value='ELECTABLE'}, Tag{name='provider', value='AWS'}, Tag{name='region', value='EU_WEST_3'}, Tag{name='workloadType', value='OPERATIONAL'}]}, roundTripTime=135.8 ms, state=CONNECTED}, {address=ac-o2suyf6-shard-00-02.7qtbnuz.mongodb.net:27017, type=REPLICA_SET_PRIMARY, TagSet{[Tag{name='nodeType', value='ELECTABLE'}, Tag{name='provider', value='AWS'}, Tag{name='region', value='EU_WEST_3'}, Tag{name='workloadType', value='OPERATIONAL'}]}, roundTripTime=136.5 ms, state=CONNECTED}, {address=ac-o2suyf6-shard-00-01.7qtbnuz.mongodb.net:27017, type=REPLICA_SET_SECONDARY, TagSet{[Tag{name='nodeType', value='ELECTABLE'}, Tag{name='provider', value='AWS'}, Tag{name='region', value='EU_WEST_3'}, Tag{name='workloadType', value='OPERATIONAL'}]}, roundTripTime=136.4 ms, state=CONNECTED}]
17:18:07.982 [cluster-ClusterId{value='63dfd66e1070f8213392bf10', description='null'}-ac-o2suyf6-shard-00-00.7qtbnuz.mongodb.net:27017] DEBUG org.mongodb.driver.cluster - Checking status of ac-o2suyf6-shard-00-00.7qtbnuz.mongodb.net:27017
17:18:08.103 [cluster-rtt-ClusterId{value='63dfd66e1070f8213392bf10', description='null'}-ac-o2suyf6-shard-00-01.7qtbnuz.mongodb.net:27017] DEBUG org.mongodb.driver.protocol.command - Sending command '{"hello": 1, "$db": "admin", "$clusterTime": {"clusterTime": {"$timestamp": {"t": 1675613886, "i": 4}}, "signature": {"hash": {"$binary": {"base64": "Zv3q6Kzw840IiB3yMMTXQPJglpk=", "subType": "00"}}, "keyId": 7161871216054108163}}}' with request id 170 to database admin on connection [connectionId{localValue:3, serverValue:172264}] to server ac-o2suyf6-shard-00-01.7qtbnuz.mongodb.net:27017
17:18:08.103 [cluster-rtt-ClusterId{value='63dfd66e1070f8213392bf10', description='null'}-ac-o2suyf6-shard-00-00.7qtbnuz.mongodb.net:27017] DEBUG org.mongodb.driver.protocol.command - Sending command '{"hello": 1, "$db": "admin", "$clusterTime": {"clusterTime": {"$timestamp": {"t": 1675613886, "i": 4}}, "signature": {"hash": {"$binary": {"base64": "Zv3q6Kzw840IiB3yMMTXQPJglpk=", "subType": "00"}}, "keyId": 7161871216054108163}}}' with request id 169 to database admin on connection [connectionId{localValue:1, serverValue:176600}] to server ac-o2suyf6-shard-00-00.7qtbnuz.mongodb.net:27017
17:18:08.154 [cluster-rtt-ClusterId{value='63dfd66e1070f8213392bf10', description='null'}-ac-o2suyf6-shard-00-01.7qtbnuz.mongodb.net:27017] DEBUG org.mongodb.driver.protocol.command - Execution of command with request id 170 completed successfully in 50.76 ms on connection [connectionId{localValue:3, serverValue:172264}] to server ac-o2suyf6-shard-00-01.7qtbnuz.mongodb.net:27017
17:18:08.154 [cluster-rtt-ClusterId{value='63dfd66e1070f8213392bf10', description='null'}-ac-o2suyf6-shard-00-00.7qtbnuz.mongodb.net:27017] DEBUG org.mongodb.driver.protocol.command - Execution of command with request id 169 completed successfully in 50.63 ms on connection [connectionId{localValue:1, serverValue:176600}] to server ac-o2suyf6-shard-00-00.7qtbnuz.mongodb.net:27017
17:18:08.523 [cluster-rtt-ClusterId{value='63dfd66e1070f8213392bf10', description='null'}-ac-o2suyf6-shard-00-02.7qtbnuz.mongodb.net:27017] DEBUG org.mongodb.driver.protocol.command - Sending command '{"hello": 1, "$db": "admin", "$clusterTime": {"clusterTime": {"$timestamp": {"t": 1675613886, "i": 5}}, "signature": {"hash": {"$binary": {"base64": "Zv3q6Kzw840IiB3yMMTXQPJglpk=", "subType": "00"}}, "keyId": 7161871216054108163}}}' with request id 171 to database admin on connection [connectionId{localValue:4, serverValue:175716}] to server ac-o2suyf6-shard-00-02.7qtbnuz.mongodb.net:27017
17:18:08.560 [cluster-rtt-ClusterId{value='63dfd66e1070f8213392bf10', description='null'}-ac-o2suyf6-shard-00-02.7qtbnuz.mongodb.net:27017] DEBUG org.mongodb.driver.protocol.command - Execution of command with request id 171 completed successfully in 37.00 ms on connection [connectionId{localValue:4, serverValue:175716}] to server ac-o2suyf6-shard-00-02.7qtbnuz.mongodb.net:27017
17:18:12.814 [Test worker @coroutine#1216] DEBUG io.mockk.impl.instantiation.AbstractMockFactory - Creating mockk for User name=child of repo#726#734
17:18:12.817 [DefaultDispatcher-worker-11] DEBUG io.mockk.impl.recording.states.AnsweringState - Answering User(id=63dfd6b61070f8213392c2fa, uuid=93a98d69-0000-1111-0000-05b596ea83ba, nombre=loli, apellido=test, telefono=123456789, email=loli@test.com, password=lolitest, perfil=ADMIN, activo=true) on UserRepository(repo#726).setInactive(63dfd6b61070f8213392c2fa, continuation {})
]]></system-out>
  <system-err><![CDATA[]]></system-err>
</testsuite>
