<?xml version="1.0" encoding="UTF-8"?>
<testsuite name="koin.repositories.user.UserRepositoryTest" tests="8" skipped="0" failures="0" errors="0" timestamp="2023-02-05T16:18:12" hostname="LOLI-LAPTOP" time="1.083">
  <properties/>
  <testcase name="delete()" classname="koin.repositories.user.UserRepositoryTest" time="0.234"/>
  <testcase name="findAll()" classname="koin.repositories.user.UserRepositoryTest" time="0.095"/>
  <testcase name="findById()" classname="koin.repositories.user.UserRepositoryTest" time="0.131"/>
  <testcase name="findByUuid()" classname="koin.repositories.user.UserRepositoryTest" time="0.089"/>
  <testcase name="save()" classname="koin.repositories.user.UserRepositoryTest" time="0.098"/>
  <testcase name="findByIdNotExists()" classname="koin.repositories.user.UserRepositoryTest" time="0.087"/>
  <testcase name="deleteNotExists()" classname="koin.repositories.user.UserRepositoryTest" time="0.174"/>
  <testcase name="setInactive()" classname="koin.repositories.user.UserRepositoryTest" time="0.17"/>
  <system-out><![CDATA[17:18:12.827 [AsyncGetter-5-thread-1] DEBUG org.mongodb.driver.protocol.command - Sending command '{"drop": "user", "$db": "practica03mongoIvanLoli", "$clusterTime": {"clusterTime": {"$timestamp": {"t": 1675613887, "i": 1}}, "signature": {"hash": {"$binary": {"base64": "sClkw+tKzY0Q9AlTvuwO2NsDdss=", "subType": "00"}}, "keyId": 7161871216054108163}}, "lsid": {"id": {"$binary": {"base64": "roMpFL3PQPawB+PlCM6O3Q==", "subType": "04"}}}}' with request id 172 to database practica03mongoIvanLoli on connection [connectionId{localValue:7, serverValue:175676}] to server ac-o2suyf6-shard-00-02.7qtbnuz.mongodb.net:27017
17:18:12.877 [async-channel-group-0-handler-executor] DEBUG org.mongodb.driver.protocol.command - Execution of command with request id 172 completed successfully in 50.11 ms on connection [connectionId{localValue:7, serverValue:175676}] to server ac-o2suyf6-shard-00-02.7qtbnuz.mongodb.net:27017
17:18:12.889 [AsyncGetter-5-thread-1] DEBUG org.mongodb.driver.protocol.command - Sending command '{"update": "user", "ordered": true, "txnNumber": 61, "$db": "practica03mongoIvanLoli", "$clusterTime": {"clusterTime": {"$timestamp": {"t": 1675613891, "i": 5}}, "signature": {"hash": {"$binary": {"base64": "QmTvkUPXynxBKp677AEoNoTsMyM=", "subType": "00"}}, "keyId": 7161871216054108163}}, "lsid": {"id": {"$binary": {"base64": "roMpFL3PQPawB+PlCM6O3Q==", "subType": "04"}}}, "updates": [{"q": {"_id": {"$oid": "63dfd6c41070f8213392c31b"}}, "u": {"_id": {"$oid": "63dfd6c41070f8213392c31b"}, "uuid": {"$binary": {"base64": "EREAAGmNqZO6g+qWtQUAAA==", "subType": "03"}}, "nombre": "loli", "apellido": "test", "telefono": "123456789", "email": "loli@test.com", "password": "lolitest", "perfil": "ADMIN", "activo": true}, "upsert": true}]}' with request id 173 to database practica03mongoIvanLoli on connection [connectionId{localValue:7, serverValue:175676}] to server ac-o2suyf6-shard-00-02.7qtbnuz.mongodb.net:27017
17:18:12.964 [async-channel-group-0-handler-executor] DEBUG org.mongodb.driver.protocol.command - Execution of command with request id 173 completed successfully in 75.72 ms on connection [connectionId{localValue:7, serverValue:175676}] to server ac-o2suyf6-shard-00-02.7qtbnuz.mongodb.net:27017
17:18:12.974 [DefaultDispatcher-worker-11 @coroutine#1225] DEBUG koin.repositories.user.UserRepository - delete(63dfd6c41070f8213392c31b)
17:18:12.975 [AsyncGetter-5-thread-1] DEBUG org.mongodb.driver.protocol.command - Sending command '{"find": "user", "filter": {"_id": {"$oid": "63dfd6c41070f8213392c31b"}}, "limit": 1, "singleBatch": true, "$db": "practica03mongoIvanLoli", "$clusterTime": {"clusterTime": {"$timestamp": {"t": 1675613891, "i": 7}}, "signature": {"hash": {"$binary": {"base64": "QmTvkUPXynxBKp677AEoNoTsMyM=", "subType": "00"}}, "keyId": 7161871216054108163}}, "lsid": {"id": {"$binary": {"base64": "roMpFL3PQPawB+PlCM6O3Q==", "subType": "04"}}}}' with request id 174 to database practica03mongoIvanLoli on connection [connectionId{localValue:7, serverValue:175676}] to server ac-o2suyf6-shard-00-02.7qtbnuz.mongodb.net:27017
17:18:13.041 [async-channel-group-0-handler-executor] DEBUG org.mongodb.driver.protocol.command - Execution of command with request id 174 completed successfully in 66.13 ms on connection [connectionId{localValue:7, serverValue:175676}] to server ac-o2suyf6-shard-00-02.7qtbnuz.mongodb.net:27017
17:18:13.046 [async-channel-group-0-handler-executor] DEBUG org.mongodb.driver.operation - Received batch of 1 documents with cursorId 0 from server ac-o2suyf6-shard-00-02.7qtbnuz.mongodb.net:27017
17:18:13.050 [AsyncGetter-5-thread-1] DEBUG org.mongodb.driver.protocol.command - Sending command '{"delete": "user", "ordered": true, "txnNumber": 62, "$db": "practica03mongoIvanLoli", "$clusterTime": {"clusterTime": {"$timestamp": {"t": 1675613891, "i": 7}}, "signature": {"hash": {"$binary": {"base64": "QmTvkUPXynxBKp677AEoNoTsMyM=", "subType": "00"}}, "keyId": 7161871216054108163}}, "lsid": {"id": {"$binary": {"base64": "roMpFL3PQPawB+PlCM6O3Q==", "subType": "04"}}}, "deletes": [{"q": {"_id": {"$oid": "63dfd6c41070f8213392c31b"}}, "limit": 1}]}' with request id 175 to database practica03mongoIvanLoli on connection [connectionId{localValue:7, serverValue:175676}] to server ac-o2suyf6-shard-00-02.7qtbnuz.mongodb.net:27017
17:18:13.109 [async-channel-group-0-handler-executor] DEBUG org.mongodb.driver.protocol.command - Execution of command with request id 175 completed successfully in 59.18 ms on connection [connectionId{localValue:7, serverValue:175676}] to server ac-o2suyf6-shard-00-02.7qtbnuz.mongodb.net:27017
17:18:13.114 [AsyncGetter-5-thread-1] DEBUG org.mongodb.driver.protocol.command - Sending command '{"update": "user", "ordered": true, "txnNumber": 63, "$db": "practica03mongoIvanLoli", "$clusterTime": {"clusterTime": {"$timestamp": {"t": 1675613891, "i": 9}}, "signature": {"hash": {"$binary": {"base64": "QmTvkUPXynxBKp677AEoNoTsMyM=", "subType": "00"}}, "keyId": 7161871216054108163}}, "lsid": {"id": {"$binary": {"base64": "roMpFL3PQPawB+PlCM6O3Q==", "subType": "04"}}}, "updates": [{"q": {"_id": {"$oid": "63dfd6c41070f8213392c31b"}}, "u": {"_id": {"$oid": "63dfd6c41070f8213392c31b"}, "uuid": {"$binary": {"base64": "EREAAGmNqZO6g+qWtQUAAA==", "subType": "03"}}, "nombre": "loli", "apellido": "test", "telefono": "123456789", "email": "loli@test.com", "password": "lolitest", "perfil": "ADMIN", "activo": true}, "upsert": true}]}' with request id 176 to database practica03mongoIvanLoli on connection [connectionId{localValue:7, serverValue:175676}] to server ac-o2suyf6-shard-00-02.7qtbnuz.mongodb.net:27017
17:18:13.157 [async-channel-group-0-handler-executor] DEBUG org.mongodb.driver.protocol.command - Execution of command with request id 176 completed successfully in 43.38 ms on connection [connectionId{localValue:7, serverValue:175676}] to server ac-o2suyf6-shard-00-02.7qtbnuz.mongodb.net:27017
17:18:13.162 [DefaultDispatcher-worker-11 @coroutine#1230] DEBUG koin.repositories.user.UserRepository - findAll()
17:18:13.163 [AsyncGetter-5-thread-1] DEBUG org.mongodb.driver.protocol.command - Sending command '{"find": "user", "filter": {}, "batchSize": 64, "$db": "practica03mongoIvanLoli", "$clusterTime": {"clusterTime": {"$timestamp": {"t": 1675613892, "i": 1}}, "signature": {"hash": {"$binary": {"base64": "cl8NAbk/2h9PDAsjzEseTxIyr6Y=", "subType": "00"}}, "keyId": 7161871216054108163}}, "lsid": {"id": {"$binary": {"base64": "roMpFL3PQPawB+PlCM6O3Q==", "subType": "04"}}}}' with request id 177 to database practica03mongoIvanLoli on connection [connectionId{localValue:7, serverValue:175676}] to server ac-o2suyf6-shard-00-02.7qtbnuz.mongodb.net:27017
17:18:13.198 [async-channel-group-0-handler-executor] DEBUG org.mongodb.driver.protocol.command - Execution of command with request id 177 completed successfully in 35.34 ms on connection [connectionId{localValue:7, serverValue:175676}] to server ac-o2suyf6-shard-00-02.7qtbnuz.mongodb.net:27017
17:18:13.199 [async-channel-group-0-handler-executor] DEBUG org.mongodb.driver.operation - Received batch of 1 documents with cursorId 0 from server ac-o2suyf6-shard-00-02.7qtbnuz.mongodb.net:27017
17:18:13.209 [AsyncGetter-5-thread-1] DEBUG org.mongodb.driver.protocol.command - Sending command '{"update": "user", "ordered": true, "txnNumber": 64, "$db": "practica03mongoIvanLoli", "$clusterTime": {"clusterTime": {"$timestamp": {"t": 1675613892, "i": 1}}, "signature": {"hash": {"$binary": {"base64": "cl8NAbk/2h9PDAsjzEseTxIyr6Y=", "subType": "00"}}, "keyId": 7161871216054108163}}, "lsid": {"id": {"$binary": {"base64": "roMpFL3PQPawB+PlCM6O3Q==", "subType": "04"}}}, "updates": [{"q": {"_id": {"$oid": "63dfd6c41070f8213392c31b"}}, "u": {"_id": {"$oid": "63dfd6c41070f8213392c31b"}, "uuid": {"$binary": {"base64": "EREAAGmNqZO6g+qWtQUAAA==", "subType": "03"}}, "nombre": "loli", "apellido": "test", "telefono": "123456789", "email": "loli@test.com", "password": "lolitest", "perfil": "ADMIN", "activo": true}, "upsert": true}]}' with request id 178 to database practica03mongoIvanLoli on connection [connectionId{localValue:7, serverValue:175676}] to server ac-o2suyf6-shard-00-02.7qtbnuz.mongodb.net:27017
17:18:13.255 [async-channel-group-0-handler-executor] DEBUG org.mongodb.driver.protocol.command - Execution of command with request id 178 completed successfully in 45.86 ms on connection [connectionId{localValue:7, serverValue:175676}] to server ac-o2suyf6-shard-00-02.7qtbnuz.mongodb.net:27017
17:18:13.262 [DefaultDispatcher-worker-14 @coroutine#1236] DEBUG koin.repositories.user.UserRepository - findById(63dfd6c41070f8213392c31b)
17:18:13.263 [AsyncGetter-5-thread-1] DEBUG org.mongodb.driver.protocol.command - Sending command '{"find": "user", "filter": {"_id": {"$oid": "63dfd6c41070f8213392c31b"}}, "limit": 1, "singleBatch": true, "$db": "practica03mongoIvanLoli", "$clusterTime": {"clusterTime": {"$timestamp": {"t": 1675613892, "i": 2}}, "signature": {"hash": {"$binary": {"base64": "cl8NAbk/2h9PDAsjzEseTxIyr6Y=", "subType": "00"}}, "keyId": 7161871216054108163}}, "lsid": {"id": {"$binary": {"base64": "roMpFL3PQPawB+PlCM6O3Q==", "subType": "04"}}}}' with request id 179 to database practica03mongoIvanLoli on connection [connectionId{localValue:7, serverValue:175676}] to server ac-o2suyf6-shard-00-02.7qtbnuz.mongodb.net:27017
17:18:13.336 [async-channel-group-0-handler-executor] DEBUG org.mongodb.driver.protocol.command - Execution of command with request id 179 completed successfully in 72.97 ms on connection [connectionId{localValue:7, serverValue:175676}] to server ac-o2suyf6-shard-00-02.7qtbnuz.mongodb.net:27017
17:18:13.337 [async-channel-group-0-handler-executor] DEBUG org.mongodb.driver.operation - Received batch of 1 documents with cursorId 0 from server ac-o2suyf6-shard-00-02.7qtbnuz.mongodb.net:27017
17:18:13.342 [AsyncGetter-5-thread-1] DEBUG org.mongodb.driver.protocol.command - Sending command '{"update": "user", "ordered": true, "txnNumber": 65, "$db": "practica03mongoIvanLoli", "$clusterTime": {"clusterTime": {"$timestamp": {"t": 1675613892, "i": 3}}, "signature": {"hash": {"$binary": {"base64": "cl8NAbk/2h9PDAsjzEseTxIyr6Y=", "subType": "00"}}, "keyId": 7161871216054108163}}, "lsid": {"id": {"$binary": {"base64": "roMpFL3PQPawB+PlCM6O3Q==", "subType": "04"}}}, "updates": [{"q": {"_id": {"$oid": "63dfd6c41070f8213392c31b"}}, "u": {"_id": {"$oid": "63dfd6c41070f8213392c31b"}, "uuid": {"$binary": {"base64": "EREAAGmNqZO6g+qWtQUAAA==", "subType": "03"}}, "nombre": "loli", "apellido": "test", "telefono": "123456789", "email": "loli@test.com", "password": "lolitest", "perfil": "ADMIN", "activo": true}, "upsert": true}]}' with request id 180 to database practica03mongoIvanLoli on connection [connectionId{localValue:7, serverValue:175676}] to server ac-o2suyf6-shard-00-02.7qtbnuz.mongodb.net:27017
17:18:13.378 [async-channel-group-0-handler-executor] DEBUG org.mongodb.driver.protocol.command - Execution of command with request id 180 completed successfully in 37.28 ms on connection [connectionId{localValue:7, serverValue:175676}] to server ac-o2suyf6-shard-00-02.7qtbnuz.mongodb.net:27017
17:18:13.382 [DefaultDispatcher-worker-14 @coroutine#1241] DEBUG koin.repositories.user.UserRepository - findByUUID(93a98d69-0000-1111-0000-05b596ea83ba)
17:18:13.383 [AsyncGetter-5-thread-1] DEBUG org.mongodb.driver.protocol.command - Sending command '{"find": "user", "filter": {}, "batchSize": 64, "$db": "practica03mongoIvanLoli", "$clusterTime": {"clusterTime": {"$timestamp": {"t": 1675613892, "i": 3}}, "signature": {"hash": {"$binary": {"base64": "cl8NAbk/2h9PDAsjzEseTxIyr6Y=", "subType": "00"}}, "keyId": 7161871216054108163}}, "lsid": {"id": {"$binary": {"base64": "roMpFL3PQPawB+PlCM6O3Q==", "subType": "04"}}}}' with request id 181 to database practica03mongoIvanLoli on connection [connectionId{localValue:7, serverValue:175676}] to server ac-o2suyf6-shard-00-02.7qtbnuz.mongodb.net:27017
17:18:13.424 [async-channel-group-0-handler-executor] DEBUG org.mongodb.driver.protocol.command - Execution of command with request id 181 completed successfully in 41.30 ms on connection [connectionId{localValue:7, serverValue:175676}] to server ac-o2suyf6-shard-00-02.7qtbnuz.mongodb.net:27017
17:18:13.424 [async-channel-group-0-handler-executor] DEBUG org.mongodb.driver.operation - Received batch of 1 documents with cursorId 0 from server ac-o2suyf6-shard-00-02.7qtbnuz.mongodb.net:27017
17:18:13.430 [AsyncGetter-5-thread-1] DEBUG org.mongodb.driver.protocol.command - Sending command '{"update": "user", "ordered": true, "txnNumber": 66, "$db": "practica03mongoIvanLoli", "$clusterTime": {"clusterTime": {"$timestamp": {"t": 1675613892, "i": 3}}, "signature": {"hash": {"$binary": {"base64": "cl8NAbk/2h9PDAsjzEseTxIyr6Y=", "subType": "00"}}, "keyId": 7161871216054108163}}, "lsid": {"id": {"$binary": {"base64": "roMpFL3PQPawB+PlCM6O3Q==", "subType": "04"}}}, "updates": [{"q": {"_id": {"$oid": "63dfd6c41070f8213392c31b"}}, "u": {"_id": {"$oid": "63dfd6c41070f8213392c31b"}, "uuid": {"$binary": {"base64": "EREAAGmNqZO6g+qWtQUAAA==", "subType": "03"}}, "nombre": "loli", "apellido": "test", "telefono": "123456789", "email": "loli@test.com", "password": "lolitest", "perfil": "ADMIN", "activo": true}, "upsert": true}]}' with request id 182 to database practica03mongoIvanLoli on connection [connectionId{localValue:7, serverValue:175676}] to server ac-o2suyf6-shard-00-02.7qtbnuz.mongodb.net:27017
17:18:13.470 [async-channel-group-0-handler-executor] DEBUG org.mongodb.driver.protocol.command - Execution of command with request id 182 completed successfully in 40.34 ms on connection [connectionId{localValue:7, serverValue:175676}] to server ac-o2suyf6-shard-00-02.7qtbnuz.mongodb.net:27017
17:18:13.478 [DefaultDispatcher-worker-14 @coroutine#1246] DEBUG koin.repositories.user.UserRepository - save(User(id=63dfd6c41070f8213392c31b, uuid=93a98d69-0000-1111-0000-05b596ea83ba, nombre=loli, apellido=test, telefono=123456789, email=loli@test.com, password=lolitest, perfil=ADMIN, activo=true))
17:18:13.480 [AsyncGetter-5-thread-1] DEBUG org.mongodb.driver.protocol.command - Sending command '{"update": "user", "ordered": true, "txnNumber": 67, "$db": "practica03mongoIvanLoli", "$clusterTime": {"clusterTime": {"$timestamp": {"t": 1675613892, "i": 4}}, "signature": {"hash": {"$binary": {"base64": "cl8NAbk/2h9PDAsjzEseTxIyr6Y=", "subType": "00"}}, "keyId": 7161871216054108163}}, "lsid": {"id": {"$binary": {"base64": "roMpFL3PQPawB+PlCM6O3Q==", "subType": "04"}}}, "updates": [{"q": {"_id": {"$oid": "63dfd6c41070f8213392c31b"}}, "u": {"_id": {"$oid": "63dfd6c41070f8213392c31b"}, "uuid": {"$binary": {"base64": "EREAAGmNqZO6g+qWtQUAAA==", "subType": "03"}}, "nombre": "loli", "apellido": "test", "telefono": "123456789", "email": "loli@test.com", "password": "lolitest", "perfil": "ADMIN", "activo": true}, "upsert": true}]}' with request id 183 to database practica03mongoIvanLoli on connection [connectionId{localValue:7, serverValue:175676}] to server ac-o2suyf6-shard-00-02.7qtbnuz.mongodb.net:27017
17:18:13.521 [async-channel-group-0-handler-executor] DEBUG org.mongodb.driver.protocol.command - Execution of command with request id 183 completed successfully in 40.70 ms on connection [connectionId{localValue:7, serverValue:175676}] to server ac-o2suyf6-shard-00-02.7qtbnuz.mongodb.net:27017
17:18:13.529 [AsyncGetter-5-thread-1] DEBUG org.mongodb.driver.protocol.command - Sending command '{"update": "user", "ordered": true, "txnNumber": 68, "$db": "practica03mongoIvanLoli", "$clusterTime": {"clusterTime": {"$timestamp": {"t": 1675613892, "i": 4}}, "signature": {"hash": {"$binary": {"base64": "cl8NAbk/2h9PDAsjzEseTxIyr6Y=", "subType": "00"}}, "keyId": 7161871216054108163}}, "lsid": {"id": {"$binary": {"base64": "roMpFL3PQPawB+PlCM6O3Q==", "subType": "04"}}}, "updates": [{"q": {"_id": {"$oid": "63dfd6c41070f8213392c31b"}}, "u": {"_id": {"$oid": "63dfd6c41070f8213392c31b"}, "uuid": {"$binary": {"base64": "EREAAGmNqZO6g+qWtQUAAA==", "subType": "03"}}, "nombre": "loli", "apellido": "test", "telefono": "123456789", "email": "loli@test.com", "password": "lolitest", "perfil": "ADMIN", "activo": true}, "upsert": true}]}' with request id 184 to database practica03mongoIvanLoli on connection [connectionId{localValue:7, serverValue:175676}] to server ac-o2suyf6-shard-00-02.7qtbnuz.mongodb.net:27017
17:18:13.570 [async-channel-group-0-handler-executor] DEBUG org.mongodb.driver.protocol.command - Execution of command with request id 184 completed successfully in 41.91 ms on connection [connectionId{localValue:7, serverValue:175676}] to server ac-o2suyf6-shard-00-02.7qtbnuz.mongodb.net:27017
17:18:13.574 [DefaultDispatcher-worker-14 @coroutine#1251] DEBUG koin.repositories.user.UserRepository - findById(63dfd6c51070f8213392c31c)
17:18:13.575 [AsyncGetter-5-thread-1] DEBUG org.mongodb.driver.protocol.command - Sending command '{"find": "user", "filter": {"_id": {"$oid": "63dfd6c51070f8213392c31c"}}, "limit": 1, "singleBatch": true, "$db": "practica03mongoIvanLoli", "$clusterTime": {"clusterTime": {"$timestamp": {"t": 1675613892, "i": 4}}, "signature": {"hash": {"$binary": {"base64": "cl8NAbk/2h9PDAsjzEseTxIyr6Y=", "subType": "00"}}, "keyId": 7161871216054108163}}, "lsid": {"id": {"$binary": {"base64": "roMpFL3PQPawB+PlCM6O3Q==", "subType": "04"}}}}' with request id 185 to database practica03mongoIvanLoli on connection [connectionId{localValue:7, serverValue:175676}] to server ac-o2suyf6-shard-00-02.7qtbnuz.mongodb.net:27017
17:18:13.614 [async-channel-group-0-handler-executor] DEBUG org.mongodb.driver.protocol.command - Execution of command with request id 185 completed successfully in 38.57 ms on connection [connectionId{localValue:7, serverValue:175676}] to server ac-o2suyf6-shard-00-02.7qtbnuz.mongodb.net:27017
17:18:13.614 [async-channel-group-0-handler-executor] DEBUG org.mongodb.driver.operation - Received batch of 0 documents with cursorId 0 from server ac-o2suyf6-shard-00-02.7qtbnuz.mongodb.net:27017
17:18:13.620 [AsyncGetter-5-thread-1] DEBUG org.mongodb.driver.protocol.command - Sending command '{"update": "user", "ordered": true, "txnNumber": 69, "$db": "practica03mongoIvanLoli", "$clusterTime": {"clusterTime": {"$timestamp": {"t": 1675613892, "i": 4}}, "signature": {"hash": {"$binary": {"base64": "cl8NAbk/2h9PDAsjzEseTxIyr6Y=", "subType": "00"}}, "keyId": 7161871216054108163}}, "lsid": {"id": {"$binary": {"base64": "roMpFL3PQPawB+PlCM6O3Q==", "subType": "04"}}}, "updates": [{"q": {"_id": {"$oid": "63dfd6c41070f8213392c31b"}}, "u": {"_id": {"$oid": "63dfd6c41070f8213392c31b"}, "uuid": {"$binary": {"base64": "EREAAGmNqZO6g+qWtQUAAA==", "subType": "03"}}, "nombre": "loli", "apellido": "test", "telefono": "123456789", "email": "loli@test.com", "password": "lolitest", "perfil": "ADMIN", "activo": true}, "upsert": true}]}' with request id 186 to database practica03mongoIvanLoli on connection [connectionId{localValue:7, serverValue:175676}] to server ac-o2suyf6-shard-00-02.7qtbnuz.mongodb.net:27017
17:18:13.660 [async-channel-group-0-handler-executor] DEBUG org.mongodb.driver.protocol.command - Execution of command with request id 186 completed successfully in 40.44 ms on connection [connectionId{localValue:7, serverValue:175676}] to server ac-o2suyf6-shard-00-02.7qtbnuz.mongodb.net:27017
17:18:13.670 [DefaultDispatcher-worker-14 @coroutine#1256] DEBUG koin.repositories.user.UserRepository - delete(63dfd6c51070f8213392c31d)
17:18:13.688 [AsyncGetter-5-thread-1] DEBUG org.mongodb.driver.protocol.command - Sending command '{"find": "user", "filter": {"_id": {"$oid": "63dfd6c51070f8213392c31d"}}, "limit": 1, "singleBatch": true, "$db": "practica03mongoIvanLoli", "$clusterTime": {"clusterTime": {"$timestamp": {"t": 1675613892, "i": 4}}, "signature": {"hash": {"$binary": {"base64": "cl8NAbk/2h9PDAsjzEseTxIyr6Y=", "subType": "00"}}, "keyId": 7161871216054108163}}, "lsid": {"id": {"$binary": {"base64": "roMpFL3PQPawB+PlCM6O3Q==", "subType": "04"}}}}' with request id 187 to database practica03mongoIvanLoli on connection [connectionId{localValue:7, serverValue:175676}] to server ac-o2suyf6-shard-00-02.7qtbnuz.mongodb.net:27017
17:18:13.736 [async-channel-group-0-handler-executor] DEBUG org.mongodb.driver.protocol.command - Execution of command with request id 187 completed successfully in 47.38 ms on connection [connectionId{localValue:7, serverValue:175676}] to server ac-o2suyf6-shard-00-02.7qtbnuz.mongodb.net:27017
17:18:13.737 [async-channel-group-0-handler-executor] DEBUG org.mongodb.driver.operation - Received batch of 0 documents with cursorId 0 from server ac-o2suyf6-shard-00-02.7qtbnuz.mongodb.net:27017
17:18:13.742 [AsyncGetter-5-thread-1] DEBUG org.mongodb.driver.protocol.command - Sending command '{"delete": "user", "ordered": true, "txnNumber": 70, "$db": "practica03mongoIvanLoli", "$clusterTime": {"clusterTime": {"$timestamp": {"t": 1675613892, "i": 4}}, "signature": {"hash": {"$binary": {"base64": "cl8NAbk/2h9PDAsjzEseTxIyr6Y=", "subType": "00"}}, "keyId": 7161871216054108163}}, "lsid": {"id": {"$binary": {"base64": "roMpFL3PQPawB+PlCM6O3Q==", "subType": "04"}}}, "deletes": [{"q": {"_id": {"$oid": "63dfd6c51070f8213392c31d"}}, "limit": 1}]}' with request id 188 to database practica03mongoIvanLoli on connection [connectionId{localValue:7, serverValue:175676}] to server ac-o2suyf6-shard-00-02.7qtbnuz.mongodb.net:27017
17:18:13.788 [async-channel-group-0-handler-executor] DEBUG org.mongodb.driver.protocol.command - Execution of command with request id 188 completed successfully in 47.14 ms on connection [connectionId{localValue:7, serverValue:175676}] to server ac-o2suyf6-shard-00-02.7qtbnuz.mongodb.net:27017
17:18:13.794 [AsyncGetter-5-thread-1] DEBUG org.mongodb.driver.protocol.command - Sending command '{"update": "user", "ordered": true, "txnNumber": 71, "$db": "practica03mongoIvanLoli", "$clusterTime": {"clusterTime": {"$timestamp": {"t": 1675613892, "i": 4}}, "signature": {"hash": {"$binary": {"base64": "cl8NAbk/2h9PDAsjzEseTxIyr6Y=", "subType": "00"}}, "keyId": 7161871216054108163}}, "lsid": {"id": {"$binary": {"base64": "roMpFL3PQPawB+PlCM6O3Q==", "subType": "04"}}}, "updates": [{"q": {"_id": {"$oid": "63dfd6c41070f8213392c31b"}}, "u": {"_id": {"$oid": "63dfd6c41070f8213392c31b"}, "uuid": {"$binary": {"base64": "EREAAGmNqZO6g+qWtQUAAA==", "subType": "03"}}, "nombre": "loli", "apellido": "test", "telefono": "123456789", "email": "loli@test.com", "password": "lolitest", "perfil": "ADMIN", "activo": true}, "upsert": true}]}' with request id 189 to database practica03mongoIvanLoli on connection [connectionId{localValue:7, serverValue:175676}] to server ac-o2suyf6-shard-00-02.7qtbnuz.mongodb.net:27017
17:18:13.837 [async-channel-group-0-handler-executor] DEBUG org.mongodb.driver.protocol.command - Execution of command with request id 189 completed successfully in 42.91 ms on connection [connectionId{localValue:7, serverValue:175676}] to server ac-o2suyf6-shard-00-02.7qtbnuz.mongodb.net:27017
17:18:13.844 [DefaultDispatcher-worker-14 @coroutine#1261] DEBUG koin.repositories.user.UserRepository - setInactive(63dfd6c41070f8213392c31b)
17:18:13.846 [AsyncGetter-5-thread-1] DEBUG org.mongodb.driver.protocol.command - Sending command '{"find": "user", "filter": {"_id": {"$oid": "63dfd6c41070f8213392c31b"}}, "limit": 1, "singleBatch": true, "$db": "practica03mongoIvanLoli", "$clusterTime": {"clusterTime": {"$timestamp": {"t": 1675613892, "i": 5}}, "signature": {"hash": {"$binary": {"base64": "cl8NAbk/2h9PDAsjzEseTxIyr6Y=", "subType": "00"}}, "keyId": 7161871216054108163}}, "lsid": {"id": {"$binary": {"base64": "roMpFL3PQPawB+PlCM6O3Q==", "subType": "04"}}}}' with request id 190 to database practica03mongoIvanLoli on connection [connectionId{localValue:7, serverValue:175676}] to server ac-o2suyf6-shard-00-02.7qtbnuz.mongodb.net:27017
17:18:13.897 [async-channel-group-0-handler-executor] DEBUG org.mongodb.driver.protocol.command - Execution of command with request id 190 completed successfully in 51.98 ms on connection [connectionId{localValue:7, serverValue:175676}] to server ac-o2suyf6-shard-00-02.7qtbnuz.mongodb.net:27017
17:18:13.898 [async-channel-group-0-handler-executor] DEBUG org.mongodb.driver.operation - Received batch of 1 documents with cursorId 0 from server ac-o2suyf6-shard-00-02.7qtbnuz.mongodb.net:27017
17:18:13.902 [AsyncGetter-5-thread-1] DEBUG org.mongodb.driver.protocol.command - Sending command '{"update": "user", "ordered": true, "txnNumber": 72, "$db": "practica03mongoIvanLoli", "$clusterTime": {"clusterTime": {"$timestamp": {"t": 1675613892, "i": 5}}, "signature": {"hash": {"$binary": {"base64": "cl8NAbk/2h9PDAsjzEseTxIyr6Y=", "subType": "00"}}, "keyId": 7161871216054108163}}, "lsid": {"id": {"$binary": {"base64": "roMpFL3PQPawB+PlCM6O3Q==", "subType": "04"}}}, "updates": [{"q": {"_id": {"$oid": "63dfd6c41070f8213392c31b"}}, "u": {"_id": {"$oid": "63dfd6c41070f8213392c31b"}, "uuid": {"$binary": {"base64": "EREAAGmNqZO6g+qWtQUAAA==", "subType": "03"}}, "nombre": "loli", "apellido": "test", "telefono": "123456789", "email": "loli@test.com", "password": "lolitest", "perfil": "ADMIN", "activo": false}, "upsert": true}]}' with request id 191 to database practica03mongoIvanLoli on connection [connectionId{localValue:7, serverValue:175676}] to server ac-o2suyf6-shard-00-02.7qtbnuz.mongodb.net:27017
17:18:13.957 [async-channel-group-0-handler-executor] DEBUG org.mongodb.driver.protocol.command - Execution of command with request id 191 completed successfully in 57.65 ms on connection [connectionId{localValue:7, serverValue:175676}] to server ac-o2suyf6-shard-00-02.7qtbnuz.mongodb.net:27017
17:18:13.962 [AsyncGetter-5-thread-1] DEBUG org.mongodb.driver.protocol.command - Sending command '{"drop": "user", "$db": "practica03mongoIvanLoli", "$clusterTime": {"clusterTime": {"$timestamp": {"t": 1675613892, "i": 6}}, "signature": {"hash": {"$binary": {"base64": "cl8NAbk/2h9PDAsjzEseTxIyr6Y=", "subType": "00"}}, "keyId": 7161871216054108163}}, "lsid": {"id": {"$binary": {"base64": "roMpFL3PQPawB+PlCM6O3Q==", "subType": "04"}}}}' with request id 192 to database practica03mongoIvanLoli on connection [connectionId{localValue:7, serverValue:175676}] to server ac-o2suyf6-shard-00-02.7qtbnuz.mongodb.net:27017
17:18:14.012 [async-channel-group-0-handler-executor] DEBUG org.mongodb.driver.protocol.command - Execution of command with request id 192 completed successfully in 49.19 ms on connection [connectionId{localValue:7, serverValue:175676}] to server ac-o2suyf6-shard-00-02.7qtbnuz.mongodb.net:27017
]]></system-out>
  <system-err><![CDATA[]]></system-err>
</testsuite>
